[2024-10-17 14:09:57,224] [basehttp.py:154] [basehttp:log_message] [INFO]- "GET / HTTP/1.1" 302 0
[2024-10-17 14:09:57,231] [basehttp.py:154] [basehttp:log_message] [INFO]- "GET /login/ HTTP/1.1" 200 4823
[2024-10-17 14:09:57,249] [basehttp.py:154] [basehttp:log_message] [INFO]- "GET /static/vendor/fontawesome-free/css/all.min.css HTTP/1.1" 304 0
[2024-10-17 14:09:57,249] [basehttp.py:154] [basehttp:log_message] [INFO]- "GET /static/css/sb-admin.css HTTP/1.1" 304 0
[2024-10-17 14:09:57,252] [basehttp.py:154] [basehttp:log_message] [INFO]- "GET /static/css/test1.css HTTP/1.1" 304 0
[2024-10-17 14:09:57,254] [basehttp.py:154] [basehttp:log_message] [INFO]- "GET /static/vendor/jquery-easing/jquery.easing.min.js HTTP/1.1" 304 0
[2024-10-17 14:09:57,255] [basehttp.py:154] [basehttp:log_message] [INFO]- "GET /static/css/bootstrap.min.css HTTP/1.1" 304 0
[2024-10-17 14:09:57,256] [basehttp.py:154] [basehttp:log_message] [INFO]- "GET /static/vendor/jquery/jquery.min.js HTTP/1.1" 304 0
[2024-10-17 14:09:57,258] [basehttp.py:154] [basehttp:log_message] [INFO]- "GET /static/vendor/bootstrap/js/bootstrap.bundle.min.js HTTP/1.1" 304 0
[2024-10-17 14:09:57,278] [basehttp.py:154] [basehttp:log_message] [INFO]- "GET /static/src/yellow.jpg HTTP/1.1" 304 0
[2024-10-17 14:09:57,383] [basehttp.py:154] [basehttp:log_message] [INFO]- "GET /favicon.ico HTTP/1.1" 302 0
[2024-10-17 14:09:57,388] [basehttp.py:154] [basehttp:log_message] [INFO]- "GET /login/ HTTP/1.1" 200 4823
[2024-10-17 14:09:58,977] [UserIP.py:89] [UserIP:process_response] [CRITICAL]- 系统错误Expecting value: line 1 column 1 (char 0)
[2024-10-17 14:09:59,006] [basehttp.py:154] [basehttp:log_message] [INFO]- "POST /login/ HTTP/1.1" 302 0
[2024-10-17 14:09:59,024] [basehttp.py:154] [basehttp:log_message] [INFO]- "GET /login/ HTTP/1.1" 302 0
[2024-10-17 14:09:59,276] [basehttp.py:154] [basehttp:log_message] [INFO]- "GET /index/ HTTP/1.1" 200 32599
[2024-10-17 14:09:59,314] [basehttp.py:154] [basehttp:log_message] [INFO]- "GET /static/css/lib/calendar2/pignose.calendar.min.css HTTP/1.1" 304 0
[2024-10-17 14:09:59,315] [basehttp.py:154] [basehttp:log_message] [INFO]- "GET /static/download_UPK/element-ui@2.12.0/lib/theme-chalk/index.css HTTP/1.1" 304 0
[2024-10-17 14:09:59,316] [basehttp.py:154] [basehttp:log_message] [INFO]- "GET /static/css/lib/chartist/chartist.min.css HTTP/1.1" 304 0
[2024-10-17 14:09:59,323] [basehttp.py:154] [basehttp:log_message] [INFO]- "GET /static/css/lib/themify-icons.css HTTP/1.1" 304 0
[2024-10-17 14:09:59,323] [basehttp.py:154] [basehttp:log_message] [INFO]- "GET /static/css/lib/font-awesome.min.css HTTP/1.1" 304 0
[2024-10-17 14:09:59,326] [basehttp.py:154] [basehttp:log_message] [INFO]- "GET /static/css/lib/owl.carousel.min.css HTTP/1.1" 304 0
[2024-10-17 14:09:59,327] [basehttp.py:154] [basehttp:log_message] [INFO]- "GET /static/css/lib/owl.theme.default.min.css HTTP/1.1" 304 0
[2024-10-17 14:09:59,329] [basehttp.py:154] [basehttp:log_message] [INFO]- "GET /static/css/lib/menubar/sidebar.css HTTP/1.1" 304 0
[2024-10-17 14:09:59,330] [basehttp.py:154] [basehttp:log_message] [INFO]- "GET /static/css/lib/weather-icons.css HTTP/1.1" 304 0
[2024-10-17 14:09:59,336] [basehttp.py:154] [basehttp:log_message] [INFO]- "GET /static/css/lib/helper.css HTTP/1.1" 304 0
[2024-10-17 14:09:59,338] [basehttp.py:154] [basehttp:log_message] [INFO]- "GET /static/css/style.css HTTP/1.1" 304 0
[2024-10-17 14:09:59,340] [basehttp.py:154] [basehttp:log_message] [INFO]- "GET /static/node_modules/bootstrap-icons/font/bootstrap-icons.css HTTP/1.1" 304 0
[2024-10-17 14:09:59,341] [basehttp.py:154] [basehttp:log_message] [INFO]- "GET /static/css/home_style.css HTTP/1.1" 304 0
[2024-10-17 14:09:59,341] [basehttp.py:154] [basehttp:log_message] [INFO]- "GET /static/css/home_zerogrid.css HTTP/1.1" 304 0
[2024-10-17 14:09:59,341] [basehttp.py:154] [basehttp:log_message] [INFO]- "GET /static/css/uploadbutton.css HTTP/1.1" 304 0
[2024-10-17 14:09:59,343] [basehttp.py:154] [basehttp:log_message] [INFO]- "GET /static/css/home_menu.css HTTP/1.1" 304 0
[2024-10-17 14:09:59,346] [basehttp.py:154] [basehttp:log_message] [INFO]- "GET /static/css/ElementUI.css HTTP/1.1" 304 0
[2024-10-17 14:09:59,348] [basehttp.py:154] [basehttp:log_message] [INFO]- "GET /static/js/lib/menubar/sidebar.js HTTP/1.1" 304 0
[2024-10-17 14:09:59,348] [basehttp.py:154] [basehttp:log_message] [INFO]- "GET /static/js/lib/jquery.nanoscroller.min.js HTTP/1.1" 304 0
[2024-10-17 14:09:59,348] [basehttp.py:154] [basehttp:log_message] [INFO]- "GET /static/js/lib/jquery.min.js HTTP/1.1" 304 0
[2024-10-17 14:09:59,351] [basehttp.py:154] [basehttp:log_message] [INFO]- "GET /static/js/lib/preloader/pace.min.js HTTP/1.1" 304 0
[2024-10-17 14:09:59,352] [basehttp.py:154] [basehttp:log_message] [INFO]- "GET /static/js/lib/bootstrap.min.js HTTP/1.1" 304 0
[2024-10-17 14:09:59,357] [basehttp.py:154] [basehttp:log_message] [INFO]- "GET /static/js/lib/calendar-2/moment.latest.min.js HTTP/1.1" 304 0
[2024-10-17 14:09:59,357] [basehttp.py:154] [basehttp:log_message] [INFO]- "GET /static/js/scripts.js HTTP/1.1" 304 0
[2024-10-17 14:09:59,359] [basehttp.py:154] [basehttp:log_message] [INFO]- "GET /static/js/lib/calendar-2/pignose.init.js HTTP/1.1" 304 0
[2024-10-17 14:09:59,359] [basehttp.py:154] [basehttp:log_message] [INFO]- "GET /static/js/lib/calendar-2/pignose.calendar.min.js HTTP/1.1" 304 0
[2024-10-17 14:09:59,360] [basehttp.py:154] [basehttp:log_message] [INFO]- "GET /static/js/lib/circle-progress/circle-progress.min.js HTTP/1.1" 304 0
[2024-10-17 14:09:59,360] [basehttp.py:154] [basehttp:log_message] [INFO]- "GET /static/js/lib/circle-progress/circle-progress-init.js HTTP/1.1" 304 0
[2024-10-17 14:09:59,368] [basehttp.py:154] [basehttp:log_message] [INFO]- "GET /static/js/lib/sparklinechart/sparkline.init.js HTTP/1.1" 304 0
[2024-10-17 14:09:59,368] [basehttp.py:154] [basehttp:log_message] [INFO]- "GET /static/js/lib/sparklinechart/jquery.sparkline.min.js HTTP/1.1" 304 0
[2024-10-17 14:09:59,370] [basehttp.py:154] [basehttp:log_message] [INFO]- "GET /static/js/lib/owl-carousel/owl.carousel.min.js HTTP/1.1" 304 0
[2024-10-17 14:09:59,370] [basehttp.py:154] [basehttp:log_message] [INFO]- "GET /static/js/lib/owl-carousel/owl.carousel-init.js HTTP/1.1" 304 0
[2024-10-17 14:09:59,370] [basehttp.py:154] [basehttp:log_message] [INFO]- "GET /static/js/date.js HTTP/1.1" 304 0
[2024-10-17 14:09:59,371] [basehttp.py:154] [basehttp:log_message] [INFO]- "GET /static/vendor/datatables/jquery.dataTables.js HTTP/1.1" 304 0
[2024-10-17 14:09:59,379] [basehttp.py:154] [basehttp:log_message] [INFO]- "GET /static/js/lib/calendar-2/semantic.ui.min.js HTTP/1.1" 304 0
[2024-10-17 14:09:59,379] [basehttp.py:154] [basehttp:log_message] [INFO]- "GET /static/js/xlsx/xlsx.core.min.js HTTP/1.1" 304 0
[2024-10-17 14:09:59,379] [basehttp.py:154] [basehttp:log_message] [INFO]- "GET /static/js/lib/calendar-2/prism.min.js HTTP/1.1" 304 0
[2024-10-17 14:09:59,379] [basehttp.py:154] [basehttp:log_message] [INFO]- "GET /static/js/datapicker.js HTTP/1.1" 304 0
[2024-10-17 14:09:59,380] [basehttp.py:154] [basehttp:log_message] [INFO]- "GET /static/js/qs.js HTTP/1.1" 304 0
[2024-10-17 14:09:59,380] [basehttp.py:154] [basehttp:log_message] [INFO]- "GET /static/js/vue-router.min.js HTTP/1.1" 304 0
[2024-10-17 14:09:59,388] [basehttp.py:154] [basehttp:log_message] [INFO]- "GET /static/js/es6/babel.min.js HTTP/1.1" 304 0
[2024-10-17 14:09:59,390] [basehttp.py:154] [basehttp:log_message] [INFO]- "GET /static/js/es6/polyfill.min.js HTTP/1.1" 304 0
[2024-10-17 14:09:59,390] [basehttp.py:154] [basehttp:log_message] [INFO]- "GET /static/js/axios.min.js HTTP/1.1" 304 0
[2024-10-17 14:09:59,390] [basehttp.py:154] [basehttp:log_message] [INFO]- "GET /static/js/vue.min.js HTTP/1.1" 304 0
[2024-10-17 14:09:59,391] [basehttp.py:154] [basehttp:log_message] [INFO]- "GET /static/js/xlsx/FileSaver.min.js HTTP/1.1" 304 0
[2024-10-17 14:09:59,391] [basehttp.py:154] [basehttp:log_message] [INFO]- "GET /static/js/Element/table.js HTTP/1.1" 304 0
[2024-10-17 14:09:59,399] [basehttp.py:154] [basehttp:log_message] [INFO]- "GET /static/js/Element/main.js HTTP/1.1" 304 0
[2024-10-17 14:09:59,400] [basehttp.py:154] [basehttp:log_message] [INFO]- "GET /static/js/Element/date-picker.js HTTP/1.1" 304 0
[2024-10-17 14:09:59,400] [basehttp.py:154] [basehttp:log_message] [INFO]- "GET /static/js/Element/table-column.js HTTP/1.1" 304 0
[2024-10-17 14:09:59,400] [basehttp.py:154] [basehttp:log_message] [INFO]- "GET /static/js/Element/icon.js HTTP/1.1" 304 0
[2024-10-17 14:09:59,400] [basehttp.py:154] [basehttp:log_message] [INFO]- "GET /static/js/Element/input.js HTTP/1.1" 304 0
[2024-10-17 14:09:59,401] [basehttp.py:154] [basehttp:log_message] [INFO]- "GET /static/js/Element/dialog.js HTTP/1.1" 304 0
[2024-10-17 14:09:59,411] [basehttp.py:154] [basehttp:log_message] [INFO]- "GET /static/js/Element/form.js HTTP/1.1" 304 0
[2024-10-17 14:09:59,412] [basehttp.py:154] [basehttp:log_message] [INFO]- "GET /static/js/Element/message.js HTTP/1.1" 304 0
[2024-10-17 14:09:59,414] [basehttp.py:154] [basehttp:log_message] [INFO]- "GET /static/js/Element/tooltip.js HTTP/1.1" 304 0
[2024-10-17 14:09:59,414] [basehttp.py:154] [basehttp:log_message] [INFO]- "GET /static/js/Element/pagination.js HTTP/1.1" 304 0
[2024-10-17 14:09:59,414] [basehttp.py:154] [basehttp:log_message] [INFO]- "GET /static/js/xlsx/xlsx.js HTTP/1.1" 304 0
[2024-10-17 14:09:59,414] [basehttp.py:154] [basehttp:log_message] [INFO]- "GET /static/js/Element/index.js HTTP/1.1" 304 0
[2024-10-17 14:09:59,468] [basehttp.py:154] [basehttp:log_message] [INFO]- "GET /static/node_modules/bootstrap-icons/font/fonts/bootstrap-icons.woff2?30af91bf14e37666a085fb8a161ff36d HTTP/1.1" 304 0
[2024-10-17 14:09:59,469] [basehttp.py:154] [basehttp:log_message] [INFO]- "GET /static/css/admin/assets/fonts/themify.woff?-fvbane HTTP/1.1" 304 0
[2024-10-17 14:09:59,506] [basehttp.py:154] [basehttp:log_message] [INFO]- "GET /static/css/admin/assets/fonts/themify.ttf?-fvbane HTTP/1.1" 304 0
[2024-10-17 14:09:59,528] [basehttp.py:154] [basehttp:log_message] [INFO]- "GET /static/fonts/themify.woff?-fvbane HTTP/1.1" 304 0
[2024-10-17 14:10:00,011] [basehttp.py:154] [basehttp:log_message] [INFO]- "GET /static/src/qiu1.jpg HTTP/1.1" 304 0
[2024-10-17 14:10:00,011] [basehttp.py:154] [basehttp:log_message] [INFO]- "GET /static/src/jinqiu5.jpg HTTP/1.1" 304 0
[2024-10-17 14:10:00,012] [basehttp.py:154] [basehttp:log_message] [INFO]- "GET /static/src/lu.jpg HTTP/1.1" 304 0
[2024-10-17 14:10:00,013] [basehttp.py:154] [basehttp:log_message] [INFO]- "GET /static/css/fonts/element-icons.ttf HTTP/1.1" 304 0
[2024-10-17 14:10:00,074] [UserIP.py:87] [UserIP:process_response] [INFO]- 2024-10-17 14:10:00 C1010S3>Cao.Edwin None>EDWIN>bxbei 127.0.0.1 127.0.0.1 /index/ POST
[2024-10-17 14:10:00,084] [basehttp.py:154] [basehttp:log_message] [INFO]- "POST /index/ HTTP/1.1" 200 1621
[2024-10-17 14:10:00,155] [log.py:228] [log:log_response] [WARNING]- Not Found: /media/img/UserInfo/Jully_Li.jpg
[2024-10-17 14:10:00,156] [basehttp.py:154] [basehttp:log_message] [WARNING]- "GET /media/img/UserInfo/Jully_Li.jpg HTTP/1.1" 404 1803
[2024-10-17 14:10:00,182] [basehttp.py:154] [basehttp:log_message] [INFO]- "GET /favicon.ico HTTP/1.1" 200 23522
