[2026-03-11 08:39:15,739] [basehttp.py:154] [basehttp:log_message] [INFO]- "GET /RetainedSample/RetainedSample_summary/ HTTP/1.1" 200 121155
[2026-03-11 08:39:17,511] [basehttp.py:154] [basehttp:log_message] [INFO]- "GET /favicon.ico HTTP/1.1" 200 38027
[2026-03-11 08:39:17,547] [basehttp.py:154] [basehttp:log_message] [INFO]- "GET /RetainedSample/RetainedSample_summary/?tab=summary HTTP/1.1" 200 23302
[2026-03-11 08:42:13,463] [basehttp.py:154] [basehttp:log_message] [INFO]- "GET /RetainedSample/RetainedSample_summary/ HTTP/1.1" 200 120947
[2026-03-11 08:42:14,019] [basehttp.py:154] [basehttp:log_message] [INFO]- "GET /RetainedSample/RetainedSample_summary/?tab=summary HTTP/1.1" 200 23302
[2026-03-11 08:42:14,048] [basehttp.py:154] [basehttp:log_message] [INFO]- "GET /favicon.ico HTTP/1.1" 200 38027
[2026-03-11 08:42:19,032] [basehttp.py:154] [basehttp:log_message] [INFO]- "GET /RetainedSample/RetainedSample_summary/ HTTP/1.1" 200 120947
[2026-03-11 08:42:46,517] [basehttp.py:154] [basehttp:log_message] [INFO]- "GET /RetainedSample/RetainedSample_summary/ HTTP/1.1" 200 120947
[2026-03-11 08:42:48,038] [basehttp.py:154] [basehttp:log_message] [INFO]- "GET /RetainedSample/RetainedSample_summary/ HTTP/1.1" 200 120947
[2026-03-11 08:42:59,015] [basehttp.py:154] [basehttp:log_message] [INFO]- "GET /RetainedSample/RetainedSample_summary/ HTTP/1.1" 200 120947
[2026-03-11 08:43:00,141] [basehttp.py:154] [basehttp:log_message] [INFO]- "GET /RetainedSample/RetainedSample_summary/?tab=summary HTTP/1.1" 200 23302
[2026-03-11 08:43:00,180] [basehttp.py:154] [basehttp:log_message] [INFO]- "GET /favicon.ico HTTP/1.1" 200 38027
[2026-03-11 08:44:06,004] [basehttp.py:154] [basehttp:log_message] [INFO]- "GET /RetainedSample/get_borrow_details/?sample_id=3 HTTP/1.1" 200 400
[2026-03-11 08:44:07,300] [basehttp.py:154] [basehttp:log_message] [INFO]- "GET /RetainedSample/get_borrow_details/?sample_id=4 HTTP/1.1" 200 585
[2026-03-11 08:44:16,146] [basehttp.py:154] [basehttp:log_message] [INFO]- "GET /RetainedSample/RetainedSample_summary/?tab=myBorrow HTTP/1.1" 200 4512
[2026-03-11 08:44:40,679] [basehttp.py:154] [basehttp:log_message] [INFO]- "GET /RetainedSample/RetainedSample_summary/?tab=myApproval HTTP/1.1" 200 56
[2026-03-11 08:44:44,417] [basehttp.py:154] [basehttp:log_message] [INFO]- "GET /RetainedSample/RetainedSample_summary/?tab=records HTTP/1.1" 200 5970
[2026-03-11 08:44:45,627] [basehttp.py:154] [basehttp:log_message] [INFO]- "GET /RetainedSample/RetainedSample_summary/?tab=scrapRecords HTTP/1.1" 200 362
[2026-03-11 08:44:47,791] [basehttp.py:154] [basehttp:log_message] [INFO]- "GET /RetainedSample/RetainedSample_summary/?tab=records HTTP/1.1" 200 5970
[2026-03-11 08:44:57,428] [basehttp.py:154] [basehttp:log_message] [INFO]- "GET /RetainedSample/RetainedSample_summary/?tab=myApproval HTTP/1.1" 200 56
[2026-03-11 08:45:02,577] [basehttp.py:154] [basehttp:log_message] [INFO]- "GET /RetainedSample/RetainedSample_summary/?tab=myBorrow HTTP/1.1" 200 4512
[2026-03-11 08:52:14,348] [basehttp.py:154] [basehttp:log_message] [INFO]- "GET /RetainedSample/RetainedSample_summary/?tab=myApproval HTTP/1.1" 200 56
[2026-03-11 08:52:15,405] [basehttp.py:154] [basehttp:log_message] [INFO]- "GET /RetainedSample/RetainedSample_summary/?tab=records HTTP/1.1" 200 5970
[2026-03-11 08:52:17,661] [basehttp.py:154] [basehttp:log_message] [INFO]- "GET /RetainedSample/RetainedSample_summary/?tab=myApproval HTTP/1.1" 200 56
[2026-03-11 08:54:48,011] [basehttp.py:154] [basehttp:log_message] [INFO]- "GET /RetainedSample/RetainedSample_summary/?tab=records HTTP/1.1" 200 5970
[2026-03-11 08:54:49,240] [basehttp.py:154] [basehttp:log_message] [INFO]- "GET /RetainedSample/RetainedSample_summary/?tab=records HTTP/1.1" 200 5970
[2026-03-11 08:54:50,251] [basehttp.py:154] [basehttp:log_message] [INFO]- "GET /RetainedSample/RetainedSample_summary/?tab=myApproval HTTP/1.1" 200 56
[2026-03-11 08:54:51,465] [basehttp.py:154] [basehttp:log_message] [INFO]- "GET /RetainedSample/RetainedSample_summary/?tab=myBorrow HTTP/1.1" 200 4512
[2026-03-11 08:55:08,807] [basehttp.py:154] [basehttp:log_message] [INFO]- "GET /RetainedSample/RetainedSample_summary/?tab=summary HTTP/1.1" 200 23302
[2026-03-11 08:56:13,618] [basehttp.py:154] [basehttp:log_message] [INFO]- "GET /RetainedSample/RetainedSample_summary/ HTTP/1.1" 200 120964
[2026-03-11 08:56:14,040] [basehttp.py:154] [basehttp:log_message] [INFO]- "GET /favicon.ico HTTP/1.1" 200 38027
[2026-03-11 08:56:14,104] [basehttp.py:154] [basehttp:log_message] [INFO]- "GET /RetainedSample/RetainedSample_summary/?tab=summary HTTP/1.1" 200 23302
[2026-03-11 08:56:15,491] [basehttp.py:154] [basehttp:log_message] [INFO]- "GET /RetainedSample/RetainedSample_summary/?tab=myBorrow HTTP/1.1" 200 4512
[2026-03-11 08:56:23,803] [basehttp.py:154] [basehttp:log_message] [INFO]- "GET /RetainedSample/RetainedSample_summary/?tab=myApproval HTTP/1.1" 200 56
[2026-03-11 08:56:25,147] [basehttp.py:154] [basehttp:log_message] [INFO]- "GET /RetainedSample/RetainedSample_summary/?tab=records HTTP/1.1" 200 5970
[2026-03-11 08:59:31,447] [basehttp.py:154] [basehttp:log_message] [INFO]- "GET /RetainedSample/RetainedSample_summary/ HTTP/1.1" 200 120996
[2026-03-11 08:59:32,408] [basehttp.py:154] [basehttp:log_message] [INFO]- "GET /favicon.ico HTTP/1.1" 200 38027
[2026-03-11 08:59:32,962] [basehttp.py:154] [basehttp:log_message] [INFO]- "GET /RetainedSample/RetainedSample_summary/?tab=summary HTTP/1.1" 200 23302
[2026-03-11 08:59:35,685] [basehttp.py:154] [basehttp:log_message] [INFO]- "GET /RetainedSample/RetainedSample_summary/?tab=myBorrow HTTP/1.1" 200 4512
[2026-03-11 08:59:37,948] [basehttp.py:154] [basehttp:log_message] [INFO]- "GET /RetainedSample/RetainedSample_summary/?tab=myApproval HTTP/1.1" 200 56
[2026-03-11 08:59:39,531] [basehttp.py:154] [basehttp:log_message] [INFO]- "GET /RetainedSample/RetainedSample_summary/?tab=records HTTP/1.1" 200 5970
[2026-03-11 08:59:41,013] [basehttp.py:154] [basehttp:log_message] [INFO]- "GET /RetainedSample/RetainedSample_summary/?tab=scrapRecords HTTP/1.1" 200 362
[2026-03-11 08:59:42,495] [basehttp.py:154] [basehttp:log_message] [INFO]- "GET /RetainedSample/RetainedSample_summary/?tab=myApproval HTTP/1.1" 200 56
[2026-03-11 08:59:42,632] [basehttp.py:154] [basehttp:log_message] [INFO]- "GET /RetainedSample/RetainedSample_summary/?tab=records HTTP/1.1" 200 5970
[2026-03-11 08:59:43,906] [basehttp.py:154] [basehttp:log_message] [INFO]- "GET /RetainedSample/RetainedSample_summary/?tab=myBorrow HTTP/1.1" 200 4512
[2026-03-11 08:59:45,009] [basehttp.py:154] [basehttp:log_message] [INFO]- "GET /RetainedSample/RetainedSample_summary/?tab=summary HTTP/1.1" 200 23302
[2026-03-11 08:59:47,387] [basehttp.py:154] [basehttp:log_message] [INFO]- "GET /RetainedSample/RetainedSample_summary/?tab=myBorrow HTTP/1.1" 200 4512
[2026-03-11 08:59:48,343] [basehttp.py:154] [basehttp:log_message] [INFO]- "GET /RetainedSample/RetainedSample_summary/?tab=myApproval HTTP/1.1" 200 56
[2026-03-11 08:59:52,104] [basehttp.py:154] [basehttp:log_message] [INFO]- "GET /RetainedSample/RetainedSample_summary/?tab=myBorrow HTTP/1.1" 200 4512
[2026-03-11 09:01:23,933] [basehttp.py:154] [basehttp:log_message] [INFO]- "GET /RetainedSample/RetainedSample_summary/ HTTP/1.1" 200 121017
[2026-03-11 09:01:24,605] [basehttp.py:154] [basehttp:log_message] [INFO]- "GET /favicon.ico HTTP/1.1" 200 38027
[2026-03-11 09:01:24,792] [basehttp.py:154] [basehttp:log_message] [INFO]- "GET /RetainedSample/RetainedSample_summary/?tab=summary HTTP/1.1" 200 23302
[2026-03-11 09:01:26,737] [basehttp.py:154] [basehttp:log_message] [INFO]- "GET /RetainedSample/get_borrow_details/?sample_id=3 HTTP/1.1" 200 400
[2026-03-11 09:01:28,305] [basehttp.py:154] [basehttp:log_message] [INFO]- "GET /.well-known/appspecific/com.chrome.devtools.json HTTP/1.1" 200 38027
[2026-03-11 09:01:28,546] [basehttp.py:154] [basehttp:log_message] [WARNING]- "GET /static/js/axios.min.map HTTP/1.1" 404 1773
[2026-03-11 09:01:28,555] [basehttp.py:154] [basehttp:log_message] [WARNING]- "GET /static/js/lib/bootstrap.min.js.map HTTP/1.1" 404 1806
[2026-03-11 09:01:28,872] [basehttp.py:154] [basehttp:log_message] [WARNING]- "GET /static/css/bootstrap.min.css.map HTTP/1.1" 404 1800
[2026-03-11 09:01:32,837] [basehttp.py:154] [basehttp:log_message] [INFO]- "GET /RetainedSample/RetainedSample_summary/?tab=myBorrow HTTP/1.1" 200 4512
[2026-03-11 09:01:34,874] [basehttp.py:154] [basehttp:log_message] [INFO]- "GET /RetainedSample/RetainedSample_summary/?tab=myApproval HTTP/1.1" 200 56
[2026-03-11 09:01:36,482] [basehttp.py:154] [basehttp:log_message] [INFO]- "GET /RetainedSample/RetainedSample_summary/?tab=records HTTP/1.1" 200 5970
[2026-03-11 09:02:57,472] [basehttp.py:154] [basehttp:log_message] [INFO]- "GET /RetainedSample/RetainedSample_summary/?tab=myApproval HTTP/1.1" 200 56
[2026-03-11 09:02:58,500] [basehttp.py:154] [basehttp:log_message] [INFO]- "GET /RetainedSample/RetainedSample_summary/?tab=scrapRecords HTTP/1.1" 200 362
[2026-03-11 09:02:59,533] [basehttp.py:154] [basehttp:log_message] [INFO]- "GET /RetainedSample/RetainedSample_summary/?tab=records HTTP/1.1" 200 5970
[2026-03-11 09:03:00,052] [basehttp.py:154] [basehttp:log_message] [INFO]- "GET /RetainedSample/RetainedSample_summary/?tab=myApproval HTTP/1.1" 200 56
[2026-03-11 09:03:01,306] [basehttp.py:154] [basehttp:log_message] [INFO]- "GET /RetainedSample/RetainedSample_summary/?tab=myBorrow HTTP/1.1" 200 4512
[2026-03-11 09:03:02,160] [basehttp.py:154] [basehttp:log_message] [INFO]- "GET /RetainedSample/RetainedSample_summary/?tab=summary HTTP/1.1" 200 23302
[2026-03-11 09:04:18,941] [basehttp.py:154] [basehttp:log_message] [INFO]- "GET /RetainedSample/RetainedSample_summary/ HTTP/1.1" 200 121489
[2026-03-11 09:04:19,146] [basehttp.py:154] [basehttp:log_message] [INFO]- "GET /.well-known/appspecific/com.chrome.devtools.json HTTP/1.1" 200 38027
[2026-03-11 09:04:19,151] [basehttp.py:154] [basehttp:log_message] [WARNING]- "GET /static/css/bootstrap.min.css.map HTTP/1.1" 404 1800
[2026-03-11 09:04:19,177] [basehttp.py:154] [basehttp:log_message] [WARNING]- "GET /static/js/lib/bootstrap.min.js.map HTTP/1.1" 404 1806
[2026-03-11 09:04:19,460] [basehttp.py:154] [basehttp:log_message] [WARNING]- "GET /static/js/axios.min.map HTTP/1.1" 404 1773
[2026-03-11 09:04:19,741] [basehttp.py:154] [basehttp:log_message] [INFO]- "GET /RetainedSample/RetainedSample_summary/?tab=summary HTTP/1.1" 200 23302
[2026-03-11 09:04:19,804] [basehttp.py:154] [basehttp:log_message] [INFO]- "GET /favicon.ico HTTP/1.1" 200 38027
[2026-03-11 09:07:38,720] [basehttp.py:154] [basehttp:log_message] [INFO]- "GET /RetainedSample/RetainedSample_summary/?tab=myBorrow HTTP/1.1" 200 4512
[2026-03-11 09:07:40,197] [basehttp.py:154] [basehttp:log_message] [INFO]- "GET /RetainedSample/RetainedSample_summary/?tab=myApproval HTTP/1.1" 200 56
[2026-03-11 09:07:42,710] [basehttp.py:154] [basehttp:log_message] [INFO]- "GET /RetainedSample/RetainedSample_summary/?tab=myBorrow HTTP/1.1" 200 4512
[2026-03-11 09:07:43,414] [basehttp.py:154] [basehttp:log_message] [INFO]- "GET /RetainedSample/RetainedSample_summary/?tab=myApproval HTTP/1.1" 200 56
[2026-03-11 09:07:44,173] [basehttp.py:154] [basehttp:log_message] [INFO]- "GET /RetainedSample/RetainedSample_summary/?tab=records HTTP/1.1" 200 5970
[2026-03-11 09:07:45,051] [basehttp.py:154] [basehttp:log_message] [INFO]- "GET /RetainedSample/RetainedSample_summary/?tab=myBorrow HTTP/1.1" 200 4512
[2026-03-11 09:08:19,404] [basehttp.py:154] [basehttp:log_message] [INFO]- "GET /RetainedSample/RetainedSample_summary/ HTTP/1.1" 200 121388
[2026-03-11 09:08:19,493] [basehttp.py:154] [basehttp:log_message] [INFO]- "GET /.well-known/appspecific/com.chrome.devtools.json HTTP/1.1" 200 38027
[2026-03-11 09:08:19,518] [basehttp.py:154] [basehttp:log_message] [WARNING]- "GET /static/css/bootstrap.min.css.map HTTP/1.1" 404 1800
[2026-03-11 09:08:19,656] [basehttp.py:154] [basehttp:log_message] [WARNING]- "GET /static/js/lib/bootstrap.min.js.map HTTP/1.1" 404 1806
[2026-03-11 09:08:20,064] [basehttp.py:154] [basehttp:log_message] [INFO]- "GET /RetainedSample/RetainedSample_summary/?tab=summary HTTP/1.1" 200 23302
[2026-03-11 09:08:20,106] [basehttp.py:154] [basehttp:log_message] [INFO]- "GET /favicon.ico HTTP/1.1" 200 38027
[2026-03-11 09:08:20,119] [basehttp.py:154] [basehttp:log_message] [WARNING]- "GET /static/js/axios.min.map HTTP/1.1" 404 1773
[2026-03-11 09:08:21,923] [basehttp.py:154] [basehttp:log_message] [INFO]- "GET /RetainedSample/RetainedSample_summary/?tab=myApproval HTTP/1.1" 200 56
[2026-03-11 09:08:24,105] [basehttp.py:154] [basehttp:log_message] [INFO]- "GET /RetainedSample/RetainedSample_summary/?tab=myBorrow HTTP/1.1" 200 4512
[2026-03-11 09:08:25,172] [basehttp.py:154] [basehttp:log_message] [INFO]- "GET /RetainedSample/RetainedSample_summary/?tab=myApproval HTTP/1.1" 200 56
[2026-03-11 09:08:28,211] [basehttp.py:154] [basehttp:log_message] [INFO]- "GET /RetainedSample/RetainedSample_summary/?tab=myBorrow HTTP/1.1" 200 4512
[2026-03-11 09:08:28,885] [basehttp.py:154] [basehttp:log_message] [INFO]- "GET /RetainedSample/RetainedSample_summary/?tab=myApproval HTTP/1.1" 200 56
[2026-03-11 09:10:40,067] [basehttp.py:154] [basehttp:log_message] [INFO]- "GET /RetainedSample/RetainedSample_summary/ HTTP/1.1" 200 120947
[2026-03-11 09:10:40,166] [basehttp.py:154] [basehttp:log_message] [INFO]- "GET /.well-known/appspecific/com.chrome.devtools.json HTTP/1.1" 200 38027
[2026-03-11 09:10:40,179] [basehttp.py:154] [basehttp:log_message] [WARNING]- "GET /static/css/bootstrap.min.css.map HTTP/1.1" 404 1800
[2026-03-11 09:10:40,319] [basehttp.py:154] [basehttp:log_message] [WARNING]- "GET /static/js/lib/bootstrap.min.js.map HTTP/1.1" 404 1806
[2026-03-11 09:10:40,509] [basehttp.py:154] [basehttp:log_message] [WARNING]- "GET /static/js/axios.min.map HTTP/1.1" 404 1773
[2026-03-11 09:10:40,800] [basehttp.py:154] [basehttp:log_message] [INFO]- "GET /RetainedSample/RetainedSample_summary/?tab=summary HTTP/1.1" 200 23302
[2026-03-11 09:10:40,853] [basehttp.py:154] [basehttp:log_message] [INFO]- "GET /favicon.ico HTTP/1.1" 200 38027
[2026-03-11 09:10:44,535] [basehttp.py:154] [basehttp:log_message] [INFO]- "GET /RetainedSample/RetainedSample_summary/?tab=myBorrow HTTP/1.1" 200 4512
[2026-03-11 09:10:46,563] [basehttp.py:154] [basehttp:log_message] [INFO]- "GET /RetainedSample/RetainedSample_summary/?tab=myApproval HTTP/1.1" 200 56
[2026-03-11 09:16:02,395] [basehttp.py:154] [basehttp:log_message] [INFO]- "GET /RetainedSample/RetainedSample_summary/ HTTP/1.1" 200 122078
[2026-03-11 09:16:02,519] [basehttp.py:154] [basehttp:log_message] [INFO]- "GET /.well-known/appspecific/com.chrome.devtools.json HTTP/1.1" 200 38027
[2026-03-11 09:16:02,537] [basehttp.py:154] [basehttp:log_message] [WARNING]- "GET /static/css/bootstrap.min.css.map HTTP/1.1" 404 1800
[2026-03-11 09:16:02,587] [basehttp.py:154] [basehttp:log_message] [WARNING]- "GET /static/js/lib/bootstrap.min.js.map HTTP/1.1" 404 1806
[2026-03-11 09:16:02,713] [basehttp.py:154] [basehttp:log_message] [WARNING]- "GET /static/js/axios.min.map HTTP/1.1" 404 1773
[2026-03-11 09:16:03,437] [basehttp.py:154] [basehttp:log_message] [INFO]- "GET /favicon.ico HTTP/1.1" 200 38027
[2026-03-11 09:16:03,446] [basehttp.py:154] [basehttp:log_message] [INFO]- "GET /RetainedSample/RetainedSample_summary/?tab=summary HTTP/1.1" 200 23302
[2026-03-11 09:16:08,855] [basehttp.py:154] [basehttp:log_message] [INFO]- "GET /RetainedSample/RetainedSample_summary/?tab=myBorrow HTTP/1.1" 200 4512
[2026-03-11 09:16:11,991] [basehttp.py:154] [basehttp:log_message] [INFO]- "GET /RetainedSample/RetainedSample_summary/?tab=myApproval HTTP/1.1" 200 56
[2026-03-11 09:16:13,873] [basehttp.py:154] [basehttp:log_message] [INFO]- "GET /RetainedSample/RetainedSample_summary/?tab=myBorrow HTTP/1.1" 200 4512
[2026-03-11 09:17:11,028] [basehttp.py:154] [basehttp:log_message] [INFO]- "GET /RetainedSample/RetainedSample_summary/ HTTP/1.1" 200 121201
[2026-03-11 09:17:11,105] [basehttp.py:154] [basehttp:log_message] [INFO]- "GET /.well-known/appspecific/com.chrome.devtools.json HTTP/1.1" 200 38027
[2026-03-11 09:17:11,124] [basehttp.py:154] [basehttp:log_message] [WARNING]- "GET /static/css/bootstrap.min.css.map HTTP/1.1" 404 1800
[2026-03-11 09:17:11,136] [basehttp.py:154] [basehttp:log_message] [WARNING]- "GET /static/js/lib/bootstrap.min.js.map HTTP/1.1" 404 1806
[2026-03-11 09:17:11,625] [basehttp.py:154] [basehttp:log_message] [INFO]- "GET /RetainedSample/RetainedSample_summary/?tab=summary HTTP/1.1" 200 23302
[2026-03-11 09:17:11,720] [basehttp.py:154] [basehttp:log_message] [INFO]- "GET /favicon.ico HTTP/1.1" 200 38027
[2026-03-11 09:17:11,730] [basehttp.py:154] [basehttp:log_message] [WARNING]- "GET /static/js/axios.min.map HTTP/1.1" 404 1773
[2026-03-11 09:17:12,551] [basehttp.py:154] [basehttp:log_message] [INFO]- "GET /RetainedSample/RetainedSample_summary/?tab=myBorrow HTTP/1.1" 200 4512
[2026-03-11 09:17:14,350] [basehttp.py:154] [basehttp:log_message] [INFO]- "GET /RetainedSample/RetainedSample_summary/?tab=myApproval HTTP/1.1" 200 56
[2026-03-11 09:17:17,532] [basehttp.py:154] [basehttp:log_message] [INFO]- "GET /RetainedSample/RetainedSample_summary/?tab=summary HTTP/1.1" 200 23302
[2026-03-11 09:17:47,451] [basehttp.py:154] [basehttp:log_message] [INFO]- "GET /RetainedSample/RetainedSample_summary/ HTTP/1.1" 200 121199
[2026-03-11 09:17:47,577] [basehttp.py:154] [basehttp:log_message] [WARNING]- "GET /static/css/bootstrap.min.css.map HTTP/1.1" 404 1800
[2026-03-11 09:17:47,584] [basehttp.py:154] [basehttp:log_message] [WARNING]- "GET /static/js/lib/bootstrap.min.js.map HTTP/1.1" 404 1806
[2026-03-11 09:17:47,585] [basehttp.py:154] [basehttp:log_message] [INFO]- "GET /.well-known/appspecific/com.chrome.devtools.json HTTP/1.1" 200 38027
[2026-03-11 09:17:47,784] [basehttp.py:154] [basehttp:log_message] [WARNING]- "GET /static/js/axios.min.map HTTP/1.1" 404 1773
[2026-03-11 09:17:48,495] [basehttp.py:154] [basehttp:log_message] [INFO]- "GET /favicon.ico HTTP/1.1" 200 38027
[2026-03-11 09:17:48,528] [basehttp.py:154] [basehttp:log_message] [INFO]- "GET /RetainedSample/RetainedSample_summary/?tab=summary HTTP/1.1" 200 23302
[2026-03-11 09:17:49,565] [basehttp.py:154] [basehttp:log_message] [INFO]- "GET /RetainedSample/RetainedSample_summary/?tab=myBorrow HTTP/1.1" 200 4512
[2026-03-11 09:17:51,191] [basehttp.py:154] [basehttp:log_message] [INFO]- "GET /RetainedSample/RetainedSample_summary/?tab=myApproval HTTP/1.1" 200 56
[2026-03-11 09:17:52,622] [basehttp.py:154] [basehttp:log_message] [INFO]- "GET /RetainedSample/RetainedSample_summary/?tab=records HTTP/1.1" 200 5970
[2026-03-11 09:17:53,560] [basehttp.py:154] [basehttp:log_message] [INFO]- "GET /RetainedSample/RetainedSample_summary/?tab=scrapRecords HTTP/1.1" 200 362
[2026-03-11 09:17:54,735] [basehttp.py:154] [basehttp:log_message] [INFO]- "GET /RetainedSample/RetainedSample_summary/?tab=myBorrow HTTP/1.1" 200 4512
[2026-03-11 09:20:15,232] [basehttp.py:154] [basehttp:log_message] [INFO]- "GET /RetainedSample/RetainedSample_summary/ HTTP/1.1" 200 121179
[2026-03-11 09:20:15,433] [basehttp.py:154] [basehttp:log_message] [WARNING]- "GET /static/css/bootstrap.min.css.map HTTP/1.1" 404 1800
[2026-03-11 09:20:15,767] [basehttp.py:154] [basehttp:log_message] [INFO]- "GET /.well-known/appspecific/com.chrome.devtools.json HTTP/1.1" 200 38027
[2026-03-11 09:20:15,784] [basehttp.py:154] [basehttp:log_message] [WARNING]- "GET /static/js/lib/bootstrap.min.js.map HTTP/1.1" 404 1806
[2026-03-11 09:20:16,004] [basehttp.py:154] [basehttp:log_message] [WARNING]- "GET /static/js/axios.min.map HTTP/1.1" 404 1773
[2026-03-11 09:20:16,394] [basehttp.py:154] [basehttp:log_message] [INFO]- "GET /RetainedSample/RetainedSample_summary/?tab=summary HTTP/1.1" 200 23302
[2026-03-11 09:20:16,478] [basehttp.py:154] [basehttp:log_message] [INFO]- "GET /favicon.ico HTTP/1.1" 200 38027
[2026-03-11 09:20:18,373] [basehttp.py:154] [basehttp:log_message] [INFO]- "GET /RetainedSample/RetainedSample_summary/?tab=myBorrow HTTP/1.1" 200 4512
[2026-03-11 09:20:20,137] [basehttp.py:154] [basehttp:log_message] [INFO]- "GET /RetainedSample/RetainedSample_summary/?tab=myApproval HTTP/1.1" 200 56
[2026-03-11 09:20:21,607] [basehttp.py:154] [basehttp:log_message] [INFO]- "GET /RetainedSample/RetainedSample_summary/?tab=myBorrow HTTP/1.1" 200 4512
[2026-03-11 09:21:31,627] [basehttp.py:154] [basehttp:log_message] [INFO]- "GET /RetainedSample/RetainedSample_summary/?tab=myApproval HTTP/1.1" 200 56
[2026-03-11 09:22:25,356] [basehttp.py:154] [basehttp:log_message] [INFO]- "GET /RetainedSample/RetainedSample_summary/ HTTP/1.1" 200 121230
[2026-03-11 09:22:25,569] [basehttp.py:154] [basehttp:log_message] [INFO]- "GET /.well-known/appspecific/com.chrome.devtools.json HTTP/1.1" 200 38027
[2026-03-11 09:22:25,624] [basehttp.py:154] [basehttp:log_message] [WARNING]- "GET /static/css/bootstrap.min.css.map HTTP/1.1" 404 1800
[2026-03-11 09:22:25,728] [basehttp.py:154] [basehttp:log_message] [WARNING]- "GET /static/js/lib/bootstrap.min.js.map HTTP/1.1" 404 1806
[2026-03-11 09:22:26,516] [basehttp.py:154] [basehttp:log_message] [WARNING]- "GET /static/js/axios.min.map HTTP/1.1" 404 1773
[2026-03-11 09:22:27,156] [basehttp.py:154] [basehttp:log_message] [INFO]- "GET /RetainedSample/RetainedSample_summary/?tab=summary HTTP/1.1" 200 23302
[2026-03-11 09:22:27,175] [basehttp.py:154] [basehttp:log_message] [INFO]- "GET /favicon.ico HTTP/1.1" 200 38027
[2026-03-11 09:22:30,086] [basehttp.py:154] [basehttp:log_message] [INFO]- "GET /RetainedSample/RetainedSample_summary/?tab=myBorrow HTTP/1.1" 200 4512
[2026-03-11 09:22:34,134] [basehttp.py:154] [basehttp:log_message] [INFO]- "GET /RetainedSample/RetainedSample_summary/?tab=myApproval HTTP/1.1" 200 56
[2026-03-11 09:22:36,248] [basehttp.py:154] [basehttp:log_message] [INFO]- "GET /RetainedSample/RetainedSample_summary/?tab=records HTTP/1.1" 200 5970
[2026-03-11 09:22:37,743] [basehttp.py:154] [basehttp:log_message] [INFO]- "GET /RetainedSample/RetainedSample_summary/?tab=scrapRecords HTTP/1.1" 200 362
[2026-03-11 09:22:39,261] [basehttp.py:154] [basehttp:log_message] [INFO]- "GET /RetainedSample/RetainedSample_summary/?tab=myApproval HTTP/1.1" 200 56
[2026-03-11 09:22:40,296] [basehttp.py:154] [basehttp:log_message] [INFO]- "GET /RetainedSample/RetainedSample_summary/?tab=myBorrow HTTP/1.1" 200 4512
[2026-03-11 09:23:12,580] [basehttp.py:154] [basehttp:log_message] [INFO]- "GET /RetainedSample/RetainedSample_summary/ HTTP/1.1" 200 121244
[2026-03-11 09:23:12,675] [basehttp.py:154] [basehttp:log_message] [WARNING]- "GET /static/css/bootstrap.min.css.map HTTP/1.1" 404 1800
[2026-03-11 09:23:12,682] [basehttp.py:154] [basehttp:log_message] [INFO]- "GET /.well-known/appspecific/com.chrome.devtools.json HTTP/1.1" 200 38027
[2026-03-11 09:23:12,767] [basehttp.py:154] [basehttp:log_message] [WARNING]- "GET /static/js/lib/bootstrap.min.js.map HTTP/1.1" 404 1806
[2026-03-11 09:23:13,020] [basehttp.py:154] [basehttp:log_message] [WARNING]- "GET /static/js/axios.min.map HTTP/1.1" 404 1773
[2026-03-11 09:23:13,778] [basehttp.py:154] [basehttp:log_message] [INFO]- "GET /favicon.ico HTTP/1.1" 200 38027
[2026-03-11 09:23:13,805] [basehttp.py:154] [basehttp:log_message] [INFO]- "GET /RetainedSample/RetainedSample_summary/?tab=summary HTTP/1.1" 200 23302
[2026-03-11 09:23:20,290] [basehttp.py:154] [basehttp:log_message] [INFO]- "GET /RetainedSample/RetainedSample_summary/?tab=myBorrow HTTP/1.1" 200 4512
[2026-03-11 09:23:21,826] [basehttp.py:154] [basehttp:log_message] [INFO]- "GET /RetainedSample/RetainedSample_summary/?tab=myApproval HTTP/1.1" 200 56
[2026-03-11 09:26:41,358] [basehttp.py:154] [basehttp:log_message] [INFO]- "GET /RetainedSample/RetainedSample_summary/ HTTP/1.1" 200 122353
[2026-03-11 09:26:41,463] [basehttp.py:154] [basehttp:log_message] [INFO]- "GET /.well-known/appspecific/com.chrome.devtools.json HTTP/1.1" 200 38027
[2026-03-11 09:26:41,497] [basehttp.py:154] [basehttp:log_message] [WARNING]- "GET /static/css/bootstrap.min.css.map HTTP/1.1" 404 1800
[2026-03-11 09:26:41,514] [basehttp.py:154] [basehttp:log_message] [WARNING]- "GET /static/js/lib/bootstrap.min.js.map HTTP/1.1" 404 1806
[2026-03-11 09:26:42,113] [basehttp.py:154] [basehttp:log_message] [INFO]- "GET /RetainedSample/RetainedSample_summary/?tab=summary HTTP/1.1" 200 23302
[2026-03-11 09:26:42,148] [basehttp.py:154] [basehttp:log_message] [INFO]- "GET /favicon.ico HTTP/1.1" 200 38027
[2026-03-11 09:26:42,155] [basehttp.py:154] [basehttp:log_message] [WARNING]- "GET /static/js/axios.min.map HTTP/1.1" 404 1773
[2026-03-11 09:26:43,520] [basehttp.py:154] [basehttp:log_message] [INFO]- "GET /RetainedSample/RetainedSample_summary/?tab=myBorrow HTTP/1.1" 200 4512
[2026-03-11 09:26:45,216] [basehttp.py:154] [basehttp:log_message] [INFO]- "GET /RetainedSample/RetainedSample_summary/?tab=myApproval HTTP/1.1" 200 56
[2026-03-11 09:26:46,780] [basehttp.py:154] [basehttp:log_message] [INFO]- "GET /RetainedSample/RetainedSample_summary/?tab=myBorrow HTTP/1.1" 200 4512
[2026-03-11 09:27:01,316] [UserIP.py:88] [UserIP:process_response] [INFO]- 2026-03-11 09:27:01: C1010S3/AnonymousUser/Cao.Edwin> None/EDWIN/bxbei > 127.0.0.1/127.0.0.1 > <WSGIRequest: POST '/RetainedSample/handle_return/'>
[2026-03-11 09:27:01,334] [basehttp.py:154] [basehttp:log_message] [INFO]- "POST /RetainedSample/handle_return/ HTTP/1.1" 200 80
[2026-03-11 09:27:01,475] [basehttp.py:154] [basehttp:log_message] [INFO]- "GET /RetainedSample/RetainedSample_summary/?tab=summary HTTP/1.1" 200 23302
[2026-03-11 09:27:01,500] [basehttp.py:154] [basehttp:log_message] [INFO]- "GET /RetainedSample/RetainedSample_summary/?tab=myBorrow HTTP/1.1" 200 4524
[2026-03-11 09:27:03,551] [UserIP.py:88] [UserIP:process_response] [INFO]- 2026-03-11 09:27:03: C1010S3/AnonymousUser/Cao.Edwin> None/EDWIN/bxbei > 127.0.0.1/127.0.0.1 > <WSGIRequest: POST '/RetainedSample/handle_return/'>
[2026-03-11 09:27:03,565] [basehttp.py:154] [basehttp:log_message] [INFO]- "POST /RetainedSample/handle_return/ HTTP/1.1" 200 80
[2026-03-11 09:27:03,671] [basehttp.py:154] [basehttp:log_message] [INFO]- "GET /RetainedSample/RetainedSample_summary/?tab=summary HTTP/1.1" 200 23302
[2026-03-11 09:27:03,680] [basehttp.py:154] [basehttp:log_message] [INFO]- "GET /RetainedSample/RetainedSample_summary/?tab=myBorrow HTTP/1.1" 200 4536
[2026-03-11 09:27:09,588] [UserIP.py:88] [UserIP:process_response] [INFO]- 2026-03-11 09:27:09: C1010S3/AnonymousUser/Cao.Edwin> None/EDWIN/bxbei > 127.0.0.1/127.0.0.1 > <WSGIRequest: POST '/RetainedSample/handle_batch_cancel/'>
[2026-03-11 09:27:09,629] [basehttp.py:154] [basehttp:log_message] [INFO]- "POST /RetainedSample/handle_batch_cancel/ HTTP/1.1" 200 68
[2026-03-11 09:27:09,787] [basehttp.py:154] [basehttp:log_message] [INFO]- "GET /RetainedSample/RetainedSample_summary/?tab=myBorrow HTTP/1.1" 200 4512
[2026-03-11 09:27:09,800] [basehttp.py:154] [basehttp:log_message] [INFO]- "GET /RetainedSample/RetainedSample_summary/?tab=summary HTTP/1.1" 200 23302
[2026-03-11 09:27:15,473] [basehttp.py:154] [basehttp:log_message] [INFO]- "GET /RetainedSample/RetainedSample_summary/?tab=myApproval HTTP/1.1" 200 56
[2026-03-11 09:27:16,224] [basehttp.py:154] [basehttp:log_message] [INFO]- "GET /RetainedSample/RetainedSample_summary/?tab=records HTTP/1.1" 200 5970
[2026-03-11 09:27:16,942] [basehttp.py:154] [basehttp:log_message] [INFO]- "GET /RetainedSample/RetainedSample_summary/?tab=scrapRecords HTTP/1.1" 200 362
[2026-03-11 09:27:18,539] [basehttp.py:154] [basehttp:log_message] [INFO]- "GET /RetainedSample/RetainedSample_summary/?tab=records HTTP/1.1" 200 5970
[2026-03-11 09:27:19,336] [basehttp.py:154] [basehttp:log_message] [INFO]- "GET /RetainedSample/RetainedSample_summary/?tab=myApproval HTTP/1.1" 200 56
[2026-03-11 09:27:21,862] [basehttp.py:154] [basehttp:log_message] [INFO]- "GET /RetainedSample/RetainedSample_summary/?tab=myBorrow HTTP/1.1" 200 4512
[2026-03-11 09:29:37,480] [basehttp.py:154] [basehttp:log_message] [INFO]- "GET /RetainedSample/RetainedSample_summary/ HTTP/1.1" 200 121457
[2026-03-11 09:29:37,648] [basehttp.py:154] [basehttp:log_message] [WARNING]- "GET /static/css/bootstrap.min.css.map HTTP/1.1" 404 1800
[2026-03-11 09:29:37,651] [basehttp.py:154] [basehttp:log_message] [INFO]- "GET /.well-known/appspecific/com.chrome.devtools.json HTTP/1.1" 200 38027
[2026-03-11 09:29:37,682] [basehttp.py:154] [basehttp:log_message] [WARNING]- "GET /static/js/lib/bootstrap.min.js.map HTTP/1.1" 404 1806
[2026-03-11 09:29:38,400] [basehttp.py:154] [basehttp:log_message] [WARNING]- "GET /static/js/axios.min.map HTTP/1.1" 404 1773
[2026-03-11 09:29:38,748] [basehttp.py:154] [basehttp:log_message] [INFO]- "GET /RetainedSample/RetainedSample_summary/?tab=summary HTTP/1.1" 200 23302
[2026-03-11 09:29:38,792] [basehttp.py:154] [basehttp:log_message] [INFO]- "GET /favicon.ico HTTP/1.1" 200 38027
[2026-03-11 09:29:40,896] [basehttp.py:154] [basehttp:log_message] [INFO]- "GET /RetainedSample/RetainedSample_summary/?tab=myBorrow HTTP/1.1" 200 4512
[2026-03-11 09:29:42,262] [basehttp.py:154] [basehttp:log_message] [INFO]- "GET /RetainedSample/RetainedSample_summary/?tab=myApproval HTTP/1.1" 200 56
[2026-03-11 09:32:01,049] [basehttp.py:154] [basehttp:log_message] [INFO]- "GET /RetainedSample/RetainedSample_summary/ HTTP/1.1" 200 121054
[2026-03-11 09:32:01,201] [basehttp.py:154] [basehttp:log_message] [INFO]- "GET /.well-known/appspecific/com.chrome.devtools.json HTTP/1.1" 200 38027
[2026-03-11 09:32:01,216] [basehttp.py:154] [basehttp:log_message] [WARNING]- "GET /static/css/bootstrap.min.css.map HTTP/1.1" 404 1800
[2026-03-11 09:32:01,271] [basehttp.py:154] [basehttp:log_message] [WARNING]- "GET /static/js/lib/bootstrap.min.js.map HTTP/1.1" 404 1806
[2026-03-11 09:32:02,016] [basehttp.py:154] [basehttp:log_message] [WARNING]- "GET /static/js/axios.min.map HTTP/1.1" 404 1773
[2026-03-11 09:32:02,371] [basehttp.py:154] [basehttp:log_message] [INFO]- "GET /RetainedSample/RetainedSample_summary/?tab=summary HTTP/1.1" 200 23302
[2026-03-11 09:32:02,466] [basehttp.py:154] [basehttp:log_message] [INFO]- "GET /favicon.ico HTTP/1.1" 200 38027
[2026-03-11 09:32:07,163] [basehttp.py:154] [basehttp:log_message] [INFO]- "GET /RetainedSample/RetainedSample_summary/?tab=myBorrow HTTP/1.1" 200 4512
[2026-03-11 09:32:10,689] [basehttp.py:154] [basehttp:log_message] [INFO]- "GET /RetainedSample/RetainedSample_summary/?tab=myApproval HTTP/1.1" 200 56
[2026-03-11 09:32:11,919] [basehttp.py:154] [basehttp:log_message] [INFO]- "GET /RetainedSample/RetainedSample_summary/?tab=records HTTP/1.1" 200 5970
[2026-03-11 09:32:13,054] [basehttp.py:154] [basehttp:log_message] [INFO]- "GET /RetainedSample/RetainedSample_summary/?tab=scrapRecords HTTP/1.1" 200 362
[2026-03-11 09:32:13,895] [basehttp.py:154] [basehttp:log_message] [INFO]- "GET /RetainedSample/RetainedSample_summary/?tab=myApproval HTTP/1.1" 200 56
[2026-03-11 09:37:34,488] [basehttp.py:154] [basehttp:log_message] [INFO]- "GET /RetainedSample/RetainedSample_summary/ HTTP/1.1" 200 120290
[2026-03-11 09:37:34,637] [basehttp.py:154] [basehttp:log_message] [INFO]- "GET /.well-known/appspecific/com.chrome.devtools.json HTTP/1.1" 200 38027
[2026-03-11 09:37:34,643] [basehttp.py:154] [basehttp:log_message] [WARNING]- "GET /static/css/bootstrap.min.css.map HTTP/1.1" 404 1800
[2026-03-11 09:37:34,669] [basehttp.py:154] [basehttp:log_message] [WARNING]- "GET /static/js/lib/bootstrap.min.js.map HTTP/1.1" 404 1806
[2026-03-11 09:37:34,867] [basehttp.py:154] [basehttp:log_message] [WARNING]- "GET /static/js/axios.min.map HTTP/1.1" 404 1773
[2026-03-11 09:37:35,465] [basehttp.py:154] [basehttp:log_message] [INFO]- "GET /favicon.ico HTTP/1.1" 200 38027
[2026-03-11 09:37:35,475] [basehttp.py:154] [basehttp:log_message] [INFO]- "GET /RetainedSample/RetainedSample_summary/?tab=summary HTTP/1.1" 200 23302
[2026-03-11 09:37:37,360] [basehttp.py:154] [basehttp:log_message] [INFO]- "GET /RetainedSample/RetainedSample_summary/?tab=myBorrow HTTP/1.1" 200 4512
[2026-03-11 09:37:39,262] [basehttp.py:154] [basehttp:log_message] [INFO]- "GET /RetainedSample/RetainedSample_summary/?tab=myApproval HTTP/1.1" 200 56
[2026-03-11 09:37:40,533] [basehttp.py:154] [basehttp:log_message] [INFO]- "GET /RetainedSample/RetainedSample_summary/?tab=myBorrow HTTP/1.1" 200 4512
[2026-03-11 09:37:45,343] [basehttp.py:154] [basehttp:log_message] [INFO]- "GET /RetainedSample/RetainedSample_summary/?tab=myApproval HTTP/1.1" 200 56
[2026-03-11 09:37:47,619] [basehttp.py:154] [basehttp:log_message] [INFO]- "GET /RetainedSample/RetainedSample_summary/?tab=records HTTP/1.1" 200 5970
[2026-03-11 09:38:04,891] [basehttp.py:154] [basehttp:log_message] [INFO]- "GET /RetainedSample/RetainedSample_summary/?tab=scrapRecords HTTP/1.1" 200 362
[2026-03-11 09:38:05,909] [basehttp.py:154] [basehttp:log_message] [INFO]- "GET /RetainedSample/RetainedSample_summary/?tab=records HTTP/1.1" 200 5970
[2026-03-11 09:38:07,105] [basehttp.py:154] [basehttp:log_message] [INFO]- "GET /RetainedSample/RetainedSample_summary/?tab=myApproval HTTP/1.1" 200 56
[2026-03-11 09:38:08,733] [basehttp.py:154] [basehttp:log_message] [INFO]- "GET /RetainedSample/RetainedSample_summary/?tab=myBorrow HTTP/1.1" 200 4512
[2026-03-11 09:40:13,349] [basehttp.py:154] [basehttp:log_message] [INFO]- "GET /RetainedSample/RetainedSample_summary/ HTTP/1.1" 200 120983
[2026-03-11 09:40:13,490] [basehttp.py:154] [basehttp:log_message] [INFO]- "GET /.well-known/appspecific/com.chrome.devtools.json HTTP/1.1" 200 38027
[2026-03-11 09:40:13,553] [basehttp.py:154] [basehttp:log_message] [WARNING]- "GET /static/css/bootstrap.min.css.map HTTP/1.1" 404 1800
[2026-03-11 09:40:13,610] [basehttp.py:154] [basehttp:log_message] [WARNING]- "GET /static/js/lib/bootstrap.min.js.map HTTP/1.1" 404 1806
[2026-03-11 09:40:14,453] [basehttp.py:154] [basehttp:log_message] [WARNING]- "GET /static/js/axios.min.map HTTP/1.1" 404 1773
[2026-03-11 09:40:14,756] [basehttp.py:154] [basehttp:log_message] [INFO]- "GET /RetainedSample/RetainedSample_summary/?tab=summary HTTP/1.1" 200 23302
[2026-03-11 09:40:14,910] [basehttp.py:154] [basehttp:log_message] [INFO]- "GET /favicon.ico HTTP/1.1" 200 38027
[2026-03-11 09:40:16,497] [basehttp.py:154] [basehttp:log_message] [INFO]- "GET /RetainedSample/RetainedSample_summary/?tab=myBorrow HTTP/1.1" 200 4512
[2026-03-11 09:40:19,005] [basehttp.py:154] [basehttp:log_message] [INFO]- "GET /RetainedSample/RetainedSample_summary/?tab=myApproval HTTP/1.1" 200 56
[2026-03-11 09:40:21,955] [basehttp.py:154] [basehttp:log_message] [INFO]- "GET /RetainedSample/RetainedSample_summary/?tab=myBorrow HTTP/1.1" 200 4512
