[2024-11-04 14:17:31,816] [basehttp.py:154] [basehttp:log_message] [INFO]- "GET /index/ HTTP/1.1" 302 0
[2024-11-04 14:17:31,845] [basehttp.py:154] [basehttp:log_message] [INFO]- "GET /login/ HTTP/1.1" 200 4823
[2024-11-04 14:17:31,933] [basehttp.py:154] [basehttp:log_message] [INFO]- "GET /favicon.ico HTTP/1.1" 302 0
[2024-11-04 14:17:31,940] [basehttp.py:154] [basehttp:log_message] [INFO]- "GET /login/ HTTP/1.1" 200 4823
[2024-11-04 14:17:33,182] [UserIP.py:89] [UserIP:process_response] [CRITICAL]- 系统错误Expecting value: line 1 column 1 (char 0)
[2024-11-04 14:17:33,219] [basehttp.py:154] [basehttp:log_message] [INFO]- "POST /login/ HTTP/1.1" 302 0
[2024-11-04 14:17:33,260] [basehttp.py:154] [basehttp:log_message] [INFO]- "GET /login/ HTTP/1.1" 302 0
[2024-11-04 14:17:33,369] [basehttp.py:154] [basehttp:log_message] [INFO]- "GET /index/ HTTP/1.1" 200 44217
[2024-11-04 14:17:34,003] [basehttp.py:154] [basehttp:log_message] [INFO]- "GET /favicon.ico HTTP/1.1" 200 35140
[2024-11-04 14:17:34,007] [UserIP.py:87] [UserIP:process_response] [INFO]- 2024-11-04 14:17:34 C1010S3>Cao.Edwin None>EDWIN>bxbei 127.0.0.1 127.0.0.1 /index/ POST
[2024-11-04 14:17:34,019] [basehttp.py:154] [basehttp:log_message] [INFO]- "POST /index/ HTTP/1.1" 200 1621
[2024-11-04 14:17:34,067] [log.py:228] [log:log_response] [WARNING]- Not Found: /media/img/UserInfo/Jully_Li.jpg
[2024-11-04 14:17:34,067] [basehttp.py:154] [basehttp:log_message] [WARNING]- "GET /media/img/UserInfo/Jully_Li.jpg HTTP/1.1" 404 1803
[2024-11-04 14:17:38,028] [basehttp.py:154] [basehttp:log_message] [INFO]- "GET /admin/ HTTP/1.1" 302 0
[2024-11-04 14:17:38,078] [basehttp.py:154] [basehttp:log_message] [INFO]- "GET /admin/login/?next=/admin/ HTTP/1.1" 200 4026
[2024-11-04 14:17:38,291] [basehttp.py:154] [basehttp:log_message] [INFO]- "GET /favicon.ico HTTP/1.1" 200 35140
[2024-11-04 14:17:39,935] [UserIP.py:89] [UserIP:process_response] [CRITICAL]- 系统错误Expecting value: line 1 column 1 (char 0)
[2024-11-04 14:17:39,945] [basehttp.py:154] [basehttp:log_message] [INFO]- "POST /admin/login/?next=/admin/ HTTP/1.1" 200 4269
[2024-11-04 14:17:40,041] [basehttp.py:154] [basehttp:log_message] [INFO]- "GET /favicon.ico HTTP/1.1" 200 35140
[2024-11-04 14:17:43,295] [UserIP.py:89] [UserIP:process_response] [CRITICAL]- 系统错误Expecting value: line 1 column 1 (char 0)
[2024-11-04 14:17:43,318] [basehttp.py:154] [basehttp:log_message] [INFO]- "POST /admin/login/?next=/admin/ HTTP/1.1" 302 0
[2024-11-04 14:17:43,923] [basehttp.py:154] [basehttp:log_message] [INFO]- "GET /admin/ HTTP/1.1" 200 52586
[2024-11-04 14:17:43,949] [basehttp.py:154] [basehttp:log_message] [INFO]- "GET /static/admin/simpleui-x/js/index.js?_=2022.4.9 HTTP/1.1" 304 0
[2024-11-04 14:17:44,142] [basehttp.py:154] [basehttp:log_message] [INFO]- "GET /favicon.ico HTTP/1.1" 200 35140
[2024-11-04 14:18:09,038] [basehttp.py:154] [basehttp:log_message] [INFO]- "GET /favicon.ico HTTP/1.1" 200 35140
[2024-11-04 14:18:09,316] [basehttp.py:154] [basehttp:log_message] [INFO]- "GET /admin/app01/menu/ HTTP/1.1" 200 63760
[2024-11-04 14:18:09,334] [basehttp.py:154] [basehttp:log_message] [INFO]- "GET /static/admin/simpleui-x/css/base.css?_=2.7 HTTP/1.1" 304 0
[2024-11-04 14:18:09,370] [basehttp.py:154] [basehttp:log_message] [INFO]- "GET /admin/jsi18n/ HTTP/1.1" 200 7684
[2024-11-04 14:19:09,132] [basehttp.py:154] [basehttp:log_message] [INFO]- "GET /admin/app01/menu/39/change/ HTTP/1.1" 200 23418
[2024-11-04 14:19:09,173] [basehttp.py:154] [basehttp:log_message] [INFO]- "GET /admin/jsi18n/ HTTP/1.1" 200 7684
[2024-11-04 14:19:22,541] [basehttp.py:154] [basehttp:log_message] [INFO]- "GET /admin/app01/menu/ HTTP/1.1" 200 63760
[2024-11-04 14:19:22,576] [basehttp.py:154] [basehttp:log_message] [INFO]- "GET /admin/jsi18n/ HTTP/1.1" 200 7684
[2024-11-04 14:19:28,280] [basehttp.py:154] [basehttp:log_message] [INFO]- "GET /admin/app01/menu/42/change/ HTTP/1.1" 200 23415
[2024-11-04 14:19:28,320] [basehttp.py:154] [basehttp:log_message] [INFO]- "GET /admin/jsi18n/ HTTP/1.1" 200 7684
[2024-11-04 14:19:51,801] [basehttp.py:154] [basehttp:log_message] [INFO]- "GET /admin/app01/menu/ HTTP/1.1" 200 63760
[2024-11-04 14:19:51,845] [basehttp.py:154] [basehttp:log_message] [INFO]- "GET /admin/jsi18n/ HTTP/1.1" 200 7684
[2024-11-04 14:19:53,716] [basehttp.py:154] [basehttp:log_message] [INFO]- "GET /admin/app01/menu/41/change/ HTTP/1.1" 200 23418
[2024-11-04 14:19:53,749] [basehttp.py:154] [basehttp:log_message] [INFO]- "GET /admin/jsi18n/ HTTP/1.1" 200 7684
[2024-11-04 14:19:55,535] [basehttp.py:154] [basehttp:log_message] [INFO]- "GET /admin/app01/menu/ HTTP/1.1" 200 63760
[2024-11-04 14:19:58,667] [basehttp.py:154] [basehttp:log_message] [INFO]- "GET /admin/app01/menu/41/change/ HTTP/1.1" 200 23418
[2024-11-04 14:19:58,718] [basehttp.py:154] [basehttp:log_message] [INFO]- "GET /admin/jsi18n/ HTTP/1.1" 200 7684
[2024-11-04 14:20:21,020] [basehttp.py:154] [basehttp:log_message] [INFO]- "GET /admin/app01/menu/ HTTP/1.1" 200 63760
[2024-11-04 14:20:21,056] [basehttp.py:154] [basehttp:log_message] [INFO]- "GET /admin/jsi18n/ HTTP/1.1" 200 7684
[2024-11-04 14:20:26,200] [basehttp.py:154] [basehttp:log_message] [INFO]- "GET /admin/app01/menu/40/change/ HTTP/1.1" 200 23415
[2024-11-04 14:20:26,300] [basehttp.py:154] [basehttp:log_message] [INFO]- "GET /admin/jsi18n/ HTTP/1.1" 200 7684
[2024-11-04 14:20:39,011] [basehttp.py:154] [basehttp:log_message] [INFO]- "GET /admin/app01/menu/ HTTP/1.1" 200 63760
[2024-11-04 14:20:39,084] [basehttp.py:154] [basehttp:log_message] [INFO]- "GET /admin/jsi18n/ HTTP/1.1" 200 7684
[2024-11-04 14:21:05,305] [basehttp.py:154] [basehttp:log_message] [INFO]- "GET /admin/app01/menu/47/change/ HTTP/1.1" 200 23420
[2024-11-04 14:21:05,335] [basehttp.py:154] [basehttp:log_message] [INFO]- "GET /admin/jsi18n/ HTTP/1.1" 200 7684
[2024-11-04 14:21:20,107] [basehttp.py:154] [basehttp:log_message] [INFO]- "GET /admin/app01/menu/ HTTP/1.1" 200 63760
[2024-11-04 14:21:20,157] [basehttp.py:154] [basehttp:log_message] [INFO]- "GET /admin/jsi18n/ HTTP/1.1" 200 7684
[2024-11-04 14:21:21,931] [basehttp.py:154] [basehttp:log_message] [INFO]- "GET /admin/app01/menu/48/change/ HTTP/1.1" 200 23416
[2024-11-04 14:21:21,966] [basehttp.py:154] [basehttp:log_message] [INFO]- "GET /admin/jsi18n/ HTTP/1.1" 200 7684
[2024-11-04 14:21:38,591] [basehttp.py:154] [basehttp:log_message] [INFO]- "GET /admin/app01/menu/ HTTP/1.1" 200 63760
[2024-11-04 14:21:38,632] [basehttp.py:154] [basehttp:log_message] [INFO]- "GET /admin/jsi18n/ HTTP/1.1" 200 7684
[2024-11-04 14:21:40,848] [basehttp.py:154] [basehttp:log_message] [INFO]- "GET /admin/app01/menu/49/change/ HTTP/1.1" 200 23419
[2024-11-04 14:21:40,885] [basehttp.py:154] [basehttp:log_message] [INFO]- "GET /admin/jsi18n/ HTTP/1.1" 200 7684
[2024-11-04 14:21:53,574] [basehttp.py:154] [basehttp:log_message] [INFO]- "GET /admin/app01/menu/ HTTP/1.1" 200 63760
[2024-11-04 14:21:53,771] [basehttp.py:154] [basehttp:log_message] [INFO]- "GET /admin/jsi18n/ HTTP/1.1" 200 7684
[2024-11-04 14:21:55,059] [basehttp.py:154] [basehttp:log_message] [INFO]- "GET /admin/app01/menu/50/change/ HTTP/1.1" 200 23416
[2024-11-04 14:21:55,096] [basehttp.py:154] [basehttp:log_message] [INFO]- "GET /admin/jsi18n/ HTTP/1.1" 200 7684
[2024-11-04 14:22:26,363] [basehttp.py:154] [basehttp:log_message] [INFO]- "GET /admin/app01/menu/ HTTP/1.1" 200 63760
[2024-11-04 14:22:26,394] [basehttp.py:154] [basehttp:log_message] [INFO]- "GET /admin/jsi18n/ HTTP/1.1" 200 7684
[2024-11-04 14:22:33,223] [basehttp.py:154] [basehttp:log_message] [INFO]- "GET /admin/app01/menu/51/change/ HTTP/1.1" 200 23420
[2024-11-04 14:22:33,260] [basehttp.py:154] [basehttp:log_message] [INFO]- "GET /admin/jsi18n/ HTTP/1.1" 200 7684
[2024-11-04 14:22:44,730] [basehttp.py:154] [basehttp:log_message] [INFO]- "GET /admin/app01/menu/ HTTP/1.1" 200 63760
[2024-11-04 14:22:44,767] [basehttp.py:154] [basehttp:log_message] [INFO]- "GET /admin/jsi18n/ HTTP/1.1" 200 7684
[2024-11-04 14:22:47,052] [basehttp.py:154] [basehttp:log_message] [INFO]- "GET /admin/app01/menu/52/change/ HTTP/1.1" 200 23416
[2024-11-04 14:22:47,086] [basehttp.py:154] [basehttp:log_message] [INFO]- "GET /admin/jsi18n/ HTTP/1.1" 200 7684
[2024-11-04 14:23:04,107] [basehttp.py:154] [basehttp:log_message] [INFO]- "GET /admin/app01/menu/ HTTP/1.1" 200 63760
[2024-11-04 14:23:04,136] [basehttp.py:154] [basehttp:log_message] [INFO]- "GET /admin/jsi18n/ HTTP/1.1" 200 7684
[2024-11-04 14:23:07,987] [basehttp.py:154] [basehttp:log_message] [INFO]- "GET /admin/app01/menu/53/change/ HTTP/1.1" 200 23419
[2024-11-04 14:23:08,018] [basehttp.py:154] [basehttp:log_message] [INFO]- "GET /admin/jsi18n/ HTTP/1.1" 200 7684
[2024-11-04 14:23:24,408] [basehttp.py:154] [basehttp:log_message] [INFO]- "GET /admin/app01/menu/ HTTP/1.1" 200 63760
[2024-11-04 14:23:24,439] [basehttp.py:154] [basehttp:log_message] [INFO]- "GET /admin/jsi18n/ HTTP/1.1" 200 7684
[2024-11-04 14:23:26,205] [basehttp.py:154] [basehttp:log_message] [INFO]- "GET /admin/app01/menu/54/change/ HTTP/1.1" 200 23416
[2024-11-04 14:23:26,238] [basehttp.py:154] [basehttp:log_message] [INFO]- "GET /admin/jsi18n/ HTTP/1.1" 200 7684
[2024-11-04 14:23:41,250] [basehttp.py:154] [basehttp:log_message] [INFO]- "GET /admin/app01/menu/ HTTP/1.1" 200 63760
[2024-11-04 14:23:41,281] [basehttp.py:154] [basehttp:log_message] [INFO]- "GET /admin/jsi18n/ HTTP/1.1" 200 7684
[2024-11-04 14:23:56,428] [basehttp.py:154] [basehttp:log_message] [INFO]- "GET /admin/app01/menu/55/change/ HTTP/1.1" 200 23420
[2024-11-04 14:23:56,461] [basehttp.py:154] [basehttp:log_message] [INFO]- "GET /admin/jsi18n/ HTTP/1.1" 200 7684
[2024-11-04 14:24:11,845] [basehttp.py:154] [basehttp:log_message] [INFO]- "GET /admin/app01/menu/ HTTP/1.1" 200 63760
[2024-11-04 14:24:11,882] [basehttp.py:154] [basehttp:log_message] [INFO]- "GET /admin/jsi18n/ HTTP/1.1" 200 7684
[2024-11-04 14:24:13,096] [basehttp.py:154] [basehttp:log_message] [INFO]- "GET /admin/app01/menu/56/change/ HTTP/1.1" 200 23416
[2024-11-04 14:24:13,135] [basehttp.py:154] [basehttp:log_message] [INFO]- "GET /admin/jsi18n/ HTTP/1.1" 200 7684
[2024-11-04 14:24:34,728] [basehttp.py:154] [basehttp:log_message] [INFO]- "GET /admin/app01/menu/ HTTP/1.1" 200 63760
[2024-11-04 14:24:34,755] [basehttp.py:154] [basehttp:log_message] [INFO]- "GET /admin/jsi18n/ HTTP/1.1" 200 7684
[2024-11-04 14:24:36,312] [basehttp.py:154] [basehttp:log_message] [INFO]- "GET /admin/app01/menu/57/change/ HTTP/1.1" 200 23419
[2024-11-04 14:24:36,350] [basehttp.py:154] [basehttp:log_message] [INFO]- "GET /admin/jsi18n/ HTTP/1.1" 200 7684
[2024-11-04 14:24:50,426] [basehttp.py:154] [basehttp:log_message] [INFO]- "GET /admin/app01/menu/ HTTP/1.1" 200 63760
[2024-11-04 14:24:50,453] [basehttp.py:154] [basehttp:log_message] [INFO]- "GET /admin/jsi18n/ HTTP/1.1" 200 7684
[2024-11-04 14:24:51,815] [basehttp.py:154] [basehttp:log_message] [INFO]- "GET /admin/app01/menu/58/change/ HTTP/1.1" 200 23416
[2024-11-04 14:24:51,868] [basehttp.py:154] [basehttp:log_message] [INFO]- "GET /admin/jsi18n/ HTTP/1.1" 200 7684
[2024-11-04 14:25:10,192] [basehttp.py:154] [basehttp:log_message] [INFO]- "GET /admin/app01/menu/ HTTP/1.1" 200 63760
[2024-11-04 14:25:10,229] [basehttp.py:154] [basehttp:log_message] [INFO]- "GET /admin/jsi18n/ HTTP/1.1" 200 7684
[2024-11-04 14:25:20,615] [basehttp.py:154] [basehttp:log_message] [INFO]- "GET /admin/app01/menu/63/change/ HTTP/1.1" 200 23420
[2024-11-04 14:25:20,667] [basehttp.py:154] [basehttp:log_message] [INFO]- "GET /admin/jsi18n/ HTTP/1.1" 200 7684
[2024-11-04 14:25:29,999] [basehttp.py:154] [basehttp:log_message] [INFO]- "GET /admin/app01/menu/ HTTP/1.1" 200 63760
[2024-11-04 14:25:30,025] [basehttp.py:154] [basehttp:log_message] [INFO]- "GET /admin/jsi18n/ HTTP/1.1" 200 7684
[2024-11-04 14:25:31,566] [basehttp.py:154] [basehttp:log_message] [INFO]- "GET /admin/app01/menu/64/change/ HTTP/1.1" 200 23416
[2024-11-04 14:25:31,604] [basehttp.py:154] [basehttp:log_message] [INFO]- "GET /admin/jsi18n/ HTTP/1.1" 200 7684
[2024-11-04 14:25:46,488] [basehttp.py:154] [basehttp:log_message] [INFO]- "GET /admin/app01/menu/ HTTP/1.1" 200 63760
[2024-11-04 14:25:46,524] [basehttp.py:154] [basehttp:log_message] [INFO]- "GET /admin/jsi18n/ HTTP/1.1" 200 7684
[2024-11-04 14:25:52,118] [basehttp.py:154] [basehttp:log_message] [INFO]- "GET /admin/app01/menu/65/change/ HTTP/1.1" 200 23419
[2024-11-04 14:25:52,160] [basehttp.py:154] [basehttp:log_message] [INFO]- "GET /admin/jsi18n/ HTTP/1.1" 200 7684
[2024-11-04 14:26:12,108] [basehttp.py:154] [basehttp:log_message] [INFO]- "GET /admin/app01/menu/ HTTP/1.1" 200 63760
[2024-11-04 14:26:12,142] [basehttp.py:154] [basehttp:log_message] [INFO]- "GET /admin/jsi18n/ HTTP/1.1" 200 7684
[2024-11-04 14:26:13,817] [basehttp.py:154] [basehttp:log_message] [INFO]- "GET /admin/app01/menu/66/change/ HTTP/1.1" 200 23416
[2024-11-04 14:26:13,853] [basehttp.py:154] [basehttp:log_message] [INFO]- "GET /admin/jsi18n/ HTTP/1.1" 200 7684
[2024-11-04 14:26:46,216] [basehttp.py:154] [basehttp:log_message] [INFO]- "GET /admin/app01/menu/ HTTP/1.1" 200 63760
[2024-11-04 14:26:46,266] [basehttp.py:154] [basehttp:log_message] [INFO]- "GET /admin/jsi18n/ HTTP/1.1" 200 7684
[2024-11-04 14:27:02,060] [basehttp.py:154] [basehttp:log_message] [INFO]- "GET /favicon.ico HTTP/1.1" 200 35140
[2024-11-04 14:27:02,491] [basehttp.py:154] [basehttp:log_message] [INFO]- "GET /admin/app01/permission/ HTTP/1.1" 200 154662
[2024-11-04 14:27:02,524] [basehttp.py:154] [basehttp:log_message] [INFO]- "GET /admin/jsi18n/ HTTP/1.1" 200 7684
[2024-11-04 14:27:44,001] [basehttp.py:154] [basehttp:log_message] [INFO]- "GET /admin/app01/permission/87/change/ HTTP/1.1" 200 23980
[2024-11-04 14:27:44,047] [basehttp.py:154] [basehttp:log_message] [INFO]- "GET /admin/jsi18n/ HTTP/1.1" 200 7684
[2024-11-04 14:28:23,072] [basehttp.py:154] [basehttp:log_message] [INFO]- "GET /admin/app01/permission/ HTTP/1.1" 200 154662
[2024-11-04 14:28:23,106] [basehttp.py:154] [basehttp:log_message] [INFO]- "GET /admin/jsi18n/ HTTP/1.1" 200 7684
[2024-11-04 14:28:24,886] [basehttp.py:154] [basehttp:log_message] [INFO]- "GET /admin/app01/permission/86/change/ HTTP/1.1" 200 23978
[2024-11-04 14:28:24,923] [basehttp.py:154] [basehttp:log_message] [INFO]- "GET /admin/jsi18n/ HTTP/1.1" 200 7684
[2024-11-04 14:28:50,026] [basehttp.py:154] [basehttp:log_message] [INFO]- "GET /admin/app01/permission/ HTTP/1.1" 200 154662
[2024-11-04 14:28:50,059] [basehttp.py:154] [basehttp:log_message] [INFO]- "GET /admin/jsi18n/ HTTP/1.1" 200 7684
[2024-11-04 14:28:52,392] [basehttp.py:154] [basehttp:log_message] [INFO]- "GET /admin/app01/permission/85/change/ HTTP/1.1" 200 23981
[2024-11-04 14:28:52,427] [basehttp.py:154] [basehttp:log_message] [INFO]- "GET /admin/jsi18n/ HTTP/1.1" 200 7684
[2024-11-04 14:29:18,193] [basehttp.py:154] [basehttp:log_message] [INFO]- "GET /admin/app01/permission/ HTTP/1.1" 200 154662
[2024-11-04 14:29:18,229] [basehttp.py:154] [basehttp:log_message] [INFO]- "GET /admin/jsi18n/ HTTP/1.1" 200 7684
[2024-11-04 14:29:21,369] [basehttp.py:154] [basehttp:log_message] [INFO]- "GET /admin/app01/permission/84/change/ HTTP/1.1" 200 23982
[2024-11-04 14:29:21,399] [basehttp.py:154] [basehttp:log_message] [INFO]- "GET /admin/jsi18n/ HTTP/1.1" 200 7684
[2024-11-04 14:29:48,031] [basehttp.py:154] [basehttp:log_message] [INFO]- "GET /admin/app01/permission/ HTTP/1.1" 200 154662
[2024-11-04 14:29:48,084] [basehttp.py:154] [basehttp:log_message] [INFO]- "GET /admin/jsi18n/ HTTP/1.1" 200 7684
[2024-11-04 14:29:52,333] [basehttp.py:154] [basehttp:log_message] [INFO]- "GET /admin/app01/permission/83/change/ HTTP/1.1" 200 23980
[2024-11-04 14:29:52,443] [basehttp.py:154] [basehttp:log_message] [INFO]- "GET /admin/jsi18n/ HTTP/1.1" 200 7684
[2024-11-04 14:30:15,767] [basehttp.py:154] [basehttp:log_message] [INFO]- "GET /admin/app01/permission/ HTTP/1.1" 200 154662
[2024-11-04 14:30:15,799] [basehttp.py:154] [basehttp:log_message] [INFO]- "GET /admin/jsi18n/ HTTP/1.1" 200 7684
[2024-11-04 14:30:23,053] [basehttp.py:154] [basehttp:log_message] [INFO]- "GET /admin/app01/permission/82/change/ HTTP/1.1" 200 23978
[2024-11-04 14:30:23,087] [basehttp.py:154] [basehttp:log_message] [INFO]- "GET /admin/jsi18n/ HTTP/1.1" 200 7684
[2024-11-04 14:31:00,061] [basehttp.py:154] [basehttp:log_message] [INFO]- "GET /admin/app01/permission/ HTTP/1.1" 200 154662
[2024-11-04 14:31:00,102] [basehttp.py:154] [basehttp:log_message] [INFO]- "GET /admin/jsi18n/ HTTP/1.1" 200 7684
[2024-11-04 14:31:03,269] [basehttp.py:154] [basehttp:log_message] [INFO]- "GET /admin/app01/permission/81/change/ HTTP/1.1" 200 23978
[2024-11-04 14:31:03,302] [basehttp.py:154] [basehttp:log_message] [INFO]- "GET /admin/jsi18n/ HTTP/1.1" 200 7684
[2024-11-04 14:31:20,211] [basehttp.py:154] [basehttp:log_message] [INFO]- "GET /admin/app01/permission/ HTTP/1.1" 200 154662
[2024-11-04 14:31:20,256] [basehttp.py:154] [basehttp:log_message] [INFO]- "GET /admin/jsi18n/ HTTP/1.1" 200 7684
[2024-11-04 14:31:26,336] [basehttp.py:154] [basehttp:log_message] [INFO]- "GET /admin/app01/permission/81/change/ HTTP/1.1" 200 23978
[2024-11-04 14:31:26,381] [basehttp.py:154] [basehttp:log_message] [INFO]- "GET /admin/jsi18n/ HTTP/1.1" 200 7684
[2024-11-04 14:31:44,389] [basehttp.py:154] [basehttp:log_message] [INFO]- "GET /admin/app01/permission/ HTTP/1.1" 200 154662
[2024-11-04 14:31:44,417] [basehttp.py:154] [basehttp:log_message] [INFO]- "GET /admin/jsi18n/ HTTP/1.1" 200 7684
[2024-11-04 14:31:48,558] [basehttp.py:154] [basehttp:log_message] [INFO]- "GET /admin/app01/permission/80/change/ HTTP/1.1" 200 23982
[2024-11-04 14:31:48,589] [basehttp.py:154] [basehttp:log_message] [INFO]- "GET /admin/jsi18n/ HTTP/1.1" 200 7684
[2024-11-04 14:32:01,260] [basehttp.py:154] [basehttp:log_message] [INFO]- "GET /admin/app01/permission/ HTTP/1.1" 200 154662
[2024-11-04 14:32:01,290] [basehttp.py:154] [basehttp:log_message] [INFO]- "GET /admin/jsi18n/ HTTP/1.1" 200 7684
[2024-11-04 14:32:06,226] [basehttp.py:154] [basehttp:log_message] [INFO]- "GET /admin/app01/permission/79/change/ HTTP/1.1" 200 23980
[2024-11-04 14:32:06,395] [basehttp.py:154] [basehttp:log_message] [INFO]- "GET /admin/jsi18n/ HTTP/1.1" 200 7684
[2024-11-04 14:32:33,226] [basehttp.py:154] [basehttp:log_message] [INFO]- "GET /admin/app01/permission/ HTTP/1.1" 200 154662
[2024-11-04 14:32:33,266] [basehttp.py:154] [basehttp:log_message] [INFO]- "GET /admin/jsi18n/ HTTP/1.1" 200 7684
[2024-11-04 14:32:35,934] [basehttp.py:154] [basehttp:log_message] [INFO]- "GET /admin/app01/permission/78/change/ HTTP/1.1" 200 23988
[2024-11-04 14:32:35,980] [basehttp.py:154] [basehttp:log_message] [INFO]- "GET /admin/jsi18n/ HTTP/1.1" 200 7684
[2024-11-04 14:33:10,327] [basehttp.py:154] [basehttp:log_message] [INFO]- "GET /admin/app01/permission/ HTTP/1.1" 200 154662
[2024-11-04 14:33:10,358] [basehttp.py:154] [basehttp:log_message] [INFO]- "GET /admin/jsi18n/ HTTP/1.1" 200 7684
[2024-11-04 14:33:23,510] [basehttp.py:154] [basehttp:log_message] [INFO]- "GET /admin/app01/permission/107/change/ HTTP/1.1" 200 23984
[2024-11-04 14:33:23,542] [basehttp.py:154] [basehttp:log_message] [INFO]- "GET /admin/jsi18n/ HTTP/1.1" 200 7684
[2024-11-04 14:33:52,620] [basehttp.py:154] [basehttp:log_message] [INFO]- "GET /admin/app01/permission/ HTTP/1.1" 200 154662
[2024-11-04 14:33:52,659] [basehttp.py:154] [basehttp:log_message] [INFO]- "GET /admin/jsi18n/ HTTP/1.1" 200 7684
[2024-11-04 14:33:54,215] [basehttp.py:154] [basehttp:log_message] [INFO]- "GET /admin/app01/permission/106/change/ HTTP/1.1" 200 23982
[2024-11-04 14:33:54,249] [basehttp.py:154] [basehttp:log_message] [INFO]- "GET /admin/jsi18n/ HTTP/1.1" 200 7684
[2024-11-04 14:34:39,165] [basehttp.py:154] [basehttp:log_message] [INFO]- "GET /admin/app01/permission/ HTTP/1.1" 200 154662
[2024-11-04 14:34:39,196] [basehttp.py:154] [basehttp:log_message] [INFO]- "GET /admin/jsi18n/ HTTP/1.1" 200 7684
[2024-11-04 14:34:41,419] [basehttp.py:154] [basehttp:log_message] [INFO]- "GET /admin/app01/permission/105/change/ HTTP/1.1" 200 23985
[2024-11-04 14:34:41,466] [basehttp.py:154] [basehttp:log_message] [INFO]- "GET /admin/jsi18n/ HTTP/1.1" 200 7684
[2024-11-04 14:34:58,227] [basehttp.py:154] [basehttp:log_message] [INFO]- "GET /admin/app01/permission/ HTTP/1.1" 200 154662
[2024-11-04 14:34:58,259] [basehttp.py:154] [basehttp:log_message] [INFO]- "GET /admin/jsi18n/ HTTP/1.1" 200 7684
[2024-11-04 14:35:00,471] [basehttp.py:154] [basehttp:log_message] [INFO]- "GET /admin/app01/permission/104/change/ HTTP/1.1" 200 23986
[2024-11-04 14:35:00,508] [basehttp.py:154] [basehttp:log_message] [INFO]- "GET /admin/jsi18n/ HTTP/1.1" 200 7684
[2024-11-04 14:35:23,302] [basehttp.py:154] [basehttp:log_message] [INFO]- "GET /admin/app01/permission/ HTTP/1.1" 200 154662
[2024-11-04 14:35:23,335] [basehttp.py:154] [basehttp:log_message] [INFO]- "GET /admin/jsi18n/ HTTP/1.1" 200 7684
[2024-11-04 14:35:25,782] [basehttp.py:154] [basehttp:log_message] [INFO]- "GET /admin/app01/permission/103/change/ HTTP/1.1" 200 23984
[2024-11-04 14:35:25,814] [basehttp.py:154] [basehttp:log_message] [INFO]- "GET /admin/jsi18n/ HTTP/1.1" 200 7684
[2024-11-04 14:35:43,827] [basehttp.py:154] [basehttp:log_message] [INFO]- "GET /admin/app01/permission/ HTTP/1.1" 200 154662
[2024-11-04 14:35:43,863] [basehttp.py:154] [basehttp:log_message] [INFO]- "GET /admin/jsi18n/ HTTP/1.1" 200 7684
[2024-11-04 14:35:46,964] [basehttp.py:154] [basehttp:log_message] [INFO]- "GET /admin/app01/permission/102/change/ HTTP/1.1" 200 23982
[2024-11-04 14:35:46,997] [basehttp.py:154] [basehttp:log_message] [INFO]- "GET /admin/jsi18n/ HTTP/1.1" 200 7684
[2024-11-04 14:36:05,061] [basehttp.py:154] [basehttp:log_message] [INFO]- "GET /admin/app01/permission/ HTTP/1.1" 200 154662
[2024-11-04 14:36:05,092] [basehttp.py:154] [basehttp:log_message] [INFO]- "GET /admin/jsi18n/ HTTP/1.1" 200 7684
[2024-11-04 14:36:07,612] [basehttp.py:154] [basehttp:log_message] [INFO]- "GET /admin/app01/permission/101/change/ HTTP/1.1" 200 23982
[2024-11-04 14:36:07,656] [basehttp.py:154] [basehttp:log_message] [INFO]- "GET /admin/jsi18n/ HTTP/1.1" 200 7684
[2024-11-04 14:36:35,444] [basehttp.py:154] [basehttp:log_message] [INFO]- "GET /admin/app01/permission/ HTTP/1.1" 200 154662
[2024-11-04 14:36:35,486] [basehttp.py:154] [basehttp:log_message] [INFO]- "GET /admin/jsi18n/ HTTP/1.1" 200 7684
[2024-11-04 14:36:51,706] [basehttp.py:154] [basehttp:log_message] [INFO]- "GET /admin/app01/permission/100/change/ HTTP/1.1" 200 23986
[2024-11-04 14:36:51,735] [basehttp.py:154] [basehttp:log_message] [INFO]- "GET /admin/jsi18n/ HTTP/1.1" 200 7684
[2024-11-04 14:37:13,953] [basehttp.py:154] [basehttp:log_message] [INFO]- "GET /admin/app01/permission/ HTTP/1.1" 200 154662
[2024-11-04 14:37:14,091] [basehttp.py:154] [basehttp:log_message] [INFO]- "GET /admin/jsi18n/ HTTP/1.1" 200 7684
[2024-11-04 14:37:25,558] [basehttp.py:154] [basehttp:log_message] [INFO]- "GET /admin/app01/permission/99/change/ HTTP/1.1" 200 23982
[2024-11-04 14:37:25,593] [basehttp.py:154] [basehttp:log_message] [INFO]- "GET /admin/jsi18n/ HTTP/1.1" 200 7684
[2024-11-04 14:37:43,969] [basehttp.py:154] [basehttp:log_message] [INFO]- "GET /admin/app01/permission/ HTTP/1.1" 200 154662
[2024-11-04 14:37:44,005] [basehttp.py:154] [basehttp:log_message] [INFO]- "GET /admin/jsi18n/ HTTP/1.1" 200 7684
[2024-11-04 14:37:46,006] [basehttp.py:154] [basehttp:log_message] [INFO]- "GET /admin/app01/permission/98/change/ HTTP/1.1" 200 23991
[2024-11-04 14:37:46,047] [basehttp.py:154] [basehttp:log_message] [INFO]- "GET /admin/jsi18n/ HTTP/1.1" 200 7684
[2024-11-04 14:38:21,071] [basehttp.py:154] [basehttp:log_message] [INFO]- "GET /admin/app01/permission/ HTTP/1.1" 200 154662
[2024-11-04 14:38:21,101] [basehttp.py:154] [basehttp:log_message] [INFO]- "GET /admin/jsi18n/ HTTP/1.1" 200 7684
[2024-11-04 14:38:28,745] [basehttp.py:154] [basehttp:log_message] [INFO]- "GET /admin/app01/permission/117/change/ HTTP/1.1" 200 23984
[2024-11-04 14:38:28,781] [basehttp.py:154] [basehttp:log_message] [INFO]- "GET /admin/jsi18n/ HTTP/1.1" 200 7684
[2024-11-04 14:38:51,770] [basehttp.py:154] [basehttp:log_message] [INFO]- "GET /admin/app01/permission/ HTTP/1.1" 200 154662
[2024-11-04 14:38:51,804] [basehttp.py:154] [basehttp:log_message] [INFO]- "GET /admin/jsi18n/ HTTP/1.1" 200 7684
[2024-11-04 14:38:56,627] [basehttp.py:154] [basehttp:log_message] [INFO]- "GET /admin/app01/permission/116/change/ HTTP/1.1" 200 23982
[2024-11-04 14:38:56,663] [basehttp.py:154] [basehttp:log_message] [INFO]- "GET /admin/jsi18n/ HTTP/1.1" 200 7684
[2024-11-04 14:39:22,345] [basehttp.py:154] [basehttp:log_message] [INFO]- "GET /admin/app01/permission/ HTTP/1.1" 200 154662
[2024-11-04 14:39:22,376] [basehttp.py:154] [basehttp:log_message] [INFO]- "GET /admin/jsi18n/ HTTP/1.1" 200 7684
[2024-11-04 14:39:24,122] [basehttp.py:154] [basehttp:log_message] [INFO]- "GET /admin/app01/permission/115/change/ HTTP/1.1" 200 23985
[2024-11-04 14:39:24,155] [basehttp.py:154] [basehttp:log_message] [INFO]- "GET /admin/jsi18n/ HTTP/1.1" 200 7684
[2024-11-04 14:39:44,183] [basehttp.py:154] [basehttp:log_message] [INFO]- "GET /admin/app01/permission/ HTTP/1.1" 200 154662
[2024-11-04 14:39:44,220] [basehttp.py:154] [basehttp:log_message] [INFO]- "GET /admin/jsi18n/ HTTP/1.1" 200 7684
[2024-11-04 14:39:49,156] [basehttp.py:154] [basehttp:log_message] [INFO]- "GET /admin/app01/permission/114/change/ HTTP/1.1" 200 23986
[2024-11-04 14:39:49,187] [basehttp.py:154] [basehttp:log_message] [INFO]- "GET /admin/jsi18n/ HTTP/1.1" 200 7684
[2024-11-04 14:40:06,300] [basehttp.py:154] [basehttp:log_message] [INFO]- "GET /admin/app01/permission/ HTTP/1.1" 200 154662
[2024-11-04 14:40:06,346] [basehttp.py:154] [basehttp:log_message] [INFO]- "GET /admin/jsi18n/ HTTP/1.1" 200 7684
[2024-11-04 14:40:11,089] [basehttp.py:154] [basehttp:log_message] [INFO]- "GET /admin/app01/permission/113/change/ HTTP/1.1" 200 23984
[2024-11-04 14:40:11,123] [basehttp.py:154] [basehttp:log_message] [INFO]- "GET /admin/jsi18n/ HTTP/1.1" 200 7684
[2024-11-04 14:41:24,644] [basehttp.py:154] [basehttp:log_message] [INFO]- "GET /admin/app01/permission/ HTTP/1.1" 200 154662
[2024-11-04 14:41:24,681] [basehttp.py:154] [basehttp:log_message] [INFO]- "GET /admin/jsi18n/ HTTP/1.1" 200 7684
[2024-11-04 14:41:29,007] [basehttp.py:154] [basehttp:log_message] [INFO]- "GET /admin/app01/permission/112/change/ HTTP/1.1" 200 23982
[2024-11-04 14:41:29,043] [basehttp.py:154] [basehttp:log_message] [INFO]- "GET /admin/jsi18n/ HTTP/1.1" 200 7684
[2024-11-04 14:42:00,259] [basehttp.py:154] [basehttp:log_message] [INFO]- "GET /admin/app01/permission/ HTTP/1.1" 200 154662
[2024-11-04 14:42:00,293] [basehttp.py:154] [basehttp:log_message] [INFO]- "GET /admin/jsi18n/ HTTP/1.1" 200 7684
[2024-11-04 14:42:03,421] [basehttp.py:154] [basehttp:log_message] [INFO]- "GET /admin/app01/permission/111/change/ HTTP/1.1" 200 23982
[2024-11-04 14:42:03,465] [basehttp.py:154] [basehttp:log_message] [INFO]- "GET /admin/jsi18n/ HTTP/1.1" 200 7684
[2024-11-04 14:42:23,790] [basehttp.py:154] [basehttp:log_message] [INFO]- "GET /admin/app01/permission/ HTTP/1.1" 200 154662
[2024-11-04 14:42:23,840] [basehttp.py:154] [basehttp:log_message] [INFO]- "GET /admin/jsi18n/ HTTP/1.1" 200 7684
[2024-11-04 14:42:26,861] [basehttp.py:154] [basehttp:log_message] [INFO]- "GET /admin/app01/permission/110/change/ HTTP/1.1" 200 23986
[2024-11-04 14:42:26,901] [basehttp.py:154] [basehttp:log_message] [INFO]- "GET /admin/jsi18n/ HTTP/1.1" 200 7684
[2024-11-04 14:42:43,288] [basehttp.py:154] [basehttp:log_message] [INFO]- "GET /admin/app01/permission/ HTTP/1.1" 200 154662
[2024-11-04 14:42:43,337] [basehttp.py:154] [basehttp:log_message] [INFO]- "GET /admin/jsi18n/ HTTP/1.1" 200 7684
[2024-11-04 14:42:46,225] [basehttp.py:154] [basehttp:log_message] [INFO]- "GET /admin/app01/permission/109/change/ HTTP/1.1" 200 23984
[2024-11-04 14:42:46,258] [basehttp.py:154] [basehttp:log_message] [INFO]- "GET /admin/jsi18n/ HTTP/1.1" 200 7684
[2024-11-04 14:43:15,596] [basehttp.py:154] [basehttp:log_message] [INFO]- "GET /admin/app01/permission/ HTTP/1.1" 200 154662
[2024-11-04 14:43:15,626] [basehttp.py:154] [basehttp:log_message] [INFO]- "GET /admin/jsi18n/ HTTP/1.1" 200 7684
[2024-11-04 14:43:26,221] [basehttp.py:154] [basehttp:log_message] [INFO]- "GET /admin/app01/permission/108/change/ HTTP/1.1" 200 23993
[2024-11-04 14:43:26,255] [basehttp.py:154] [basehttp:log_message] [INFO]- "GET /admin/jsi18n/ HTTP/1.1" 200 7684
[2024-11-04 14:43:48,818] [basehttp.py:154] [basehttp:log_message] [INFO]- "GET /admin/app01/permission/ HTTP/1.1" 200 154662
[2024-11-04 14:43:48,852] [basehttp.py:154] [basehttp:log_message] [INFO]- "GET /admin/jsi18n/ HTTP/1.1" 200 7684
[2024-11-04 14:43:56,593] [basehttp.py:154] [basehttp:log_message] [INFO]- "GET /admin/app01/permission/127/change/ HTTP/1.1" 200 23984
[2024-11-04 14:43:56,629] [basehttp.py:154] [basehttp:log_message] [INFO]- "GET /admin/jsi18n/ HTTP/1.1" 200 7684
[2024-11-04 14:44:20,045] [basehttp.py:154] [basehttp:log_message] [INFO]- "GET /admin/app01/permission/ HTTP/1.1" 200 154662
[2024-11-04 14:44:20,103] [basehttp.py:154] [basehttp:log_message] [INFO]- "GET /admin/jsi18n/ HTTP/1.1" 200 7684
[2024-11-04 14:44:21,678] [basehttp.py:154] [basehttp:log_message] [INFO]- "GET /admin/app01/permission/126/change/ HTTP/1.1" 200 23982
[2024-11-04 14:44:21,706] [basehttp.py:154] [basehttp:log_message] [INFO]- "GET /admin/jsi18n/ HTTP/1.1" 200 7684
[2024-11-04 14:45:06,580] [basehttp.py:154] [basehttp:log_message] [INFO]- "GET /admin/app01/permission/ HTTP/1.1" 200 154662
[2024-11-04 14:45:06,618] [basehttp.py:154] [basehttp:log_message] [INFO]- "GET /admin/jsi18n/ HTTP/1.1" 200 7684
[2024-11-04 14:45:08,847] [basehttp.py:154] [basehttp:log_message] [INFO]- "GET /admin/app01/permission/125/change/ HTTP/1.1" 200 23985
[2024-11-04 14:45:08,890] [basehttp.py:154] [basehttp:log_message] [INFO]- "GET /admin/jsi18n/ HTTP/1.1" 200 7684
[2024-11-04 14:45:39,492] [basehttp.py:154] [basehttp:log_message] [INFO]- "GET /admin/app01/permission/ HTTP/1.1" 200 154662
[2024-11-04 14:45:39,543] [basehttp.py:154] [basehttp:log_message] [INFO]- "GET /admin/jsi18n/ HTTP/1.1" 200 7684
[2024-11-04 14:45:41,908] [basehttp.py:154] [basehttp:log_message] [INFO]- "GET /admin/app01/permission/124/change/ HTTP/1.1" 200 23986
[2024-11-04 14:45:41,955] [basehttp.py:154] [basehttp:log_message] [INFO]- "GET /admin/jsi18n/ HTTP/1.1" 200 7684
[2024-11-04 14:46:19,502] [basehttp.py:154] [basehttp:log_message] [INFO]- "GET /admin/app01/permission/ HTTP/1.1" 200 154662
[2024-11-04 14:46:19,545] [basehttp.py:154] [basehttp:log_message] [INFO]- "GET /admin/jsi18n/ HTTP/1.1" 200 7684
[2024-11-04 14:46:26,963] [basehttp.py:154] [basehttp:log_message] [INFO]- "GET /admin/app01/permission/123/change/ HTTP/1.1" 200 23984
[2024-11-04 14:46:26,994] [basehttp.py:154] [basehttp:log_message] [INFO]- "GET /admin/jsi18n/ HTTP/1.1" 200 7684
[2024-11-04 14:47:01,612] [basehttp.py:154] [basehttp:log_message] [INFO]- "GET /admin/app01/permission/ HTTP/1.1" 200 154662
[2024-11-04 14:47:01,658] [basehttp.py:154] [basehttp:log_message] [INFO]- "GET /admin/jsi18n/ HTTP/1.1" 200 7684
[2024-11-04 14:47:04,728] [basehttp.py:154] [basehttp:log_message] [INFO]- "GET /admin/app01/permission/122/change/ HTTP/1.1" 200 23982
[2024-11-04 14:47:04,758] [basehttp.py:154] [basehttp:log_message] [INFO]- "GET /admin/jsi18n/ HTTP/1.1" 200 7684
[2024-11-04 14:47:20,854] [basehttp.py:154] [basehttp:log_message] [INFO]- "GET /admin/app01/permission/ HTTP/1.1" 200 154662
[2024-11-04 14:47:20,883] [basehttp.py:154] [basehttp:log_message] [INFO]- "GET /admin/jsi18n/ HTTP/1.1" 200 7684
[2024-11-04 14:47:25,502] [basehttp.py:154] [basehttp:log_message] [INFO]- "GET /admin/app01/permission/121/change/ HTTP/1.1" 200 23982
[2024-11-04 14:47:25,553] [basehttp.py:154] [basehttp:log_message] [INFO]- "GET /admin/jsi18n/ HTTP/1.1" 200 7684
[2024-11-04 14:48:03,990] [basehttp.py:154] [basehttp:log_message] [INFO]- "GET /admin/app01/permission/ HTTP/1.1" 200 154662
[2024-11-04 14:48:04,021] [basehttp.py:154] [basehttp:log_message] [INFO]- "GET /admin/jsi18n/ HTTP/1.1" 200 7684
[2024-11-04 14:48:09,366] [basehttp.py:154] [basehttp:log_message] [INFO]- "GET /admin/app01/permission/120/change/ HTTP/1.1" 200 23986
[2024-11-04 14:48:09,406] [basehttp.py:154] [basehttp:log_message] [INFO]- "GET /admin/jsi18n/ HTTP/1.1" 200 7684
[2024-11-04 14:48:41,599] [basehttp.py:154] [basehttp:log_message] [INFO]- "GET /admin/app01/permission/ HTTP/1.1" 200 154662
[2024-11-04 14:48:41,656] [basehttp.py:154] [basehttp:log_message] [INFO]- "GET /admin/jsi18n/ HTTP/1.1" 200 7684
[2024-11-04 14:48:44,859] [basehttp.py:154] [basehttp:log_message] [INFO]- "GET /admin/app01/permission/119/change/ HTTP/1.1" 200 23984
[2024-11-04 14:48:44,954] [basehttp.py:154] [basehttp:log_message] [INFO]- "GET /admin/jsi18n/ HTTP/1.1" 200 7684
[2024-11-04 14:49:01,670] [basehttp.py:154] [basehttp:log_message] [INFO]- "GET /admin/app01/permission/ HTTP/1.1" 200 154662
[2024-11-04 14:49:01,736] [basehttp.py:154] [basehttp:log_message] [INFO]- "GET /admin/jsi18n/ HTTP/1.1" 200 7684
[2024-11-04 14:49:05,526] [basehttp.py:154] [basehttp:log_message] [INFO]- "GET /admin/app01/permission/118/change/ HTTP/1.1" 200 23993
[2024-11-04 14:49:05,554] [basehttp.py:154] [basehttp:log_message] [INFO]- "GET /admin/jsi18n/ HTTP/1.1" 200 7684
[2024-11-04 14:49:32,722] [basehttp.py:154] [basehttp:log_message] [INFO]- "GET /admin/app01/permission/ HTTP/1.1" 200 154662
[2024-11-04 14:49:32,750] [basehttp.py:154] [basehttp:log_message] [INFO]- "GET /admin/jsi18n/ HTTP/1.1" 200 7684
[2024-11-04 14:49:40,604] [basehttp.py:154] [basehttp:log_message] [INFO]- "GET /admin/app01/permission/147/change/ HTTP/1.1" 200 23984
[2024-11-04 14:49:40,634] [basehttp.py:154] [basehttp:log_message] [INFO]- "GET /admin/jsi18n/ HTTP/1.1" 200 7684
[2024-11-04 14:50:03,765] [basehttp.py:154] [basehttp:log_message] [INFO]- "GET /admin/app01/permission/ HTTP/1.1" 200 154662
[2024-11-04 14:50:03,800] [basehttp.py:154] [basehttp:log_message] [INFO]- "GET /admin/jsi18n/ HTTP/1.1" 200 7684
[2024-11-04 14:50:04,912] [basehttp.py:154] [basehttp:log_message] [INFO]- "GET /admin/app01/permission/146/change/ HTTP/1.1" 200 23982
[2024-11-04 14:50:04,951] [basehttp.py:154] [basehttp:log_message] [INFO]- "GET /admin/jsi18n/ HTTP/1.1" 200 7684
[2024-11-04 14:50:36,553] [basehttp.py:154] [basehttp:log_message] [INFO]- "GET /admin/app01/permission/ HTTP/1.1" 200 154662
[2024-11-04 14:50:36,641] [basehttp.py:154] [basehttp:log_message] [INFO]- "GET /admin/jsi18n/ HTTP/1.1" 200 7684
[2024-11-04 14:50:38,212] [basehttp.py:154] [basehttp:log_message] [INFO]- "GET /admin/app01/permission/145/change/ HTTP/1.1" 200 23985
[2024-11-04 14:50:38,243] [basehttp.py:154] [basehttp:log_message] [INFO]- "GET /admin/jsi18n/ HTTP/1.1" 200 7684
[2024-11-04 14:51:04,453] [basehttp.py:154] [basehttp:log_message] [INFO]- "GET /admin/app01/permission/ HTTP/1.1" 200 154662
[2024-11-04 14:51:04,486] [basehttp.py:154] [basehttp:log_message] [INFO]- "GET /admin/jsi18n/ HTTP/1.1" 200 7684
[2024-11-04 14:51:08,758] [basehttp.py:154] [basehttp:log_message] [INFO]- "GET /admin/app01/permission/144/change/ HTTP/1.1" 200 23986
[2024-11-04 14:51:08,787] [basehttp.py:154] [basehttp:log_message] [INFO]- "GET /admin/jsi18n/ HTTP/1.1" 200 7684
[2024-11-04 14:51:15,561] [UserIP.py:89] [UserIP:process_response] [CRITICAL]- 系统错误Expecting value: line 1 column 1 (char 0)
[2024-11-04 14:51:15,582] [basehttp.py:154] [basehttp:log_message] [INFO]- "POST /admin/app01/permission/144/change/ HTTP/1.1" 302 0
[2024-11-04 14:51:15,958] [basehttp.py:154] [basehttp:log_message] [INFO]- "GET /admin/app01/permission/add/ HTTP/1.1" 200 23656
[2024-11-04 14:51:15,992] [basehttp.py:154] [basehttp:log_message] [INFO]- "GET /admin/jsi18n/ HTTP/1.1" 200 7684
[2024-11-04 14:51:23,572] [basehttp.py:154] [basehttp:log_message] [INFO]- "GET /admin/app01/permission/144/change/ HTTP/1.1" 200 23986
[2024-11-04 14:58:11,886] [basehttp.py:154] [basehttp:log_message] [INFO]- "GET /admin/app01/permission/ HTTP/1.1" 200 154662
[2024-11-04 14:58:11,924] [basehttp.py:154] [basehttp:log_message] [INFO]- "GET /admin/jsi18n/ HTTP/1.1" 200 7684
[2024-11-04 14:58:14,734] [basehttp.py:154] [basehttp:log_message] [INFO]- "GET /admin/app01/permission/143/change/ HTTP/1.1" 200 23984
[2024-11-04 14:58:14,765] [basehttp.py:154] [basehttp:log_message] [INFO]- "GET /admin/jsi18n/ HTTP/1.1" 200 7684
[2024-11-04 15:00:31,387] [basehttp.py:154] [basehttp:log_message] [INFO]- "GET /admin/app01/permission/ HTTP/1.1" 200 154662
[2024-11-04 15:00:31,415] [basehttp.py:154] [basehttp:log_message] [INFO]- "GET /admin/jsi18n/ HTTP/1.1" 200 7684
[2024-11-04 15:00:36,339] [basehttp.py:154] [basehttp:log_message] [INFO]- "GET /admin/app01/permission/142/change/ HTTP/1.1" 200 23982
[2024-11-04 15:00:36,373] [basehttp.py:154] [basehttp:log_message] [INFO]- "GET /admin/jsi18n/ HTTP/1.1" 200 7684
[2024-11-04 15:01:10,675] [basehttp.py:154] [basehttp:log_message] [INFO]- "GET /admin/app01/permission/ HTTP/1.1" 200 154662
[2024-11-04 15:01:10,702] [basehttp.py:154] [basehttp:log_message] [INFO]- "GET /admin/jsi18n/ HTTP/1.1" 200 7684
[2024-11-04 15:01:15,428] [basehttp.py:154] [basehttp:log_message] [INFO]- "GET /admin/app01/permission/141/change/ HTTP/1.1" 200 23982
[2024-11-04 15:01:15,461] [basehttp.py:154] [basehttp:log_message] [INFO]- "GET /admin/jsi18n/ HTTP/1.1" 200 7684
[2024-11-04 15:01:45,921] [basehttp.py:154] [basehttp:log_message] [INFO]- "GET /admin/app01/permission/ HTTP/1.1" 200 154662
[2024-11-04 15:01:45,959] [basehttp.py:154] [basehttp:log_message] [INFO]- "GET /admin/jsi18n/ HTTP/1.1" 200 7684
[2024-11-04 15:01:51,219] [basehttp.py:154] [basehttp:log_message] [INFO]- "GET /admin/app01/permission/140/change/ HTTP/1.1" 200 23986
[2024-11-04 15:01:51,247] [basehttp.py:154] [basehttp:log_message] [INFO]- "GET /admin/jsi18n/ HTTP/1.1" 200 7684
[2024-11-04 15:02:11,372] [basehttp.py:154] [basehttp:log_message] [INFO]- "GET /admin/app01/permission/ HTTP/1.1" 200 154662
[2024-11-04 15:02:11,409] [basehttp.py:154] [basehttp:log_message] [INFO]- "GET /admin/jsi18n/ HTTP/1.1" 200 7684
[2024-11-04 15:02:14,375] [basehttp.py:154] [basehttp:log_message] [INFO]- "GET /admin/app01/permission/139/change/ HTTP/1.1" 200 23984
[2024-11-04 15:02:14,412] [basehttp.py:154] [basehttp:log_message] [INFO]- "GET /admin/jsi18n/ HTTP/1.1" 200 7684
[2024-11-04 15:02:32,242] [basehttp.py:154] [basehttp:log_message] [INFO]- "GET /admin/app01/permission/ HTTP/1.1" 200 154662
[2024-11-04 15:02:32,248] [basehttp.py:154] [basehttp:log_message] [ERROR]- "GET /admin/app01/permission/ HTTP/1.1" 500 59
[2024-11-04 15:02:33,329] [basehttp.py:154] [basehttp:log_message] [INFO]- "GET /admin/app01/permission/ HTTP/1.1" 200 154662
[2024-11-04 15:02:33,367] [basehttp.py:154] [basehttp:log_message] [INFO]- "GET /admin/jsi18n/ HTTP/1.1" 200 7684
[2024-11-04 15:02:35,859] [basehttp.py:154] [basehttp:log_message] [INFO]- "GET /admin/app01/permission/138/change/ HTTP/1.1" 200 23993
[2024-11-04 15:02:35,885] [basehttp.py:154] [basehttp:log_message] [INFO]- "GET /admin/jsi18n/ HTTP/1.1" 200 7684
[2024-11-04 15:03:59,878] [basehttp.py:154] [basehttp:log_message] [INFO]- "GET /admin/app01/permission/ HTTP/1.1" 200 154662
[2024-11-04 15:03:59,908] [basehttp.py:154] [basehttp:log_message] [INFO]- "GET /admin/jsi18n/ HTTP/1.1" 200 7684
[2024-11-04 15:06:42,631] [basehttp.py:154] [basehttp:log_message] [INFO]- "GET /favicon.ico HTTP/1.1" 200 35140
[2024-11-04 15:06:44,830] [basehttp.py:154] [basehttp:log_message] [INFO]- "GET /admin/app01/role/ HTTP/1.1" 200 76560
[2024-11-04 15:06:44,890] [basehttp.py:154] [basehttp:log_message] [INFO]- "GET /admin/jsi18n/ HTTP/1.1" 200 7684
[2024-11-04 15:07:12,108] [basehttp.py:154] [basehttp:log_message] [INFO]- "GET /admin/app01/role/18/change/ HTTP/1.1" 200 32812
[2024-11-04 15:07:12,140] [basehttp.py:154] [basehttp:log_message] [INFO]- "GET /admin/jsi18n/ HTTP/1.1" 200 7684
[2024-11-04 15:07:50,948] [basehttp.py:154] [basehttp:log_message] [INFO]- "GET /admin/app01/role/ HTTP/1.1" 200 76560
[2024-11-04 15:07:50,981] [basehttp.py:154] [basehttp:log_message] [INFO]- "GET /admin/jsi18n/ HTTP/1.1" 200 7684
[2024-11-04 15:08:00,117] [basehttp.py:154] [basehttp:log_message] [INFO]- "GET /admin/app01/role/19/change/ HTTP/1.1" 200 32857
[2024-11-04 15:08:00,151] [basehttp.py:154] [basehttp:log_message] [INFO]- "GET /admin/jsi18n/ HTTP/1.1" 200 7684
[2024-11-04 15:08:33,347] [basehttp.py:154] [basehttp:log_message] [INFO]- "GET /admin/app01/role/ HTTP/1.1" 200 76560
[2024-11-04 15:08:33,383] [basehttp.py:154] [basehttp:log_message] [INFO]- "GET /admin/jsi18n/ HTTP/1.1" 200 7684
[2024-11-04 15:08:45,905] [basehttp.py:154] [basehttp:log_message] [INFO]- "GET /admin/app01/role/24/change/ HTTP/1.1" 200 32810
[2024-11-04 15:08:45,948] [basehttp.py:154] [basehttp:log_message] [INFO]- "GET /admin/jsi18n/ HTTP/1.1" 200 7684
[2024-11-04 15:09:11,730] [basehttp.py:154] [basehttp:log_message] [INFO]- "GET /admin/app01/role/ HTTP/1.1" 200 76560
[2024-11-04 15:09:14,301] [basehttp.py:154] [basehttp:log_message] [INFO]- "GET /admin/app01/role/25/change/ HTTP/1.1" 200 32855
[2024-11-04 15:09:14,439] [basehttp.py:154] [basehttp:log_message] [INFO]- "GET /admin/jsi18n/ HTTP/1.1" 200 7684
[2024-11-04 15:09:40,557] [basehttp.py:154] [basehttp:log_message] [INFO]- "GET /admin/app01/role/ HTTP/1.1" 200 76560
[2024-11-04 15:09:40,585] [basehttp.py:154] [basehttp:log_message] [INFO]- "GET /admin/jsi18n/ HTTP/1.1" 200 7684
[2024-11-04 15:09:57,957] [basehttp.py:154] [basehttp:log_message] [INFO]- "GET /admin/app01/role/22/change/ HTTP/1.1" 200 32810
[2024-11-04 15:09:57,986] [basehttp.py:154] [basehttp:log_message] [INFO]- "GET /admin/jsi18n/ HTTP/1.1" 200 7684
[2024-11-04 15:10:30,085] [basehttp.py:154] [basehttp:log_message] [INFO]- "GET /admin/app01/role/ HTTP/1.1" 200 76560
[2024-11-04 15:10:30,115] [basehttp.py:154] [basehttp:log_message] [INFO]- "GET /admin/jsi18n/ HTTP/1.1" 200 7684
[2024-11-04 15:10:32,345] [basehttp.py:154] [basehttp:log_message] [INFO]- "GET /admin/app01/role/23/change/ HTTP/1.1" 200 32855
[2024-11-04 15:10:32,391] [basehttp.py:154] [basehttp:log_message] [INFO]- "GET /admin/jsi18n/ HTTP/1.1" 200 7684
[2024-11-04 15:11:29,326] [basehttp.py:154] [basehttp:log_message] [INFO]- "GET /admin/app01/role/ HTTP/1.1" 200 76560
[2024-11-04 15:11:29,356] [basehttp.py:154] [basehttp:log_message] [INFO]- "GET /admin/jsi18n/ HTTP/1.1" 200 7684
[2024-11-04 15:11:35,145] [basehttp.py:154] [basehttp:log_message] [INFO]- "GET /admin/app01/role/26/change/ HTTP/1.1" 200 32810
[2024-11-04 15:11:35,175] [basehttp.py:154] [basehttp:log_message] [INFO]- "GET /admin/jsi18n/ HTTP/1.1" 200 7684
[2024-11-04 15:12:25,694] [basehttp.py:154] [basehttp:log_message] [INFO]- "GET /admin/app01/role/ HTTP/1.1" 200 76560
[2024-11-04 15:12:25,721] [basehttp.py:154] [basehttp:log_message] [INFO]- "GET /admin/jsi18n/ HTTP/1.1" 200 7684
[2024-11-04 15:12:28,360] [basehttp.py:154] [basehttp:log_message] [INFO]- "GET /admin/app01/role/27/change/ HTTP/1.1" 200 32855
[2024-11-04 15:12:28,391] [basehttp.py:154] [basehttp:log_message] [INFO]- "GET /admin/jsi18n/ HTTP/1.1" 200 7684
[2024-11-04 15:12:59,718] [basehttp.py:154] [basehttp:log_message] [INFO]- "GET /admin/app01/role/ HTTP/1.1" 200 76560
[2024-11-04 15:12:59,753] [basehttp.py:154] [basehttp:log_message] [INFO]- "GET /admin/jsi18n/ HTTP/1.1" 200 7684
[2024-11-04 15:13:03,827] [basehttp.py:154] [basehttp:log_message] [INFO]- "GET /admin/app01/role/30/change/ HTTP/1.1" 200 32810
[2024-11-04 15:13:03,859] [basehttp.py:154] [basehttp:log_message] [INFO]- "GET /admin/jsi18n/ HTTP/1.1" 200 7684
[2024-11-04 15:13:26,025] [basehttp.py:154] [basehttp:log_message] [INFO]- "GET /admin/app01/role/ HTTP/1.1" 200 76560
[2024-11-04 15:13:26,085] [basehttp.py:154] [basehttp:log_message] [INFO]- "GET /admin/jsi18n/ HTTP/1.1" 200 7684
[2024-11-04 15:13:28,218] [basehttp.py:154] [basehttp:log_message] [INFO]- "GET /admin/app01/role/31/change/ HTTP/1.1" 200 32855
[2024-11-04 15:13:28,257] [basehttp.py:154] [basehttp:log_message] [INFO]- "GET /admin/jsi18n/ HTTP/1.1" 200 7684
[2024-11-04 15:14:11,719] [basehttp.py:154] [basehttp:log_message] [INFO]- "GET /admin/app01/role/ HTTP/1.1" 200 76560
[2024-11-04 15:14:11,722] [basehttp.py:154] [basehttp:log_message] [ERROR]- "GET /admin/app01/role/ HTTP/1.1" 500 59
[2024-11-04 15:14:15,425] [basehttp.py:154] [basehttp:log_message] [INFO]- "GET /admin/app01/role/ HTTP/1.1" 200 76560
[2024-11-04 15:14:15,431] [basehttp.py:154] [basehttp:log_message] [ERROR]- "GET /admin/app01/role/ HTTP/1.1" 500 59
[2024-11-04 15:14:16,472] [basehttp.py:154] [basehttp:log_message] [INFO]- "GET /admin/app01/role/ HTTP/1.1" 200 76560
[2024-11-04 15:14:16,500] [basehttp.py:154] [basehttp:log_message] [INFO]- "GET /admin/jsi18n/ HTTP/1.1" 200 7684
[2024-11-11 12:07:30,366] [basehttp.py:154] [basehttp:log_message] [INFO]- "GET / HTTP/1.1" 302 0
[2024-11-11 12:07:30,381] [basehttp.py:154] [basehttp:log_message] [INFO]- "GET /login/ HTTP/1.1" 200 4823
[2024-11-11 12:07:30,700] [basehttp.py:154] [basehttp:log_message] [INFO]- "GET /favicon.ico HTTP/1.1" 302 0
[2024-11-11 12:07:30,710] [basehttp.py:154] [basehttp:log_message] [INFO]- "GET /login/ HTTP/1.1" 200 4823
[2024-11-11 12:07:34,911] [UserIP.py:89] [UserIP:process_response] [CRITICAL]- 系统错误Expecting value: line 1 column 1 (char 0)
[2024-11-11 12:07:34,961] [basehttp.py:154] [basehttp:log_message] [INFO]- "POST /login/ HTTP/1.1" 302 0
[2024-11-11 12:07:35,001] [basehttp.py:154] [basehttp:log_message] [INFO]- "GET /login/ HTTP/1.1" 302 0
[2024-11-11 12:07:35,137] [basehttp.py:154] [basehttp:log_message] [INFO]- "GET /index/ HTTP/1.1" 200 44217
[2024-11-11 12:07:35,830] [basehttp.py:154] [basehttp:log_message] [INFO]- "GET /favicon.ico HTTP/1.1" 200 35140
[2024-11-11 12:07:35,893] [UserIP.py:87] [UserIP:process_response] [INFO]- 2024-11-11 12:07:35 C1010S3>Cao.Edwin None>EDWIN>bxbei 127.0.0.1 127.0.0.1 /index/ POST
[2024-11-11 12:07:35,910] [basehttp.py:154] [basehttp:log_message] [INFO]- "POST /index/ HTTP/1.1" 200 1621
[2024-11-11 12:07:35,997] [log.py:228] [log:log_response] [WARNING]- Not Found: /media/img/UserInfo/Jully_Li.jpg
[2024-11-11 12:07:35,997] [basehttp.py:154] [basehttp:log_message] [WARNING]- "GET /media/img/UserInfo/Jully_Li.jpg HTTP/1.1" 404 1803
[2024-11-11 13:02:16,641] [basehttp.py:154] [basehttp:log_message] [INFO]- "GET /AdapterPowerCode/BorrowedAdapter/ HTTP/1.1" 200 56326
[2024-11-11 13:02:17,561] [basehttp.py:154] [basehttp:log_message] [INFO]- "GET /favicon.ico HTTP/1.1" 200 35140
[2024-11-11 13:02:19,404] [UserIP.py:87] [UserIP:process_response] [INFO]- 2024-11-11 13:02:19 C1010S3>Cao.Edwin None>EDWIN>bxbei 127.0.0.1 127.0.0.1 /AdapterPowerCode/BorrowedAdapter/ POST
[2024-11-11 13:02:19,424] [basehttp.py:154] [basehttp:log_message] [INFO]- "POST /AdapterPowerCode/BorrowedAdapter/ HTTP/1.1" 200 627806
[2024-11-11 15:24:49,714] [basehttp.py:154] [basehttp:log_message] [INFO]- "GET / HTTP/1.1" 200 35140
[2024-11-11 15:24:49,994] [basehttp.py:154] [basehttp:log_message] [INFO]- "GET /favicon.ico HTTP/1.1" 200 35140
[2024-11-11 15:24:53,735] [basehttp.py:154] [basehttp:log_message] [INFO]- "GET /index/ HTTP/1.1" 200 44217
[2024-11-11 15:24:54,446] [basehttp.py:154] [basehttp:log_message] [INFO]- "GET /favicon.ico HTTP/1.1" 200 35140
[2024-11-11 15:24:54,468] [UserIP.py:87] [UserIP:process_response] [INFO]- 2024-11-11 15:24:54 C1010S3>Cao.Edwin None>EDWIN>bxbei 127.0.0.1 127.0.0.1 /index/ POST
[2024-11-11 15:24:54,480] [basehttp.py:154] [basehttp:log_message] [INFO]- "POST /index/ HTTP/1.1" 200 1621
[2024-11-11 15:24:54,559] [log.py:228] [log:log_response] [WARNING]- Not Found: /media/img/UserInfo/Jully_Li.jpg
[2024-11-11 15:24:54,560] [basehttp.py:154] [basehttp:log_message] [WARNING]- "GET /media/img/UserInfo/Jully_Li.jpg HTTP/1.1" 404 1803
[2024-11-11 16:25:41,066] [basehttp.py:154] [basehttp:log_message] [INFO]- "GET /favicon.ico HTTP/1.1" 200 35140
