[2025-09-16 14:28:11,217] [basehttp.py:154] [basehttp:log_message] [INFO]- "GET / HTTP/1.1" 302 0
[2025-09-16 14:28:11,222] [basehttp.py:154] [basehttp:log_message] [INFO]- "GET /login/ HTTP/1.1" 200 4823
[2025-09-16 14:28:11,334] [basehttp.py:154] [basehttp:log_message] [INFO]- "GET /favicon.ico HTTP/1.1" 302 0
[2025-09-16 14:28:11,341] [basehttp.py:154] [basehttp:log_message] [INFO]- "GET /login/ HTTP/1.1" 200 4823
[2025-09-16 14:28:20,144] [UserIP.py:90] [UserIP:process_response] [CRITICAL]- 系统错误Expecting value: line 1 column 1 (char 0)
[2025-09-16 14:28:20,153] [basehttp.py:154] [basehttp:log_message] [INFO]- "POST /login/ HTTP/1.1" 302 0
[2025-09-16 14:28:20,169] [basehttp.py:154] [basehttp:log_message] [INFO]- "GET /login/ HTTP/1.1" 302 0
[2025-09-16 14:28:20,207] [basehttp.py:154] [basehttp:log_message] [INFO]- "GET /CabinetManage/CabinetManage_edit/ HTTP/1.1" 200 114734
[2025-09-16 14:28:20,764] [basehttp.py:154] [basehttp:log_message] [INFO]- "GET /favicon.ico HTTP/1.1" 200 36060
[2025-09-16 14:28:21,536] [UserIP.py:88] [UserIP:process_response] [INFO]- 2025-09-16 14:28:21: C1010S3/AnonymousUser/Cao.Edwin> None/EDWIN/bxbei > 127.0.0.1/127.0.0.1 > <WSGIRequest: POST '/CabinetManage/CabinetManage_edit/'>
[2025-09-16 14:28:21,548] [basehttp.py:154] [basehttp:log_message] [INFO]- "POST /CabinetManage/CabinetManage_edit/ HTTP/1.1" 200 36822
[2025-09-16 14:28:35,435] [basehttp.py:154] [basehttp:log_message] [INFO]- "GET /DeviceLNV/BorrowedDeviceLNV/ HTTP/1.1" 200 76006
[2025-09-16 14:28:35,752] [basehttp.py:154] [basehttp:log_message] [INFO]- "GET /favicon.ico HTTP/1.1" 200 36060
[2025-09-16 14:28:37,102] [UserIP.py:88] [UserIP:process_response] [INFO]- 2025-09-16 14:28:37: C1010S3/AnonymousUser/Cao.Edwin> None/EDWIN/bxbei > 127.0.0.1/127.0.0.1 > <WSGIRequest: POST '/DeviceLNV/BorrowedDeviceLNV/'>
[2025-09-16 14:28:37,124] [basehttp.py:154] [basehttp:log_message] [INFO]- "POST /DeviceLNV/BorrowedDeviceLNV/ HTTP/1.1" 200 2145576
[2025-09-16 14:28:37,414] [log.py:228] [log:log_response] [WARNING]- Not Found: /media/DeviceLNV/Device/2260.jpg
[2025-09-16 14:28:37,416] [basehttp.py:154] [basehttp:log_message] [INFO]- "GET /media/DeviceLNV/Device/2156.jpg HTTP/1.1" 200 201323
[2025-09-16 14:28:37,424] [basehttp.py:154] [basehttp:log_message] [WARNING]- "GET /media/DeviceLNV/Device/2260.jpg HTTP/1.1" 404 1803
[2025-09-16 14:28:37,449] [log.py:228] [log:log_response] [WARNING]- Not Found: /media/DeviceLNV/Device/2214.jpg
[2025-09-16 14:28:37,456] [basehttp.py:154] [basehttp:log_message] [WARNING]- "GET /media/DeviceLNV/Device/2214.jpg HTTP/1.1" 404 1803
[2025-09-16 14:28:37,466] [log.py:228] [log:log_response] [WARNING]- Not Found: /media/DeviceLNV/Device/233.jpg
[2025-09-16 14:28:37,473] [basehttp.py:154] [basehttp:log_message] [WARNING]- "GET /media/DeviceLNV/Device/233.jpg HTTP/1.1" 404 1800
[2025-09-16 14:28:37,474] [log.py:228] [log:log_response] [WARNING]- Not Found: /media/DeviceLNV/Device/2218.jpg
[2025-09-16 14:28:37,475] [basehttp.py:154] [basehttp:log_message] [WARNING]- "GET /media/DeviceLNV/Device/2218.jpg HTTP/1.1" 404 1803
[2025-09-16 14:28:37,478] [log.py:228] [log:log_response] [WARNING]- Not Found: /media/DeviceLNV/Device/1462.jpg
[2025-09-16 14:28:37,482] [basehttp.py:154] [basehttp:log_message] [WARNING]- "GET /media/DeviceLNV/Device/1462.jpg HTTP/1.1" 404 1803
[2025-09-16 14:28:37,488] [log.py:228] [log:log_response] [WARNING]- Not Found: /media/DeviceLNV/Device/244.jpg
[2025-09-16 14:28:37,494] [basehttp.py:154] [basehttp:log_message] [WARNING]- "GET /media/DeviceLNV/Device/244.jpg HTTP/1.1" 404 1800
[2025-09-16 14:28:37,516] [log.py:228] [log:log_response] [WARNING]- Not Found: /media/DeviceLNV/Device/262.jpg
[2025-09-16 14:28:37,517] [basehttp.py:154] [basehttp:log_message] [WARNING]- "GET /media/DeviceLNV/Device/262.jpg HTTP/1.1" 404 1800
[2025-09-16 14:28:37,519] [log.py:228] [log:log_response] [WARNING]- Not Found: /media/DeviceLNV/Device/261.jpg
[2025-09-16 14:28:37,522] [basehttp.py:154] [basehttp:log_message] [WARNING]- "GET /media/DeviceLNV/Device/261.jpg HTTP/1.1" 404 1800
[2025-09-16 14:28:37,527] [log.py:228] [log:log_response] [WARNING]- Not Found: /media/DeviceLNV/Device/268.jpg
[2025-09-16 14:28:37,531] [log.py:228] [log:log_response] [WARNING]- Not Found: /media/DeviceLNV/Device/253.jpg
[2025-09-16 14:28:37,534] [basehttp.py:154] [basehttp:log_message] [WARNING]- "GET /media/DeviceLNV/Device/268.jpg HTTP/1.1" 404 1800
[2025-09-16 14:28:37,535] [basehttp.py:154] [basehttp:log_message] [WARNING]- "GET /media/DeviceLNV/Device/253.jpg HTTP/1.1" 404 1800
[2025-09-16 14:28:37,546] [log.py:228] [log:log_response] [WARNING]- Not Found: /media/DeviceLNV/Device/266.jpg
[2025-09-16 14:28:37,548] [basehttp.py:154] [basehttp:log_message] [WARNING]- "GET /media/DeviceLNV/Device/266.jpg HTTP/1.1" 404 1800
[2025-09-16 14:28:37,557] [basehttp.py:154] [basehttp:log_message] [INFO]- "GET /media/DeviceLNV/Device/1513.jpg HTTP/1.1" 200 215360
[2025-09-16 14:28:37,563] [log.py:228] [log:log_response] [WARNING]- Not Found: /media/DeviceLNV/Device/269.jpg
[2025-09-16 14:28:37,569] [basehttp.py:154] [basehttp:log_message] [WARNING]- "GET /media/DeviceLNV/Device/269.jpg HTTP/1.1" 404 1800
[2025-09-16 14:28:37,591] [log.py:228] [log:log_response] [WARNING]- Not Found: /media/DeviceLNV/Device/1292.jpg
[2025-09-16 14:28:37,599] [log.py:228] [log:log_response] [WARNING]- Not Found: /media/DeviceLNV/Device/209.jpg
[2025-09-16 14:28:37,600] [basehttp.py:154] [basehttp:log_message] [WARNING]- "GET /media/DeviceLNV/Device/1292.jpg HTTP/1.1" 404 1803
[2025-09-16 14:28:37,604] [log.py:228] [log:log_response] [WARNING]- Not Found: /media/DeviceLNV/Device/267.jpg
[2025-09-16 14:28:37,607] [basehttp.py:154] [basehttp:log_message] [WARNING]- "GET /media/DeviceLNV/Device/209.jpg HTTP/1.1" 404 1800
[2025-09-16 14:28:37,608] [basehttp.py:154] [basehttp:log_message] [WARNING]- "GET /media/DeviceLNV/Device/267.jpg HTTP/1.1" 404 1800
[2025-09-16 14:28:37,609] [log.py:228] [log:log_response] [WARNING]- Not Found: /media/DeviceLNV/Device/2098.jpg
[2025-09-16 14:28:37,614] [log.py:228] [log:log_response] [WARNING]- Not Found: /media/DeviceLNV/Device/228.jpg
[2025-09-16 14:28:37,620] [log.py:228] [log:log_response] [WARNING]- Not Found: /media/DeviceLNV/Device/264.jpg
[2025-09-16 14:28:37,625] [basehttp.py:154] [basehttp:log_message] [WARNING]- "GET /media/DeviceLNV/Device/2098.jpg HTTP/1.1" 404 1803
[2025-09-16 14:28:37,625] [basehttp.py:154] [basehttp:log_message] [WARNING]- "GET /media/DeviceLNV/Device/264.jpg HTTP/1.1" 404 1800
[2025-09-16 14:28:37,626] [basehttp.py:154] [basehttp:log_message] [WARNING]- "GET /media/DeviceLNV/Device/228.jpg HTTP/1.1" 404 1800
[2025-09-16 14:28:37,660] [log.py:228] [log:log_response] [WARNING]- Not Found: /media/DeviceLNV/Device/214.jpg
[2025-09-16 14:28:37,668] [log.py:228] [log:log_response] [WARNING]- Not Found: /media/DeviceLNV/Device/2049.jpg
[2025-09-16 14:28:37,668] [basehttp.py:154] [basehttp:log_message] [WARNING]- "GET /media/DeviceLNV/Device/214.jpg HTTP/1.1" 404 1800
[2025-09-16 14:28:37,675] [basehttp.py:154] [basehttp:log_message] [WARNING]- "GET /media/DeviceLNV/Device/2049.jpg HTTP/1.1" 404 1803
[2025-09-16 14:28:37,679] [log.py:228] [log:log_response] [WARNING]- Not Found: /media/DeviceLNV/Device/1301.jpg
[2025-09-16 14:28:37,681] [log.py:228] [log:log_response] [WARNING]- Not Found: /media/DeviceLNV/Device/1298.jpg
[2025-09-16 14:28:37,694] [basehttp.py:154] [basehttp:log_message] [WARNING]- "GET /media/DeviceLNV/Device/1298.jpg HTTP/1.1" 404 1803
[2025-09-16 14:28:37,696] [log.py:228] [log:log_response] [WARNING]- Not Found: /media/DeviceLNV/Device/2050.jpg
[2025-09-16 14:28:37,697] [basehttp.py:154] [basehttp:log_message] [WARNING]- "GET /media/DeviceLNV/Device/2050.jpg HTTP/1.1" 404 1803
[2025-09-16 14:28:37,712] [basehttp.py:154] [basehttp:log_message] [WARNING]- "GET /media/DeviceLNV/Device/1301.jpg HTTP/1.1" 404 1803
[2025-09-16 14:28:37,726] [log.py:228] [log:log_response] [WARNING]- Not Found: /media/DeviceLNV/Device/259.jpg
[2025-09-16 14:28:37,730] [basehttp.py:154] [basehttp:log_message] [WARNING]- "GET /media/DeviceLNV/Device/259.jpg HTTP/1.1" 404 1800
[2025-09-16 14:28:37,733] [log.py:228] [log:log_response] [WARNING]- Not Found: /media/DeviceLNV/Device/260.jpg
[2025-09-16 14:28:37,738] [log.py:228] [log:log_response] [WARNING]- Not Found: /media/DeviceLNV/Device/1383.jpg
[2025-09-16 14:28:37,744] [basehttp.py:154] [basehttp:log_message] [WARNING]- "GET /media/DeviceLNV/Device/260.jpg HTTP/1.1" 404 1800
[2025-09-16 14:28:37,744] [basehttp.py:154] [basehttp:log_message] [WARNING]- "GET /media/DeviceLNV/Device/1383.jpg HTTP/1.1" 404 1803
[2025-09-16 14:28:37,750] [log.py:228] [log:log_response] [WARNING]- Not Found: /media/DeviceLNV/Device/1294.jpg
[2025-09-16 14:28:37,756] [log.py:228] [log:log_response] [WARNING]- Not Found: /media/DeviceLNV/Device/1296.jpg
[2025-09-16 14:28:37,758] [log.py:228] [log:log_response] [WARNING]- Not Found: /media/DeviceLNV/Device/1297.jpg
[2025-09-16 14:28:37,759] [basehttp.py:154] [basehttp:log_message] [WARNING]- "GET /media/DeviceLNV/Device/1294.jpg HTTP/1.1" 404 1803
[2025-09-16 14:28:37,760] [basehttp.py:154] [basehttp:log_message] [WARNING]- "GET /media/DeviceLNV/Device/1296.jpg HTTP/1.1" 404 1803
[2025-09-16 14:28:37,760] [basehttp.py:154] [basehttp:log_message] [WARNING]- "GET /media/DeviceLNV/Device/1297.jpg HTTP/1.1" 404 1803
[2025-09-16 14:28:37,777] [log.py:228] [log:log_response] [WARNING]- Not Found: /media/DeviceLNV/Device/1302.jpg
[2025-09-16 14:28:37,782] [basehttp.py:154] [basehttp:log_message] [WARNING]- "GET /media/DeviceLNV/Device/1302.jpg HTTP/1.1" 404 1803
[2025-09-16 14:28:37,787] [log.py:228] [log:log_response] [WARNING]- Not Found: /media/DeviceLNV/Device/1934.jpg
[2025-09-16 14:28:37,794] [log.py:228] [log:log_response] [WARNING]- Not Found: /media/DeviceLNV/Device/223.jpg
[2025-09-16 14:28:37,795] [basehttp.py:154] [basehttp:log_message] [WARNING]- "GET /media/DeviceLNV/Device/1934.jpg HTTP/1.1" 404 1803
[2025-09-16 14:28:37,797] [basehttp.py:154] [basehttp:log_message] [WARNING]- "GET /media/DeviceLNV/Device/223.jpg HTTP/1.1" 404 1800
[2025-09-16 14:28:37,801] [log.py:228] [log:log_response] [WARNING]- Not Found: /media/DeviceLNV/Device/1460.jpg
[2025-09-16 14:28:37,806] [log.py:228] [log:log_response] [WARNING]- Not Found: /media/DeviceLNV/Device/246.jpg
[2025-09-16 14:28:37,807] [basehttp.py:154] [basehttp:log_message] [WARNING]- "GET /media/DeviceLNV/Device/1460.jpg HTTP/1.1" 404 1803
[2025-09-16 14:28:37,811] [log.py:228] [log:log_response] [WARNING]- Not Found: /media/DeviceLNV/Device/2220.jpg
[2025-09-16 14:28:37,812] [basehttp.py:154] [basehttp:log_message] [WARNING]- "GET /media/DeviceLNV/Device/246.jpg HTTP/1.1" 404 1800
[2025-09-16 14:28:37,816] [basehttp.py:154] [basehttp:log_message] [WARNING]- "GET /media/DeviceLNV/Device/2220.jpg HTTP/1.1" 404 1803
[2025-09-16 14:28:37,824] [log.py:228] [log:log_response] [WARNING]- Not Found: /media/DeviceLNV/Device/242.jpg
[2025-09-16 14:28:37,830] [log.py:228] [log:log_response] [WARNING]- Not Found: /media/DeviceLNV/Device/248.jpg
[2025-09-16 14:28:37,830] [basehttp.py:154] [basehttp:log_message] [WARNING]- "GET /media/DeviceLNV/Device/242.jpg HTTP/1.1" 404 1800
[2025-09-16 14:28:37,835] [basehttp.py:154] [basehttp:log_message] [WARNING]- "GET /media/DeviceLNV/Device/248.jpg HTTP/1.1" 404 1800
[2025-09-16 14:28:37,843] [log.py:228] [log:log_response] [WARNING]- Not Found: /media/DeviceLNV/Device/251.jpg
[2025-09-16 14:28:37,847] [log.py:228] [log:log_response] [WARNING]- Not Found: /media/DeviceLNV/Device/252.jpg
[2025-09-16 14:28:37,851] [log.py:228] [log:log_response] [WARNING]- Not Found: /media/DeviceLNV/Device/243.jpg
[2025-09-16 14:28:37,855] [log.py:228] [log:log_response] [WARNING]- Not Found: /media/DeviceLNV/Device/250.jpg
[2025-09-16 14:28:37,858] [log.py:228] [log:log_response] [WARNING]- Not Found: /media/DeviceLNV/Device/254.jpg
[2025-09-16 14:28:37,868] [basehttp.py:154] [basehttp:log_message] [WARNING]- "GET /media/DeviceLNV/Device/250.jpg HTTP/1.1" 404 1800
[2025-09-16 14:28:37,868] [basehttp.py:154] [basehttp:log_message] [WARNING]- "GET /media/DeviceLNV/Device/243.jpg HTTP/1.1" 404 1800
[2025-09-16 14:28:37,869] [basehttp.py:154] [basehttp:log_message] [WARNING]- "GET /media/DeviceLNV/Device/252.jpg HTTP/1.1" 404 1800
[2025-09-16 14:28:37,869] [basehttp.py:154] [basehttp:log_message] [WARNING]- "GET /media/DeviceLNV/Device/251.jpg HTTP/1.1" 404 1800
[2025-09-16 14:28:37,869] [basehttp.py:154] [basehttp:log_message] [WARNING]- "GET /media/DeviceLNV/Device/254.jpg HTTP/1.1" 404 1800
[2025-09-16 14:28:37,935] [log.py:228] [log:log_response] [WARNING]- Not Found: /media/DeviceLNV/Device/1065.jpg
[2025-09-16 14:28:37,942] [basehttp.py:154] [basehttp:log_message] [WARNING]- "GET /media/DeviceLNV/Device/1065.jpg HTTP/1.1" 404 1803
[2025-09-16 14:28:37,955] [log.py:228] [log:log_response] [WARNING]- Not Found: /media/DeviceLNV/Device/1492.jpg
[2025-09-16 14:28:37,964] [log.py:228] [log:log_response] [WARNING]- Not Found: /media/DeviceLNV/Device/1046.jpg
[2025-09-16 14:28:37,966] [basehttp.py:154] [basehttp:log_message] [WARNING]- "GET /media/DeviceLNV/Device/1046.jpg HTTP/1.1" 404 1803
[2025-09-16 14:28:37,968] [basehttp.py:154] [basehttp:log_message] [WARNING]- "GET /media/DeviceLNV/Device/1492.jpg HTTP/1.1" 404 1803
[2025-09-16 14:28:37,968] [log.py:228] [log:log_response] [WARNING]- Not Found: /media/DeviceLNV/Device/316.jpg
[2025-09-16 14:28:37,979] [log.py:228] [log:log_response] [WARNING]- Not Found: /media/DeviceLNV/Device/334.jpg
[2025-09-16 14:28:37,980] [log.py:228] [log:log_response] [WARNING]- Not Found: /media/DeviceLNV/Device/331.jpg
[2025-09-16 14:28:37,982] [basehttp.py:154] [basehttp:log_message] [WARNING]- "GET /media/DeviceLNV/Device/316.jpg HTTP/1.1" 404 1800
[2025-09-16 14:28:37,993] [basehttp.py:154] [basehttp:log_message] [WARNING]- "GET /media/DeviceLNV/Device/334.jpg HTTP/1.1" 404 1800
[2025-09-16 14:28:37,995] [basehttp.py:154] [basehttp:log_message] [WARNING]- "GET /media/DeviceLNV/Device/331.jpg HTTP/1.1" 404 1800
[2025-09-16 14:28:37,996] [log.py:228] [log:log_response] [WARNING]- Not Found: /media/DeviceLNV/Device/317.jpg
[2025-09-16 14:28:38,007] [basehttp.py:154] [basehttp:log_message] [WARNING]- "GET /media/DeviceLNV/Device/317.jpg HTTP/1.1" 404 1800
[2025-09-16 14:28:38,033] [log.py:228] [log:log_response] [WARNING]- Not Found: /media/DeviceLNV/Device/319.jpg
[2025-09-16 14:28:38,035] [basehttp.py:154] [basehttp:log_message] [WARNING]- "GET /media/DeviceLNV/Device/319.jpg HTTP/1.1" 404 1800
[2025-09-16 14:28:38,039] [log.py:228] [log:log_response] [WARNING]- Not Found: /media/DeviceLNV/Device/344.jpg
[2025-09-16 14:28:38,049] [basehttp.py:154] [basehttp:log_message] [WARNING]- "GET /media/DeviceLNV/Device/344.jpg HTTP/1.1" 404 1800
[2025-09-16 14:28:38,058] [log.py:228] [log:log_response] [WARNING]- Not Found: /media/DeviceLNV/Device/341.jpg
[2025-09-16 14:28:38,069] [basehttp.py:154] [basehttp:log_message] [WARNING]- "GET /media/DeviceLNV/Device/341.jpg HTTP/1.1" 404 1800
[2025-09-16 14:28:38,073] [log.py:228] [log:log_response] [WARNING]- Not Found: /media/DeviceLNV/Device/322.jpg
[2025-09-16 14:28:38,085] [log.py:228] [log:log_response] [WARNING]- Not Found: /media/DeviceLNV/Device/345.jpg
[2025-09-16 14:28:38,086] [basehttp.py:154] [basehttp:log_message] [WARNING]- "GET /media/DeviceLNV/Device/322.jpg HTTP/1.1" 404 1800
[2025-09-16 14:28:38,088] [log.py:228] [log:log_response] [WARNING]- Not Found: /media/DeviceLNV/Device/1066.jpg
[2025-09-16 14:28:38,088] [basehttp.py:154] [basehttp:log_message] [WARNING]- "GET /media/DeviceLNV/Device/345.jpg HTTP/1.1" 404 1800
[2025-09-16 14:28:38,094] [basehttp.py:154] [basehttp:log_message] [WARNING]- "GET /media/DeviceLNV/Device/1066.jpg HTTP/1.1" 404 1803
[2025-09-16 14:28:38,095] [log.py:228] [log:log_response] [WARNING]- Not Found: /media/DeviceLNV/Device/337.jpg
[2025-09-16 14:28:38,108] [basehttp.py:154] [basehttp:log_message] [WARNING]- "GET /media/DeviceLNV/Device/337.jpg HTTP/1.1" 404 1800
[2025-09-16 14:28:38,119] [log.py:228] [log:log_response] [WARNING]- Not Found: /media/DeviceLNV/Device/332.jpg
[2025-09-16 14:28:38,120] [log.py:228] [log:log_response] [WARNING]- Not Found: /media/DeviceLNV/Device/1178.jpg
[2025-09-16 14:28:38,124] [basehttp.py:154] [basehttp:log_message] [WARNING]- "GET /media/DeviceLNV/Device/332.jpg HTTP/1.1" 404 1800
[2025-09-16 14:28:38,124] [basehttp.py:154] [basehttp:log_message] [WARNING]- "GET /media/DeviceLNV/Device/1178.jpg HTTP/1.1" 404 1803
[2025-09-16 14:28:38,142] [log.py:228] [log:log_response] [WARNING]- Not Found: /media/DeviceLNV/Device/326.jpg
[2025-09-16 14:28:38,144] [basehttp.py:154] [basehttp:log_message] [WARNING]- "GET /media/DeviceLNV/Device/326.jpg HTTP/1.1" 404 1800
[2025-09-16 14:28:38,149] [log.py:228] [log:log_response] [WARNING]- Not Found: /media/DeviceLNV/Device/327.jpg
[2025-09-16 14:28:38,155] [log.py:228] [log:log_response] [WARNING]- Not Found: /media/DeviceLNV/Device/324.jpg
[2025-09-16 14:28:38,156] [basehttp.py:154] [basehttp:log_message] [WARNING]- "GET /media/DeviceLNV/Device/327.jpg HTTP/1.1" 404 1800
[2025-09-16 14:28:38,156] [basehttp.py:154] [basehttp:log_message] [WARNING]- "GET /media/DeviceLNV/Device/324.jpg HTTP/1.1" 404 1800
[2025-09-16 14:28:38,158] [log.py:228] [log:log_response] [WARNING]- Not Found: /media/DeviceLNV/Device/1179.jpg
[2025-09-16 14:28:38,165] [log.py:228] [log:log_response] [WARNING]- Not Found: /media/DeviceLNV/Device/321.jpg
[2025-09-16 14:28:38,165] [basehttp.py:154] [basehttp:log_message] [WARNING]- "GET /media/DeviceLNV/Device/1179.jpg HTTP/1.1" 404 1803
[2025-09-16 14:28:38,171] [basehttp.py:154] [basehttp:log_message] [WARNING]- "GET /media/DeviceLNV/Device/321.jpg HTTP/1.1" 404 1800
[2025-09-16 14:28:38,171] [log.py:228] [log:log_response] [WARNING]- Not Found: /media/DeviceLNV/Device/283.jpg
[2025-09-16 14:28:38,174] [basehttp.py:154] [basehttp:log_message] [WARNING]- "GET /media/DeviceLNV/Device/283.jpg HTTP/1.1" 404 1800
[2025-09-16 14:28:38,181] [log.py:228] [log:log_response] [WARNING]- Not Found: /media/DeviceLNV/Device/292.jpg
[2025-09-16 14:28:38,185] [basehttp.py:154] [basehttp:log_message] [WARNING]- "GET /media/DeviceLNV/Device/292.jpg HTTP/1.1" 404 1800
[2025-09-16 14:28:38,195] [log.py:228] [log:log_response] [WARNING]- Not Found: /media/DeviceLNV/Device/294.jpg
[2025-09-16 14:28:38,199] [log.py:228] [log:log_response] [WARNING]- Not Found: /media/DeviceLNV/Device/286.jpg
[2025-09-16 14:28:38,203] [basehttp.py:154] [basehttp:log_message] [WARNING]- "GET /media/DeviceLNV/Device/294.jpg HTTP/1.1" 404 1800
[2025-09-16 14:28:38,204] [log.py:228] [log:log_response] [WARNING]- Not Found: /media/DeviceLNV/Device/1550.jpg
[2025-09-16 14:28:38,205] [basehttp.py:154] [basehttp:log_message] [WARNING]- "GET /media/DeviceLNV/Device/286.jpg HTTP/1.1" 404 1800
[2025-09-16 14:28:38,208] [basehttp.py:154] [basehttp:log_message] [WARNING]- "GET /media/DeviceLNV/Device/1550.jpg HTTP/1.1" 404 1803
[2025-09-16 14:28:38,208] [log.py:228] [log:log_response] [WARNING]- Not Found: /media/DeviceLNV/Device/1551.jpg
[2025-09-16 14:28:38,218] [log.py:228] [log:log_response] [WARNING]- Not Found: /media/DeviceLNV/Device/375.jpg
[2025-09-16 14:28:38,221] [basehttp.py:154] [basehttp:log_message] [WARNING]- "GET /media/DeviceLNV/Device/1551.jpg HTTP/1.1" 404 1803
[2025-09-16 14:28:38,225] [basehttp.py:154] [basehttp:log_message] [WARNING]- "GET /media/DeviceLNV/Device/375.jpg HTTP/1.1" 404 1800
[2025-09-16 14:28:38,228] [log.py:228] [log:log_response] [WARNING]- Not Found: /media/DeviceLNV/Device/1553.jpg
[2025-09-16 14:28:38,234] [basehttp.py:154] [basehttp:log_message] [WARNING]- "GET /media/DeviceLNV/Device/1553.jpg HTTP/1.1" 404 1803
[2025-09-16 14:28:38,250] [log.py:228] [log:log_response] [WARNING]- Not Found: /media/DeviceLNV/Device/374.jpg
[2025-09-16 14:28:38,255] [log.py:228] [log:log_response] [WARNING]- Not Found: /media/DeviceLNV/Device/281.jpg
[2025-09-16 14:28:38,258] [log.py:228] [log:log_response] [WARNING]- Not Found: /media/DeviceLNV/Device/289.jpg
[2025-09-16 14:28:38,262] [log.py:228] [log:log_response] [WARNING]- Not Found: /media/DeviceLNV/Device/1044.jpg
[2025-09-16 14:28:38,266] [log.py:228] [log:log_response] [WARNING]- Not Found: /media/DeviceLNV/Device/373.jpg
[2025-09-16 14:28:38,270] [log.py:228] [log:log_response] [WARNING]- Not Found: /media/DeviceLNV/Device/1512.jpg
[2025-09-16 14:28:39,721] [basehttp.py:154] [basehttp:log_message] [WARNING]- "GET /media/DeviceLNV/Device/374.jpg HTTP/1.1" 404 1800
[2025-09-16 14:28:39,721] [basehttp.py:154] [basehttp:log_message] [WARNING]- "GET /media/DeviceLNV/Device/289.jpg HTTP/1.1" 404 1800
[2025-09-16 14:28:39,721] [basehttp.py:154] [basehttp:log_message] [WARNING]- "GET /media/DeviceLNV/Device/281.jpg HTTP/1.1" 404 1800
[2025-09-16 14:28:39,722] [basehttp.py:154] [basehttp:log_message] [WARNING]- "GET /media/DeviceLNV/Device/373.jpg HTTP/1.1" 404 1800
[2025-09-16 14:28:39,723] [basehttp.py:154] [basehttp:log_message] [WARNING]- "GET /media/DeviceLNV/Device/1044.jpg HTTP/1.1" 404 1803
[2025-09-16 14:28:39,723] [basehttp.py:154] [basehttp:log_message] [WARNING]- "GET /media/DeviceLNV/Device/1512.jpg HTTP/1.1" 404 1803
[2025-09-16 14:28:39,809] [log.py:228] [log:log_response] [WARNING]- Not Found: /media/DeviceLNV/Device/2047.jpg
[2025-09-16 14:28:39,815] [basehttp.py:154] [basehttp:log_message] [WARNING]- "GET /media/DeviceLNV/Device/2047.jpg HTTP/1.1" 404 1803
[2025-09-16 14:28:39,821] [log.py:228] [log:log_response] [WARNING]- Not Found: /media/DeviceLNV/Device/1552.jpg
[2025-09-16 14:28:39,827] [basehttp.py:154] [basehttp:log_message] [WARNING]- "GET /media/DeviceLNV/Device/1552.jpg HTTP/1.1" 404 1803
[2025-09-16 14:28:39,827] [log.py:228] [log:log_response] [WARNING]- Not Found: /media/DeviceLNV/Device/339.jpg
[2025-09-16 14:28:39,829] [log.py:228] [log:log_response] [WARNING]- Not Found: /media/DeviceLNV/Device/1461.jpg
[2025-09-16 14:28:39,832] [basehttp.py:154] [basehttp:log_message] [WARNING]- "GET /media/DeviceLNV/Device/1461.jpg HTTP/1.1" 404 1803
[2025-09-16 14:28:39,832] [log.py:228] [log:log_response] [WARNING]- Not Found: /media/DeviceLNV/Device/340.jpg
[2025-09-16 14:28:39,832] [basehttp.py:154] [basehttp:log_message] [WARNING]- "GET /media/DeviceLNV/Device/339.jpg HTTP/1.1" 404 1800
[2025-09-16 14:28:39,837] [log.py:228] [log:log_response] [WARNING]- Not Found: /media/DeviceLNV/Device/338.jpg
[2025-09-16 14:28:39,843] [basehttp.py:154] [basehttp:log_message] [WARNING]- "GET /media/DeviceLNV/Device/340.jpg HTTP/1.1" 404 1800
[2025-09-16 14:28:39,848] [basehttp.py:154] [basehttp:log_message] [WARNING]- "GET /media/DeviceLNV/Device/338.jpg HTTP/1.1" 404 1800
[2025-09-16 14:28:39,848] [log.py:228] [log:log_response] [WARNING]- Not Found: /media/DeviceLNV/Device/282.jpg
[2025-09-16 14:28:39,864] [basehttp.py:154] [basehttp:log_message] [WARNING]- "GET /media/DeviceLNV/Device/282.jpg HTTP/1.1" 404 1800
[2025-09-16 14:28:39,867] [log.py:228] [log:log_response] [WARNING]- Not Found: /media/DeviceLNV/Device/304.jpg
[2025-09-16 14:28:39,872] [basehttp.py:154] [basehttp:log_message] [WARNING]- "GET /media/DeviceLNV/Device/304.jpg HTTP/1.1" 404 1800
[2025-09-16 14:28:39,900] [log.py:228] [log:log_response] [WARNING]- Not Found: /media/DeviceLNV/Device/307.jpg
[2025-09-16 14:28:39,905] [basehttp.py:154] [basehttp:log_message] [WARNING]- "GET /media/DeviceLNV/Device/307.jpg HTTP/1.1" 404 1800
[2025-09-16 14:28:39,908] [log.py:228] [log:log_response] [WARNING]- Not Found: /media/DeviceLNV/Device/290.jpg
[2025-09-16 14:28:39,912] [log.py:228] [log:log_response] [WARNING]- Not Found: /media/DeviceLNV/Device/370.jpg
[2025-09-16 14:28:39,913] [basehttp.py:154] [basehttp:log_message] [WARNING]- "GET /media/DeviceLNV/Device/290.jpg HTTP/1.1" 404 1800
[2025-09-16 14:28:39,914] [basehttp.py:154] [basehttp:log_message] [WARNING]- "GET /media/DeviceLNV/Device/370.jpg HTTP/1.1" 404 1800
[2025-09-16 14:28:39,918] [log.py:228] [log:log_response] [WARNING]- Not Found: /media/DeviceLNV/Device/299.jpg
[2025-09-16 14:28:39,924] [log.py:228] [log:log_response] [WARNING]- Not Found: /media/DeviceLNV/Device/291.jpg
[2025-09-16 14:28:39,924] [basehttp.py:154] [basehttp:log_message] [WARNING]- "GET /media/DeviceLNV/Device/299.jpg HTTP/1.1" 404 1800
[2025-09-16 14:28:39,929] [log.py:228] [log:log_response] [WARNING]- Not Found: /media/DeviceLNV/Device/296.jpg
[2025-09-16 14:28:39,930] [basehttp.py:154] [basehttp:log_message] [WARNING]- "GET /media/DeviceLNV/Device/291.jpg HTTP/1.1" 404 1800
[2025-09-16 14:28:39,976] [basehttp.py:154] [basehttp:log_message] [WARNING]- "GET /media/DeviceLNV/Device/296.jpg HTTP/1.1" 404 1800
[2025-09-16 14:28:39,996] [log.py:228] [log:log_response] [WARNING]- Not Found: /media/DeviceLNV/Device/1177.jpg
[2025-09-16 14:28:40,003] [basehttp.py:154] [basehttp:log_message] [WARNING]- "GET /media/DeviceLNV/Device/1177.jpg HTTP/1.1" 404 1803
[2025-09-16 14:28:40,006] [log.py:228] [log:log_response] [WARNING]- Not Found: /media/DeviceLNV/Device/288.jpg
[2025-09-16 14:28:40,012] [log.py:228] [log:log_response] [WARNING]- Not Found: /media/DeviceLNV/Device/2129.jpg
[2025-09-16 14:28:40,014] [basehttp.py:154] [basehttp:log_message] [WARNING]- "GET /media/DeviceLNV/Device/288.jpg HTTP/1.1" 404 1800
[2025-09-16 14:28:40,018] [log.py:228] [log:log_response] [WARNING]- Not Found: /media/DeviceLNV/Device/305.jpg
[2025-09-16 14:28:40,019] [basehttp.py:154] [basehttp:log_message] [WARNING]- "GET /media/DeviceLNV/Device/2129.jpg HTTP/1.1" 404 1803
[2025-09-16 14:28:40,023] [log.py:228] [log:log_response] [WARNING]- Not Found: /media/DeviceLNV/Device/287.jpg
[2025-09-16 14:28:40,023] [basehttp.py:154] [basehttp:log_message] [WARNING]- "GET /media/DeviceLNV/Device/305.jpg HTTP/1.1" 404 1800
[2025-09-16 14:28:40,024] [basehttp.py:154] [basehttp:log_message] [WARNING]- "GET /media/DeviceLNV/Device/287.jpg HTTP/1.1" 404 1800
[2025-09-16 14:28:40,025] [log.py:228] [log:log_response] [WARNING]- Not Found: /media/DeviceLNV/Device/2128.jpg
[2025-09-16 14:28:40,029] [basehttp.py:154] [basehttp:log_message] [WARNING]- "GET /media/DeviceLNV/Device/2128.jpg HTTP/1.1" 404 1803
[2025-09-16 14:28:40,036] [log.py:228] [log:log_response] [WARNING]- Not Found: /media/DeviceLNV/Device/295.jpg
[2025-09-16 14:28:40,037] [basehttp.py:154] [basehttp:log_message] [WARNING]- "GET /media/DeviceLNV/Device/295.jpg HTTP/1.1" 404 1800
[2025-09-16 14:29:14,579] [basehttp.py:154] [basehttp:log_message] [INFO]- "GET /DeviceLNV/M_edit/ HTTP/1.1" 200 130685
[2025-09-16 14:29:14,875] [basehttp.py:154] [basehttp:log_message] [INFO]- "GET /favicon.ico HTTP/1.1" 200 36060
[2025-09-16 14:29:17,787] [UserIP.py:88] [UserIP:process_response] [INFO]- 2025-09-16 14:29:17: C1010S3/AnonymousUser/Cao.Edwin> None/EDWIN/bxbei > 127.0.0.1/127.0.0.1 > <WSGIRequest: POST '/DeviceLNV/M_edit/'>
[2025-09-16 14:29:17,800] [basehttp.py:154] [basehttp:log_message] [INFO]- "POST /DeviceLNV/M_edit/ HTTP/1.1" 200 37082
[2025-09-16 14:29:25,134] [UserIP.py:88] [UserIP:process_response] [INFO]- 2025-09-16 14:29:25: C1010S3/AnonymousUser/Cao.Edwin> None/EDWIN/bxbei > 127.0.0.1/127.0.0.1 > <WSGIRequest: POST '/DeviceLNV/M_edit/'>
[2025-09-16 14:29:25,159] [basehttp.py:154] [basehttp:log_message] [INFO]- "POST /DeviceLNV/M_edit/ HTTP/1.1" 200 2489957
[2025-09-16 14:29:25,701] [log.py:228] [log:log_response] [WARNING]- Not Found: /media/DeviceLNV/Device/257.jpg
[2025-09-16 14:29:25,705] [log.py:228] [log:log_response] [WARNING]- Not Found: /media/DeviceLNV/Zaihuo/257.jpg
[2025-09-16 14:29:25,706] [basehttp.py:154] [basehttp:log_message] [WARNING]- "GET /media/DeviceLNV/Device/257.jpg HTTP/1.1" 404 1800
[2025-09-16 14:29:25,709] [log.py:228] [log:log_response] [WARNING]- Not Found: /media/DeviceLNV/Zaihuo/2156.jpg
[2025-09-16 14:29:25,712] [basehttp.py:154] [basehttp:log_message] [WARNING]- "GET /media/DeviceLNV/Zaihuo/257.jpg HTTP/1.1" 404 1800
[2025-09-16 14:29:25,721] [basehttp.py:154] [basehttp:log_message] [WARNING]- "GET /media/DeviceLNV/Zaihuo/2156.jpg HTTP/1.1" 404 1803
[2025-09-16 14:29:25,722] [log.py:228] [log:log_response] [WARNING]- Not Found: /media/DeviceLNV/Device/233.jpg
[2025-09-16 14:29:25,731] [basehttp.py:154] [basehttp:log_message] [WARNING]- "GET /media/DeviceLNV/Device/233.jpg HTTP/1.1" 404 1800
[2025-09-16 14:29:25,731] [log.py:228] [log:log_response] [WARNING]- Not Found: /media/DeviceLNV/Zaihuo/233.jpg
[2025-09-16 14:29:25,735] [basehttp.py:154] [basehttp:log_message] [WARNING]- "GET /media/DeviceLNV/Zaihuo/233.jpg HTTP/1.1" 404 1800
[2025-09-16 14:29:25,741] [log.py:228] [log:log_response] [WARNING]- Not Found: /media/DeviceLNV/Zaihuo/1513.jpg
[2025-09-16 14:29:25,753] [basehttp.py:154] [basehttp:log_message] [WARNING]- "GET /media/DeviceLNV/Zaihuo/1513.jpg HTTP/1.1" 404 1803
[2025-09-16 14:29:25,754] [log.py:228] [log:log_response] [WARNING]- Not Found: /media/DeviceLNV/Device/258.jpg
[2025-09-16 14:29:25,758] [basehttp.py:154] [basehttp:log_message] [WARNING]- "GET /media/DeviceLNV/Device/258.jpg HTTP/1.1" 404 1800
[2025-09-16 14:29:25,761] [log.py:228] [log:log_response] [WARNING]- Not Found: /media/DeviceLNV/Zaihuo/258.jpg
[2025-09-16 14:29:25,773] [basehttp.py:154] [basehttp:log_message] [WARNING]- "GET /media/DeviceLNV/Zaihuo/258.jpg HTTP/1.1" 404 1800
[2025-09-16 14:29:25,787] [log.py:228] [log:log_response] [WARNING]- Not Found: /media/DeviceLNV/Device/2260.jpg
[2025-09-16 14:29:25,791] [basehttp.py:154] [basehttp:log_message] [WARNING]- "GET /media/DeviceLNV/Device/2260.jpg HTTP/1.1" 404 1803
[2025-09-16 14:29:25,794] [log.py:228] [log:log_response] [WARNING]- Not Found: /media/DeviceLNV/Device/244.jpg
[2025-09-16 14:29:25,797] [basehttp.py:154] [basehttp:log_message] [WARNING]- "GET /media/DeviceLNV/Device/244.jpg HTTP/1.1" 404 1800
[2025-09-16 14:29:25,814] [log.py:228] [log:log_response] [WARNING]- Not Found: /media/DeviceLNV/Zaihuo/2260.jpg
[2025-09-16 14:29:25,821] [log.py:228] [log:log_response] [WARNING]- Not Found: /media/DeviceLNV/Zaihuo/2214.jpg
[2025-09-16 14:29:25,822] [basehttp.py:154] [basehttp:log_message] [WARNING]- "GET /media/DeviceLNV/Zaihuo/2260.jpg HTTP/1.1" 404 1803
[2025-09-16 14:29:25,823] [basehttp.py:154] [basehttp:log_message] [WARNING]- "GET /media/DeviceLNV/Zaihuo/2214.jpg HTTP/1.1" 404 1803
[2025-09-16 14:29:25,828] [log.py:228] [log:log_response] [WARNING]- Not Found: /media/DeviceLNV/Zaihuo/244.jpg
[2025-09-16 14:29:25,832] [basehttp.py:154] [basehttp:log_message] [WARNING]- "GET /media/DeviceLNV/Zaihuo/244.jpg HTTP/1.1" 404 1800
[2025-09-16 14:29:25,833] [log.py:228] [log:log_response] [WARNING]- Not Found: /media/DeviceLNV/Zaihuo/202.jpg
[2025-09-16 14:29:25,833] [log.py:228] [log:log_response] [WARNING]- Not Found: /media/DeviceLNV/Device/2214.jpg
[2025-09-16 14:29:25,875] [basehttp.py:154] [basehttp:log_message] [WARNING]- "GET /media/DeviceLNV/Zaihuo/202.jpg HTTP/1.1" 404 1800
[2025-09-16 14:29:25,877] [basehttp.py:154] [basehttp:log_message] [WARNING]- "GET /media/DeviceLNV/Device/2214.jpg HTTP/1.1" 404 1803
[2025-09-16 14:29:25,881] [log.py:228] [log:log_response] [WARNING]- Not Found: /media/DeviceLNV/Device/202.jpg
[2025-09-16 14:29:25,896] [basehttp.py:154] [basehttp:log_message] [WARNING]- "GET /media/DeviceLNV/Device/202.jpg HTTP/1.1" 404 1800
[2025-09-16 14:29:25,903] [log.py:228] [log:log_response] [WARNING]- Not Found: /media/DeviceLNV/Zaihuo/1462.jpg
[2025-09-16 14:29:25,913] [log.py:228] [log:log_response] [WARNING]- Not Found: /media/DeviceLNV/Device/1462.jpg
[2025-09-16 14:29:25,913] [basehttp.py:154] [basehttp:log_message] [WARNING]- "GET /media/DeviceLNV/Zaihuo/1462.jpg HTTP/1.1" 404 1803
[2025-09-16 14:29:25,914] [log.py:228] [log:log_response] [WARNING]- Not Found: /media/DeviceLNV/Device/2218.jpg
[2025-09-16 14:29:25,916] [basehttp.py:154] [basehttp:log_message] [WARNING]- "GET /media/DeviceLNV/Device/1462.jpg HTTP/1.1" 404 1803
[2025-09-16 14:29:25,918] [basehttp.py:154] [basehttp:log_message] [WARNING]- "GET /media/DeviceLNV/Device/2218.jpg HTTP/1.1" 404 1803
[2025-09-16 14:29:25,919] [log.py:228] [log:log_response] [WARNING]- Not Found: /media/DeviceLNV/Device/253.jpg
[2025-09-16 14:29:25,928] [log.py:228] [log:log_response] [WARNING]- Not Found: /media/DeviceLNV/Zaihuo/2218.jpg
[2025-09-16 14:29:25,934] [basehttp.py:154] [basehttp:log_message] [WARNING]- "GET /media/DeviceLNV/Device/253.jpg HTTP/1.1" 404 1800
[2025-09-16 14:29:25,938] [basehttp.py:154] [basehttp:log_message] [WARNING]- "GET /media/DeviceLNV/Zaihuo/2218.jpg HTTP/1.1" 404 1803
[2025-09-16 14:29:25,959] [log.py:228] [log:log_response] [WARNING]- Not Found: /media/DeviceLNV/Device/261.jpg
[2025-09-16 14:29:25,961] [basehttp.py:154] [basehttp:log_message] [WARNING]- "GET /media/DeviceLNV/Device/261.jpg HTTP/1.1" 404 1800
[2025-09-16 14:29:25,962] [log.py:228] [log:log_response] [WARNING]- Not Found: /media/DeviceLNV/Device/1459.jpg
[2025-09-16 14:29:25,964] [basehttp.py:154] [basehttp:log_message] [INFO]- "GET /media/DeviceLNV/Zaihuo/253.jpg HTTP/1.1" 200 275671
[2025-09-16 14:29:25,965] [basehttp.py:154] [basehttp:log_message] [WARNING]- "GET /media/DeviceLNV/Device/1459.jpg HTTP/1.1" 404 1803
[2025-09-16 14:29:25,972] [log.py:228] [log:log_response] [WARNING]- Not Found: /media/DeviceLNV/Zaihuo/1459.jpg
[2025-09-16 14:29:25,973] [log.py:228] [log:log_response] [WARNING]- Not Found: /media/DeviceLNV/Device/262.jpg
[2025-09-16 14:29:25,978] [basehttp.py:154] [basehttp:log_message] [WARNING]- "GET /media/DeviceLNV/Zaihuo/1459.jpg HTTP/1.1" 404 1803
[2025-09-16 14:29:25,979] [log.py:228] [log:log_response] [WARNING]- Not Found: /media/DeviceLNV/Zaihuo/261.jpg
[2025-09-16 14:29:25,979] [basehttp.py:154] [basehttp:log_message] [WARNING]- "GET /media/DeviceLNV/Device/262.jpg HTTP/1.1" 404 1800
[2025-09-16 14:29:25,983] [basehttp.py:154] [basehttp:log_message] [WARNING]- "GET /media/DeviceLNV/Zaihuo/261.jpg HTTP/1.1" 404 1800
[2025-09-16 14:29:25,997] [log.py:228] [log:log_response] [WARNING]- Not Found: /media/DeviceLNV/Zaihuo/262.jpg
[2025-09-16 14:29:26,008] [basehttp.py:154] [basehttp:log_message] [WARNING]- "GET /media/DeviceLNV/Zaihuo/262.jpg HTTP/1.1" 404 1800
[2025-09-16 14:29:26,016] [log.py:228] [log:log_response] [WARNING]- Not Found: /media/DeviceLNV/Zaihuo/268.jpg
[2025-09-16 14:29:26,020] [basehttp.py:154] [basehttp:log_message] [WARNING]- "GET /media/DeviceLNV/Zaihuo/268.jpg HTTP/1.1" 404 1800
[2025-09-16 14:29:26,022] [log.py:228] [log:log_response] [WARNING]- Not Found: /media/DeviceLNV/Device/268.jpg
[2025-09-16 14:29:26,027] [log.py:228] [log:log_response] [WARNING]- Not Found: /media/DeviceLNV/Device/266.jpg
[2025-09-16 14:29:26,031] [log.py:228] [log:log_response] [WARNING]- Not Found: /media/DeviceLNV/Zaihuo/266.jpg
[2025-09-16 14:29:26,038] [log.py:228] [log:log_response] [WARNING]- Not Found: /media/DeviceLNV/Device/269.jpg
[2025-09-16 14:29:26,041] [log.py:228] [log:log_response] [WARNING]- Not Found: /media/DeviceLNV/Zaihuo/269.jpg
[2025-09-16 14:29:26,044] [log.py:228] [log:log_response] [WARNING]- Not Found: /media/DeviceLNV/Device/267.jpg
[2025-09-16 14:29:27,770] [basehttp.py:154] [basehttp:log_message] [WARNING]- "GET /media/DeviceLNV/Device/268.jpg HTTP/1.1" 404 1800
[2025-09-16 14:29:27,771] [basehttp.py:154] [basehttp:log_message] [WARNING]- "GET /media/DeviceLNV/Zaihuo/266.jpg HTTP/1.1" 404 1800
[2025-09-16 14:29:27,771] [basehttp.py:154] [basehttp:log_message] [WARNING]- "GET /media/DeviceLNV/Device/266.jpg HTTP/1.1" 404 1800
[2025-09-16 14:29:27,773] [basehttp.py:154] [basehttp:log_message] [WARNING]- "GET /media/DeviceLNV/Device/269.jpg HTTP/1.1" 404 1800
[2025-09-16 14:29:27,775] [basehttp.py:154] [basehttp:log_message] [WARNING]- "GET /media/DeviceLNV/Zaihuo/269.jpg HTTP/1.1" 404 1800
[2025-09-16 14:29:27,776] [basehttp.py:154] [basehttp:log_message] [WARNING]- "GET /media/DeviceLNV/Device/267.jpg HTTP/1.1" 404 1800
[2025-09-16 14:29:27,836] [log.py:228] [log:log_response] [WARNING]- Not Found: /media/DeviceLNV/Device/2098.jpg
[2025-09-16 14:29:27,846] [log.py:228] [log:log_response] [WARNING]- Not Found: /media/DeviceLNV/Device/2048.jpg
[2025-09-16 14:29:27,846] [basehttp.py:154] [basehttp:log_message] [WARNING]- "GET /media/DeviceLNV/Device/2098.jpg HTTP/1.1" 404 1803
[2025-09-16 14:29:27,851] [log.py:228] [log:log_response] [WARNING]- Not Found: /media/DeviceLNV/Zaihuo/1292.jpg
[2025-09-16 14:29:27,852] [basehttp.py:154] [basehttp:log_message] [WARNING]- "GET /media/DeviceLNV/Device/2048.jpg HTTP/1.1" 404 1803
[2025-09-16 14:29:27,853] [basehttp.py:154] [basehttp:log_message] [WARNING]- "GET /media/DeviceLNV/Zaihuo/1292.jpg HTTP/1.1" 404 1803
[2025-09-16 14:29:27,855] [log.py:228] [log:log_response] [WARNING]- Not Found: /media/DeviceLNV/Zaihuo/267.jpg
[2025-09-16 14:29:27,862] [basehttp.py:154] [basehttp:log_message] [WARNING]- "GET /media/DeviceLNV/Zaihuo/267.jpg HTTP/1.1" 404 1800
[2025-09-16 14:29:27,874] [log.py:228] [log:log_response] [WARNING]- Not Found: /media/DeviceLNV/Device/1292.jpg
[2025-09-16 14:29:27,875] [log.py:228] [log:log_response] [WARNING]- Not Found: /media/DeviceLNV/Zaihuo/2098.jpg
[2025-09-16 14:29:27,892] [basehttp.py:154] [basehttp:log_message] [WARNING]- "GET /media/DeviceLNV/Zaihuo/2098.jpg HTTP/1.1" 404 1803
[2025-09-16 14:29:27,894] [log.py:228] [log:log_response] [WARNING]- Not Found: /media/DeviceLNV/Zaihuo/2048.jpg
[2025-09-16 14:29:27,894] [basehttp.py:154] [basehttp:log_message] [WARNING]- "GET /media/DeviceLNV/Zaihuo/2048.jpg HTTP/1.1" 404 1803
[2025-09-16 14:29:27,895] [basehttp.py:154] [basehttp:log_message] [WARNING]- "GET /media/DeviceLNV/Device/1292.jpg HTTP/1.1" 404 1803
[2025-09-16 14:29:27,903] [log.py:228] [log:log_response] [WARNING]- Not Found: /media/DeviceLNV/Zaihuo/209.jpg
[2025-09-16 14:29:27,907] [basehttp.py:154] [basehttp:log_message] [WARNING]- "GET /media/DeviceLNV/Zaihuo/209.jpg HTTP/1.1" 404 1800
[2025-09-16 14:29:27,916] [log.py:228] [log:log_response] [WARNING]- Not Found: /media/DeviceLNV/Device/209.jpg
[2025-09-16 14:29:27,917] [basehttp.py:154] [basehttp:log_message] [WARNING]- "GET /media/DeviceLNV/Device/209.jpg HTTP/1.1" 404 1800
[2025-09-16 14:29:28,044] [log.py:228] [log:log_response] [WARNING]- Not Found: /media/DeviceLNV/Device/2216.jpg
[2025-09-16 14:29:28,049] [basehttp.py:154] [basehttp:log_message] [WARNING]- "GET /media/DeviceLNV/Device/2216.jpg HTTP/1.1" 404 1803
[2025-09-16 14:29:28,052] [log.py:228] [log:log_response] [WARNING]- Not Found: /media/DeviceLNV/Device/247.jpg
[2025-09-16 14:29:28,055] [basehttp.py:154] [basehttp:log_message] [WARNING]- "GET /media/DeviceLNV/Device/247.jpg HTTP/1.1" 404 1800
[2025-09-16 14:29:28,058] [log.py:228] [log:log_response] [WARNING]- Not Found: /media/DeviceLNV/Zaihuo/247.jpg
[2025-09-16 14:29:28,063] [log.py:228] [log:log_response] [WARNING]- Not Found: /media/DeviceLNV/Device/264.jpg
[2025-09-16 14:29:28,063] [basehttp.py:154] [basehttp:log_message] [WARNING]- "GET /media/DeviceLNV/Zaihuo/247.jpg HTTP/1.1" 404 1800
[2025-09-16 14:29:28,068] [basehttp.py:154] [basehttp:log_message] [WARNING]- "GET /media/DeviceLNV/Device/264.jpg HTTP/1.1" 404 1800
[2025-09-16 14:29:28,071] [log.py:228] [log:log_response] [WARNING]- Not Found: /media/DeviceLNV/Zaihuo/2216.jpg
[2025-09-16 14:29:28,073] [log.py:228] [log:log_response] [WARNING]- Not Found: /media/DeviceLNV/Zaihuo/264.jpg
[2025-09-16 14:29:28,078] [basehttp.py:154] [basehttp:log_message] [WARNING]- "GET /media/DeviceLNV/Zaihuo/2216.jpg HTTP/1.1" 404 1803
[2025-09-16 14:29:28,081] [basehttp.py:154] [basehttp:log_message] [WARNING]- "GET /media/DeviceLNV/Zaihuo/264.jpg HTTP/1.1" 404 1800
[2025-09-16 14:29:28,084] [log.py:228] [log:log_response] [WARNING]- Not Found: /media/DeviceLNV/Device/265.jpg
[2025-09-16 14:29:28,089] [basehttp.py:154] [basehttp:log_message] [WARNING]- "GET /media/DeviceLNV/Device/265.jpg HTTP/1.1" 404 1800
[2025-09-16 14:29:28,097] [log.py:228] [log:log_response] [WARNING]- Not Found: /media/DeviceLNV/Zaihuo/265.jpg
[2025-09-16 14:29:28,104] [basehttp.py:154] [basehttp:log_message] [WARNING]- "GET /media/DeviceLNV/Zaihuo/265.jpg HTTP/1.1" 404 1800
[2025-09-16 14:29:28,104] [log.py:228] [log:log_response] [WARNING]- Not Found: /media/DeviceLNV/Device/2217.jpg
[2025-09-16 14:29:28,108] [basehttp.py:154] [basehttp:log_message] [WARNING]- "GET /media/DeviceLNV/Device/2217.jpg HTTP/1.1" 404 1803
[2025-09-16 14:29:28,110] [log.py:228] [log:log_response] [WARNING]- Not Found: /media/DeviceLNV/Zaihuo/2217.jpg
[2025-09-16 14:29:28,116] [log.py:228] [log:log_response] [WARNING]- Not Found: /media/DeviceLNV/Device/228.jpg
[2025-09-16 14:29:28,118] [basehttp.py:154] [basehttp:log_message] [WARNING]- "GET /media/DeviceLNV/Zaihuo/2217.jpg HTTP/1.1" 404 1803
[2025-09-16 14:29:28,119] [basehttp.py:154] [basehttp:log_message] [WARNING]- "GET /media/DeviceLNV/Device/228.jpg HTTP/1.1" 404 1800
[2025-09-16 14:29:28,124] [log.py:228] [log:log_response] [WARNING]- Not Found: /media/DeviceLNV/Zaihuo/228.jpg
[2025-09-16 14:29:28,130] [log.py:228] [log:log_response] [WARNING]- Not Found: /media/DeviceLNV/Device/214.jpg
[2025-09-16 14:29:28,130] [basehttp.py:154] [basehttp:log_message] [WARNING]- "GET /media/DeviceLNV/Zaihuo/228.jpg HTTP/1.1" 404 1800
[2025-09-16 14:29:28,134] [basehttp.py:154] [basehttp:log_message] [WARNING]- "GET /media/DeviceLNV/Device/214.jpg HTTP/1.1" 404 1800
[2025-09-16 14:29:28,139] [log.py:228] [log:log_response] [WARNING]- Not Found: /media/DeviceLNV/Zaihuo/214.jpg
[2025-09-16 14:29:28,150] [basehttp.py:154] [basehttp:log_message] [WARNING]- "GET /media/DeviceLNV/Zaihuo/214.jpg HTTP/1.1" 404 1800
[2025-09-16 14:29:28,156] [log.py:228] [log:log_response] [WARNING]- Not Found: /media/DeviceLNV/Zaihuo/2049.jpg
[2025-09-16 14:29:28,161] [log.py:228] [log:log_response] [WARNING]- Not Found: /media/DeviceLNV/Device/2049.jpg
[2025-09-16 14:29:28,162] [basehttp.py:154] [basehttp:log_message] [WARNING]- "GET /media/DeviceLNV/Zaihuo/2049.jpg HTTP/1.1" 404 1803
[2025-09-16 14:29:28,162] [basehttp.py:154] [basehttp:log_message] [WARNING]- "GET /media/DeviceLNV/Device/2049.jpg HTTP/1.1" 404 1803
[2025-09-16 14:29:28,165] [log.py:228] [log:log_response] [WARNING]- Not Found: /media/DeviceLNV/Device/2050.jpg
[2025-09-16 14:29:28,173] [log.py:228] [log:log_response] [WARNING]- Not Found: /media/DeviceLNV/Device/1298.jpg
[2025-09-16 14:29:28,173] [basehttp.py:154] [basehttp:log_message] [WARNING]- "GET /media/DeviceLNV/Device/2050.jpg HTTP/1.1" 404 1803
[2025-09-16 14:29:28,175] [log.py:228] [log:log_response] [WARNING]- Not Found: /media/DeviceLNV/Zaihuo/2050.jpg
[2025-09-16 14:29:28,181] [log.py:228] [log:log_response] [WARNING]- Not Found: /media/DeviceLNV/Zaihuo/1298.jpg
[2025-09-16 14:29:28,184] [log.py:228] [log:log_response] [WARNING]- Not Found: /media/DeviceLNV/Zaihuo/1299.jpg
[2025-09-16 14:29:28,184] [log.py:228] [log:log_response] [WARNING]- Not Found: /media/DeviceLNV/Device/1299.jpg
[2025-09-16 14:29:29,612] [basehttp.py:154] [basehttp:log_message] [WARNING]- "GET /media/DeviceLNV/Device/1298.jpg HTTP/1.1" 404 1803
[2025-09-16 14:29:29,613] [basehttp.py:154] [basehttp:log_message] [WARNING]- "GET /media/DeviceLNV/Zaihuo/1298.jpg HTTP/1.1" 404 1803
[2025-09-16 14:29:29,623] [basehttp.py:154] [basehttp:log_message] [WARNING]- "GET /media/DeviceLNV/Device/1299.jpg HTTP/1.1" 404 1803
[2025-09-16 14:29:29,623] [basehttp.py:154] [basehttp:log_message] [WARNING]- "GET /media/DeviceLNV/Zaihuo/2050.jpg HTTP/1.1" 404 1803
[2025-09-16 14:29:29,626] [basehttp.py:154] [basehttp:log_message] [WARNING]- "GET /media/DeviceLNV/Zaihuo/1299.jpg HTTP/1.1" 404 1803
[2025-09-16 14:29:29,699] [log.py:228] [log:log_response] [WARNING]- Not Found: /media/DeviceLNV/Device/1301.jpg
[2025-09-16 14:29:29,703] [log.py:228] [log:log_response] [WARNING]- Not Found: /media/DeviceLNV/Device/1300.jpg
[2025-09-16 14:29:29,705] [basehttp.py:154] [basehttp:log_message] [WARNING]- "GET /media/DeviceLNV/Device/1301.jpg HTTP/1.1" 404 1803
[2025-09-16 14:29:29,706] [log.py:228] [log:log_response] [WARNING]- Not Found: /media/DeviceLNV/Zaihuo/227.jpg
[2025-09-16 14:29:29,706] [basehttp.py:154] [basehttp:log_message] [WARNING]- "GET /media/DeviceLNV/Device/1300.jpg HTTP/1.1" 404 1803
[2025-09-16 14:29:29,711] [log.py:228] [log:log_response] [WARNING]- Not Found: /media/DeviceLNV/Zaihuo/1300.jpg
[2025-09-16 14:29:29,711] [basehttp.py:154] [basehttp:log_message] [WARNING]- "GET /media/DeviceLNV/Zaihuo/227.jpg HTTP/1.1" 404 1800
[2025-09-16 14:29:29,717] [log.py:228] [log:log_response] [WARNING]- Not Found: /media/DeviceLNV/Zaihuo/1301.jpg
[2025-09-16 14:29:29,720] [log.py:228] [log:log_response] [WARNING]- Not Found: /media/DeviceLNV/Device/227.jpg
[2025-09-16 14:29:29,720] [basehttp.py:154] [basehttp:log_message] [WARNING]- "GET /media/DeviceLNV/Zaihuo/1300.jpg HTTP/1.1" 404 1803
[2025-09-16 14:29:29,720] [basehttp.py:154] [basehttp:log_message] [WARNING]- "GET /media/DeviceLNV/Zaihuo/1301.jpg HTTP/1.1" 404 1803
[2025-09-16 14:29:29,721] [basehttp.py:154] [basehttp:log_message] [WARNING]- "GET /media/DeviceLNV/Device/227.jpg HTTP/1.1" 404 1800
[2025-09-16 14:29:29,762] [log.py:228] [log:log_response] [WARNING]- Not Found: /media/DeviceLNV/Device/259.jpg
[2025-09-16 14:29:29,765] [basehttp.py:154] [basehttp:log_message] [WARNING]- "GET /media/DeviceLNV/Device/259.jpg HTTP/1.1" 404 1800
[2025-09-16 14:29:29,779] [log.py:228] [log:log_response] [WARNING]- Not Found: /media/DeviceLNV/Zaihuo/1383.jpg
[2025-09-16 14:29:29,780] [basehttp.py:154] [basehttp:log_message] [WARNING]- "GET /media/DeviceLNV/Zaihuo/1383.jpg HTTP/1.1" 404 1803
[2025-09-16 14:29:29,782] [log.py:228] [log:log_response] [WARNING]- Not Found: /media/DeviceLNV/Zaihuo/260.jpg
[2025-09-16 14:29:29,787] [basehttp.py:154] [basehttp:log_message] [WARNING]- "GET /media/DeviceLNV/Zaihuo/260.jpg HTTP/1.1" 404 1800
[2025-09-16 14:29:29,789] [log.py:228] [log:log_response] [WARNING]- Not Found: /media/DeviceLNV/Device/260.jpg
[2025-09-16 14:29:29,796] [log.py:228] [log:log_response] [WARNING]- Not Found: /media/DeviceLNV/Device/1383.jpg
[2025-09-16 14:29:29,796] [basehttp.py:154] [basehttp:log_message] [WARNING]- "GET /media/DeviceLNV/Device/260.jpg HTTP/1.1" 404 1800
[2025-09-16 14:29:29,798] [log.py:228] [log:log_response] [WARNING]- Not Found: /media/DeviceLNV/Zaihuo/259.jpg
[2025-09-16 14:29:29,798] [basehttp.py:154] [basehttp:log_message] [WARNING]- "GET /media/DeviceLNV/Device/1383.jpg HTTP/1.1" 404 1803
[2025-09-16 14:29:29,804] [basehttp.py:154] [basehttp:log_message] [WARNING]- "GET /media/DeviceLNV/Zaihuo/259.jpg HTTP/1.1" 404 1800
[2025-09-16 14:29:29,806] [log.py:228] [log:log_response] [WARNING]- Not Found: /media/DeviceLNV/Device/1294.jpg
[2025-09-16 14:29:29,822] [log.py:228] [log:log_response] [WARNING]- Not Found: /media/DeviceLNV/Zaihuo/1294.jpg
[2025-09-16 14:29:29,823] [basehttp.py:154] [basehttp:log_message] [WARNING]- "GET /media/DeviceLNV/Device/1294.jpg HTTP/1.1" 404 1803
[2025-09-16 14:29:29,824] [basehttp.py:154] [basehttp:log_message] [WARNING]- "GET /media/DeviceLNV/Zaihuo/1294.jpg HTTP/1.1" 404 1803
[2025-09-16 14:29:29,839] [log.py:228] [log:log_response] [WARNING]- Not Found: /media/DeviceLNV/Device/1295.jpg
[2025-09-16 14:29:29,853] [basehttp.py:154] [basehttp:log_message] [WARNING]- "GET /media/DeviceLNV/Device/1295.jpg HTTP/1.1" 404 1803
[2025-09-16 14:29:29,859] [log.py:228] [log:log_response] [WARNING]- Not Found: /media/DeviceLNV/Device/1296.jpg
[2025-09-16 14:29:29,860] [log.py:228] [log:log_response] [WARNING]- Not Found: /media/DeviceLNV/Zaihuo/1297.jpg
[2025-09-16 14:29:29,866] [log.py:228] [log:log_response] [WARNING]- Not Found: /media/DeviceLNV/Device/1297.jpg
[2025-09-16 14:29:29,867] [basehttp.py:154] [basehttp:log_message] [WARNING]- "GET /media/DeviceLNV/Zaihuo/1297.jpg HTTP/1.1" 404 1803
[2025-09-16 14:29:29,869] [basehttp.py:154] [basehttp:log_message] [WARNING]- "GET /media/DeviceLNV/Device/1297.jpg HTTP/1.1" 404 1803
[2025-09-16 14:29:29,877] [log.py:228] [log:log_response] [WARNING]- Not Found: /media/DeviceLNV/Zaihuo/1295.jpg
[2025-09-16 14:29:29,881] [basehttp.py:154] [basehttp:log_message] [WARNING]- "GET /media/DeviceLNV/Device/1296.jpg HTTP/1.1" 404 1803
[2025-09-16 14:29:29,890] [log.py:228] [log:log_response] [WARNING]- Not Found: /media/DeviceLNV/Zaihuo/1296.jpg
[2025-09-16 14:29:29,892] [basehttp.py:154] [basehttp:log_message] [WARNING]- "GET /media/DeviceLNV/Zaihuo/1296.jpg HTTP/1.1" 404 1803
[2025-09-16 14:29:29,896] [basehttp.py:154] [basehttp:log_message] [WARNING]- "GET /media/DeviceLNV/Zaihuo/1295.jpg HTTP/1.1" 404 1803
[2025-09-16 14:29:29,907] [log.py:228] [log:log_response] [WARNING]- Not Found: /media/DeviceLNV/Zaihuo/1302.jpg
[2025-09-16 14:29:29,922] [log.py:228] [log:log_response] [WARNING]- Not Found: /media/DeviceLNV/Device/223.jpg
[2025-09-16 14:29:29,923] [basehttp.py:154] [basehttp:log_message] [WARNING]- "GET /media/DeviceLNV/Zaihuo/1302.jpg HTTP/1.1" 404 1803
[2025-09-16 14:29:29,925] [basehttp.py:154] [basehttp:log_message] [WARNING]- "GET /media/DeviceLNV/Device/223.jpg HTTP/1.1" 404 1800
[2025-09-16 14:29:29,968] [log.py:228] [log:log_response] [WARNING]- Not Found: /media/DeviceLNV/Device/1302.jpg
[2025-09-16 14:29:29,971] [basehttp.py:154] [basehttp:log_message] [WARNING]- "GET /media/DeviceLNV/Device/1302.jpg HTTP/1.1" 404 1803
[2025-09-16 14:29:29,974] [log.py:228] [log:log_response] [WARNING]- Not Found: /media/DeviceLNV/Device/1934.jpg
[2025-09-16 14:29:29,979] [basehttp.py:154] [basehttp:log_message] [WARNING]- "GET /media/DeviceLNV/Device/1934.jpg HTTP/1.1" 404 1803
[2025-09-16 14:29:29,982] [log.py:228] [log:log_response] [WARNING]- Not Found: /media/DeviceLNV/Zaihuo/1934.jpg
[2025-09-16 14:29:29,984] [log.py:228] [log:log_response] [WARNING]- Not Found: /media/DeviceLNV/Zaihuo/223.jpg
[2025-09-16 14:29:29,985] [basehttp.py:154] [basehttp:log_message] [WARNING]- "GET /media/DeviceLNV/Zaihuo/1934.jpg HTTP/1.1" 404 1803
[2025-09-16 14:29:29,986] [basehttp.py:154] [basehttp:log_message] [WARNING]- "GET /media/DeviceLNV/Zaihuo/223.jpg HTTP/1.1" 404 1800
[2025-09-16 14:29:29,989] [log.py:228] [log:log_response] [WARNING]- Not Found: /media/DeviceLNV/Device/2220.jpg
[2025-09-16 14:29:29,997] [log.py:228] [log:log_response] [WARNING]- Not Found: /media/DeviceLNV/Zaihuo/2220.jpg
[2025-09-16 14:29:30,000] [basehttp.py:154] [basehttp:log_message] [WARNING]- "GET /media/DeviceLNV/Device/2220.jpg HTTP/1.1" 404 1803
[2025-09-16 14:29:30,004] [basehttp.py:154] [basehttp:log_message] [WARNING]- "GET /media/DeviceLNV/Zaihuo/2220.jpg HTTP/1.1" 404 1803
[2025-09-16 14:29:30,009] [log.py:228] [log:log_response] [WARNING]- Not Found: /media/DeviceLNV/Device/1460.jpg
[2025-09-16 14:29:30,015] [basehttp.py:154] [basehttp:log_message] [WARNING]- "GET /media/DeviceLNV/Device/1460.jpg HTTP/1.1" 404 1803
[2025-09-16 14:29:30,015] [log.py:228] [log:log_response] [WARNING]- Not Found: /media/DeviceLNV/Zaihuo/1460.jpg
[2025-09-16 14:29:30,027] [basehttp.py:154] [basehttp:log_message] [WARNING]- "GET /media/DeviceLNV/Zaihuo/1460.jpg HTTP/1.1" 404 1803
[2025-09-16 14:29:30,028] [log.py:228] [log:log_response] [WARNING]- Not Found: /media/DeviceLNV/Zaihuo/246.jpg
[2025-09-16 14:29:30,031] [log.py:228] [log:log_response] [WARNING]- Not Found: /media/DeviceLNV/Device/246.jpg
[2025-09-16 14:29:30,033] [basehttp.py:154] [basehttp:log_message] [WARNING]- "GET /media/DeviceLNV/Zaihuo/246.jpg HTTP/1.1" 404 1800
[2025-09-16 14:29:30,034] [basehttp.py:154] [basehttp:log_message] [WARNING]- "GET /media/DeviceLNV/Device/246.jpg HTTP/1.1" 404 1800
[2025-09-16 14:29:30,039] [log.py:228] [log:log_response] [WARNING]- Not Found: /media/DeviceLNV/Device/242.jpg
[2025-09-16 14:29:30,046] [basehttp.py:154] [basehttp:log_message] [WARNING]- "GET /media/DeviceLNV/Device/242.jpg HTTP/1.1" 404 1800
[2025-09-16 14:29:30,054] [log.py:228] [log:log_response] [WARNING]- Not Found: /media/DeviceLNV/Zaihuo/242.jpg
[2025-09-16 14:29:30,058] [basehttp.py:154] [basehttp:log_message] [WARNING]- "GET /media/DeviceLNV/Zaihuo/242.jpg HTTP/1.1" 404 1800
[2025-09-16 14:29:30,064] [log.py:228] [log:log_response] [WARNING]- Not Found: /media/DeviceLNV/Device/248.jpg
[2025-09-16 14:29:30,074] [basehttp.py:154] [basehttp:log_message] [WARNING]- "GET /media/DeviceLNV/Device/248.jpg HTTP/1.1" 404 1800
[2025-09-16 14:29:30,077] [log.py:228] [log:log_response] [WARNING]- Not Found: /media/DeviceLNV/Zaihuo/248.jpg
[2025-09-16 14:29:30,080] [log.py:228] [log:log_response] [WARNING]- Not Found: /media/DeviceLNV/Device/251.jpg
[2025-09-16 14:29:30,080] [basehttp.py:154] [basehttp:log_message] [WARNING]- "GET /media/DeviceLNV/Zaihuo/248.jpg HTTP/1.1" 404 1800
[2025-09-16 14:29:30,084] [basehttp.py:154] [basehttp:log_message] [WARNING]- "GET /media/DeviceLNV/Device/251.jpg HTTP/1.1" 404 1800
[2025-09-16 14:29:30,088] [log.py:228] [log:log_response] [WARNING]- Not Found: /media/DeviceLNV/Zaihuo/251.jpg
[2025-09-16 14:29:30,093] [basehttp.py:154] [basehttp:log_message] [WARNING]- "GET /media/DeviceLNV/Zaihuo/251.jpg HTTP/1.1" 404 1800
[2025-09-16 14:29:30,095] [log.py:228] [log:log_response] [WARNING]- Not Found: /media/DeviceLNV/Device/252.jpg
[2025-09-16 14:29:30,098] [log.py:228] [log:log_response] [WARNING]- Not Found: /media/DeviceLNV/Zaihuo/252.jpg
[2025-09-16 14:29:30,100] [basehttp.py:154] [basehttp:log_message] [WARNING]- "GET /media/DeviceLNV/Device/252.jpg HTTP/1.1" 404 1800
[2025-09-16 14:29:30,107] [log.py:228] [log:log_response] [WARNING]- Not Found: /media/DeviceLNV/Device/243.jpg
[2025-09-16 14:29:30,112] [log.py:228] [log:log_response] [WARNING]- Not Found: /media/DeviceLNV/Zaihuo/243.jpg
[2025-09-16 14:29:30,116] [log.py:228] [log:log_response] [WARNING]- Not Found: /media/DeviceLNV/Device/250.jpg
[2025-09-16 14:29:30,120] [log.py:228] [log:log_response] [WARNING]- Not Found: /media/DeviceLNV/Zaihuo/250.jpg
[2025-09-16 14:29:30,128] [basehttp.py:154] [basehttp:log_message] [WARNING]- "GET /media/DeviceLNV/Zaihuo/252.jpg HTTP/1.1" 404 1800
[2025-09-16 14:29:30,131] [basehttp.py:154] [basehttp:log_message] [WARNING]- "GET /media/DeviceLNV/Device/243.jpg HTTP/1.1" 404 1800
[2025-09-16 14:29:30,133] [basehttp.py:154] [basehttp:log_message] [WARNING]- "GET /media/DeviceLNV/Zaihuo/243.jpg HTTP/1.1" 404 1800
[2025-09-16 14:29:30,133] [basehttp.py:154] [basehttp:log_message] [WARNING]- "GET /media/DeviceLNV/Device/250.jpg HTTP/1.1" 404 1800
[2025-09-16 14:29:30,139] [basehttp.py:154] [basehttp:log_message] [WARNING]- "GET /media/DeviceLNV/Zaihuo/250.jpg HTTP/1.1" 404 1800
[2025-09-16 14:29:30,186] [log.py:228] [log:log_response] [WARNING]- Not Found: /media/DeviceLNV/Zaihuo/254.jpg
[2025-09-16 14:29:30,186] [basehttp.py:154] [basehttp:log_message] [WARNING]- "GET /media/DeviceLNV/Zaihuo/254.jpg HTTP/1.1" 404 1800
[2025-09-16 14:29:30,191] [log.py:228] [log:log_response] [WARNING]- Not Found: /media/DeviceLNV/Device/254.jpg
[2025-09-16 14:29:30,198] [basehttp.py:154] [basehttp:log_message] [WARNING]- "GET /media/DeviceLNV/Device/254.jpg HTTP/1.1" 404 1800
[2025-09-16 14:29:30,210] [log.py:228] [log:log_response] [WARNING]- Not Found: /media/DeviceLNV/Zaihuo/1065.jpg
[2025-09-16 14:29:30,213] [log.py:228] [log:log_response] [WARNING]- Not Found: /media/DeviceLNV/Device/1065.jpg
[2025-09-16 14:29:30,216] [basehttp.py:154] [basehttp:log_message] [WARNING]- "GET /media/DeviceLNV/Zaihuo/1065.jpg HTTP/1.1" 404 1803
[2025-09-16 14:29:30,217] [basehttp.py:154] [basehttp:log_message] [WARNING]- "GET /media/DeviceLNV/Device/1065.jpg HTTP/1.1" 404 1803
[2025-09-16 14:29:30,223] [log.py:228] [log:log_response] [WARNING]- Not Found: /media/DeviceLNV/Zaihuo/334.jpg
[2025-09-16 14:29:30,236] [basehttp.py:154] [basehttp:log_message] [WARNING]- "GET /media/DeviceLNV/Zaihuo/334.jpg HTTP/1.1" 404 1800
[2025-09-16 14:29:30,237] [log.py:228] [log:log_response] [WARNING]- Not Found: /media/DeviceLNV/Device/334.jpg
[2025-09-16 14:29:30,238] [basehttp.py:154] [basehttp:log_message] [WARNING]- "GET /media/DeviceLNV/Device/334.jpg HTTP/1.1" 404 1800
[2025-09-16 14:29:30,246] [log.py:228] [log:log_response] [WARNING]- Not Found: /media/DeviceLNV/Device/316.jpg
[2025-09-16 14:29:30,248] [log.py:228] [log:log_response] [WARNING]- Not Found: /media/DeviceLNV/Zaihuo/316.jpg
[2025-09-16 14:29:30,253] [basehttp.py:154] [basehttp:log_message] [WARNING]- "GET /media/DeviceLNV/Device/316.jpg HTTP/1.1" 404 1800
[2025-09-16 14:29:30,261] [basehttp.py:154] [basehttp:log_message] [WARNING]- "GET /media/DeviceLNV/Zaihuo/316.jpg HTTP/1.1" 404 1800
[2025-09-16 14:29:30,278] [log.py:228] [log:log_response] [WARNING]- Not Found: /media/DeviceLNV/Zaihuo/331.jpg
[2025-09-16 14:29:30,286] [log.py:228] [log:log_response] [WARNING]- Not Found: /media/DeviceLNV/Device/1046.jpg
[2025-09-16 14:29:30,291] [basehttp.py:154] [basehttp:log_message] [WARNING]- "GET /media/DeviceLNV/Zaihuo/331.jpg HTTP/1.1" 404 1800
[2025-09-16 14:29:30,294] [basehttp.py:154] [basehttp:log_message] [WARNING]- "GET /media/DeviceLNV/Device/1046.jpg HTTP/1.1" 404 1803
[2025-09-16 14:29:30,300] [log.py:228] [log:log_response] [WARNING]- Not Found: /media/DeviceLNV/Device/1492.jpg
[2025-09-16 14:29:30,302] [log.py:228] [log:log_response] [WARNING]- Not Found: /media/DeviceLNV/Device/331.jpg
[2025-09-16 14:29:30,307] [basehttp.py:154] [basehttp:log_message] [WARNING]- "GET /media/DeviceLNV/Device/1492.jpg HTTP/1.1" 404 1803
[2025-09-16 14:29:30,314] [basehttp.py:154] [basehttp:log_message] [WARNING]- "GET /media/DeviceLNV/Device/331.jpg HTTP/1.1" 404 1800
[2025-09-16 14:29:30,320] [log.py:228] [log:log_response] [WARNING]- Not Found: /media/DeviceLNV/Zaihuo/1492.jpg
[2025-09-16 14:29:30,329] [log.py:228] [log:log_response] [WARNING]- Not Found: /media/DeviceLNV/Zaihuo/1046.jpg
[2025-09-16 14:29:30,330] [basehttp.py:154] [basehttp:log_message] [WARNING]- "GET /media/DeviceLNV/Zaihuo/1046.jpg HTTP/1.1" 404 1803
[2025-09-16 14:29:30,331] [basehttp.py:154] [basehttp:log_message] [WARNING]- "GET /media/DeviceLNV/Zaihuo/1492.jpg HTTP/1.1" 404 1803
[2025-09-16 14:29:30,358] [log.py:228] [log:log_response] [WARNING]- Not Found: /media/DeviceLNV/Device/344.jpg
[2025-09-16 14:29:30,359] [log.py:228] [log:log_response] [WARNING]- Not Found: /media/DeviceLNV/Device/317.jpg
[2025-09-16 14:29:30,359] [basehttp.py:154] [basehttp:log_message] [WARNING]- "GET /media/DeviceLNV/Device/344.jpg HTTP/1.1" 404 1800
[2025-09-16 14:29:30,364] [basehttp.py:154] [basehttp:log_message] [WARNING]- "GET /media/DeviceLNV/Device/317.jpg HTTP/1.1" 404 1800
[2025-09-16 14:29:30,367] [log.py:228] [log:log_response] [WARNING]- Not Found: /media/DeviceLNV/Zaihuo/317.jpg
[2025-09-16 14:29:30,374] [basehttp.py:154] [basehttp:log_message] [WARNING]- "GET /media/DeviceLNV/Zaihuo/317.jpg HTTP/1.1" 404 1800
[2025-09-16 14:29:30,377] [log.py:228] [log:log_response] [WARNING]- Not Found: /media/DeviceLNV/Zaihuo/344.jpg
[2025-09-16 14:29:30,377] [log.py:228] [log:log_response] [WARNING]- Not Found: /media/DeviceLNV/Device/319.jpg
[2025-09-16 14:29:30,380] [basehttp.py:154] [basehttp:log_message] [WARNING]- "GET /media/DeviceLNV/Zaihuo/344.jpg HTTP/1.1" 404 1800
[2025-09-16 14:29:30,383] [basehttp.py:154] [basehttp:log_message] [WARNING]- "GET /media/DeviceLNV/Device/319.jpg HTTP/1.1" 404 1800
[2025-09-16 14:29:30,385] [log.py:228] [log:log_response] [WARNING]- Not Found: /media/DeviceLNV/Zaihuo/319.jpg
[2025-09-16 14:29:30,391] [basehttp.py:154] [basehttp:log_message] [WARNING]- "GET /media/DeviceLNV/Zaihuo/319.jpg HTTP/1.1" 404 1800
[2025-09-16 14:29:30,397] [log.py:228] [log:log_response] [WARNING]- Not Found: /media/DeviceLNV/Device/322.jpg
[2025-09-16 14:29:30,402] [log.py:228] [log:log_response] [WARNING]- Not Found: /media/DeviceLNV/Zaihuo/322.jpg
[2025-09-16 14:29:30,403] [basehttp.py:154] [basehttp:log_message] [WARNING]- "GET /media/DeviceLNV/Device/322.jpg HTTP/1.1" 404 1800
[2025-09-16 14:29:30,406] [basehttp.py:154] [basehttp:log_message] [WARNING]- "GET /media/DeviceLNV/Zaihuo/322.jpg HTTP/1.1" 404 1800
[2025-09-16 14:29:30,411] [log.py:228] [log:log_response] [WARNING]- Not Found: /media/DeviceLNV/Device/1066.jpg
[2025-09-16 14:29:30,417] [basehttp.py:154] [basehttp:log_message] [WARNING]- "GET /media/DeviceLNV/Device/1066.jpg HTTP/1.1" 404 1803
[2025-09-16 14:29:30,423] [log.py:228] [log:log_response] [WARNING]- Not Found: /media/DeviceLNV/Device/345.jpg
[2025-09-16 14:29:30,427] [log.py:228] [log:log_response] [WARNING]- Not Found: /media/DeviceLNV/Zaihuo/1066.jpg
[2025-09-16 14:29:30,430] [basehttp.py:154] [basehttp:log_message] [WARNING]- "GET /media/DeviceLNV/Device/345.jpg HTTP/1.1" 404 1800
[2025-09-16 14:29:30,433] [basehttp.py:154] [basehttp:log_message] [WARNING]- "GET /media/DeviceLNV/Zaihuo/1066.jpg HTTP/1.1" 404 1803
[2025-09-16 14:29:30,436] [log.py:228] [log:log_response] [WARNING]- Not Found: /media/DeviceLNV/Zaihuo/345.jpg
[2025-09-16 14:29:30,445] [basehttp.py:154] [basehttp:log_message] [WARNING]- "GET /media/DeviceLNV/Zaihuo/345.jpg HTTP/1.1" 404 1800
[2025-09-16 14:29:30,452] [log.py:228] [log:log_response] [WARNING]- Not Found: /media/DeviceLNV/Device/341.jpg
[2025-09-16 14:29:30,457] [basehttp.py:154] [basehttp:log_message] [WARNING]- "GET /media/DeviceLNV/Device/341.jpg HTTP/1.1" 404 1800
[2025-09-16 14:29:30,461] [log.py:228] [log:log_response] [WARNING]- Not Found: /media/DeviceLNV/Zaihuo/341.jpg
[2025-09-16 14:29:30,466] [basehttp.py:154] [basehttp:log_message] [WARNING]- "GET /media/DeviceLNV/Zaihuo/341.jpg HTTP/1.1" 404 1800
[2025-09-16 14:29:30,467] [log.py:228] [log:log_response] [WARNING]- Not Found: /media/DeviceLNV/Device/337.jpg
[2025-09-16 14:29:30,472] [log.py:228] [log:log_response] [WARNING]- Not Found: /media/DeviceLNV/Zaihuo/337.jpg
[2025-09-16 14:29:30,475] [basehttp.py:154] [basehttp:log_message] [WARNING]- "GET /media/DeviceLNV/Device/337.jpg HTTP/1.1" 404 1800
[2025-09-16 14:29:30,477] [basehttp.py:154] [basehttp:log_message] [WARNING]- "GET /media/DeviceLNV/Zaihuo/337.jpg HTTP/1.1" 404 1800
[2025-09-16 14:29:30,480] [log.py:228] [log:log_response] [WARNING]- Not Found: /media/DeviceLNV/Device/332.jpg
[2025-09-16 14:29:30,489] [basehttp.py:154] [basehttp:log_message] [WARNING]- "GET /media/DeviceLNV/Device/332.jpg HTTP/1.1" 404 1800
[2025-09-16 14:29:30,491] [log.py:228] [log:log_response] [WARNING]- Not Found: /media/DeviceLNV/Zaihuo/332.jpg
[2025-09-16 14:29:30,497] [log.py:228] [log:log_response] [WARNING]- Not Found: /media/DeviceLNV/Device/1178.jpg
[2025-09-16 14:29:30,504] [log.py:228] [log:log_response] [WARNING]- Not Found: /media/DeviceLNV/Zaihuo/1178.jpg
[2025-09-16 14:29:30,507] [log.py:228] [log:log_response] [WARNING]- Not Found: /media/DeviceLNV/Device/326.jpg
[2025-09-16 14:29:30,510] [log.py:228] [log:log_response] [WARNING]- Not Found: /media/DeviceLNV/Zaihuo/326.jpg
[2025-09-16 14:29:31,921] [basehttp.py:154] [basehttp:log_message] [WARNING]- "GET /media/DeviceLNV/Device/1178.jpg HTTP/1.1" 404 1803
[2025-09-16 14:29:31,922] [basehttp.py:154] [basehttp:log_message] [WARNING]- "GET /media/DeviceLNV/Zaihuo/332.jpg HTTP/1.1" 404 1800
[2025-09-16 14:29:31,922] [basehttp.py:154] [basehttp:log_message] [WARNING]- "GET /media/DeviceLNV/Zaihuo/1178.jpg HTTP/1.1" 404 1803
[2025-09-16 14:29:31,922] [basehttp.py:154] [basehttp:log_message] [WARNING]- "GET /media/DeviceLNV/Device/326.jpg HTTP/1.1" 404 1800
[2025-09-16 14:29:31,923] [basehttp.py:154] [basehttp:log_message] [WARNING]- "GET /media/DeviceLNV/Zaihuo/326.jpg HTTP/1.1" 404 1800
[2025-09-16 14:29:31,980] [log.py:228] [log:log_response] [WARNING]- Not Found: /media/DeviceLNV/Zaihuo/1179.jpg
[2025-09-16 14:29:31,984] [log.py:228] [log:log_response] [WARNING]- Not Found: /media/DeviceLNV/Device/324.jpg
[2025-09-16 14:29:31,985] [basehttp.py:154] [basehttp:log_message] [WARNING]- "GET /media/DeviceLNV/Zaihuo/1179.jpg HTTP/1.1" 404 1803
[2025-09-16 14:29:31,985] [basehttp.py:154] [basehttp:log_message] [WARNING]- "GET /media/DeviceLNV/Device/324.jpg HTTP/1.1" 404 1800
[2025-09-16 14:29:31,987] [log.py:228] [log:log_response] [WARNING]- Not Found: /media/DeviceLNV/Device/1179.jpg
[2025-09-16 14:29:31,990] [basehttp.py:154] [basehttp:log_message] [WARNING]- "GET /media/DeviceLNV/Device/1179.jpg HTTP/1.1" 404 1803
[2025-09-16 14:29:31,995] [log.py:228] [log:log_response] [WARNING]- Not Found: /media/DeviceLNV/Device/327.jpg
[2025-09-16 14:29:31,996] [log.py:228] [log:log_response] [WARNING]- Not Found: /media/DeviceLNV/Zaihuo/327.jpg
[2025-09-16 14:29:32,000] [basehttp.py:154] [basehttp:log_message] [WARNING]- "GET /media/DeviceLNV/Zaihuo/327.jpg HTTP/1.1" 404 1800
[2025-09-16 14:29:32,002] [basehttp.py:154] [basehttp:log_message] [WARNING]- "GET /media/DeviceLNV/Device/327.jpg HTTP/1.1" 404 1800
[2025-09-16 14:29:32,006] [log.py:228] [log:log_response] [WARNING]- Not Found: /media/DeviceLNV/Zaihuo/324.jpg
[2025-09-16 14:29:32,013] [basehttp.py:154] [basehttp:log_message] [WARNING]- "GET /media/DeviceLNV/Zaihuo/324.jpg HTTP/1.1" 404 1800
[2025-09-16 14:29:32,038] [log.py:228] [log:log_response] [WARNING]- Not Found: /media/DeviceLNV/Zaihuo/321.jpg
[2025-09-16 14:29:32,041] [basehttp.py:154] [basehttp:log_message] [WARNING]- "GET /media/DeviceLNV/Zaihuo/321.jpg HTTP/1.1" 404 1800
[2025-09-16 14:29:32,064] [log.py:228] [log:log_response] [WARNING]- Not Found: /media/DeviceLNV/Device/321.jpg
[2025-09-16 14:29:32,073] [log.py:228] [log:log_response] [WARNING]- Not Found: /media/DeviceLNV/Device/283.jpg
[2025-09-16 14:29:32,077] [basehttp.py:154] [basehttp:log_message] [WARNING]- "GET /media/DeviceLNV/Device/321.jpg HTTP/1.1" 404 1800
[2025-09-16 14:29:32,078] [basehttp.py:154] [basehttp:log_message] [WARNING]- "GET /media/DeviceLNV/Device/283.jpg HTTP/1.1" 404 1800
[2025-09-16 14:29:32,078] [log.py:228] [log:log_response] [WARNING]- Not Found: /media/DeviceLNV/Zaihuo/292.jpg
[2025-09-16 14:29:32,082] [basehttp.py:154] [basehttp:log_message] [WARNING]- "GET /media/DeviceLNV/Zaihuo/292.jpg HTTP/1.1" 404 1800
[2025-09-16 14:29:32,086] [log.py:228] [log:log_response] [WARNING]- Not Found: /media/DeviceLNV/Device/292.jpg
[2025-09-16 14:29:32,093] [basehttp.py:154] [basehttp:log_message] [WARNING]- "GET /media/DeviceLNV/Device/292.jpg HTTP/1.1" 404 1800
[2025-09-16 14:29:32,095] [log.py:228] [log:log_response] [WARNING]- Not Found: /media/DeviceLNV/Zaihuo/283.jpg
[2025-09-16 14:29:32,098] [basehttp.py:154] [basehttp:log_message] [WARNING]- "GET /media/DeviceLNV/Zaihuo/283.jpg HTTP/1.1" 404 1800
[2025-09-16 14:29:32,099] [log.py:228] [log:log_response] [WARNING]- Not Found: /media/DeviceLNV/Device/294.jpg
[2025-09-16 14:29:32,108] [basehttp.py:154] [basehttp:log_message] [WARNING]- "GET /media/DeviceLNV/Device/294.jpg HTTP/1.1" 404 1800
[2025-09-16 14:29:32,119] [log.py:228] [log:log_response] [WARNING]- Not Found: /media/DeviceLNV/Zaihuo/294.jpg
[2025-09-16 14:29:32,133] [log.py:228] [log:log_response] [WARNING]- Not Found: /media/DeviceLNV/Device/286.jpg
[2025-09-16 14:29:32,134] [basehttp.py:154] [basehttp:log_message] [WARNING]- "GET /media/DeviceLNV/Zaihuo/294.jpg HTTP/1.1" 404 1800
[2025-09-16 14:29:32,135] [basehttp.py:154] [basehttp:log_message] [WARNING]- "GET /media/DeviceLNV/Device/286.jpg HTTP/1.1" 404 1800
[2025-09-16 14:29:32,137] [log.py:228] [log:log_response] [WARNING]- Not Found: /media/DeviceLNV/Zaihuo/286.jpg
[2025-09-16 14:29:32,144] [basehttp.py:154] [basehttp:log_message] [WARNING]- "GET /media/DeviceLNV/Zaihuo/286.jpg HTTP/1.1" 404 1800
[2025-09-16 14:29:32,164] [log.py:228] [log:log_response] [WARNING]- Not Found: /media/DeviceLNV/Device/1551.jpg
[2025-09-16 14:29:32,165] [log.py:228] [log:log_response] [WARNING]- Not Found: /media/DeviceLNV/Zaihuo/1550.jpg
[2025-09-16 14:29:32,167] [basehttp.py:154] [basehttp:log_message] [WARNING]- "GET /media/DeviceLNV/Device/1551.jpg HTTP/1.1" 404 1803
[2025-09-16 14:29:32,169] [basehttp.py:154] [basehttp:log_message] [WARNING]- "GET /media/DeviceLNV/Zaihuo/1550.jpg HTTP/1.1" 404 1803
[2025-09-16 14:29:32,188] [log.py:228] [log:log_response] [WARNING]- Not Found: /media/DeviceLNV/Device/1550.jpg
[2025-09-16 14:29:32,201] [log.py:228] [log:log_response] [WARNING]- Not Found: /media/DeviceLNV/Zaihuo/375.jpg
[2025-09-16 14:29:32,201] [basehttp.py:154] [basehttp:log_message] [WARNING]- "GET /media/DeviceLNV/Device/1550.jpg HTTP/1.1" 404 1803
[2025-09-16 14:29:32,207] [log.py:228] [log:log_response] [WARNING]- Not Found: /media/DeviceLNV/Zaihuo/1551.jpg
[2025-09-16 14:29:32,209] [basehttp.py:154] [basehttp:log_message] [WARNING]- "GET /media/DeviceLNV/Zaihuo/375.jpg HTTP/1.1" 404 1800
[2025-09-16 14:29:32,210] [basehttp.py:154] [basehttp:log_message] [WARNING]- "GET /media/DeviceLNV/Zaihuo/1551.jpg HTTP/1.1" 404 1803
[2025-09-16 14:29:32,223] [log.py:228] [log:log_response] [WARNING]- Not Found: /media/DeviceLNV/Device/375.jpg
[2025-09-16 14:29:32,224] [log.py:228] [log:log_response] [WARNING]- Not Found: /media/DeviceLNV/Device/1553.jpg
[2025-09-16 14:29:32,233] [basehttp.py:154] [basehttp:log_message] [WARNING]- "GET /media/DeviceLNV/Device/1553.jpg HTTP/1.1" 404 1803
[2025-09-16 14:29:32,237] [basehttp.py:154] [basehttp:log_message] [WARNING]- "GET /media/DeviceLNV/Device/375.jpg HTTP/1.1" 404 1800
[2025-09-16 14:29:32,248] [log.py:228] [log:log_response] [WARNING]- Not Found: /media/DeviceLNV/Zaihuo/1553.jpg
[2025-09-16 14:29:32,251] [log.py:228] [log:log_response] [WARNING]- Not Found: /media/DeviceLNV/Zaihuo/374.jpg
[2025-09-16 14:29:32,252] [basehttp.py:154] [basehttp:log_message] [WARNING]- "GET /media/DeviceLNV/Zaihuo/1553.jpg HTTP/1.1" 404 1803
[2025-09-16 14:29:32,255] [basehttp.py:154] [basehttp:log_message] [WARNING]- "GET /media/DeviceLNV/Zaihuo/374.jpg HTTP/1.1" 404 1800
[2025-09-16 14:29:32,255] [log.py:228] [log:log_response] [WARNING]- Not Found: /media/DeviceLNV/Device/374.jpg
[2025-09-16 14:29:32,268] [basehttp.py:154] [basehttp:log_message] [WARNING]- "GET /media/DeviceLNV/Device/374.jpg HTTP/1.1" 404 1800
[2025-09-16 14:29:32,269] [log.py:228] [log:log_response] [WARNING]- Not Found: /media/DeviceLNV/Zaihuo/281.jpg
[2025-09-16 14:29:32,278] [log.py:228] [log:log_response] [WARNING]- Not Found: /media/DeviceLNV/Device/281.jpg
[2025-09-16 14:29:32,279] [basehttp.py:154] [basehttp:log_message] [WARNING]- "GET /media/DeviceLNV/Zaihuo/281.jpg HTTP/1.1" 404 1800
[2025-09-16 14:29:32,282] [basehttp.py:154] [basehttp:log_message] [WARNING]- "GET /media/DeviceLNV/Device/281.jpg HTTP/1.1" 404 1800
[2025-09-16 14:29:32,385] [log.py:228] [log:log_response] [WARNING]- Not Found: /media/DeviceLNV/Device/1044.jpg
[2025-09-16 14:29:32,386] [basehttp.py:154] [basehttp:log_message] [WARNING]- "GET /media/DeviceLNV/Device/1044.jpg HTTP/1.1" 404 1803
[2025-09-16 14:29:32,387] [log.py:228] [log:log_response] [WARNING]- Not Found: /media/DeviceLNV/Device/289.jpg
[2025-09-16 14:29:32,389] [basehttp.py:154] [basehttp:log_message] [WARNING]- "GET /media/DeviceLNV/Device/289.jpg HTTP/1.1" 404 1800
[2025-09-16 14:29:32,391] [log.py:228] [log:log_response] [WARNING]- Not Found: /media/DeviceLNV/Zaihuo/1044.jpg
[2025-09-16 14:29:32,393] [basehttp.py:154] [basehttp:log_message] [WARNING]- "GET /media/DeviceLNV/Zaihuo/1044.jpg HTTP/1.1" 404 1803
[2025-09-16 14:29:32,398] [log.py:228] [log:log_response] [WARNING]- Not Found: /media/DeviceLNV/Zaihuo/289.jpg
[2025-09-16 14:29:32,403] [log.py:228] [log:log_response] [WARNING]- Not Found: /media/DeviceLNV/Device/373.jpg
[2025-09-16 14:29:32,404] [basehttp.py:154] [basehttp:log_message] [WARNING]- "GET /media/DeviceLNV/Zaihuo/289.jpg HTTP/1.1" 404 1800
[2025-09-16 14:29:32,410] [basehttp.py:154] [basehttp:log_message] [WARNING]- "GET /media/DeviceLNV/Device/373.jpg HTTP/1.1" 404 1800
[2025-09-16 14:29:32,415] [log.py:228] [log:log_response] [WARNING]- Not Found: /media/DeviceLNV/Zaihuo/373.jpg
[2025-09-16 14:29:32,421] [basehttp.py:154] [basehttp:log_message] [WARNING]- "GET /media/DeviceLNV/Zaihuo/373.jpg HTTP/1.1" 404 1800
[2025-09-16 14:29:32,437] [log.py:228] [log:log_response] [WARNING]- Not Found: /media/DeviceLNV/Device/1512.jpg
[2025-09-16 14:29:32,446] [basehttp.py:154] [basehttp:log_message] [WARNING]- "GET /media/DeviceLNV/Device/1512.jpg HTTP/1.1" 404 1803
[2025-09-16 14:29:32,450] [log.py:228] [log:log_response] [WARNING]- Not Found: /media/DeviceLNV/Zaihuo/1512.jpg
[2025-09-16 14:29:32,457] [basehttp.py:154] [basehttp:log_message] [WARNING]- "GET /media/DeviceLNV/Zaihuo/1512.jpg HTTP/1.1" 404 1803
[2025-09-16 14:29:32,469] [log.py:228] [log:log_response] [WARNING]- Not Found: /media/DeviceLNV/Device/1461.jpg
[2025-09-16 14:29:32,471] [basehttp.py:154] [basehttp:log_message] [WARNING]- "GET /media/DeviceLNV/Device/1461.jpg HTTP/1.1" 404 1803
[2025-09-16 14:29:32,479] [log.py:228] [log:log_response] [WARNING]- Not Found: /media/DeviceLNV/Device/2047.jpg
[2025-09-16 14:29:32,487] [basehttp.py:154] [basehttp:log_message] [WARNING]- "GET /media/DeviceLNV/Device/2047.jpg HTTP/1.1" 404 1803
[2025-09-16 14:29:32,489] [log.py:228] [log:log_response] [WARNING]- Not Found: /media/DeviceLNV/Zaihuo/1461.jpg
[2025-09-16 14:29:32,496] [basehttp.py:154] [basehttp:log_message] [WARNING]- "GET /media/DeviceLNV/Zaihuo/1461.jpg HTTP/1.1" 404 1803
[2025-09-16 14:29:32,498] [log.py:228] [log:log_response] [WARNING]- Not Found: /media/DeviceLNV/Zaihuo/2047.jpg
[2025-09-16 14:29:32,502] [log.py:228] [log:log_response] [WARNING]- Not Found: /media/DeviceLNV/Device/338.jpg
[2025-09-16 14:29:32,504] [basehttp.py:154] [basehttp:log_message] [WARNING]- "GET /media/DeviceLNV/Zaihuo/2047.jpg HTTP/1.1" 404 1803
[2025-09-16 14:29:32,506] [basehttp.py:154] [basehttp:log_message] [WARNING]- "GET /media/DeviceLNV/Device/338.jpg HTTP/1.1" 404 1800
[2025-09-16 14:29:32,515] [log.py:228] [log:log_response] [WARNING]- Not Found: /media/DeviceLNV/Zaihuo/339.jpg
[2025-09-16 14:29:32,522] [log.py:228] [log:log_response] [WARNING]- Not Found: /media/DeviceLNV/Zaihuo/338.jpg
[2025-09-16 14:29:32,524] [basehttp.py:154] [basehttp:log_message] [WARNING]- "GET /media/DeviceLNV/Zaihuo/339.jpg HTTP/1.1" 404 1800
[2025-09-16 14:29:32,524] [basehttp.py:154] [basehttp:log_message] [WARNING]- "GET /media/DeviceLNV/Zaihuo/338.jpg HTTP/1.1" 404 1800
[2025-09-16 14:29:32,531] [log.py:228] [log:log_response] [WARNING]- Not Found: /media/DeviceLNV/Device/339.jpg
[2025-09-16 14:29:32,539] [basehttp.py:154] [basehttp:log_message] [WARNING]- "GET /media/DeviceLNV/Device/339.jpg HTTP/1.1" 404 1800
[2025-09-16 14:29:32,564] [log.py:228] [log:log_response] [WARNING]- Not Found: /media/DeviceLNV/Device/340.jpg
[2025-09-16 14:29:32,568] [log.py:228] [log:log_response] [WARNING]- Not Found: /media/DeviceLNV/Device/1552.jpg
[2025-09-16 14:29:32,570] [basehttp.py:154] [basehttp:log_message] [WARNING]- "GET /media/DeviceLNV/Device/340.jpg HTTP/1.1" 404 1800
[2025-09-16 14:29:32,573] [basehttp.py:154] [basehttp:log_message] [WARNING]- "GET /media/DeviceLNV/Device/1552.jpg HTTP/1.1" 404 1803
[2025-09-16 14:29:32,579] [log.py:228] [log:log_response] [WARNING]- Not Found: /media/DeviceLNV/Zaihuo/340.jpg
[2025-09-16 14:29:32,585] [basehttp.py:154] [basehttp:log_message] [WARNING]- "GET /media/DeviceLNV/Zaihuo/340.jpg HTTP/1.1" 404 1800
[2025-09-16 14:29:32,596] [log.py:228] [log:log_response] [WARNING]- Not Found: /media/DeviceLNV/Zaihuo/1552.jpg
[2025-09-16 14:29:32,601] [basehttp.py:154] [basehttp:log_message] [WARNING]- "GET /media/DeviceLNV/Zaihuo/1552.jpg HTTP/1.1" 404 1803
[2025-09-16 14:29:32,605] [log.py:228] [log:log_response] [WARNING]- Not Found: /media/DeviceLNV/Device/282.jpg
[2025-09-16 14:29:32,607] [basehttp.py:154] [basehttp:log_message] [WARNING]- "GET /media/DeviceLNV/Device/282.jpg HTTP/1.1" 404 1800
[2025-09-16 14:29:32,609] [log.py:228] [log:log_response] [WARNING]- Not Found: /media/DeviceLNV/Zaihuo/282.jpg
[2025-09-16 14:29:32,613] [log.py:228] [log:log_response] [WARNING]- Not Found: /media/DeviceLNV/Zaihuo/304.jpg
[2025-09-16 14:29:32,614] [basehttp.py:154] [basehttp:log_message] [WARNING]- "GET /media/DeviceLNV/Zaihuo/282.jpg HTTP/1.1" 404 1800
[2025-09-16 14:29:32,615] [basehttp.py:154] [basehttp:log_message] [WARNING]- "GET /media/DeviceLNV/Zaihuo/304.jpg HTTP/1.1" 404 1800
[2025-09-16 14:29:32,619] [log.py:228] [log:log_response] [WARNING]- Not Found: /media/DeviceLNV/Device/304.jpg
[2025-09-16 14:29:32,620] [basehttp.py:154] [basehttp:log_message] [WARNING]- "GET /media/DeviceLNV/Device/304.jpg HTTP/1.1" 404 1800
