[2026-02-27 13:02:26,985] [basehttp.py:154] [basehttp:log_message] [INFO]- "GET / HTTP/1.1" 302 0
[2026-02-27 13:02:27,001] [basehttp.py:154] [basehttp:log_message] [INFO]- "GET /login/ HTTP/1.1" 200 4823
[2026-02-27 13:02:29,417] [basehttp.py:154] [basehttp:log_message] [INFO]- "GET /favicon.ico HTTP/1.1" 302 0
[2026-02-27 13:02:29,449] [basehttp.py:154] [basehttp:log_message] [INFO]- "GET /login/ HTTP/1.1" 200 4823
[2026-02-27 13:02:32,899] [UserIP.py:90] [UserIP:process_response] [CRITICAL]- 系统错误Expecting value: line 1 column 1 (char 0)
[2026-02-27 13:02:33,036] [basehttp.py:154] [basehttp:log_message] [INFO]- "POST /login/ HTTP/1.1" 302 0
[2026-02-27 13:02:33,085] [basehttp.py:154] [basehttp:log_message] [INFO]- "GET /login/ HTTP/1.1" 302 0
[2026-02-27 13:02:33,427] [basehttp.py:154] [basehttp:log_message] [INFO]- "GET /index/ HTTP/1.1" 200 47104
[2026-02-27 13:02:34,546] [UserIP.py:88] [UserIP:process_response] [INFO]- 2026-02-27 13:02:34: C1010S3/AnonymousUser/Cao.Edwin> None/EDWIN/bxbei > 127.0.0.1/127.0.0.1 > <WSGIRequest: POST '/index/'>
[2026-02-27 13:02:34,613] [basehttp.py:154] [basehttp:log_message] [INFO]- "POST /index/ HTTP/1.1" 200 1621
[2026-02-27 13:02:34,715] [basehttp.py:154] [basehttp:log_message] [INFO]- "GET /favicon.ico HTTP/1.1" 200 38027
[2026-02-27 13:02:34,806] [log.py:228] [log:log_response] [WARNING]- Not Found: /media/img/UserInfo/Jully_Li.jpg
[2026-02-27 13:02:34,808] [basehttp.py:154] [basehttp:log_message] [WARNING]- "GET /media/img/UserInfo/Jully_Li.jpg HTTP/1.1" 404 1803
[2026-02-27 13:05:32,701] [basehttp.py:154] [basehttp:log_message] [INFO]- "GET /RetainedSample/RetainedSample_summary/ HTTP/1.1" 200 109746
[2026-02-27 13:05:33,677] [basehttp.py:154] [basehttp:log_message] [INFO]- "GET /favicon.ico HTTP/1.1" 200 38027
[2026-02-27 13:05:33,763] [basehttp.py:154] [basehttp:log_message] [INFO]- "GET /RetainedSample/RetainedSample_summary/?tab=summary HTTP/1.1" 200 23127
[2026-02-27 13:07:30,416] [basehttp.py:154] [basehttp:log_message] [INFO]- "GET /RetainedSample/RetainedSample_summary/?tab=myBorrow HTTP/1.1" 200 3900
[2026-02-27 13:08:20,166] [basehttp.py:154] [basehttp:log_message] [INFO]- "GET /RetainedSample/RetainedSample_summary/?tab=summary&project=GLA10 HTTP/1.1" 200 22585
[2026-02-27 13:08:26,556] [basehttp.py:154] [basehttp:log_message] [INFO]- "GET /RetainedSample/RetainedSample_summary/?tab=myBorrow HTTP/1.1" 200 3900
[2026-02-27 13:08:33,750] [basehttp.py:154] [basehttp:log_message] [INFO]- "GET /RetainedSample/RetainedSample_summary/?tab=summary&project=GLA10 HTTP/1.1" 200 22585
[2026-02-27 13:08:44,160] [basehttp.py:154] [basehttp:log_message] [INFO]- "GET /RetainedSample/RetainedSample_summary/?tab=myBorrow HTTP/1.1" 200 3900
[2026-02-27 13:08:56,704] [UserIP.py:88] [UserIP:process_response] [INFO]- 2026-02-27 13:08:56: C1010S3/AnonymousUser/Cao.Edwin> None/EDWIN/bxbei > 127.0.0.1/127.0.0.1 > <WSGIRequest: POST '/RetainedSample/handle_return/'>
[2026-02-27 13:08:56,726] [basehttp.py:154] [basehttp:log_message] [INFO]- "POST /RetainedSample/handle_return/ HTTP/1.1" 200 80
[2026-02-27 13:08:56,866] [basehttp.py:154] [basehttp:log_message] [INFO]- "GET /RetainedSample/RetainedSample_summary/?tab=myBorrow HTTP/1.1" 200 3912
[2026-02-27 13:09:15,734] [basehttp.py:154] [basehttp:log_message] [INFO]- "GET /RetainedSample/RetainedSample_summary/?tab=myApproval HTTP/1.1" 200 779
[2026-02-27 13:09:30,586] [UserIP.py:88] [UserIP:process_response] [INFO]- 2026-02-27 13:09:30: C1010S3/AnonymousUser/Cao.Edwin> None/EDWIN/bxbei > 127.0.0.1/127.0.0.1 > <WSGIRequest: POST '/RetainedSample/handle_approval/'>
[2026-02-27 13:09:30,618] [basehttp.py:154] [basehttp:log_message] [INFO]- "POST /RetainedSample/handle_approval/ HTTP/1.1" 200 74
[2026-02-27 13:09:30,698] [basehttp.py:154] [basehttp:log_message] [INFO]- "GET /RetainedSample/RetainedSample_summary/?tab=myApproval HTTP/1.1" 200 538
[2026-02-27 13:09:30,732] [basehttp.py:154] [basehttp:log_message] [INFO]- "GET /RetainedSample/RetainedSample_summary/?tab=summary&project=GLA10 HTTP/1.1" 200 22585
[2026-02-27 13:09:31,879] [basehttp.py:154] [basehttp:log_message] [INFO]- "GET /RetainedSample/RetainedSample_summary/?tab=myBorrow HTTP/1.1" 200 3900
[2026-02-27 13:09:38,848] [UserIP.py:88] [UserIP:process_response] [INFO]- 2026-02-27 13:09:38: C1010S3/AnonymousUser/Cao.Edwin> None/EDWIN/bxbei > 127.0.0.1/127.0.0.1 > <WSGIRequest: POST '/RetainedSample/handle_return/'>
[2026-02-27 13:09:38,865] [basehttp.py:154] [basehttp:log_message] [INFO]- "POST /RetainedSample/handle_return/ HTTP/1.1" 200 80
[2026-02-27 13:09:38,955] [basehttp.py:154] [basehttp:log_message] [INFO]- "GET /RetainedSample/RetainedSample_summary/?tab=myBorrow HTTP/1.1" 200 3912
[2026-02-27 13:09:41,368] [basehttp.py:154] [basehttp:log_message] [INFO]- "GET /RetainedSample/RetainedSample_summary/?tab=myApproval HTTP/1.1" 200 779
[2026-02-27 13:09:47,874] [UserIP.py:88] [UserIP:process_response] [INFO]- 2026-02-27 13:09:47: C1010S3/AnonymousUser/Cao.Edwin> None/EDWIN/bxbei > 127.0.0.1/127.0.0.1 > <WSGIRequest: POST '/RetainedSample/handle_approval/'>
[2026-02-27 13:09:47,905] [basehttp.py:154] [basehttp:log_message] [INFO]- "POST /RetainedSample/handle_approval/ HTTP/1.1" 200 68
[2026-02-27 13:09:48,032] [basehttp.py:154] [basehttp:log_message] [INFO]- "GET /RetainedSample/RetainedSample_summary/?tab=myApproval HTTP/1.1" 200 538
[2026-02-27 13:09:48,104] [basehttp.py:154] [basehttp:log_message] [INFO]- "GET /RetainedSample/RetainedSample_summary/?tab=summary&project=GLA10 HTTP/1.1" 200 22585
[2026-02-27 13:09:48,126] [basehttp.py:154] [basehttp:log_message] [INFO]- "GET /RetainedSample/RetainedSample_summary/?tab=records HTTP/1.1" 200 4607
[2026-02-27 13:09:49,494] [basehttp.py:154] [basehttp:log_message] [INFO]- "GET /RetainedSample/RetainedSample_summary/?tab=myBorrow HTTP/1.1" 200 3900
[2026-02-27 13:10:09,480] [basehttp.py:154] [basehttp:log_message] [INFO]- "GET /RetainedSample/RetainedSample_summary/?tab=records HTTP/1.1" 200 4607
[2026-02-27 13:10:15,667] [basehttp.py:154] [basehttp:log_message] [INFO]- "GET /RetainedSample/RetainedSample_summary/?tab=scrapRecords HTTP/1.1" 200 354
[2026-02-27 13:10:17,947] [basehttp.py:154] [basehttp:log_message] [INFO]- "GET /RetainedSample/RetainedSample_summary/?tab=myBorrow HTTP/1.1" 200 3900
[2026-02-27 13:10:18,890] [basehttp.py:154] [basehttp:log_message] [INFO]- "GET /RetainedSample/RetainedSample_summary/?tab=summary&project=GLA10 HTTP/1.1" 200 22585
[2026-02-27 13:10:20,334] [basehttp.py:154] [basehttp:log_message] [INFO]- "GET /RetainedSample/RetainedSample_summary/?tab=myBorrow HTTP/1.1" 200 3900
[2026-02-27 13:11:00,375] [basehttp.py:154] [basehttp:log_message] [INFO]- "GET /RetainedSample/RetainedSample_summary/?tab=summary&project=GLA10 HTTP/1.1" 200 22585
[2026-02-27 13:11:43,206] [UserIP.py:88] [UserIP:process_response] [INFO]- 2026-02-27 13:11:43: C1010S3/AnonymousUser/Cao.Edwin> None/EDWIN/bxbei > 127.0.0.1/127.0.0.1 > <WSGIRequest: POST '/RetainedSample/RetainedSample_summary/'>
[2026-02-27 13:11:43,229] [basehttp.py:154] [basehttp:log_message] [INFO]- "POST /RetainedSample/RetainedSample_summary/ HTTP/1.1" 200 80
[2026-02-27 13:11:43,472] [basehttp.py:154] [basehttp:log_message] [INFO]- "GET /RetainedSample/RetainedSample_summary/?tab=summary&project=GLA10 HTTP/1.1" 200 22585
[2026-02-27 13:11:43,486] [basehttp.py:154] [basehttp:log_message] [INFO]- "GET /RetainedSample/RetainedSample_summary/?tab=myBorrow HTTP/1.1" 200 4125
[2026-02-27 13:11:45,448] [basehttp.py:154] [basehttp:log_message] [INFO]- "GET /RetainedSample/RetainedSample_summary/?tab=myBorrow HTTP/1.1" 200 4125
[2026-02-27 13:11:50,314] [basehttp.py:154] [basehttp:log_message] [INFO]- "GET /RetainedSample/RetainedSample_summary/?tab=myApproval HTTP/1.1" 200 780
[2026-02-27 13:12:02,897] [basehttp.py:154] [basehttp:log_message] [INFO]- "GET /RetainedSample/RetainedSample_summary/?tab=summary&project=GLA10 HTTP/1.1" 200 22585
[2026-02-27 13:12:04,389] [basehttp.py:154] [basehttp:log_message] [INFO]- "GET /RetainedSample/RetainedSample_summary/?tab=myBorrow HTTP/1.1" 200 4125
[2026-02-27 13:12:05,703] [basehttp.py:154] [basehttp:log_message] [INFO]- "GET /RetainedSample/RetainedSample_summary/?tab=myApproval HTTP/1.1" 200 780
[2026-02-27 13:12:09,258] [UserIP.py:88] [UserIP:process_response] [INFO]- 2026-02-27 13:12:09: C1010S3/AnonymousUser/Cao.Edwin> None/EDWIN/bxbei > 127.0.0.1/127.0.0.1 > <WSGIRequest: POST '/RetainedSample/handle_approval/'>
[2026-02-27 13:12:09,276] [basehttp.py:154] [basehttp:log_message] [INFO]- "POST /RetainedSample/handle_approval/ HTTP/1.1" 200 68
[2026-02-27 13:12:09,324] [basehttp.py:154] [basehttp:log_message] [INFO]- "GET /RetainedSample/RetainedSample_summary/?tab=myApproval HTTP/1.1" 200 538
[2026-02-27 13:12:09,370] [basehttp.py:154] [basehttp:log_message] [INFO]- "GET /RetainedSample/RetainedSample_summary/?tab=summary&project=GLA10 HTTP/1.1" 200 22585
[2026-02-27 13:12:12,493] [UserIP.py:88] [UserIP:process_response] [INFO]- 2026-02-27 13:12:12: C1010S3/AnonymousUser/Cao.Edwin> None/EDWIN/bxbei > 127.0.0.1/127.0.0.1 > <WSGIRequest: POST '/RetainedSample/handle_approval/'>
[2026-02-27 13:12:12,519] [basehttp.py:154] [basehttp:log_message] [INFO]- "POST /RetainedSample/handle_approval/ HTTP/1.1" 200 68
[2026-02-27 13:12:12,604] [basehttp.py:154] [basehttp:log_message] [INFO]- "GET /RetainedSample/RetainedSample_summary/?tab=myApproval HTTP/1.1" 200 296
[2026-02-27 13:12:12,623] [basehttp.py:154] [basehttp:log_message] [INFO]- "GET /RetainedSample/RetainedSample_summary/?tab=summary&project=GLA10 HTTP/1.1" 200 22585
[2026-02-27 13:12:14,752] [UserIP.py:88] [UserIP:process_response] [INFO]- 2026-02-27 13:12:14: C1010S3/AnonymousUser/Cao.Edwin> None/EDWIN/bxbei > 127.0.0.1/127.0.0.1 > <WSGIRequest: POST '/RetainedSample/handle_approval/'>
[2026-02-27 13:12:14,777] [basehttp.py:154] [basehttp:log_message] [INFO]- "POST /RetainedSample/handle_approval/ HTTP/1.1" 200 68
[2026-02-27 13:12:15,059] [basehttp.py:154] [basehttp:log_message] [INFO]- "GET /RetainedSample/RetainedSample_summary/?tab=myApproval HTTP/1.1" 200 56
[2026-02-27 13:12:15,088] [basehttp.py:154] [basehttp:log_message] [INFO]- "GET /RetainedSample/RetainedSample_summary/?tab=summary&project=GLA10 HTTP/1.1" 200 22585
[2026-02-27 13:12:17,444] [basehttp.py:154] [basehttp:log_message] [INFO]- "GET /RetainedSample/RetainedSample_summary/?tab=summary&project=GLA10 HTTP/1.1" 200 22585
[2026-02-27 13:12:32,332] [basehttp.py:154] [basehttp:log_message] [INFO]- "GET /RetainedSample/RetainedSample_summary/?tab=scrapRecords HTTP/1.1" 200 354
[2026-02-27 13:12:35,568] [basehttp.py:154] [basehttp:log_message] [INFO]- "GET /RetainedSample/RetainedSample_summary/?tab=summary&project=GLA10 HTTP/1.1" 200 22585
[2026-02-27 13:18:05,353] [basehttp.py:154] [basehttp:log_message] [INFO]- "GET /RetainedSample/RetainedSample_summary/?tab=myApproval HTTP/1.1" 200 56
[2026-02-27 13:18:07,311] [basehttp.py:154] [basehttp:log_message] [INFO]- "GET /RetainedSample/RetainedSample_summary/?tab=myBorrow HTTP/1.1" 200 4089
[2026-02-27 13:18:08,519] [basehttp.py:154] [basehttp:log_message] [INFO]- "GET /RetainedSample/RetainedSample_summary/?tab=records HTTP/1.1" 200 5432
[2026-02-27 13:18:53,212] [basehttp.py:154] [basehttp:log_message] [INFO]- "GET /RetainedSample/RetainedSample_summary/?tab=myApproval HTTP/1.1" 200 56
[2026-02-27 13:18:54,796] [basehttp.py:154] [basehttp:log_message] [INFO]- "GET /RetainedSample/RetainedSample_summary/?tab=myBorrow HTTP/1.1" 200 4089
[2026-02-27 13:19:10,609] [basehttp.py:154] [basehttp:log_message] [INFO]- "GET /RetainedSample/RetainedSample_summary/?tab=summary&project=GLA10 HTTP/1.1" 200 22585
[2026-02-27 14:20:00,751] [basehttp.py:154] [basehttp:log_message] [INFO]- "GET /RetainedSample/RetainedSample_summary/ HTTP/1.1" 200 110681
[2026-02-27 14:20:01,513] [basehttp.py:154] [basehttp:log_message] [INFO]- "GET /RetainedSample/RetainedSample_summary/?tab=summary HTTP/1.1" 200 23219
[2026-02-27 14:20:01,542] [basehttp.py:154] [basehttp:log_message] [INFO]- "GET /favicon.ico HTTP/1.1" 200 38027
[2026-02-27 14:23:17,115] [basehttp.py:154] [basehttp:log_message] [INFO]- "GET /RetainedSample/RetainedSample_summary/?tab=summary&project=GLA20 HTTP/1.1" 200 21540
[2026-02-27 14:33:16,600] [basehttp.py:154] [basehttp:log_message] [INFO]- "GET /RetainedSample/RetainedSample_summary/?tab=records HTTP/1.1" 200 5432
[2026-02-27 14:33:18,368] [basehttp.py:154] [basehttp:log_message] [INFO]- "GET /RetainedSample/RetainedSample_summary/?tab=records HTTP/1.1" 200 5432
[2026-02-27 14:33:44,117] [basehttp.py:154] [basehttp:log_message] [INFO]- "GET /RetainedSample/RetainedSample_summary/?tab=scrapRecords HTTP/1.1" 200 354
[2026-02-27 14:33:47,669] [basehttp.py:154] [basehttp:log_message] [INFO]- "GET /RetainedSample/RetainedSample_summary/?tab=scrapRecords&project=GLA10 HTTP/1.1" 200 354
[2026-02-27 14:33:50,895] [basehttp.py:154] [basehttp:log_message] [INFO]- "GET /RetainedSample/RetainedSample_summary/?tab=scrapRecords&project=GLA20 HTTP/1.1" 200 182
[2026-02-27 14:35:18,000] [basehttp.py:154] [basehttp:log_message] [INFO]- "GET /RetainedSample/RetainedSample_summary/?tab=scrapRecords HTTP/1.1" 200 354
[2026-02-27 14:35:21,178] [basehttp.py:154] [basehttp:log_message] [INFO]- "GET /RetainedSample/RetainedSample_summary/?tab=scrapRecords HTTP/1.1" 200 354
[2026-02-27 14:35:21,368] [basehttp.py:154] [basehttp:log_message] [INFO]- "GET /RetainedSample/RetainedSample_summary/?tab=scrapRecords HTTP/1.1" 200 354
[2026-02-27 14:35:21,514] [basehttp.py:154] [basehttp:log_message] [INFO]- "GET /RetainedSample/RetainedSample_summary/?tab=scrapRecords HTTP/1.1" 200 354
[2026-02-27 14:35:23,099] [basehttp.py:154] [basehttp:log_message] [INFO]- "GET /RetainedSample/RetainedSample_summary/?tab=summary HTTP/1.1" 200 23219
[2026-02-27 14:35:24,966] [basehttp.py:154] [basehttp:log_message] [INFO]- "GET /RetainedSample/RetainedSample_summary/?tab=summary HTTP/1.1" 200 23219
[2026-02-27 14:35:25,156] [basehttp.py:154] [basehttp:log_message] [INFO]- "GET /RetainedSample/RetainedSample_summary/?tab=summary HTTP/1.1" 200 23219
[2026-02-27 14:35:31,905] [basehttp.py:154] [basehttp:log_message] [INFO]- "GET /RetainedSample/RetainedSample_summary/?tab=summary&sample=test2 HTTP/1.1" 200 22123
[2026-02-27 14:35:53,382] [basehttp.py:154] [basehttp:log_message] [INFO]- "GET /RetainedSample/RetainedSample_summary/?tab=summary HTTP/1.1" 200 23219
[2026-02-27 14:37:18,886] [basehttp.py:154] [basehttp:log_message] [INFO]- "GET /RetainedSample/RetainedSample_summary/ HTTP/1.1" 200 110712
[2026-02-27 14:37:19,459] [basehttp.py:154] [basehttp:log_message] [INFO]- "GET /favicon.ico HTTP/1.1" 200 38027
[2026-02-27 14:37:19,484] [basehttp.py:154] [basehttp:log_message] [INFO]- "GET /RetainedSample/RetainedSample_summary/?tab=summary HTTP/1.1" 200 23219
[2026-02-27 14:38:43,563] [basehttp.py:154] [basehttp:log_message] [INFO]- "GET /RetainedSample/RetainedSample_summary/ HTTP/1.1" 200 110707
[2026-02-27 14:38:44,001] [basehttp.py:154] [basehttp:log_message] [INFO]- "GET /favicon.ico HTTP/1.1" 200 38027
[2026-02-27 14:38:44,157] [basehttp.py:154] [basehttp:log_message] [INFO]- "GET /RetainedSample/RetainedSample_summary/?tab=summary HTTP/1.1" 200 23219
[2026-02-27 14:40:15,240] [basehttp.py:154] [basehttp:log_message] [INFO]- "GET /RetainedSample/RetainedSample_summary/ HTTP/1.1" 200 110707
[2026-02-27 14:40:15,509] [basehttp.py:154] [basehttp:log_message] [INFO]- "GET /favicon.ico HTTP/1.1" 200 38027
[2026-02-27 14:40:15,549] [basehttp.py:154] [basehttp:log_message] [INFO]- "GET /RetainedSample/RetainedSample_summary/?tab=summary HTTP/1.1" 200 23219
[2026-02-27 14:40:44,127] [basehttp.py:154] [basehttp:log_message] [INFO]- "GET /RetainedSample/RetainedSample_summary/ HTTP/1.1" 200 110709
[2026-02-27 14:40:44,456] [basehttp.py:154] [basehttp:log_message] [INFO]- "GET /favicon.ico HTTP/1.1" 200 38027
[2026-02-27 14:40:44,489] [basehttp.py:154] [basehttp:log_message] [INFO]- "GET /RetainedSample/RetainedSample_summary/?tab=summary HTTP/1.1" 200 23219
[2026-02-27 14:40:58,451] [basehttp.py:154] [basehttp:log_message] [INFO]- "GET /RetainedSample/RetainedSample_summary/ HTTP/1.1" 200 110709
[2026-02-27 14:40:58,838] [basehttp.py:154] [basehttp:log_message] [INFO]- "GET /favicon.ico HTTP/1.1" 200 38027
[2026-02-27 14:40:58,983] [basehttp.py:154] [basehttp:log_message] [INFO]- "GET /RetainedSample/RetainedSample_summary/?tab=summary HTTP/1.1" 200 23219
[2026-02-27 14:41:10,278] [basehttp.py:154] [basehttp:log_message] [INFO]- "GET /RetainedSample/RetainedSample_summary/ HTTP/1.1" 200 110709
[2026-02-27 14:41:10,555] [basehttp.py:154] [basehttp:log_message] [INFO]- "GET /favicon.ico HTTP/1.1" 200 38027
[2026-02-27 14:41:10,568] [basehttp.py:154] [basehttp:log_message] [INFO]- "GET /RetainedSample/RetainedSample_summary/?tab=summary HTTP/1.1" 200 23219
[2026-02-27 14:41:25,127] [basehttp.py:154] [basehttp:log_message] [INFO]- "GET /RetainedSample/RetainedSample_summary/?tab=myBorrow HTTP/1.1" 200 4089
[2026-02-27 14:41:31,077] [basehttp.py:154] [basehttp:log_message] [INFO]- "GET /RetainedSample/RetainedSample_summary/?tab=summary HTTP/1.1" 200 23219
[2026-02-27 14:42:21,446] [basehttp.py:154] [basehttp:log_message] [INFO]- "GET /RetainedSample/RetainedSample_summary/?tab=myBorrow HTTP/1.1" 200 4089
[2026-02-27 14:42:22,839] [basehttp.py:154] [basehttp:log_message] [INFO]- "GET /RetainedSample/RetainedSample_summary/?tab=summary HTTP/1.1" 200 23219
[2026-02-27 14:42:24,011] [basehttp.py:154] [basehttp:log_message] [INFO]- "GET /RetainedSample/RetainedSample_summary/?tab=myBorrow HTTP/1.1" 200 4089
[2026-02-27 14:42:44,147] [basehttp.py:154] [basehttp:log_message] [INFO]- "GET /RetainedSample/RetainedSample_summary/?tab=records HTTP/1.1" 200 5432
[2026-02-27 14:58:31,562] [basehttp.py:154] [basehttp:log_message] [INFO]- "GET /RetainedSample/RetainedSample_summary/?tab=myApproval HTTP/1.1" 200 56
[2026-02-27 14:58:33,337] [basehttp.py:154] [basehttp:log_message] [INFO]- "GET /RetainedSample/RetainedSample_summary/?tab=records HTTP/1.1" 200 5432
[2026-02-27 14:58:38,849] [basehttp.py:154] [basehttp:log_message] [INFO]- "GET /RetainedSample/RetainedSample_summary/?tab=myApproval HTTP/1.1" 200 56
[2026-02-27 14:58:40,406] [basehttp.py:154] [basehttp:log_message] [INFO]- "GET /RetainedSample/RetainedSample_summary/?tab=myBorrow HTTP/1.1" 200 4089
[2026-02-27 14:59:01,749] [basehttp.py:154] [basehttp:log_message] [INFO]- "GET /RetainedSample/RetainedSample_summary/?tab=summary HTTP/1.1" 200 23219
[2026-02-27 14:59:13,155] [UserIP.py:88] [UserIP:process_response] [INFO]- 2026-02-27 14:59:13: C1010S3/AnonymousUser/Cao.Edwin> None/EDWIN/bxbei > 127.0.0.1/127.0.0.1 > <WSGIRequest: POST '/RetainedSample/RetainedSample_summary/'>
[2026-02-27 14:59:13,176] [basehttp.py:154] [basehttp:log_message] [INFO]- "POST /RetainedSample/RetainedSample_summary/ HTTP/1.1" 200 80
[2026-02-27 14:59:13,361] [basehttp.py:154] [basehttp:log_message] [INFO]- "GET /RetainedSample/RetainedSample_summary/?tab=summary HTTP/1.1" 200 23219
[2026-02-27 14:59:13,398] [basehttp.py:154] [basehttp:log_message] [INFO]- "GET /RetainedSample/RetainedSample_summary/?tab=myBorrow HTTP/1.1" 200 4314
[2026-02-27 14:59:15,046] [basehttp.py:154] [basehttp:log_message] [INFO]- "GET /RetainedSample/RetainedSample_summary/?tab=myApproval HTTP/1.1" 200 296
[2026-02-27 14:59:23,143] [basehttp.py:154] [basehttp:log_message] [INFO]- "GET /RetainedSample/RetainedSample_summary/?tab=summary HTTP/1.1" 200 23219
[2026-02-27 14:59:32,551] [basehttp.py:154] [basehttp:log_message] [INFO]- "GET /RetainedSample/RetainedSample_summary/?tab=myBorrow HTTP/1.1" 200 4314
[2026-02-27 14:59:34,612] [basehttp.py:154] [basehttp:log_message] [INFO]- "GET /RetainedSample/RetainedSample_summary/?tab=myApproval HTTP/1.1" 200 296
[2026-02-27 14:59:37,016] [UserIP.py:88] [UserIP:process_response] [INFO]- 2026-02-27 14:59:37: C1010S3/AnonymousUser/Cao.Edwin> None/EDWIN/bxbei > 127.0.0.1/127.0.0.1 > <WSGIRequest: POST '/RetainedSample/handle_approval/'>
[2026-02-27 14:59:37,043] [basehttp.py:154] [basehttp:log_message] [INFO]- "POST /RetainedSample/handle_approval/ HTTP/1.1" 200 68
[2026-02-27 14:59:37,162] [basehttp.py:154] [basehttp:log_message] [INFO]- "GET /RetainedSample/RetainedSample_summary/?tab=myApproval HTTP/1.1" 200 56
[2026-02-27 14:59:37,233] [basehttp.py:154] [basehttp:log_message] [INFO]- "GET /RetainedSample/RetainedSample_summary/?tab=summary HTTP/1.1" 200 23219
[2026-02-27 14:59:37,264] [basehttp.py:154] [basehttp:log_message] [INFO]- "GET /RetainedSample/RetainedSample_summary/?tab=records HTTP/1.1" 200 5707
[2026-02-27 14:59:38,506] [basehttp.py:154] [basehttp:log_message] [INFO]- "GET /RetainedSample/RetainedSample_summary/?tab=myBorrow HTTP/1.1" 200 4302
[2026-02-27 14:59:52,608] [UserIP.py:88] [UserIP:process_response] [INFO]- 2026-02-27 14:59:52: C1010S3/AnonymousUser/Cao.Edwin> None/EDWIN/bxbei > 127.0.0.1/127.0.0.1 > <WSGIRequest: POST '/RetainedSample/handle_return/'>
[2026-02-27 14:59:52,626] [basehttp.py:154] [basehttp:log_message] [INFO]- "POST /RetainedSample/handle_return/ HTTP/1.1" 200 80
[2026-02-27 14:59:52,769] [basehttp.py:154] [basehttp:log_message] [INFO]- "GET /RetainedSample/RetainedSample_summary/?tab=myBorrow HTTP/1.1" 200 4314
[2026-02-27 14:59:59,504] [basehttp.py:154] [basehttp:log_message] [INFO]- "GET /RetainedSample/RetainedSample_summary/?tab=myApproval HTTP/1.1" 200 296
[2026-02-27 15:00:09,700] [basehttp.py:154] [basehttp:log_message] [INFO]- "GET /.well-known/appspecific/com.chrome.devtools.json HTTP/1.1" 200 38027
[2026-02-27 15:00:09,716] [basehttp.py:154] [basehttp:log_message] [WARNING]- "GET /static/js/lib/bootstrap.min.js.map HTTP/1.1" 404 1806
[2026-02-27 15:00:09,717] [basehttp.py:154] [basehttp:log_message] [WARNING]- "GET /static/js/axios.min.map HTTP/1.1" 404 1773
[2026-02-27 15:00:09,765] [basehttp.py:154] [basehttp:log_message] [WARNING]- "GET /static/css/bootstrap.min.css.map HTTP/1.1" 404 1800
[2026-02-27 15:00:18,552] [UserIP.py:88] [UserIP:process_response] [INFO]- 2026-02-27 15:00:18: C1010S3/AnonymousUser/Cao.Edwin> None/EDWIN/bxbei > 127.0.0.1/127.0.0.1 > <WSGIRequest: POST '/RetainedSample/handle_approval/'>
[2026-02-27 15:00:18,578] [basehttp.py:154] [basehttp:log_message] [INFO]- "POST /RetainedSample/handle_approval/ HTTP/1.1" 200 74
[2026-02-27 15:00:18,671] [basehttp.py:154] [basehttp:log_message] [INFO]- "GET /RetainedSample/RetainedSample_summary/?tab=myApproval HTTP/1.1" 200 56
[2026-02-27 15:00:18,716] [basehttp.py:154] [basehttp:log_message] [INFO]- "GET /RetainedSample/RetainedSample_summary/?tab=summary HTTP/1.1" 200 23219
[2026-02-27 15:00:41,116] [basehttp.py:154] [basehttp:log_message] [INFO]- "GET /RetainedSample/RetainedSample_summary/?tab=myBorrow HTTP/1.1" 200 4302
[2026-02-27 15:01:11,555] [UserIP.py:88] [UserIP:process_response] [INFO]- 2026-02-27 15:01:11: C1010S3/AnonymousUser/Cao.Edwin> None/EDWIN/bxbei > 127.0.0.1/127.0.0.1 > <WSGIRequest: POST '/RetainedSample/handle_return/'>
[2026-02-27 15:01:11,574] [basehttp.py:154] [basehttp:log_message] [INFO]- "POST /RetainedSample/handle_return/ HTTP/1.1" 200 80
[2026-02-27 15:01:11,709] [basehttp.py:154] [basehttp:log_message] [INFO]- "GET /RetainedSample/RetainedSample_summary/?tab=myBorrow HTTP/1.1" 200 4314
[2026-02-27 15:01:13,941] [basehttp.py:154] [basehttp:log_message] [INFO]- "GET /RetainedSample/RetainedSample_summary/?tab=myApproval HTTP/1.1" 200 279
[2026-02-27 15:01:16,461] [UserIP.py:88] [UserIP:process_response] [INFO]- 2026-02-27 15:01:16: C1010S3/AnonymousUser/Cao.Edwin> None/EDWIN/bxbei > 127.0.0.1/127.0.0.1 > <WSGIRequest: POST '/RetainedSample/handle_approval/'>
[2026-02-27 15:01:16,486] [basehttp.py:154] [basehttp:log_message] [INFO]- "POST /RetainedSample/handle_approval/ HTTP/1.1" 200 68
[2026-02-27 15:01:16,558] [basehttp.py:154] [basehttp:log_message] [INFO]- "GET /RetainedSample/RetainedSample_summary/?tab=myApproval HTTP/1.1" 200 56
[2026-02-27 15:01:16,612] [basehttp.py:154] [basehttp:log_message] [INFO]- "GET /RetainedSample/RetainedSample_summary/?tab=summary HTTP/1.1" 200 23219
[2026-02-27 15:01:16,632] [basehttp.py:154] [basehttp:log_message] [INFO]- "GET /RetainedSample/RetainedSample_summary/?tab=records HTTP/1.1" 200 5707
[2026-02-27 15:01:18,743] [basehttp.py:154] [basehttp:log_message] [INFO]- "GET /RetainedSample/RetainedSample_summary/?tab=myBorrow HTTP/1.1" 200 4302
[2026-02-27 15:01:23,193] [basehttp.py:154] [basehttp:log_message] [INFO]- "GET /RetainedSample/RetainedSample_summary/?tab=summary HTTP/1.1" 200 23219
[2026-02-27 15:01:43,691] [basehttp.py:154] [basehttp:log_message] [INFO]- "GET /RetainedSample/RetainedSample_summary/?tab=myApproval HTTP/1.1" 200 56
[2026-02-27 15:01:45,881] [basehttp.py:154] [basehttp:log_message] [INFO]- "GET /RetainedSample/RetainedSample_summary/?tab=myBorrow HTTP/1.1" 200 4302
[2026-02-27 15:01:52,650] [basehttp.py:154] [basehttp:log_message] [INFO]- "GET /RetainedSample/RetainedSample_summary/?tab=summary HTTP/1.1" 200 23219
[2026-02-27 15:02:10,932] [UserIP.py:88] [UserIP:process_response] [INFO]- 2026-02-27 15:02:10: C1010S3/AnonymousUser/Cao.Edwin> None/EDWIN/bxbei > 127.0.0.1/127.0.0.1 > <WSGIRequest: POST '/RetainedSample/RetainedSample_summary/'>
[2026-02-27 15:02:10,949] [basehttp.py:154] [basehttp:log_message] [INFO]- "POST /RetainedSample/RetainedSample_summary/ HTTP/1.1" 200 80
[2026-02-27 15:02:11,076] [basehttp.py:154] [basehttp:log_message] [INFO]- "GET /RetainedSample/RetainedSample_summary/?tab=summary HTTP/1.1" 200 23219
[2026-02-27 15:02:11,108] [basehttp.py:154] [basehttp:log_message] [INFO]- "GET /RetainedSample/RetainedSample_summary/?tab=myBorrow HTTP/1.1" 200 4527
[2026-02-27 15:02:12,710] [basehttp.py:154] [basehttp:log_message] [INFO]- "GET /RetainedSample/RetainedSample_summary/?tab=myApproval HTTP/1.1" 200 296
[2026-02-27 15:02:15,191] [UserIP.py:88] [UserIP:process_response] [INFO]- 2026-02-27 15:02:15: C1010S3/AnonymousUser/Cao.Edwin> None/EDWIN/bxbei > 127.0.0.1/127.0.0.1 > <WSGIRequest: POST '/RetainedSample/handle_approval/'>
[2026-02-27 15:02:15,219] [basehttp.py:154] [basehttp:log_message] [INFO]- "POST /RetainedSample/handle_approval/ HTTP/1.1" 200 68
[2026-02-27 15:02:15,312] [basehttp.py:154] [basehttp:log_message] [INFO]- "GET /RetainedSample/RetainedSample_summary/?tab=myApproval HTTP/1.1" 200 56
[2026-02-27 15:02:15,395] [basehttp.py:154] [basehttp:log_message] [INFO]- "GET /RetainedSample/RetainedSample_summary/?tab=summary HTTP/1.1" 200 23219
[2026-02-27 15:02:15,416] [basehttp.py:154] [basehttp:log_message] [INFO]- "GET /RetainedSample/RetainedSample_summary/?tab=records HTTP/1.1" 200 5982
[2026-02-27 15:02:16,360] [basehttp.py:154] [basehttp:log_message] [INFO]- "GET /RetainedSample/RetainedSample_summary/?tab=myBorrow HTTP/1.1" 200 4515
[2026-02-27 15:02:43,911] [basehttp.py:154] [basehttp:log_message] [INFO]- "GET /RetainedSample/RetainedSample_summary/?tab=myApproval HTTP/1.1" 200 56
[2026-02-27 15:02:45,994] [basehttp.py:154] [basehttp:log_message] [INFO]- "GET /RetainedSample/RetainedSample_summary/?tab=records HTTP/1.1" 200 5982
[2026-02-27 15:02:47,069] [basehttp.py:154] [basehttp:log_message] [INFO]- "GET /RetainedSample/RetainedSample_summary/?tab=myApproval HTTP/1.1" 200 56
[2026-02-27 15:02:51,352] [basehttp.py:154] [basehttp:log_message] [INFO]- "GET /RetainedSample/RetainedSample_summary/?tab=myBorrow HTTP/1.1" 200 4515
[2026-02-27 15:02:59,230] [basehttp.py:154] [basehttp:log_message] [INFO]- "GET /RetainedSample/RetainedSample_summary/ HTTP/1.1" 200 110709
[2026-02-27 15:02:59,406] [basehttp.py:154] [basehttp:log_message] [INFO]- "GET /.well-known/appspecific/com.chrome.devtools.json HTTP/1.1" 200 38027
[2026-02-27 15:02:59,450] [basehttp.py:154] [basehttp:log_message] [WARNING]- "GET /static/css/bootstrap.min.css.map HTTP/1.1" 404 1800
[2026-02-27 15:02:59,465] [basehttp.py:154] [basehttp:log_message] [WARNING]- "GET /static/js/lib/bootstrap.min.js.map HTTP/1.1" 404 1806
[2026-02-27 15:02:59,608] [basehttp.py:154] [basehttp:log_message] [WARNING]- "GET /static/js/axios.min.map HTTP/1.1" 404 1773
[2026-02-27 15:02:59,829] [basehttp.py:154] [basehttp:log_message] [INFO]- "GET /RetainedSample/RetainedSample_summary/?tab=summary HTTP/1.1" 200 23219
[2026-02-27 15:02:59,835] [basehttp.py:154] [basehttp:log_message] [INFO]- "GET /favicon.ico HTTP/1.1" 200 38027
[2026-02-27 15:03:05,336] [basehttp.py:154] [basehttp:log_message] [INFO]- "GET /RetainedSample/RetainedSample_summary/?tab=myBorrow HTTP/1.1" 200 4515
[2026-02-27 15:03:59,061] [UserIP.py:88] [UserIP:process_response] [INFO]- 2026-02-27 15:03:59: C1010S3/AnonymousUser/Cao.Edwin> None/EDWIN/bxbei > 127.0.0.1/127.0.0.1 > <WSGIRequest: POST '/RetainedSample/handle_return/'>
[2026-02-27 15:03:59,079] [basehttp.py:154] [basehttp:log_message] [INFO]- "POST /RetainedSample/handle_return/ HTTP/1.1" 200 80
[2026-02-27 15:03:59,240] [basehttp.py:154] [basehttp:log_message] [INFO]- "GET /RetainedSample/RetainedSample_summary/?tab=myBorrow HTTP/1.1" 200 4527
[2026-02-27 15:06:14,990] [basehttp.py:154] [basehttp:log_message] [INFO]- "GET /RetainedSample/RetainedSample_summary/?tab=myApproval HTTP/1.1" 200 279
[2026-02-27 15:06:52,156] [UserIP.py:88] [UserIP:process_response] [INFO]- 2026-02-27 15:06:52: C1010S3/AnonymousUser/Cao.Edwin> None/EDWIN/bxbei > 127.0.0.1/127.0.0.1 > <WSGIRequest: POST '/RetainedSample/handle_approval/'>
[2026-02-27 15:06:52,171] [basehttp.py:154] [basehttp:log_message] [INFO]- "POST /RetainedSample/handle_approval/ HTTP/1.1" 200 74
[2026-02-27 15:06:52,253] [basehttp.py:154] [basehttp:log_message] [INFO]- "GET /RetainedSample/RetainedSample_summary/?tab=myApproval HTTP/1.1" 200 56
[2026-02-27 15:06:52,274] [basehttp.py:154] [basehttp:log_message] [INFO]- "GET /RetainedSample/RetainedSample_summary/?tab=summary HTTP/1.1" 200 23219
[2026-02-27 15:09:30,206] [basehttp.py:154] [basehttp:log_message] [INFO]- "GET /RetainedSample/RetainedSample_summary/?tab=myBorrow HTTP/1.1" 200 4515
[2026-02-27 15:09:38,618] [basehttp.py:154] [basehttp:log_message] [INFO]- "GET /RetainedSample/RetainedSample_summary/?tab=records HTTP/1.1" 200 5982
[2026-02-27 15:09:47,212] [basehttp.py:154] [basehttp:log_message] [INFO]- "GET /RetainedSample/RetainedSample_summary/ HTTP/1.1" 200 110709
[2026-02-27 15:09:47,305] [basehttp.py:154] [basehttp:log_message] [INFO]- "GET /.well-known/appspecific/com.chrome.devtools.json HTTP/1.1" 200 38027
[2026-02-27 15:09:47,319] [basehttp.py:154] [basehttp:log_message] [WARNING]- "GET /static/css/bootstrap.min.css.map HTTP/1.1" 404 1800
[2026-02-27 15:09:47,331] [basehttp.py:154] [basehttp:log_message] [WARNING]- "GET /static/js/lib/bootstrap.min.js.map HTTP/1.1" 404 1806
[2026-02-27 15:09:47,449] [basehttp.py:154] [basehttp:log_message] [WARNING]- "GET /static/js/axios.min.map HTTP/1.1" 404 1773
[2026-02-27 15:09:47,655] [basehttp.py:154] [basehttp:log_message] [INFO]- "GET /favicon.ico HTTP/1.1" 200 38027
[2026-02-27 15:09:47,720] [basehttp.py:154] [basehttp:log_message] [INFO]- "GET /RetainedSample/RetainedSample_summary/?tab=summary HTTP/1.1" 200 23219
[2026-02-27 15:09:50,819] [basehttp.py:154] [basehttp:log_message] [INFO]- "GET /RetainedSample/RetainedSample_summary/?tab=records HTTP/1.1" 200 5982
[2026-02-27 15:10:48,822] [basehttp.py:154] [basehttp:log_message] [INFO]- "GET /RetainedSample/RetainedSample_summary/?tab=myApproval HTTP/1.1" 200 56
[2026-02-27 15:10:51,263] [basehttp.py:154] [basehttp:log_message] [INFO]- "GET /RetainedSample/RetainedSample_summary/?tab=myBorrow HTTP/1.1" 200 4515
[2026-02-27 15:10:56,606] [UserIP.py:88] [UserIP:process_response] [INFO]- 2026-02-27 15:10:56: C1010S3/AnonymousUser/Cao.Edwin> None/EDWIN/bxbei > 127.0.0.1/127.0.0.1 > <WSGIRequest: POST '/RetainedSample/handle_return/'>
[2026-02-27 15:10:56,654] [basehttp.py:154] [basehttp:log_message] [INFO]- "POST /RetainedSample/handle_return/ HTTP/1.1" 200 80
[2026-02-27 15:10:56,800] [basehttp.py:154] [basehttp:log_message] [INFO]- "GET /RetainedSample/RetainedSample_summary/?tab=myBorrow HTTP/1.1" 200 4527
[2026-02-27 15:11:11,164] [basehttp.py:154] [basehttp:log_message] [INFO]- "GET /RetainedSample/RetainedSample_summary/?tab=myApproval HTTP/1.1" 200 296
[2026-02-27 15:11:28,844] [UserIP.py:88] [UserIP:process_response] [INFO]- 2026-02-27 15:11:28: C1010S3/AnonymousUser/Cao.Edwin> None/EDWIN/bxbei > 127.0.0.1/127.0.0.1 > <WSGIRequest: POST '/RetainedSample/handle_approval/'>
[2026-02-27 15:11:28,859] [basehttp.py:154] [basehttp:log_message] [INFO]- "POST /RetainedSample/handle_approval/ HTTP/1.1" 200 74
[2026-02-27 15:11:28,920] [basehttp.py:154] [basehttp:log_message] [INFO]- "GET /RetainedSample/RetainedSample_summary/?tab=myApproval HTTP/1.1" 200 56
[2026-02-27 15:11:28,955] [basehttp.py:154] [basehttp:log_message] [INFO]- "GET /RetainedSample/RetainedSample_summary/?tab=summary HTTP/1.1" 200 23219
[2026-02-27 15:12:24,457] [basehttp.py:154] [basehttp:log_message] [INFO]- "GET /RetainedSample/RetainedSample_summary/?tab=myBorrow HTTP/1.1" 200 4515
[2026-02-27 15:12:30,282] [basehttp.py:154] [basehttp:log_message] [INFO]- "GET /RetainedSample/RetainedSample_summary/ HTTP/1.1" 200 110709
[2026-02-27 15:12:30,373] [basehttp.py:154] [basehttp:log_message] [INFO]- "GET /.well-known/appspecific/com.chrome.devtools.json HTTP/1.1" 200 38027
[2026-02-27 15:12:30,393] [basehttp.py:154] [basehttp:log_message] [WARNING]- "GET /static/css/bootstrap.min.css.map HTTP/1.1" 404 1800
[2026-02-27 15:12:30,406] [basehttp.py:154] [basehttp:log_message] [WARNING]- "GET /static/js/lib/bootstrap.min.js.map HTTP/1.1" 404 1806
[2026-02-27 15:12:30,532] [basehttp.py:154] [basehttp:log_message] [WARNING]- "GET /static/js/axios.min.map HTTP/1.1" 404 1773
[2026-02-27 15:12:30,746] [basehttp.py:154] [basehttp:log_message] [INFO]- "GET /favicon.ico HTTP/1.1" 200 38027
[2026-02-27 15:12:30,766] [basehttp.py:154] [basehttp:log_message] [INFO]- "GET /RetainedSample/RetainedSample_summary/?tab=summary HTTP/1.1" 200 23219
[2026-02-27 15:12:32,664] [basehttp.py:154] [basehttp:log_message] [INFO]- "GET /RetainedSample/RetainedSample_summary/?tab=myBorrow HTTP/1.1" 200 4515
[2026-02-27 15:12:37,358] [basehttp.py:154] [basehttp:log_message] [INFO]- "GET /RetainedSample/RetainedSample_summary/?tab=myApproval HTTP/1.1" 200 56
[2026-02-27 15:12:38,608] [basehttp.py:154] [basehttp:log_message] [INFO]- "GET /RetainedSample/RetainedSample_summary/?tab=records HTTP/1.1" 200 5982
[2026-02-27 15:12:46,971] [basehttp.py:154] [basehttp:log_message] [INFO]- "GET /RetainedSample/RetainedSample_summary/?tab=scrapRecords HTTP/1.1" 200 354
[2026-02-27 15:12:53,442] [basehttp.py:154] [basehttp:log_message] [INFO]- "GET /RetainedSample/RetainedSample_summary/?tab=records HTTP/1.1" 200 5982
[2026-02-27 15:12:54,380] [basehttp.py:154] [basehttp:log_message] [INFO]- "GET /RetainedSample/RetainedSample_summary/?tab=myApproval HTTP/1.1" 200 56
[2026-02-27 15:12:56,245] [basehttp.py:154] [basehttp:log_message] [INFO]- "GET /RetainedSample/RetainedSample_summary/?tab=records HTTP/1.1" 200 5982
[2026-02-27 15:14:10,355] [basehttp.py:154] [basehttp:log_message] [INFO]- "GET /RetainedSample/RetainedSample_summary/?tab=myApproval HTTP/1.1" 200 56
[2026-02-27 15:14:11,179] [basehttp.py:154] [basehttp:log_message] [INFO]- "GET /RetainedSample/RetainedSample_summary/?tab=myApproval HTTP/1.1" 200 56
[2026-02-27 15:14:13,089] [basehttp.py:154] [basehttp:log_message] [INFO]- "GET /RetainedSample/RetainedSample_summary/?tab=myBorrow HTTP/1.1" 200 4515
[2026-02-27 15:16:57,581] [basehttp.py:154] [basehttp:log_message] [INFO]- "GET /RetainedSample/RetainedSample_summary/ HTTP/1.1" 200 110709
[2026-02-27 15:16:58,815] [basehttp.py:154] [basehttp:log_message] [INFO]- "GET /RetainedSample/RetainedSample_summary/?tab=summary HTTP/1.1" 200 23219
[2026-02-27 15:16:58,889] [basehttp.py:154] [basehttp:log_message] [INFO]- "GET /favicon.ico HTTP/1.1" 200 38027
[2026-02-27 15:17:01,960] [basehttp.py:154] [basehttp:log_message] [INFO]- "GET /admin/ HTTP/1.1" 302 0
[2026-02-27 15:17:02,096] [basehttp.py:154] [basehttp:log_message] [INFO]- "GET /admin/login/?next=/admin/ HTTP/1.1" 200 4026
[2026-02-27 15:17:02,400] [basehttp.py:154] [basehttp:log_message] [INFO]- "GET /favicon.ico HTTP/1.1" 200 38027
[2026-02-27 15:17:06,523] [UserIP.py:90] [UserIP:process_response] [CRITICAL]- 系统错误Expecting value: line 1 column 1 (char 0)
[2026-02-27 15:17:06,555] [basehttp.py:154] [basehttp:log_message] [INFO]- "POST /admin/login/?next=/admin/ HTTP/1.1" 302 0
[2026-02-27 15:17:07,704] [basehttp.py:154] [basehttp:log_message] [INFO]- "GET /admin/ HTTP/1.1" 200 56650
[2026-02-27 15:17:08,090] [basehttp.py:154] [basehttp:log_message] [INFO]- "GET /favicon.ico HTTP/1.1" 200 38027
[2026-02-27 15:17:29,042] [basehttp.py:154] [basehttp:log_message] [INFO]- "GET /favicon.ico HTTP/1.1" 200 38027
[2026-02-27 15:17:29,225] [basehttp.py:154] [basehttp:log_message] [INFO]- "GET /admin/RetainedSample/retainedsample/ HTTP/1.1" 200 46403
[2026-02-27 15:17:29,294] [basehttp.py:154] [basehttp:log_message] [INFO]- "GET /admin/jsi18n/ HTTP/1.1" 200 7684
[2026-02-27 15:19:37,930] [basehttp.py:154] [basehttp:log_message] [INFO]- "GET /admin/ HTTP/1.1" 200 57302
[2026-02-27 15:19:38,227] [basehttp.py:154] [basehttp:log_message] [INFO]- "GET /admin/RetainedSample/retainedsample/ HTTP/1.1" 200 49380
[2026-02-27 15:19:38,303] [basehttp.py:154] [basehttp:log_message] [INFO]- "GET /admin/jsi18n/ HTTP/1.1" 200 7684
[2026-02-27 15:19:38,555] [basehttp.py:154] [basehttp:log_message] [INFO]- "GET /favicon.ico HTTP/1.1" 200 38027
[2026-02-27 15:19:44,850] [basehttp.py:154] [basehttp:log_message] [INFO]- "GET /admin/RetainedSample/retainedsample/ HTTP/1.1" 200 49380
[2026-02-27 15:19:44,993] [basehttp.py:154] [basehttp:log_message] [INFO]- "GET /admin/jsi18n/ HTTP/1.1" 200 7684
[2026-02-27 15:20:01,947] [basehttp.py:154] [basehttp:log_message] [INFO]- "GET /favicon.ico HTTP/1.1" 200 38027
[2026-02-27 15:20:02,356] [basehttp.py:154] [basehttp:log_message] [INFO]- "GET /admin/RetainedSample/retainedsamplerecord/ HTTP/1.1" 200 103563
[2026-02-27 15:20:02,399] [basehttp.py:154] [basehttp:log_message] [INFO]- "GET /admin/jsi18n/ HTTP/1.1" 200 7684
[2026-02-27 15:20:36,419] [basehttp.py:154] [basehttp:log_message] [INFO]- "GET /RetainedSample/RetainedSample_summary/?tab=records HTTP/1.1" 200 5982
[2026-02-27 15:22:37,952] [basehttp.py:154] [basehttp:log_message] [INFO]- "GET /RetainedSample/RetainedSample_summary/?tab=myApproval HTTP/1.1" 200 56
[2026-02-27 15:22:39,228] [basehttp.py:154] [basehttp:log_message] [INFO]- "GET /RetainedSample/RetainedSample_summary/?tab=myBorrow HTTP/1.1" 200 4515
[2026-02-27 15:22:41,612] [basehttp.py:154] [basehttp:log_message] [INFO]- "GET /RetainedSample/RetainedSample_summary/?tab=myApproval HTTP/1.1" 200 56
[2026-02-27 15:22:45,668] [basehttp.py:154] [basehttp:log_message] [INFO]- "GET /RetainedSample/RetainedSample_summary/?tab=myBorrow HTTP/1.1" 200 4515
[2026-02-27 15:22:46,969] [basehttp.py:154] [basehttp:log_message] [INFO]- "GET /RetainedSample/RetainedSample_summary/?tab=summary HTTP/1.1" 200 23219
[2026-02-27 15:22:54,234] [basehttp.py:154] [basehttp:log_message] [INFO]- "GET /RetainedSample/RetainedSample_summary/?tab=records HTTP/1.1" 200 5982
[2026-02-27 15:22:55,618] [basehttp.py:154] [basehttp:log_message] [INFO]- "GET /RetainedSample/RetainedSample_summary/?tab=scrapRecords HTTP/1.1" 200 354
[2026-02-27 15:22:57,235] [basehttp.py:154] [basehttp:log_message] [INFO]- "GET /RetainedSample/RetainedSample_summary/?tab=summary HTTP/1.1" 200 23219
[2026-02-27 15:22:58,150] [basehttp.py:154] [basehttp:log_message] [INFO]- "GET /RetainedSample/RetainedSample_summary/?tab=scrapRecords HTTP/1.1" 200 354
[2026-02-27 15:22:59,327] [basehttp.py:154] [basehttp:log_message] [INFO]- "GET /RetainedSample/RetainedSample_summary/?tab=summary HTTP/1.1" 200 23219
[2026-02-27 15:23:00,817] [basehttp.py:154] [basehttp:log_message] [INFO]- "GET /RetainedSample/RetainedSample_summary/?tab=myBorrow HTTP/1.1" 200 4515
[2026-02-27 15:23:01,290] [basehttp.py:154] [basehttp:log_message] [INFO]- "GET /RetainedSample/RetainedSample_summary/?tab=myApproval HTTP/1.1" 200 56
[2026-02-27 15:23:01,726] [basehttp.py:154] [basehttp:log_message] [INFO]- "GET /RetainedSample/RetainedSample_summary/?tab=records HTTP/1.1" 200 5982
[2026-02-27 15:23:02,323] [basehttp.py:154] [basehttp:log_message] [INFO]- "GET /RetainedSample/RetainedSample_summary/?tab=scrapRecords HTTP/1.1" 200 354
[2026-02-27 15:23:10,127] [basehttp.py:154] [basehttp:log_message] [INFO]- "GET /RetainedSample/RetainedSample_summary/?tab=records HTTP/1.1" 200 5982
[2026-02-27 15:23:13,616] [basehttp.py:154] [basehttp:log_message] [INFO]- "GET /RetainedSample/RetainedSample_summary/?tab=myBorrow HTTP/1.1" 200 4515
[2026-02-27 15:25:35,383] [basehttp.py:154] [basehttp:log_message] [INFO]- "GET /RetainedSample/RetainedSample_summary/?tab=records HTTP/1.1" 200 5982
[2026-02-27 15:38:06,046] [basehttp.py:154] [basehttp:log_message] [INFO]- "GET /favicon.ico HTTP/1.1" 200 38027
[2026-02-27 15:38:06,530] [basehttp.py:154] [basehttp:log_message] [INFO]- "GET /admin/RetainedSample/personalretainedsample/ HTTP/1.1" 200 77671
[2026-02-27 15:38:06,573] [basehttp.py:154] [basehttp:log_message] [INFO]- "GET /admin/jsi18n/ HTTP/1.1" 200 7684
[2026-02-27 15:38:57,750] [basehttp.py:154] [basehttp:log_message] [INFO]- "GET /favicon.ico HTTP/1.1" 200 38027
[2026-02-27 15:39:01,731] [basehttp.py:154] [basehttp:log_message] [INFO]- "GET /admin/ HTTP/1.1" 200 57302
[2026-02-27 15:39:02,247] [basehttp.py:154] [basehttp:log_message] [INFO]- "GET /admin/RetainedSample/retainedsamplerecord/ HTTP/1.1" 200 103563
[2026-02-27 15:39:02,303] [basehttp.py:154] [basehttp:log_message] [INFO]- "GET /admin/jsi18n/ HTTP/1.1" 200 7684
[2026-02-27 15:39:02,420] [basehttp.py:154] [basehttp:log_message] [INFO]- "GET /favicon.ico HTTP/1.1" 200 38027
[2026-02-27 15:39:56,675] [basehttp.py:154] [basehttp:log_message] [INFO]- "GET /RetainedSample/RetainedSample_summary/?tab=scrapRecords HTTP/1.1" 200 354
[2026-02-27 15:39:58,741] [basehttp.py:154] [basehttp:log_message] [INFO]- "GET /RetainedSample/RetainedSample_summary/?tab=myBorrow HTTP/1.1" 200 4515
[2026-02-27 15:40:07,348] [basehttp.py:154] [basehttp:log_message] [INFO]- "GET /RetainedSample/RetainedSample_summary/ HTTP/1.1" 200 110694
[2026-02-27 15:40:07,474] [basehttp.py:154] [basehttp:log_message] [INFO]- "GET /.well-known/appspecific/com.chrome.devtools.json HTTP/1.1" 200 38027
[2026-02-27 15:40:07,504] [basehttp.py:154] [basehttp:log_message] [WARNING]- "GET /static/css/bootstrap.min.css.map HTTP/1.1" 404 1800
[2026-02-27 15:40:07,518] [basehttp.py:154] [basehttp:log_message] [WARNING]- "GET /static/js/lib/bootstrap.min.js.map HTTP/1.1" 404 1806
[2026-02-27 15:40:07,652] [basehttp.py:154] [basehttp:log_message] [WARNING]- "GET /static/js/axios.min.map HTTP/1.1" 404 1773
[2026-02-27 15:40:07,866] [basehttp.py:154] [basehttp:log_message] [INFO]- "GET /favicon.ico HTTP/1.1" 200 38027
[2026-02-27 15:40:07,896] [basehttp.py:154] [basehttp:log_message] [INFO]- "GET /RetainedSample/RetainedSample_summary/?tab=summary HTTP/1.1" 200 23219
[2026-02-27 15:40:09,711] [basehttp.py:154] [basehttp:log_message] [INFO]- "GET /RetainedSample/RetainedSample_summary/?tab=myBorrow HTTP/1.1" 200 4515
[2026-02-27 15:40:35,877] [basehttp.py:154] [basehttp:log_message] [INFO]- "GET /favicon.ico HTTP/1.1" 200 38027
[2026-02-27 15:40:36,375] [basehttp.py:154] [basehttp:log_message] [INFO]- "GET /admin/RetainedSample/personalretainedsample/ HTTP/1.1" 200 77671
[2026-02-27 15:40:36,412] [basehttp.py:154] [basehttp:log_message] [INFO]- "GET /admin/jsi18n/ HTTP/1.1" 200 7684
[2026-02-27 15:41:45,256] [basehttp.py:154] [basehttp:log_message] [INFO]- "GET /RetainedSample/RetainedSample_summary/?tab=records HTTP/1.1" 200 5982
[2026-02-27 15:41:51,735] [basehttp.py:154] [basehttp:log_message] [INFO]- "GET /favicon.ico HTTP/1.1" 200 38027
[2026-02-27 15:42:05,050] [basehttp.py:154] [basehttp:log_message] [INFO]- "GET /RetainedSample/RetainedSample_summary/ HTTP/1.1" 200 110694
[2026-02-27 15:42:05,135] [basehttp.py:154] [basehttp:log_message] [WARNING]- "GET /static/css/bootstrap.min.css.map HTTP/1.1" 404 1800
[2026-02-27 15:42:05,148] [basehttp.py:154] [basehttp:log_message] [WARNING]- "GET /static/js/lib/bootstrap.min.js.map HTTP/1.1" 404 1806
[2026-02-27 15:42:05,148] [basehttp.py:154] [basehttp:log_message] [INFO]- "GET /.well-known/appspecific/com.chrome.devtools.json HTTP/1.1" 200 38027
[2026-02-27 15:42:05,263] [basehttp.py:154] [basehttp:log_message] [WARNING]- "GET /static/js/axios.min.map HTTP/1.1" 404 1773
[2026-02-27 15:42:05,502] [basehttp.py:154] [basehttp:log_message] [INFO]- "GET /favicon.ico HTTP/1.1" 200 38027
[2026-02-27 15:42:05,515] [basehttp.py:154] [basehttp:log_message] [INFO]- "GET /RetainedSample/RetainedSample_summary/?tab=summary HTTP/1.1" 200 23219
[2026-02-27 15:42:07,460] [basehttp.py:154] [basehttp:log_message] [INFO]- "GET /RetainedSample/RetainedSample_summary/?tab=records HTTP/1.1" 200 5982
[2026-02-27 15:45:16,030] [basehttp.py:154] [basehttp:log_message] [INFO]- "GET /favicon.ico HTTP/1.1" 200 38027
[2026-02-27 15:45:20,289] [basehttp.py:154] [basehttp:log_message] [INFO]- "GET /favicon.ico HTTP/1.1" 200 38027
[2026-02-27 15:45:48,674] [basehttp.py:154] [basehttp:log_message] [INFO]- "GET /RetainedSample/RetainedSample_summary/ HTTP/1.1" 200 110694
[2026-02-27 15:45:48,786] [basehttp.py:154] [basehttp:log_message] [WARNING]- "GET /static/css/bootstrap.min.css.map HTTP/1.1" 404 1800
[2026-02-27 15:45:48,786] [basehttp.py:154] [basehttp:log_message] [INFO]- "GET /.well-known/appspecific/com.chrome.devtools.json HTTP/1.1" 200 38027
[2026-02-27 15:45:48,800] [basehttp.py:154] [basehttp:log_message] [WARNING]- "GET /static/js/lib/bootstrap.min.js.map HTTP/1.1" 404 1806
[2026-02-27 15:45:48,911] [basehttp.py:154] [basehttp:log_message] [WARNING]- "GET /static/js/axios.min.map HTTP/1.1" 404 1773
[2026-02-27 15:45:49,117] [basehttp.py:154] [basehttp:log_message] [INFO]- "GET /favicon.ico HTTP/1.1" 200 38027
[2026-02-27 15:45:49,136] [basehttp.py:154] [basehttp:log_message] [INFO]- "GET /RetainedSample/RetainedSample_summary/?tab=summary HTTP/1.1" 200 23219
[2026-02-27 15:45:52,201] [basehttp.py:154] [basehttp:log_message] [INFO]- "GET /RetainedSample/RetainedSample_summary/?tab=records HTTP/1.1" 200 5982
[2026-02-27 15:46:19,843] [basehttp.py:154] [basehttp:log_message] [INFO]- "GET /admin/ HTTP/1.1" 200 57302
[2026-02-27 15:46:20,348] [basehttp.py:154] [basehttp:log_message] [INFO]- "GET /admin/RetainedSample/retainedsamplerecord/ HTTP/1.1" 200 103563
[2026-02-27 15:46:20,379] [basehttp.py:154] [basehttp:log_message] [INFO]- "GET /admin/jsi18n/ HTTP/1.1" 200 7684
[2026-02-27 15:46:20,479] [basehttp.py:154] [basehttp:log_message] [INFO]- "GET /favicon.ico HTTP/1.1" 200 38027
[2026-02-27 15:46:43,049] [basehttp.py:154] [basehttp:log_message] [INFO]- "GET /RetainedSample/RetainedSample_summary/ HTTP/1.1" 200 110709
[2026-02-27 15:46:43,124] [basehttp.py:154] [basehttp:log_message] [INFO]- "GET /.well-known/appspecific/com.chrome.devtools.json HTTP/1.1" 200 38027
[2026-02-27 15:46:43,146] [basehttp.py:154] [basehttp:log_message] [WARNING]- "GET /static/css/bootstrap.min.css.map HTTP/1.1" 404 1800
[2026-02-27 15:46:43,156] [basehttp.py:154] [basehttp:log_message] [WARNING]- "GET /static/js/lib/bootstrap.min.js.map HTTP/1.1" 404 1806
[2026-02-27 15:46:43,271] [basehttp.py:154] [basehttp:log_message] [WARNING]- "GET /static/js/axios.min.map HTTP/1.1" 404 1773
[2026-02-27 15:46:43,477] [basehttp.py:154] [basehttp:log_message] [INFO]- "GET /favicon.ico HTTP/1.1" 200 38027
[2026-02-27 15:46:43,531] [basehttp.py:154] [basehttp:log_message] [INFO]- "GET /RetainedSample/RetainedSample_summary/?tab=summary HTTP/1.1" 200 23219
[2026-02-27 15:46:50,966] [basehttp.py:154] [basehttp:log_message] [INFO]- "GET /RetainedSample/RetainedSample_summary/?tab=records HTTP/1.1" 200 5982
[2026-02-27 15:52:35,020] [basehttp.py:154] [basehttp:log_message] [INFO]- "GET /favicon.ico HTTP/1.1" 200 38027
[2026-02-27 15:52:35,161] [basehttp.py:154] [basehttp:log_message] [INFO]- "GET /admin/RetainedSample/personalretainedsample/ HTTP/1.1" 200 77681
[2026-02-27 15:52:35,192] [basehttp.py:154] [basehttp:log_message] [INFO]- "GET /admin/jsi18n/ HTTP/1.1" 200 7684
[2026-02-27 15:52:40,096] [basehttp.py:154] [basehttp:log_message] [INFO]- "GET /favicon.ico HTTP/1.1" 200 38027
[2026-02-27 15:53:05,380] [basehttp.py:154] [basehttp:log_message] [INFO]- "GET /RetainedSample/RetainedSample_summary/?tab=records HTTP/1.1" 200 5982
[2026-02-27 15:53:10,861] [basehttp.py:154] [basehttp:log_message] [INFO]- "GET /RetainedSample/RetainedSample_summary/?tab=myBorrow HTTP/1.1" 200 4515
[2026-02-27 15:54:58,169] [basehttp.py:154] [basehttp:log_message] [INFO]- "GET /favicon.ico HTTP/1.1" 200 38027
[2026-02-27 15:56:29,335] [basehttp.py:154] [basehttp:log_message] [INFO]- "GET /favicon.ico HTTP/1.1" 200 38027
[2026-02-27 15:56:54,524] [basehttp.py:154] [basehttp:log_message] [INFO]- "GET /RetainedSample/RetainedSample_summary/ HTTP/1.1" 200 110709
[2026-02-27 15:56:54,609] [basehttp.py:154] [basehttp:log_message] [INFO]- "GET /.well-known/appspecific/com.chrome.devtools.json HTTP/1.1" 200 38027
[2026-02-27 15:56:54,635] [basehttp.py:154] [basehttp:log_message] [WARNING]- "GET /static/css/bootstrap.min.css.map HTTP/1.1" 404 1800
[2026-02-27 15:56:54,663] [basehttp.py:154] [basehttp:log_message] [WARNING]- "GET /static/js/lib/bootstrap.min.js.map HTTP/1.1" 404 1806
[2026-02-27 15:56:54,809] [basehttp.py:154] [basehttp:log_message] [WARNING]- "GET /static/js/axios.min.map HTTP/1.1" 404 1773
[2026-02-27 15:56:55,069] [basehttp.py:154] [basehttp:log_message] [INFO]- "GET /favicon.ico HTTP/1.1" 200 38027
[2026-02-27 15:56:55,078] [basehttp.py:154] [basehttp:log_message] [INFO]- "GET /RetainedSample/RetainedSample_summary/?tab=summary HTTP/1.1" 200 23219
[2026-02-27 15:56:58,833] [log.py:228] [log:log_response] [ERROR]- Internal Server Error: /RetainedSample/RetainedSample_summary/
Traceback (most recent call last):
  File "C:\Python3129\mecheck\lib\site-packages\django\core\handlers\exception.py", line 34, in inner
    response = get_response(request)
  File "C:\Python3129\mecheck\lib\site-packages\django\core\handlers\base.py", line 126, in _get_response
    response = self.process_exception_by_middleware(e, request)
  File "C:\Python3129\mecheck\lib\site-packages\django\core\handlers\base.py", line 124, in _get_response
    response = wrapped_callback(request, *callback_args, **callback_kwargs)
  File "C:\Python3129\mecheck\lib\site-packages\django\views\decorators\csrf.py", line 54, in wrapped_view
    return view_func(*args, **kwargs)
  File "C:\djangoproject\DMS\RetainedSample\views.py", line 235, in RetainedSample_summary
    Status='借用確認中'
  File "C:\Python3129\mecheck\lib\site-packages\django\db\models\manager.py", line 82, in manager_method
    return getattr(self.get_queryset(), name)(*args, **kwargs)
  File "C:\Python3129\mecheck\lib\site-packages\django\db\models\query.py", line 851, in exclude
    return self._filter_or_exclude(True, *args, **kwargs)
  File "C:\Python3129\mecheck\lib\site-packages\django\db\models\query.py", line 860, in _filter_or_exclude
    clone.query.add_q(~Q(*args, **kwargs))
  File "C:\Python3129\mecheck\lib\site-packages\django\db\models\sql\query.py", line 1263, in add_q
    clause, _ = self._add_q(q_object, self.used_aliases)
  File "C:\Python3129\mecheck\lib\site-packages\django\db\models\sql\query.py", line 1287, in _add_q
    split_subq=split_subq,
  File "C:\Python3129\mecheck\lib\site-packages\django\db\models\sql\query.py", line 1164, in build_filter
    lookups, parts, reffed_expression = self.solve_lookup_type(arg)
  File "C:\Python3129\mecheck\lib\site-packages\django\db\models\sql\query.py", line 1028, in solve_lookup_type
    _, field, _, lookup_parts = self.names_to_path(lookup_splitted, self.get_meta())
  File "C:\Python3129\mecheck\lib\site-packages\django\db\models\sql\query.py", line 1389, in names_to_path
    "Choices are: %s" % (name, ", ".join(available)))
django.core.exceptions.FieldError: Cannot resolve keyword 'Status' into field. Choices are: BorrowQuantity, Borrowed, BorrowedReson, BorrowedStatus, RecordType, ReturnedStatus, Sample, Sample_id, created_at, id, updated_at
[2026-02-27 15:56:58,881] [basehttp.py:154] [basehttp:log_message] [ERROR]- "GET /RetainedSample/RetainedSample_summary/?tab=records HTTP/1.1" 500 131226
[2026-02-27 15:57:29,748] [basehttp.py:154] [basehttp:log_message] [INFO]- "GET /favicon.ico HTTP/1.1" 200 38027
[2026-02-27 15:59:03,234] [basehttp.py:154] [basehttp:log_message] [INFO]- "GET /favicon.ico HTTP/1.1" 200 38027
[2026-02-27 16:00:19,938] [basehttp.py:154] [basehttp:log_message] [INFO]- "GET /favicon.ico HTTP/1.1" 200 38027
[2026-02-27 16:00:40,680] [basehttp.py:154] [basehttp:log_message] [INFO]- "GET /favicon.ico HTTP/1.1" 200 38027
[2026-02-27 16:01:01,463] [basehttp.py:154] [basehttp:log_message] [INFO]- "GET /admin/ HTTP/1.1" 200 57302
[2026-02-27 16:01:01,944] [basehttp.py:154] [basehttp:log_message] [INFO]- "GET /admin/RetainedSample/retainedsamplerecord/ HTTP/1.1" 200 103563
[2026-02-27 16:01:01,981] [basehttp.py:154] [basehttp:log_message] [INFO]- "GET /admin/jsi18n/ HTTP/1.1" 200 7684
[2026-02-27 16:01:02,087] [basehttp.py:154] [basehttp:log_message] [INFO]- "GET /favicon.ico HTTP/1.1" 200 38027
[2026-02-27 16:03:16,924] [basehttp.py:154] [basehttp:log_message] [INFO]- "GET /favicon.ico HTTP/1.1" 200 38027
[2026-02-27 16:03:17,076] [basehttp.py:154] [basehttp:log_message] [INFO]- "GET /admin/RetainedSample/personalretainedsample/ HTTP/1.1" 200 77681
[2026-02-27 16:03:17,141] [basehttp.py:154] [basehttp:log_message] [INFO]- "GET /admin/jsi18n/ HTTP/1.1" 200 7684
[2026-02-27 16:03:22,982] [basehttp.py:154] [basehttp:log_message] [INFO]- "GET /favicon.ico HTTP/1.1" 200 38027
[2026-02-27 16:03:33,940] [basehttp.py:154] [basehttp:log_message] [INFO]- "GET /favicon.ico HTTP/1.1" 200 38027
[2026-02-27 16:03:55,939] [basehttp.py:154] [basehttp:log_message] [INFO]- "GET /favicon.ico HTTP/1.1" 200 38027
[2026-02-27 16:13:00,440] [basehttp.py:154] [basehttp:log_message] [INFO]- "GET /RetainedSample/RetainedSample_summary/?tab=myApproval HTTP/1.1" 200 56
[2026-02-27 16:13:02,361] [basehttp.py:154] [basehttp:log_message] [INFO]- "GET /RetainedSample/RetainedSample_summary/?tab=myBorrow HTTP/1.1" 200 4515
[2026-02-27 16:13:03,960] [basehttp.py:154] [basehttp:log_message] [INFO]- "GET /RetainedSample/RetainedSample_summary/?tab=records HTTP/1.1" 200 5982
[2026-02-27 16:15:39,548] [UserIP.py:90] [UserIP:process_response] [CRITICAL]- 系统错误Expecting value: line 1 column 1 (char 0)
[2026-02-27 16:15:39,589] [basehttp.py:154] [basehttp:log_message] [INFO]- "POST /admin/RetainedSample/retainedsamplerecord/ HTTP/1.1" 200 18388
[2026-02-27 16:15:39,612] [basehttp.py:154] [basehttp:log_message] [INFO]- "GET /static/admin/js/cancel.js HTTP/1.1" 200 423
[2026-02-27 16:15:43,178] [UserIP.py:90] [UserIP:process_response] [CRITICAL]- 系统错误Expecting value: line 1 column 1 (char 0)
[2026-02-27 16:15:43,204] [basehttp.py:154] [basehttp:log_message] [INFO]- "POST /admin/RetainedSample/retainedsamplerecord/ HTTP/1.1" 302 0
[2026-02-27 16:15:43,327] [basehttp.py:154] [basehttp:log_message] [INFO]- "GET /admin/RetainedSample/retainedsamplerecord/ HTTP/1.1" 200 38064
[2026-02-27 16:15:43,383] [basehttp.py:154] [basehttp:log_message] [INFO]- "GET /admin/jsi18n/ HTTP/1.1" 200 7684
[2026-02-27 16:15:44,479] [basehttp.py:154] [basehttp:log_message] [INFO]- "GET /favicon.ico HTTP/1.1" 200 38027
[2026-02-27 16:15:47,677] [UserIP.py:90] [UserIP:process_response] [CRITICAL]- 系统错误Expecting value: line 1 column 1 (char 0)
[2026-02-27 16:15:47,705] [basehttp.py:154] [basehttp:log_message] [INFO]- "POST /admin/RetainedSample/personalretainedsample/ HTTP/1.1" 200 10681
[2026-02-27 16:15:50,282] [UserIP.py:90] [UserIP:process_response] [CRITICAL]- 系统错误Expecting value: line 1 column 1 (char 0)
[2026-02-27 16:15:50,302] [basehttp.py:154] [basehttp:log_message] [INFO]- "POST /admin/RetainedSample/personalretainedsample/ HTTP/1.1" 302 0
[2026-02-27 16:15:50,543] [basehttp.py:154] [basehttp:log_message] [INFO]- "GET /admin/RetainedSample/personalretainedsample/ HTTP/1.1" 200 44978
[2026-02-27 16:15:50,585] [basehttp.py:154] [basehttp:log_message] [INFO]- "GET /admin/jsi18n/ HTTP/1.1" 200 7684
[2026-02-27 16:15:54,179] [basehttp.py:154] [basehttp:log_message] [INFO]- "GET /RetainedSample/RetainedSample_summary/ HTTP/1.1" 200 110709
[2026-02-27 16:15:54,240] [basehttp.py:154] [basehttp:log_message] [INFO]- "GET /.well-known/appspecific/com.chrome.devtools.json HTTP/1.1" 200 38027
[2026-02-27 16:15:54,256] [basehttp.py:154] [basehttp:log_message] [WARNING]- "GET /static/css/bootstrap.min.css.map HTTP/1.1" 404 1800
[2026-02-27 16:15:54,268] [basehttp.py:154] [basehttp:log_message] [WARNING]- "GET /static/js/lib/bootstrap.min.js.map HTTP/1.1" 404 1806
[2026-02-27 16:15:54,389] [basehttp.py:154] [basehttp:log_message] [WARNING]- "GET /static/js/axios.min.map HTTP/1.1" 404 1773
[2026-02-27 16:15:54,590] [basehttp.py:154] [basehttp:log_message] [INFO]- "GET /favicon.ico HTTP/1.1" 200 38027
[2026-02-27 16:15:54,612] [basehttp.py:154] [basehttp:log_message] [INFO]- "GET /RetainedSample/RetainedSample_summary/?tab=summary HTTP/1.1" 200 23219
[2026-02-27 16:16:04,404] [basehttp.py:154] [basehttp:log_message] [INFO]- "GET /RetainedSample/RetainedSample_summary/?tab=myBorrow HTTP/1.1" 200 53
[2026-02-27 16:16:05,584] [basehttp.py:154] [basehttp:log_message] [INFO]- "GET /RetainedSample/RetainedSample_summary/?tab=myApproval HTTP/1.1" 200 56
[2026-02-27 16:16:06,478] [basehttp.py:154] [basehttp:log_message] [INFO]- "GET /RetainedSample/RetainedSample_summary/?tab=records HTTP/1.1" 200 200
[2026-02-27 16:16:08,088] [basehttp.py:154] [basehttp:log_message] [INFO]- "GET /RetainedSample/RetainedSample_summary/?tab=scrapRecords HTTP/1.1" 200 182
[2026-02-27 16:16:08,736] [basehttp.py:154] [basehttp:log_message] [INFO]- "GET /RetainedSample/RetainedSample_summary/?tab=myBorrow HTTP/1.1" 200 53
[2026-02-27 16:16:09,956] [basehttp.py:154] [basehttp:log_message] [INFO]- "GET /RetainedSample/RetainedSample_summary/?tab=summary HTTP/1.1" 200 23219
[2026-02-27 16:16:43,433] [basehttp.py:154] [basehttp:log_message] [INFO]- "GET /favicon.ico HTTP/1.1" 200 38027
[2026-02-27 16:16:43,515] [basehttp.py:154] [basehttp:log_message] [INFO]- "GET /admin/RetainedSample/retainedsample/ HTTP/1.1" 200 49380
[2026-02-27 16:16:43,601] [basehttp.py:154] [basehttp:log_message] [INFO]- "GET /admin/jsi18n/ HTTP/1.1" 200 7684
[2026-02-27 16:16:49,031] [basehttp.py:154] [basehttp:log_message] [INFO]- "GET /admin/RetainedSample/retainedsample/4/change/ HTTP/1.1" 200 27168
[2026-02-27 16:16:49,060] [basehttp.py:154] [basehttp:log_message] [INFO]- "GET /static/admin/js/calendar.js HTTP/1.1" 200 7985
[2026-02-27 16:16:49,065] [basehttp.py:154] [basehttp:log_message] [INFO]- "GET /static/admin/js/admin/DateTimeShortcuts.js HTTP/1.1" 200 20707
[2026-02-27 16:16:49,092] [basehttp.py:154] [basehttp:log_message] [INFO]- "GET /admin/jsi18n/ HTTP/1.1" 200 7684
[2026-02-27 16:16:49,259] [basehttp.py:154] [basehttp:log_message] [INFO]- "GET /static/admin/img/icon-calendar.svg HTTP/1.1" 200 1095
[2026-02-27 16:16:49,259] [basehttp.py:154] [basehttp:log_message] [INFO]- "GET /static/admin/img/icon-clock.svg HTTP/1.1" 200 686
[2026-02-27 16:17:14,091] [UserIP.py:90] [UserIP:process_response] [CRITICAL]- 系统错误Expecting value: line 1 column 1 (char 0)
[2026-02-27 16:17:14,116] [basehttp.py:154] [basehttp:log_message] [INFO]- "POST /admin/RetainedSample/retainedsample/4/change/ HTTP/1.1" 302 0
[2026-02-27 16:17:14,258] [basehttp.py:154] [basehttp:log_message] [INFO]- "GET /admin/RetainedSample/retainedsample/ HTTP/1.1" 200 49546
[2026-02-27 16:17:14,296] [basehttp.py:154] [basehttp:log_message] [INFO]- "GET /admin/jsi18n/ HTTP/1.1" 200 7684
[2026-02-27 16:17:21,136] [basehttp.py:154] [basehttp:log_message] [INFO]- "GET /admin/RetainedSample/retainedsample/3/change/ HTTP/1.1" 200 27167
[2026-02-27 16:17:21,179] [basehttp.py:154] [basehttp:log_message] [INFO]- "GET /admin/jsi18n/ HTTP/1.1" 200 7684
[2026-02-27 16:17:30,257] [UserIP.py:90] [UserIP:process_response] [CRITICAL]- 系统错误Expecting value: line 1 column 1 (char 0)
[2026-02-27 16:17:30,286] [basehttp.py:154] [basehttp:log_message] [INFO]- "POST /admin/RetainedSample/retainedsample/3/change/ HTTP/1.1" 302 0
[2026-02-27 16:17:30,435] [basehttp.py:154] [basehttp:log_message] [INFO]- "GET /admin/RetainedSample/retainedsample/ HTTP/1.1" 200 49546
[2026-02-27 16:17:30,474] [basehttp.py:154] [basehttp:log_message] [INFO]- "GET /admin/jsi18n/ HTTP/1.1" 200 7684
[2026-02-27 16:17:32,610] [basehttp.py:154] [basehttp:log_message] [INFO]- "GET /RetainedSample/RetainedSample_summary/ HTTP/1.1" 200 110709
[2026-02-27 16:17:32,678] [basehttp.py:154] [basehttp:log_message] [INFO]- "GET /.well-known/appspecific/com.chrome.devtools.json HTTP/1.1" 200 38027
[2026-02-27 16:17:32,693] [basehttp.py:154] [basehttp:log_message] [WARNING]- "GET /static/css/bootstrap.min.css.map HTTP/1.1" 404 1800
[2026-02-27 16:17:32,704] [basehttp.py:154] [basehttp:log_message] [WARNING]- "GET /static/js/lib/bootstrap.min.js.map HTTP/1.1" 404 1806
[2026-02-27 16:17:32,811] [basehttp.py:154] [basehttp:log_message] [WARNING]- "GET /static/js/axios.min.map HTTP/1.1" 404 1773
[2026-02-27 16:17:32,999] [basehttp.py:154] [basehttp:log_message] [INFO]- "GET /favicon.ico HTTP/1.1" 200 38027
[2026-02-27 16:17:33,021] [basehttp.py:154] [basehttp:log_message] [INFO]- "GET /RetainedSample/RetainedSample_summary/?tab=summary HTTP/1.1" 200 23219
[2026-02-27 16:17:37,634] [basehttp.py:154] [basehttp:log_message] [INFO]- "GET /RetainedSample/RetainedSample_summary/?tab=scrapRecords HTTP/1.1" 200 182
[2026-02-27 16:17:39,167] [basehttp.py:154] [basehttp:log_message] [INFO]- "GET /RetainedSample/RetainedSample_summary/?tab=summary HTTP/1.1" 200 23219
[2026-02-27 16:18:01,340] [UserIP.py:88] [UserIP:process_response] [INFO]- 2026-02-27 16:18:01: C1010S3/edwin/Cao.Edwin> None/EDWIN/bxbei > 127.0.0.1/127.0.0.1 > <WSGIRequest: POST '/RetainedSample/RetainedSample_summary/'>
[2026-02-27 16:18:01,372] [basehttp.py:154] [basehttp:log_message] [INFO]- "POST /RetainedSample/RetainedSample_summary/ HTTP/1.1" 200 80
[2026-02-27 16:18:01,444] [basehttp.py:154] [basehttp:log_message] [INFO]- "GET /RetainedSample/RetainedSample_summary/?tab=summary HTTP/1.1" 200 23219
[2026-02-27 16:18:01,453] [basehttp.py:154] [basehttp:log_message] [INFO]- "GET /RetainedSample/RetainedSample_summary/?tab=myBorrow HTTP/1.1" 200 276
[2026-02-27 16:18:03,877] [basehttp.py:154] [basehttp:log_message] [INFO]- "GET /RetainedSample/RetainedSample_summary/?tab=myBorrow HTTP/1.1" 200 276
[2026-02-27 16:18:08,482] [basehttp.py:154] [basehttp:log_message] [INFO]- "GET /favicon.ico HTTP/1.1" 200 38027
[2026-02-27 16:18:10,228] [basehttp.py:154] [basehttp:log_message] [INFO]- "GET /admin/ HTTP/1.1" 200 57424
[2026-02-27 16:18:10,420] [basehttp.py:154] [basehttp:log_message] [INFO]- "GET /admin/RetainedSample/retainedsamplerecord/ HTTP/1.1" 200 38844
[2026-02-27 16:18:10,461] [basehttp.py:154] [basehttp:log_message] [INFO]- "GET /admin/jsi18n/ HTTP/1.1" 200 7684
[2026-02-27 16:18:10,565] [basehttp.py:154] [basehttp:log_message] [INFO]- "GET /favicon.ico HTTP/1.1" 200 38027
[2026-02-27 16:18:11,467] [basehttp.py:154] [basehttp:log_message] [INFO]- "GET /favicon.ico HTTP/1.1" 200 38027
[2026-02-27 16:18:11,561] [basehttp.py:154] [basehttp:log_message] [INFO]- "GET /admin/RetainedSample/personalretainedsample/ HTTP/1.1" 200 46296
[2026-02-27 16:18:11,604] [basehttp.py:154] [basehttp:log_message] [INFO]- "GET /admin/jsi18n/ HTTP/1.1" 200 7684
[2026-02-27 16:18:13,212] [basehttp.py:154] [basehttp:log_message] [INFO]- "GET /admin/ HTTP/1.1" 200 57424
[2026-02-27 16:18:13,400] [basehttp.py:154] [basehttp:log_message] [INFO]- "GET /admin/RetainedSample/personalretainedsample/ HTTP/1.1" 200 46296
[2026-02-27 16:18:13,433] [basehttp.py:154] [basehttp:log_message] [INFO]- "GET /admin/jsi18n/ HTTP/1.1" 200 7684
[2026-02-27 16:18:13,547] [basehttp.py:154] [basehttp:log_message] [INFO]- "GET /favicon.ico HTTP/1.1" 200 38027
[2026-02-27 16:18:15,553] [basehttp.py:154] [basehttp:log_message] [INFO]- "GET /favicon.ico HTTP/1.1" 200 38027
[2026-02-27 16:18:15,625] [basehttp.py:154] [basehttp:log_message] [INFO]- "GET /admin/RetainedSample/retainedsamplerecord/ HTTP/1.1" 200 38844
[2026-02-27 16:18:15,683] [basehttp.py:154] [basehttp:log_message] [INFO]- "GET /admin/jsi18n/ HTTP/1.1" 200 7684
[2026-02-27 16:18:20,213] [basehttp.py:154] [basehttp:log_message] [INFO]- "GET /favicon.ico HTTP/1.1" 200 38027
[2026-02-27 16:18:26,710] [basehttp.py:154] [basehttp:log_message] [INFO]- "GET /RetainedSample/RetainedSample_summary/?tab=myApproval HTTP/1.1" 200 296
[2026-02-27 16:18:33,726] [UserIP.py:88] [UserIP:process_response] [INFO]- 2026-02-27 16:18:33: C1010S3/edwin/Cao.Edwin> None/EDWIN/bxbei > 127.0.0.1/127.0.0.1 > <WSGIRequest: POST '/RetainedSample/handle_approval/'>
[2026-02-27 16:18:33,744] [basehttp.py:154] [basehttp:log_message] [INFO]- "POST /RetainedSample/handle_approval/ HTTP/1.1" 200 68
[2026-02-27 16:18:33,804] [basehttp.py:154] [basehttp:log_message] [INFO]- "GET /RetainedSample/RetainedSample_summary/?tab=myApproval HTTP/1.1" 200 56
[2026-02-27 16:18:33,819] [basehttp.py:154] [basehttp:log_message] [INFO]- "GET /RetainedSample/RetainedSample_summary/?tab=summary HTTP/1.1" 200 23219
[2026-02-27 16:18:36,425] [basehttp.py:154] [basehttp:log_message] [INFO]- "GET /admin/ HTTP/1.1" 200 57424
[2026-02-27 16:18:36,588] [basehttp.py:154] [basehttp:log_message] [INFO]- "GET /admin/RetainedSample/personalretainedsample/ HTTP/1.1" 200 46300
[2026-02-27 16:18:36,644] [basehttp.py:154] [basehttp:log_message] [INFO]- "GET /admin/jsi18n/ HTTP/1.1" 200 7684
[2026-02-27 16:18:36,741] [basehttp.py:154] [basehttp:log_message] [INFO]- "GET /favicon.ico HTTP/1.1" 200 38027
[2026-02-27 16:18:38,378] [basehttp.py:154] [basehttp:log_message] [INFO]- "GET /favicon.ico HTTP/1.1" 200 38027
[2026-02-27 16:18:38,399] [basehttp.py:154] [basehttp:log_message] [INFO]- "GET /admin/RetainedSample/retainedsamplerecord/ HTTP/1.1" 200 40205
[2026-02-27 16:18:38,457] [basehttp.py:154] [basehttp:log_message] [INFO]- "GET /admin/jsi18n/ HTTP/1.1" 200 7684
[2026-02-27 16:18:39,653] [basehttp.py:154] [basehttp:log_message] [INFO]- "GET /admin/ HTTP/1.1" 200 57424
[2026-02-27 16:18:39,847] [basehttp.py:154] [basehttp:log_message] [INFO]- "GET /admin/RetainedSample/retainedsamplerecord/ HTTP/1.1" 200 40205
[2026-02-27 16:18:39,894] [basehttp.py:154] [basehttp:log_message] [INFO]- "GET /admin/jsi18n/ HTTP/1.1" 200 7684
[2026-02-27 16:18:40,010] [basehttp.py:154] [basehttp:log_message] [INFO]- "GET /favicon.ico HTTP/1.1" 200 38027
[2026-02-27 16:18:45,855] [basehttp.py:154] [basehttp:log_message] [INFO]- "GET /favicon.ico HTTP/1.1" 200 38027
[2026-02-27 16:18:45,918] [basehttp.py:154] [basehttp:log_message] [INFO]- "GET /admin/RetainedSample/personalretainedsample/ HTTP/1.1" 200 46300
[2026-02-27 16:18:45,958] [basehttp.py:154] [basehttp:log_message] [INFO]- "GET /admin/jsi18n/ HTTP/1.1" 200 7684
[2026-02-27 16:19:05,695] [basehttp.py:154] [basehttp:log_message] [INFO]- "GET /favicon.ico HTTP/1.1" 200 38027
[2026-02-27 16:19:16,948] [basehttp.py:154] [basehttp:log_message] [INFO]- "GET /admin/RetainedSample/retainedsamplerecord/62/change/ HTTP/1.1" 200 22627
[2026-02-27 16:19:16,983] [basehttp.py:154] [basehttp:log_message] [INFO]- "GET /admin/jsi18n/ HTTP/1.1" 200 7684
[2026-02-27 16:19:20,275] [basehttp.py:154] [basehttp:log_message] [INFO]- "GET /admin/RetainedSample/retainedsamplerecord/ HTTP/1.1" 200 40205
[2026-02-27 16:19:29,012] [basehttp.py:154] [basehttp:log_message] [INFO]- "GET /RetainedSample/RetainedSample_summary/?tab=summary HTTP/1.1" 200 23219
[2026-02-27 16:19:39,270] [UserIP.py:88] [UserIP:process_response] [INFO]- 2026-02-27 16:19:39: C1010S3/edwin/Cao.Edwin> None/EDWIN/bxbei > 127.0.0.1/127.0.0.1 > <WSGIRequest: POST '/RetainedSample/RetainedSample_summary/'>
[2026-02-27 16:19:39,284] [basehttp.py:154] [basehttp:log_message] [INFO]- "POST /RetainedSample/RetainedSample_summary/ HTTP/1.1" 200 80
[2026-02-27 16:19:39,341] [basehttp.py:154] [basehttp:log_message] [INFO]- "GET /RetainedSample/RetainedSample_summary/?tab=myBorrow HTTP/1.1" 200 489
[2026-02-27 16:19:39,393] [basehttp.py:154] [basehttp:log_message] [INFO]- "GET /RetainedSample/RetainedSample_summary/?tab=summary HTTP/1.1" 200 23219
[2026-02-27 16:19:44,268] [basehttp.py:154] [basehttp:log_message] [INFO]- "GET /admin/ HTTP/1.1" 200 57424
[2026-02-27 16:19:44,462] [basehttp.py:154] [basehttp:log_message] [INFO]- "GET /admin/RetainedSample/retainedsamplerecord/ HTTP/1.1" 200 41273
[2026-02-27 16:19:44,509] [basehttp.py:154] [basehttp:log_message] [INFO]- "GET /admin/jsi18n/ HTTP/1.1" 200 7684
[2026-02-27 16:19:44,623] [basehttp.py:154] [basehttp:log_message] [INFO]- "GET /favicon.ico HTTP/1.1" 200 38027
[2026-02-27 16:19:45,908] [basehttp.py:154] [basehttp:log_message] [INFO]- "GET /favicon.ico HTTP/1.1" 200 38027
[2026-02-27 16:19:45,967] [basehttp.py:154] [basehttp:log_message] [INFO]- "GET /admin/RetainedSample/personalretainedsample/ HTTP/1.1" 200 47996
[2026-02-27 16:19:46,017] [basehttp.py:154] [basehttp:log_message] [INFO]- "GET /admin/jsi18n/ HTTP/1.1" 200 7684
[2026-02-27 16:19:47,436] [basehttp.py:154] [basehttp:log_message] [INFO]- "GET /admin/ HTTP/1.1" 200 57424
[2026-02-27 16:19:47,619] [basehttp.py:154] [basehttp:log_message] [INFO]- "GET /admin/RetainedSample/personalretainedsample/ HTTP/1.1" 200 47996
[2026-02-27 16:19:47,667] [basehttp.py:154] [basehttp:log_message] [INFO]- "GET /admin/jsi18n/ HTTP/1.1" 200 7684
[2026-02-27 16:19:47,757] [basehttp.py:154] [basehttp:log_message] [INFO]- "GET /favicon.ico HTTP/1.1" 200 38027
[2026-02-27 16:19:53,053] [basehttp.py:154] [basehttp:log_message] [INFO]- "GET /RetainedSample/RetainedSample_summary/?tab=myBorrow HTTP/1.1" 200 489
[2026-02-27 16:19:55,108] [basehttp.py:154] [basehttp:log_message] [INFO]- "GET /RetainedSample/RetainedSample_summary/?tab=myApproval HTTP/1.1" 200 296
[2026-02-27 16:19:57,501] [UserIP.py:88] [UserIP:process_response] [INFO]- 2026-02-27 16:19:57: C1010S3/edwin/Cao.Edwin> None/EDWIN/bxbei > 127.0.0.1/127.0.0.1 > <WSGIRequest: POST '/RetainedSample/handle_approval/'>
[2026-02-27 16:19:57,537] [basehttp.py:154] [basehttp:log_message] [INFO]- "POST /RetainedSample/handle_approval/ HTTP/1.1" 200 68
[2026-02-27 16:19:57,629] [basehttp.py:154] [basehttp:log_message] [INFO]- "GET /RetainedSample/RetainedSample_summary/?tab=myApproval HTTP/1.1" 200 56
[2026-02-27 16:19:57,638] [basehttp.py:154] [basehttp:log_message] [INFO]- "GET /RetainedSample/RetainedSample_summary/?tab=records HTTP/1.1" 200 757
[2026-02-27 16:19:57,645] [basehttp.py:154] [basehttp:log_message] [INFO]- "GET /RetainedSample/RetainedSample_summary/?tab=summary HTTP/1.1" 200 23219
[2026-02-27 16:19:59,459] [basehttp.py:154] [basehttp:log_message] [INFO]- "GET /admin/ HTTP/1.1" 200 57424
[2026-02-27 16:19:59,693] [basehttp.py:154] [basehttp:log_message] [INFO]- "GET /admin/RetainedSample/personalretainedsample/ HTTP/1.1" 200 48000
[2026-02-27 16:19:59,743] [basehttp.py:154] [basehttp:log_message] [INFO]- "GET /admin/jsi18n/ HTTP/1.1" 200 7684
[2026-02-27 16:19:59,809] [basehttp.py:154] [basehttp:log_message] [INFO]- "GET /favicon.ico HTTP/1.1" 200 38027
[2026-02-27 16:20:01,715] [basehttp.py:154] [basehttp:log_message] [INFO]- "GET /favicon.ico HTTP/1.1" 200 38027
[2026-02-27 16:20:01,794] [basehttp.py:154] [basehttp:log_message] [INFO]- "GET /admin/RetainedSample/retainedsamplerecord/ HTTP/1.1" 200 41273
[2026-02-27 16:20:01,860] [basehttp.py:154] [basehttp:log_message] [INFO]- "GET /admin/jsi18n/ HTTP/1.1" 200 7684
[2026-02-27 16:20:03,698] [basehttp.py:154] [basehttp:log_message] [INFO]- "GET /admin/ HTTP/1.1" 200 57424
[2026-02-27 16:20:03,883] [basehttp.py:154] [basehttp:log_message] [INFO]- "GET /admin/RetainedSample/retainedsamplerecord/ HTTP/1.1" 200 41273
[2026-02-27 16:20:03,925] [basehttp.py:154] [basehttp:log_message] [INFO]- "GET /admin/jsi18n/ HTTP/1.1" 200 7684
[2026-02-27 16:20:04,026] [basehttp.py:154] [basehttp:log_message] [INFO]- "GET /favicon.ico HTTP/1.1" 200 38027
[2026-02-27 16:20:09,396] [basehttp.py:154] [basehttp:log_message] [INFO]- "GET /admin/ HTTP/1.1" 200 57424
[2026-02-27 16:20:09,559] [basehttp.py:154] [basehttp:log_message] [INFO]- "GET /admin/RetainedSample/retainedsamplerecord/ HTTP/1.1" 200 41273
[2026-02-27 16:20:09,605] [basehttp.py:154] [basehttp:log_message] [INFO]- "GET /admin/jsi18n/ HTTP/1.1" 200 7684
[2026-02-27 16:20:09,675] [basehttp.py:154] [basehttp:log_message] [INFO]- "GET /favicon.ico HTTP/1.1" 200 38027
[2026-02-27 16:20:14,243] [basehttp.py:154] [basehttp:log_message] [INFO]- "GET /admin/ HTTP/1.1" 200 57424
[2026-02-27 16:20:14,426] [basehttp.py:154] [basehttp:log_message] [INFO]- "GET /admin/RetainedSample/retainedsamplerecord/ HTTP/1.1" 200 41273
[2026-02-27 16:20:14,488] [basehttp.py:154] [basehttp:log_message] [INFO]- "GET /admin/jsi18n/ HTTP/1.1" 200 7684
[2026-02-27 16:20:14,579] [basehttp.py:154] [basehttp:log_message] [INFO]- "GET /favicon.ico HTTP/1.1" 200 38027
[2026-02-27 16:20:46,714] [basehttp.py:154] [basehttp:log_message] [INFO]- "GET /admin/ HTTP/1.1" 200 57424
[2026-02-27 16:20:46,888] [basehttp.py:154] [basehttp:log_message] [INFO]- "GET /admin/RetainedSample/retainedsamplerecord/ HTTP/1.1" 200 41273
[2026-02-27 16:20:46,936] [basehttp.py:154] [basehttp:log_message] [INFO]- "GET /admin/jsi18n/ HTTP/1.1" 200 7684
[2026-02-27 16:20:47,025] [basehttp.py:154] [basehttp:log_message] [INFO]- "GET /favicon.ico HTTP/1.1" 200 38027
[2026-02-27 16:20:48,245] [basehttp.py:154] [basehttp:log_message] [INFO]- "GET /favicon.ico HTTP/1.1" 200 38027
[2026-02-27 16:20:48,299] [basehttp.py:154] [basehttp:log_message] [INFO]- "GET /admin/RetainedSample/personalretainedsample/ HTTP/1.1" 200 48000
[2026-02-27 16:20:48,332] [basehttp.py:154] [basehttp:log_message] [INFO]- "GET /admin/jsi18n/ HTTP/1.1" 200 7684
[2026-02-27 16:20:49,484] [basehttp.py:154] [basehttp:log_message] [INFO]- "GET /admin/ HTTP/1.1" 200 57424
[2026-02-27 16:20:49,667] [basehttp.py:154] [basehttp:log_message] [INFO]- "GET /admin/RetainedSample/personalretainedsample/ HTTP/1.1" 200 48000
[2026-02-27 16:20:49,700] [basehttp.py:154] [basehttp:log_message] [INFO]- "GET /admin/jsi18n/ HTTP/1.1" 200 7684
[2026-02-27 16:20:49,770] [basehttp.py:154] [basehttp:log_message] [INFO]- "GET /favicon.ico HTTP/1.1" 200 38027
[2026-02-27 16:20:51,833] [basehttp.py:154] [basehttp:log_message] [INFO]- "GET /favicon.ico HTTP/1.1" 200 38027
[2026-02-27 16:20:51,852] [basehttp.py:154] [basehttp:log_message] [INFO]- "GET /admin/RetainedSample/retainedsamplerecord/ HTTP/1.1" 200 41273
[2026-02-27 16:20:51,892] [basehttp.py:154] [basehttp:log_message] [INFO]- "GET /admin/jsi18n/ HTTP/1.1" 200 7684
[2026-02-27 16:20:59,198] [basehttp.py:154] [basehttp:log_message] [INFO]- "GET /admin/ HTTP/1.1" 200 57424
[2026-02-27 16:20:59,413] [basehttp.py:154] [basehttp:log_message] [INFO]- "GET /admin/RetainedSample/retainedsamplerecord/ HTTP/1.1" 200 41273
[2026-02-27 16:20:59,462] [basehttp.py:154] [basehttp:log_message] [INFO]- "GET /admin/jsi18n/ HTTP/1.1" 200 7684
[2026-02-27 16:20:59,555] [basehttp.py:154] [basehttp:log_message] [INFO]- "GET /favicon.ico HTTP/1.1" 200 38027
[2026-02-27 16:21:11,680] [basehttp.py:154] [basehttp:log_message] [INFO]- "GET /RetainedSample/RetainedSample_summary/?tab=myBorrow HTTP/1.1" 200 477
[2026-02-27 16:22:36,327] [basehttp.py:154] [basehttp:log_message] [INFO]- "GET /favicon.ico HTTP/1.1" 200 38027
[2026-02-27 16:22:36,382] [basehttp.py:154] [basehttp:log_message] [INFO]- "GET /admin/RetainedSample/personalretainedsample/ HTTP/1.1" 200 48000
[2026-02-27 16:22:36,430] [basehttp.py:154] [basehttp:log_message] [INFO]- "GET /admin/jsi18n/ HTTP/1.1" 200 7684
[2026-02-27 16:22:55,629] [basehttp.py:154] [basehttp:log_message] [INFO]- "GET /favicon.ico HTTP/1.1" 200 38027
[2026-02-27 16:23:24,141] [basehttp.py:154] [basehttp:log_message] [INFO]- "GET /favicon.ico HTTP/1.1" 200 38027
[2026-02-27 16:23:25,653] [basehttp.py:154] [basehttp:log_message] [INFO]- "GET /favicon.ico HTTP/1.1" 200 38027
[2026-02-27 17:06:10,710] [basehttp.py:154] [basehttp:log_message] [INFO]- "GET /RetainedSample/RetainedSample_summary/?tab=summary HTTP/1.1" 200 23219
[2026-02-27 17:06:19,075] [UserIP.py:88] [UserIP:process_response] [INFO]- 2026-02-27 17:06:19: C1010S3/edwin/Cao.Edwin> None/EDWIN/bxbei > 127.0.0.1/127.0.0.1 > <WSGIRequest: POST '/RetainedSample/RetainedSample_summary/'>
[2026-02-27 17:06:19,092] [basehttp.py:154] [basehttp:log_message] [INFO]- "POST /RetainedSample/RetainedSample_summary/ HTTP/1.1" 200 80
[2026-02-27 17:06:19,143] [basehttp.py:154] [basehttp:log_message] [INFO]- "GET /RetainedSample/RetainedSample_summary/?tab=myBorrow HTTP/1.1" 200 702
[2026-02-27 17:06:19,176] [basehttp.py:154] [basehttp:log_message] [INFO]- "GET /RetainedSample/RetainedSample_summary/?tab=summary HTTP/1.1" 200 23219
[2026-02-27 17:06:22,717] [basehttp.py:154] [basehttp:log_message] [INFO]- "GET /admin/ HTTP/1.1" 200 57424
[2026-02-27 17:06:22,912] [basehttp.py:154] [basehttp:log_message] [INFO]- "GET /admin/RetainedSample/retainedsamplerecord/ HTTP/1.1" 200 42341
[2026-02-27 17:06:22,968] [basehttp.py:154] [basehttp:log_message] [INFO]- "GET /admin/jsi18n/ HTTP/1.1" 200 7684
[2026-02-27 17:06:23,207] [basehttp.py:154] [basehttp:log_message] [INFO]- "GET /favicon.ico HTTP/1.1" 200 38027
[2026-02-27 17:06:27,489] [basehttp.py:154] [basehttp:log_message] [INFO]- "GET /RetainedSample/RetainedSample_summary/?tab=myApproval HTTP/1.1" 200 296
[2026-02-27 17:06:29,611] [UserIP.py:88] [UserIP:process_response] [INFO]- 2026-02-27 17:06:29: C1010S3/edwin/Cao.Edwin> None/EDWIN/bxbei > 127.0.0.1/127.0.0.1 > <WSGIRequest: POST '/RetainedSample/handle_approval/'>
[2026-02-27 17:06:29,627] [basehttp.py:154] [basehttp:log_message] [INFO]- "POST /RetainedSample/handle_approval/ HTTP/1.1" 200 68
[2026-02-27 17:06:29,690] [basehttp.py:154] [basehttp:log_message] [INFO]- "GET /RetainedSample/RetainedSample_summary/?tab=myApproval HTTP/1.1" 200 56
[2026-02-27 17:06:29,712] [basehttp.py:154] [basehttp:log_message] [INFO]- "GET /RetainedSample/RetainedSample_summary/?tab=records HTTP/1.1" 200 1032
[2026-02-27 17:06:29,727] [basehttp.py:154] [basehttp:log_message] [INFO]- "GET /RetainedSample/RetainedSample_summary/?tab=summary HTTP/1.1" 200 23219
[2026-02-27 17:06:31,187] [basehttp.py:154] [basehttp:log_message] [INFO]- "GET /admin/ HTTP/1.1" 200 57424
[2026-02-27 17:06:31,372] [basehttp.py:154] [basehttp:log_message] [INFO]- "GET /admin/RetainedSample/retainedsamplerecord/ HTTP/1.1" 200 43554
[2026-02-27 17:06:31,422] [basehttp.py:154] [basehttp:log_message] [INFO]- "GET /admin/jsi18n/ HTTP/1.1" 200 7684
[2026-02-27 17:06:31,505] [basehttp.py:154] [basehttp:log_message] [INFO]- "GET /favicon.ico HTTP/1.1" 200 38027
