[2024-07-31 15:45:37,568] [basehttp.py:154] [basehttp:log_message] [INFO]- "GET / HTTP/1.1" 302 0
[2024-07-31 15:45:37,575] [basehttp.py:154] [basehttp:log_message] [INFO]- "GET /login/ HTTP/1.1" 200 4823
[2024-07-31 15:45:37,738] [basehttp.py:154] [basehttp:log_message] [INFO]- "GET /favicon.ico HTTP/1.1" 302 0
[2024-07-31 15:45:37,746] [basehttp.py:154] [basehttp:log_message] [INFO]- "GET /login/ HTTP/1.1" 200 4823
[2024-07-31 15:45:39,228] [UserIP.py:89] [UserIP:process_response] [CRITICAL]- 系统错误Expecting value: line 1 column 1 (char 0)
[2024-07-31 15:45:39,267] [basehttp.py:154] [basehttp:log_message] [INFO]- "POST /login/ HTTP/1.1" 302 0
[2024-07-31 15:45:39,310] [basehttp.py:154] [basehttp:log_message] [INFO]- "GET /login/ HTTP/1.1" 302 0
[2024-07-31 15:45:39,376] [basehttp.py:154] [basehttp:log_message] [INFO]- "GET /DeviceABO/BorrowedDeviceABO/ HTTP/1.1" 200 58472
[2024-07-31 15:45:40,618] [UserIP.py:87] [UserIP:process_response] [INFO]- 2024-07-31 15:45:40 C1010S3>Cao.Edwin None>EDWIN>bxbei 127.0.0.1 127.0.0.1 /DeviceABO/BorrowedDeviceABO/ POST
[2024-07-31 15:45:40,627] [basehttp.py:154] [basehttp:log_message] [INFO]- "POST /DeviceABO/BorrowedDeviceABO/ HTTP/1.1" 200 186
[2024-07-31 15:45:40,695] [basehttp.py:154] [basehttp:log_message] [INFO]- "GET /favicon.ico HTTP/1.1" 200 23522
[2024-07-31 15:45:47,068] [basehttp.py:154] [basehttp:log_message] [INFO]- "GET /DeviceLNV/BorrowedDeviceLNV/ HTTP/1.1" 200 63468
[2024-07-31 15:45:47,508] [basehttp.py:154] [basehttp:log_message] [INFO]- "GET /favicon.ico HTTP/1.1" 200 23522
[2024-07-31 15:45:49,781] [UserIP.py:87] [UserIP:process_response] [INFO]- 2024-07-31 15:45:49 C1010S3>Cao.Edwin None>EDWIN>bxbei 127.0.0.1 127.0.0.1 /DeviceLNV/BorrowedDeviceLNV/ POST
[2024-07-31 15:45:49,811] [basehttp.py:154] [basehttp:log_message] [INFO]- "POST /DeviceLNV/BorrowedDeviceLNV/ HTTP/1.1" 200 2145400
[2024-07-31 15:45:50,382] [basehttp.py:154] [basehttp:log_message] [INFO]- "GET /media/DeviceLNV/Device/1513.jpg HTTP/1.1" 200 215360
[2024-07-31 15:45:50,388] [basehttp.py:154] [basehttp:log_message] [INFO]- "GET /media/DeviceLNV/Device/2156.jpg HTTP/1.1" 200 201323
[2024-07-31 15:45:50,388] [log.py:228] [log:log_response] [WARNING]- Not Found: /media/DeviceLNV/Device/2214.jpg
[2024-07-31 15:45:50,392] [basehttp.py:154] [basehttp:log_message] [WARNING]- "GET /media/DeviceLNV/Device/2214.jpg HTTP/1.1" 404 1803
[2024-07-31 15:45:50,394] [log.py:228] [log:log_response] [WARNING]- Not Found: /media/DeviceLNV/Device/2260.jpg
[2024-07-31 15:45:50,406] [log.py:228] [log:log_response] [WARNING]- Not Found: /media/DeviceLNV/Device/233.jpg
[2024-07-31 15:45:50,408] [basehttp.py:154] [basehttp:log_message] [WARNING]- "GET /media/DeviceLNV/Device/2260.jpg HTTP/1.1" 404 1803
[2024-07-31 15:45:50,408] [basehttp.py:154] [basehttp:log_message] [WARNING]- "GET /media/DeviceLNV/Device/233.jpg HTTP/1.1" 404 1800
[2024-07-31 15:45:50,415] [log.py:228] [log:log_response] [WARNING]- Not Found: /media/DeviceLNV/Device/244.jpg
[2024-07-31 15:45:50,430] [basehttp.py:154] [basehttp:log_message] [WARNING]- "GET /media/DeviceLNV/Device/244.jpg HTTP/1.1" 404 1800
[2024-07-31 15:45:50,472] [log.py:228] [log:log_response] [WARNING]- Not Found: /media/DeviceLNV/Device/1462.jpg
[2024-07-31 15:45:50,481] [basehttp.py:154] [basehttp:log_message] [WARNING]- "GET /media/DeviceLNV/Device/1462.jpg HTTP/1.1" 404 1803
[2024-07-31 15:45:50,485] [log.py:228] [log:log_response] [WARNING]- Not Found: /media/DeviceLNV/Device/2218.jpg
[2024-07-31 15:45:50,491] [log.py:228] [log:log_response] [WARNING]- Not Found: /media/DeviceLNV/Device/253.jpg
[2024-07-31 15:45:50,494] [basehttp.py:154] [basehttp:log_message] [WARNING]- "GET /media/DeviceLNV/Device/2218.jpg HTTP/1.1" 404 1803
[2024-07-31 15:45:50,507] [basehttp.py:154] [basehttp:log_message] [WARNING]- "GET /media/DeviceLNV/Device/253.jpg HTTP/1.1" 404 1800
[2024-07-31 15:45:50,509] [log.py:228] [log:log_response] [WARNING]- Not Found: /media/DeviceLNV/Device/262.jpg
[2024-07-31 15:45:50,516] [log.py:228] [log:log_response] [WARNING]- Not Found: /media/DeviceLNV/Device/261.jpg
[2024-07-31 15:45:50,528] [log.py:228] [log:log_response] [WARNING]- Not Found: /media/DeviceLNV/Device/268.jpg
[2024-07-31 15:45:50,538] [basehttp.py:154] [basehttp:log_message] [WARNING]- "GET /media/DeviceLNV/Device/262.jpg HTTP/1.1" 404 1800
[2024-07-31 15:45:50,539] [basehttp.py:154] [basehttp:log_message] [WARNING]- "GET /media/DeviceLNV/Device/261.jpg HTTP/1.1" 404 1800
[2024-07-31 15:45:50,553] [basehttp.py:154] [basehttp:log_message] [WARNING]- "GET /media/DeviceLNV/Device/268.jpg HTTP/1.1" 404 1800
[2024-07-31 15:45:50,554] [log.py:228] [log:log_response] [WARNING]- Not Found: /media/DeviceLNV/Device/266.jpg
[2024-07-31 15:45:50,581] [basehttp.py:154] [basehttp:log_message] [WARNING]- "GET /media/DeviceLNV/Device/266.jpg HTTP/1.1" 404 1800
[2024-07-31 15:45:50,594] [log.py:228] [log:log_response] [WARNING]- Not Found: /media/DeviceLNV/Device/269.jpg
[2024-07-31 15:45:50,602] [basehttp.py:154] [basehttp:log_message] [WARNING]- "GET /media/DeviceLNV/Device/269.jpg HTTP/1.1" 404 1800
[2024-07-31 15:45:50,619] [log.py:228] [log:log_response] [WARNING]- Not Found: /media/DeviceLNV/Device/267.jpg
[2024-07-31 15:45:50,638] [basehttp.py:154] [basehttp:log_message] [WARNING]- "GET /media/DeviceLNV/Device/267.jpg HTTP/1.1" 404 1800
[2024-07-31 15:45:50,642] [log.py:228] [log:log_response] [WARNING]- Not Found: /media/DeviceLNV/Device/1292.jpg
[2024-07-31 15:45:50,646] [log.py:228] [log:log_response] [WARNING]- Not Found: /media/DeviceLNV/Device/2098.jpg
[2024-07-31 15:45:50,651] [log.py:228] [log:log_response] [WARNING]- Not Found: /media/DeviceLNV/Device/209.jpg
[2024-07-31 15:45:50,654] [basehttp.py:154] [basehttp:log_message] [WARNING]- "GET /media/DeviceLNV/Device/1292.jpg HTTP/1.1" 404 1803
[2024-07-31 15:45:50,654] [basehttp.py:154] [basehttp:log_message] [WARNING]- "GET /media/DeviceLNV/Device/2098.jpg HTTP/1.1" 404 1803
[2024-07-31 15:45:50,664] [log.py:228] [log:log_response] [WARNING]- Not Found: /media/DeviceLNV/Device/264.jpg
[2024-07-31 15:45:50,669] [basehttp.py:154] [basehttp:log_message] [WARNING]- "GET /media/DeviceLNV/Device/209.jpg HTTP/1.1" 404 1800
[2024-07-31 15:45:50,685] [basehttp.py:154] [basehttp:log_message] [WARNING]- "GET /media/DeviceLNV/Device/264.jpg HTTP/1.1" 404 1800
[2024-07-31 15:45:50,695] [log.py:228] [log:log_response] [WARNING]- Not Found: /media/DeviceLNV/Device/228.jpg
[2024-07-31 15:45:50,705] [basehttp.py:154] [basehttp:log_message] [WARNING]- "GET /media/DeviceLNV/Device/228.jpg HTTP/1.1" 404 1800
[2024-07-31 15:45:50,759] [log.py:228] [log:log_response] [WARNING]- Not Found: /media/DeviceLNV/Device/214.jpg
[2024-07-31 15:45:50,762] [log.py:228] [log:log_response] [WARNING]- Not Found: /media/DeviceLNV/Device/2050.jpg
[2024-07-31 15:45:50,766] [basehttp.py:154] [basehttp:log_message] [WARNING]- "GET /media/DeviceLNV/Device/214.jpg HTTP/1.1" 404 1800
[2024-07-31 15:45:50,767] [log.py:228] [log:log_response] [WARNING]- Not Found: /media/DeviceLNV/Device/1301.jpg
[2024-07-31 15:45:50,771] [basehttp.py:154] [basehttp:log_message] [WARNING]- "GET /media/DeviceLNV/Device/2050.jpg HTTP/1.1" 404 1803
[2024-07-31 15:45:50,775] [log.py:228] [log:log_response] [WARNING]- Not Found: /media/DeviceLNV/Device/2049.jpg
[2024-07-31 15:45:50,779] [log.py:228] [log:log_response] [WARNING]- Not Found: /media/DeviceLNV/Device/1298.jpg
[2024-07-31 15:45:50,780] [basehttp.py:154] [basehttp:log_message] [WARNING]- "GET /media/DeviceLNV/Device/1301.jpg HTTP/1.1" 404 1803
[2024-07-31 15:45:50,781] [basehttp.py:154] [basehttp:log_message] [WARNING]- "GET /media/DeviceLNV/Device/2049.jpg HTTP/1.1" 404 1803
[2024-07-31 15:45:50,791] [log.py:228] [log:log_response] [WARNING]- Not Found: /media/DeviceLNV/Device/259.jpg
[2024-07-31 15:45:50,793] [basehttp.py:154] [basehttp:log_message] [WARNING]- "GET /media/DeviceLNV/Device/1298.jpg HTTP/1.1" 404 1803
[2024-07-31 15:45:50,807] [basehttp.py:154] [basehttp:log_message] [WARNING]- "GET /media/DeviceLNV/Device/259.jpg HTTP/1.1" 404 1800
[2024-07-31 15:45:50,855] [log.py:228] [log:log_response] [WARNING]- Not Found: /media/DeviceLNV/Device/260.jpg
[2024-07-31 15:45:50,860] [log.py:228] [log:log_response] [WARNING]- Not Found: /media/DeviceLNV/Device/1383.jpg
[2024-07-31 15:45:50,866] [basehttp.py:154] [basehttp:log_message] [WARNING]- "GET /media/DeviceLNV/Device/260.jpg HTTP/1.1" 404 1800
[2024-07-31 15:45:50,867] [basehttp.py:154] [basehttp:log_message] [WARNING]- "GET /media/DeviceLNV/Device/1383.jpg HTTP/1.1" 404 1803
[2024-07-31 15:45:50,869] [log.py:228] [log:log_response] [WARNING]- Not Found: /media/DeviceLNV/Device/1294.jpg
[2024-07-31 15:45:50,874] [log.py:228] [log:log_response] [WARNING]- Not Found: /media/DeviceLNV/Device/1296.jpg
[2024-07-31 15:45:50,876] [log.py:228] [log:log_response] [WARNING]- Not Found: /media/DeviceLNV/Device/1302.jpg
[2024-07-31 15:45:50,879] [basehttp.py:154] [basehttp:log_message] [WARNING]- "GET /media/DeviceLNV/Device/1294.jpg HTTP/1.1" 404 1803
[2024-07-31 15:45:50,886] [log.py:228] [log:log_response] [WARNING]- Not Found: /media/DeviceLNV/Device/1297.jpg
[2024-07-31 15:45:50,888] [basehttp.py:154] [basehttp:log_message] [WARNING]- "GET /media/DeviceLNV/Device/1302.jpg HTTP/1.1" 404 1803
[2024-07-31 15:45:50,888] [basehttp.py:154] [basehttp:log_message] [WARNING]- "GET /media/DeviceLNV/Device/1296.jpg HTTP/1.1" 404 1803
[2024-07-31 15:45:50,897] [basehttp.py:154] [basehttp:log_message] [WARNING]- "GET /media/DeviceLNV/Device/1297.jpg HTTP/1.1" 404 1803
[2024-07-31 15:45:50,968] [log.py:228] [log:log_response] [WARNING]- Not Found: /media/DeviceLNV/Device/223.jpg
[2024-07-31 15:45:50,970] [log.py:228] [log:log_response] [WARNING]- Not Found: /media/DeviceLNV/Device/1934.jpg
[2024-07-31 15:45:50,971] [basehttp.py:154] [basehttp:log_message] [WARNING]- "GET /media/DeviceLNV/Device/223.jpg HTTP/1.1" 404 1800
[2024-07-31 15:45:50,974] [log.py:228] [log:log_response] [WARNING]- Not Found: /media/DeviceLNV/Device/2220.jpg
[2024-07-31 15:45:50,980] [basehttp.py:154] [basehttp:log_message] [WARNING]- "GET /media/DeviceLNV/Device/1934.jpg HTTP/1.1" 404 1803
[2024-07-31 15:45:50,981] [log.py:228] [log:log_response] [WARNING]- Not Found: /media/DeviceLNV/Device/246.jpg
[2024-07-31 15:45:50,991] [log.py:228] [log:log_response] [WARNING]- Not Found: /media/DeviceLNV/Device/1460.jpg
[2024-07-31 15:45:50,992] [basehttp.py:154] [basehttp:log_message] [WARNING]- "GET /media/DeviceLNV/Device/2220.jpg HTTP/1.1" 404 1803
[2024-07-31 15:45:50,999] [basehttp.py:154] [basehttp:log_message] [WARNING]- "GET /media/DeviceLNV/Device/246.jpg HTTP/1.1" 404 1800
[2024-07-31 15:45:51,000] [log.py:228] [log:log_response] [WARNING]- Not Found: /media/DeviceLNV/Device/242.jpg
[2024-07-31 15:45:51,000] [basehttp.py:154] [basehttp:log_message] [WARNING]- "GET /media/DeviceLNV/Device/1460.jpg HTTP/1.1" 404 1803
[2024-07-31 15:45:51,007] [basehttp.py:154] [basehttp:log_message] [WARNING]- "GET /media/DeviceLNV/Device/242.jpg HTTP/1.1" 404 1800
[2024-07-31 15:45:51,070] [log.py:228] [log:log_response] [WARNING]- Not Found: /media/DeviceLNV/Device/248.jpg
[2024-07-31 15:45:51,072] [log.py:228] [log:log_response] [WARNING]- Not Found: /media/DeviceLNV/Device/251.jpg
[2024-07-31 15:45:51,077] [log.py:228] [log:log_response] [WARNING]- Not Found: /media/DeviceLNV/Device/243.jpg
[2024-07-31 15:45:51,079] [basehttp.py:154] [basehttp:log_message] [WARNING]- "GET /media/DeviceLNV/Device/248.jpg HTTP/1.1" 404 1800
[2024-07-31 15:45:51,079] [basehttp.py:154] [basehttp:log_message] [WARNING]- "GET /media/DeviceLNV/Device/251.jpg HTTP/1.1" 404 1800
[2024-07-31 15:45:51,080] [basehttp.py:154] [basehttp:log_message] [WARNING]- "GET /media/DeviceLNV/Device/243.jpg HTTP/1.1" 404 1800
[2024-07-31 15:45:51,087] [log.py:228] [log:log_response] [WARNING]- Not Found: /media/DeviceLNV/Device/250.jpg
[2024-07-31 15:45:51,091] [log.py:228] [log:log_response] [WARNING]- Not Found: /media/DeviceLNV/Device/252.jpg
[2024-07-31 15:45:51,103] [basehttp.py:154] [basehttp:log_message] [WARNING]- "GET /media/DeviceLNV/Device/252.jpg HTTP/1.1" 404 1800
[2024-07-31 15:45:51,108] [log.py:228] [log:log_response] [WARNING]- Not Found: /media/DeviceLNV/Device/254.jpg
[2024-07-31 15:45:51,110] [basehttp.py:154] [basehttp:log_message] [WARNING]- "GET /media/DeviceLNV/Device/250.jpg HTTP/1.1" 404 1800
[2024-07-31 15:45:51,118] [basehttp.py:154] [basehttp:log_message] [WARNING]- "GET /media/DeviceLNV/Device/254.jpg HTTP/1.1" 404 1800
[2024-07-31 15:45:51,159] [log.py:228] [log:log_response] [WARNING]- Not Found: /media/DeviceLNV/Device/316.jpg
[2024-07-31 15:45:51,167] [log.py:228] [log:log_response] [WARNING]- Not Found: /media/DeviceLNV/Device/334.jpg
[2024-07-31 15:45:51,170] [log.py:228] [log:log_response] [WARNING]- Not Found: /media/DeviceLNV/Device/331.jpg
[2024-07-31 15:45:51,172] [basehttp.py:154] [basehttp:log_message] [WARNING]- "GET /media/DeviceLNV/Device/316.jpg HTTP/1.1" 404 1800
[2024-07-31 15:45:51,173] [basehttp.py:154] [basehttp:log_message] [WARNING]- "GET /media/DeviceLNV/Device/334.jpg HTTP/1.1" 404 1800
[2024-07-31 15:45:51,175] [log.py:228] [log:log_response] [WARNING]- Not Found: /media/DeviceLNV/Device/1065.jpg
[2024-07-31 15:45:51,176] [basehttp.py:154] [basehttp:log_message] [WARNING]- "GET /media/DeviceLNV/Device/331.jpg HTTP/1.1" 404 1800
[2024-07-31 15:45:51,184] [basehttp.py:154] [basehttp:log_message] [WARNING]- "GET /media/DeviceLNV/Device/1065.jpg HTTP/1.1" 404 1803
[2024-07-31 15:45:51,209] [log.py:228] [log:log_response] [WARNING]- Not Found: /media/DeviceLNV/Device/1046.jpg
[2024-07-31 15:45:51,214] [log.py:228] [log:log_response] [WARNING]- Not Found: /media/DeviceLNV/Device/1492.jpg
[2024-07-31 15:45:51,215] [basehttp.py:154] [basehttp:log_message] [WARNING]- "GET /media/DeviceLNV/Device/1046.jpg HTTP/1.1" 404 1803
[2024-07-31 15:45:51,222] [basehttp.py:154] [basehttp:log_message] [WARNING]- "GET /media/DeviceLNV/Device/1492.jpg HTTP/1.1" 404 1803
[2024-07-31 15:45:51,248] [log.py:228] [log:log_response] [WARNING]- Not Found: /media/DeviceLNV/Device/317.jpg
[2024-07-31 15:45:51,262] [log.py:228] [log:log_response] [WARNING]- Not Found: /media/DeviceLNV/Device/344.jpg
[2024-07-31 15:45:51,264] [basehttp.py:154] [basehttp:log_message] [WARNING]- "GET /media/DeviceLNV/Device/317.jpg HTTP/1.1" 404 1800
[2024-07-31 15:45:51,275] [log.py:228] [log:log_response] [WARNING]- Not Found: /media/DeviceLNV/Device/322.jpg
[2024-07-31 15:45:51,278] [basehttp.py:154] [basehttp:log_message] [WARNING]- "GET /media/DeviceLNV/Device/344.jpg HTTP/1.1" 404 1800
[2024-07-31 15:45:51,284] [log.py:228] [log:log_response] [WARNING]- Not Found: /media/DeviceLNV/Device/319.jpg
[2024-07-31 15:45:51,288] [basehttp.py:154] [basehttp:log_message] [WARNING]- "GET /media/DeviceLNV/Device/322.jpg HTTP/1.1" 404 1800
[2024-07-31 15:45:51,292] [basehttp.py:154] [basehttp:log_message] [WARNING]- "GET /media/DeviceLNV/Device/319.jpg HTTP/1.1" 404 1800
[2024-07-31 15:45:51,303] [log.py:228] [log:log_response] [WARNING]- Not Found: /media/DeviceLNV/Device/1066.jpg
[2024-07-31 15:45:51,322] [basehttp.py:154] [basehttp:log_message] [WARNING]- "GET /media/DeviceLNV/Device/1066.jpg HTTP/1.1" 404 1803
[2024-07-31 15:45:51,353] [log.py:228] [log:log_response] [WARNING]- Not Found: /media/DeviceLNV/Device/345.jpg
[2024-07-31 15:45:51,367] [basehttp.py:154] [basehttp:log_message] [WARNING]- "GET /media/DeviceLNV/Device/345.jpg HTTP/1.1" 404 1800
[2024-07-31 15:45:51,377] [log.py:228] [log:log_response] [WARNING]- Not Found: /media/DeviceLNV/Device/1178.jpg
[2024-07-31 15:45:51,383] [log.py:228] [log:log_response] [WARNING]- Not Found: /media/DeviceLNV/Device/341.jpg
[2024-07-31 15:45:51,396] [log.py:228] [log:log_response] [WARNING]- Not Found: /media/DeviceLNV/Device/337.jpg
[2024-07-31 15:45:51,398] [basehttp.py:154] [basehttp:log_message] [WARNING]- "GET /media/DeviceLNV/Device/1178.jpg HTTP/1.1" 404 1803
[2024-07-31 15:45:51,402] [basehttp.py:154] [basehttp:log_message] [WARNING]- "GET /media/DeviceLNV/Device/341.jpg HTTP/1.1" 404 1800
[2024-07-31 15:45:51,402] [log.py:228] [log:log_response] [WARNING]- Not Found: /media/DeviceLNV/Device/332.jpg
[2024-07-31 15:45:51,409] [basehttp.py:154] [basehttp:log_message] [WARNING]- "GET /media/DeviceLNV/Device/337.jpg HTTP/1.1" 404 1800
[2024-07-31 15:45:51,411] [basehttp.py:154] [basehttp:log_message] [WARNING]- "GET /media/DeviceLNV/Device/332.jpg HTTP/1.1" 404 1800
[2024-07-31 15:45:51,416] [log.py:228] [log:log_response] [WARNING]- Not Found: /media/DeviceLNV/Device/326.jpg
[2024-07-31 15:45:51,435] [basehttp.py:154] [basehttp:log_message] [WARNING]- "GET /media/DeviceLNV/Device/326.jpg HTTP/1.1" 404 1800
[2024-07-31 15:45:51,437] [log.py:228] [log:log_response] [WARNING]- Not Found: /media/DeviceLNV/Device/327.jpg
[2024-07-31 15:45:51,441] [basehttp.py:154] [basehttp:log_message] [WARNING]- "GET /media/DeviceLNV/Device/327.jpg HTTP/1.1" 404 1800
[2024-07-31 15:45:51,469] [log.py:228] [log:log_response] [WARNING]- Not Found: /media/DeviceLNV/Device/1179.jpg
[2024-07-31 15:45:51,471] [basehttp.py:154] [basehttp:log_message] [WARNING]- "GET /media/DeviceLNV/Device/1179.jpg HTTP/1.1" 404 1803
[2024-07-31 15:45:51,482] [log.py:228] [log:log_response] [WARNING]- Not Found: /media/DeviceLNV/Device/324.jpg
[2024-07-31 15:45:51,494] [basehttp.py:154] [basehttp:log_message] [WARNING]- "GET /media/DeviceLNV/Device/324.jpg HTTP/1.1" 404 1800
[2024-07-31 15:45:51,495] [log.py:228] [log:log_response] [WARNING]- Not Found: /media/DeviceLNV/Device/283.jpg
[2024-07-31 15:45:51,510] [log.py:228] [log:log_response] [WARNING]- Not Found: /media/DeviceLNV/Device/292.jpg
[2024-07-31 15:45:51,511] [basehttp.py:154] [basehttp:log_message] [WARNING]- "GET /media/DeviceLNV/Device/283.jpg HTTP/1.1" 404 1800
[2024-07-31 15:45:51,517] [log.py:228] [log:log_response] [WARNING]- Not Found: /media/DeviceLNV/Device/321.jpg
[2024-07-31 15:45:51,519] [basehttp.py:154] [basehttp:log_message] [WARNING]- "GET /media/DeviceLNV/Device/292.jpg HTTP/1.1" 404 1800
[2024-07-31 15:45:51,537] [basehttp.py:154] [basehttp:log_message] [WARNING]- "GET /media/DeviceLNV/Device/321.jpg HTTP/1.1" 404 1800
[2024-07-31 15:45:51,550] [log.py:228] [log:log_response] [WARNING]- Not Found: /media/DeviceLNV/Device/286.jpg
[2024-07-31 15:45:51,557] [log.py:228] [log:log_response] [WARNING]- Not Found: /media/DeviceLNV/Device/294.jpg
[2024-07-31 15:45:51,563] [basehttp.py:154] [basehttp:log_message] [WARNING]- "GET /media/DeviceLNV/Device/286.jpg HTTP/1.1" 404 1800
[2024-07-31 15:45:51,564] [log.py:228] [log:log_response] [WARNING]- Not Found: /media/DeviceLNV/Device/1550.jpg
[2024-07-31 15:45:51,566] [basehttp.py:154] [basehttp:log_message] [WARNING]- "GET /media/DeviceLNV/Device/294.jpg HTTP/1.1" 404 1800
[2024-07-31 15:45:51,569] [basehttp.py:154] [basehttp:log_message] [WARNING]- "GET /media/DeviceLNV/Device/1550.jpg HTTP/1.1" 404 1803
[2024-07-31 15:45:51,605] [log.py:228] [log:log_response] [WARNING]- Not Found: /media/DeviceLNV/Device/1551.jpg
[2024-07-31 15:45:51,609] [basehttp.py:154] [basehttp:log_message] [WARNING]- "GET /media/DeviceLNV/Device/1551.jpg HTTP/1.1" 404 1803
[2024-07-31 15:45:51,614] [log.py:228] [log:log_response] [WARNING]- Not Found: /media/DeviceLNV/Device/375.jpg
[2024-07-31 15:45:51,623] [basehttp.py:154] [basehttp:log_message] [WARNING]- "GET /media/DeviceLNV/Device/375.jpg HTTP/1.1" 404 1800
[2024-07-31 15:45:51,625] [log.py:228] [log:log_response] [WARNING]- Not Found: /media/DeviceLNV/Device/374.jpg
[2024-07-31 15:45:51,629] [log.py:228] [log:log_response] [WARNING]- Not Found: /media/DeviceLNV/Device/1553.jpg
[2024-07-31 15:45:51,632] [log.py:228] [log:log_response] [WARNING]- Not Found: /media/DeviceLNV/Device/289.jpg
[2024-07-31 15:45:51,632] [basehttp.py:154] [basehttp:log_message] [WARNING]- "GET /media/DeviceLNV/Device/374.jpg HTTP/1.1" 404 1800
[2024-07-31 15:45:51,636] [basehttp.py:154] [basehttp:log_message] [WARNING]- "GET /media/DeviceLNV/Device/1553.jpg HTTP/1.1" 404 1803
[2024-07-31 15:45:51,644] [log.py:228] [log:log_response] [WARNING]- Not Found: /media/DeviceLNV/Device/281.jpg
[2024-07-31 15:45:51,644] [basehttp.py:154] [basehttp:log_message] [WARNING]- "GET /media/DeviceLNV/Device/289.jpg HTTP/1.1" 404 1800
[2024-07-31 15:45:51,651] [basehttp.py:154] [basehttp:log_message] [WARNING]- "GET /media/DeviceLNV/Device/281.jpg HTTP/1.1" 404 1800
[2024-07-31 15:45:51,689] [log.py:228] [log:log_response] [WARNING]- Not Found: /media/DeviceLNV/Device/1044.jpg
[2024-07-31 15:45:51,693] [basehttp.py:154] [basehttp:log_message] [WARNING]- "GET /media/DeviceLNV/Device/1044.jpg HTTP/1.1" 404 1803
[2024-07-31 15:45:51,694] [log.py:228] [log:log_response] [WARNING]- Not Found: /media/DeviceLNV/Device/373.jpg
[2024-07-31 15:45:51,698] [log.py:228] [log:log_response] [WARNING]- Not Found: /media/DeviceLNV/Device/1461.jpg
[2024-07-31 15:45:51,705] [basehttp.py:154] [basehttp:log_message] [WARNING]- "GET /media/DeviceLNV/Device/373.jpg HTTP/1.1" 404 1800
[2024-07-31 15:45:51,706] [basehttp.py:154] [basehttp:log_message] [WARNING]- "GET /media/DeviceLNV/Device/1461.jpg HTTP/1.1" 404 1803
[2024-07-31 15:45:51,716] [log.py:228] [log:log_response] [WARNING]- Not Found: /media/DeviceLNV/Device/2047.jpg
[2024-07-31 15:45:51,718] [log.py:228] [log:log_response] [WARNING]- Not Found: /media/DeviceLNV/Device/1512.jpg
[2024-07-31 15:45:51,724] [basehttp.py:154] [basehttp:log_message] [WARNING]- "GET /media/DeviceLNV/Device/1512.jpg HTTP/1.1" 404 1803
[2024-07-31 15:45:51,725] [basehttp.py:154] [basehttp:log_message] [WARNING]- "GET /media/DeviceLNV/Device/2047.jpg HTTP/1.1" 404 1803
[2024-07-31 15:45:51,751] [log.py:228] [log:log_response] [WARNING]- Not Found: /media/DeviceLNV/Device/338.jpg
[2024-07-31 15:45:51,760] [basehttp.py:154] [basehttp:log_message] [WARNING]- "GET /media/DeviceLNV/Device/338.jpg HTTP/1.1" 404 1800
[2024-07-31 15:45:51,774] [log.py:228] [log:log_response] [WARNING]- Not Found: /media/DeviceLNV/Device/339.jpg
[2024-07-31 15:45:51,779] [basehttp.py:154] [basehttp:log_message] [WARNING]- "GET /media/DeviceLNV/Device/339.jpg HTTP/1.1" 404 1800
[2024-07-31 15:45:51,780] [log.py:228] [log:log_response] [WARNING]- Not Found: /media/DeviceLNV/Device/1552.jpg
[2024-07-31 15:45:51,784] [log.py:228] [log:log_response] [WARNING]- Not Found: /media/DeviceLNV/Device/340.jpg
[2024-07-31 15:45:51,791] [basehttp.py:154] [basehttp:log_message] [WARNING]- "GET /media/DeviceLNV/Device/1552.jpg HTTP/1.1" 404 1803
[2024-07-31 15:45:51,793] [basehttp.py:154] [basehttp:log_message] [WARNING]- "GET /media/DeviceLNV/Device/340.jpg HTTP/1.1" 404 1800
[2024-07-31 15:45:51,794] [log.py:228] [log:log_response] [WARNING]- Not Found: /media/DeviceLNV/Device/282.jpg
[2024-07-31 15:45:51,810] [basehttp.py:154] [basehttp:log_message] [WARNING]- "GET /media/DeviceLNV/Device/282.jpg HTTP/1.1" 404 1800
[2024-07-31 15:45:51,837] [log.py:228] [log:log_response] [WARNING]- Not Found: /media/DeviceLNV/Device/307.jpg
[2024-07-31 15:45:51,838] [log.py:228] [log:log_response] [WARNING]- Not Found: /media/DeviceLNV/Device/304.jpg
[2024-07-31 15:45:51,846] [basehttp.py:154] [basehttp:log_message] [WARNING]- "GET /media/DeviceLNV/Device/307.jpg HTTP/1.1" 404 1800
[2024-07-31 15:45:51,851] [basehttp.py:154] [basehttp:log_message] [WARNING]- "GET /media/DeviceLNV/Device/304.jpg HTTP/1.1" 404 1800
[2024-07-31 15:45:51,854] [log.py:228] [log:log_response] [WARNING]- Not Found: /media/DeviceLNV/Device/370.jpg
[2024-07-31 15:45:51,863] [log.py:228] [log:log_response] [WARNING]- Not Found: /media/DeviceLNV/Device/299.jpg
[2024-07-31 15:45:51,867] [basehttp.py:154] [basehttp:log_message] [WARNING]- "GET /media/DeviceLNV/Device/370.jpg HTTP/1.1" 404 1800
[2024-07-31 15:45:51,871] [basehttp.py:154] [basehttp:log_message] [WARNING]- "GET /media/DeviceLNV/Device/299.jpg HTTP/1.1" 404 1800
[2024-07-31 15:45:51,883] [log.py:228] [log:log_response] [WARNING]- Not Found: /media/DeviceLNV/Device/291.jpg
[2024-07-31 15:45:51,887] [log.py:228] [log:log_response] [WARNING]- Not Found: /media/DeviceLNV/Device/290.jpg
[2024-07-31 15:45:51,892] [basehttp.py:154] [basehttp:log_message] [WARNING]- "GET /media/DeviceLNV/Device/291.jpg HTTP/1.1" 404 1800
[2024-07-31 15:45:51,896] [basehttp.py:154] [basehttp:log_message] [WARNING]- "GET /media/DeviceLNV/Device/290.jpg HTTP/1.1" 404 1800
[2024-07-31 15:45:51,928] [log.py:228] [log:log_response] [WARNING]- Not Found: /media/DeviceLNV/Device/296.jpg
[2024-07-31 15:45:51,930] [log.py:228] [log:log_response] [WARNING]- Not Found: /media/DeviceLNV/Device/1177.jpg
[2024-07-31 15:45:51,935] [basehttp.py:154] [basehttp:log_message] [WARNING]- "GET /media/DeviceLNV/Device/296.jpg HTTP/1.1" 404 1800
[2024-07-31 15:45:51,938] [log.py:228] [log:log_response] [WARNING]- Not Found: /media/DeviceLNV/Device/305.jpg
[2024-07-31 15:45:51,940] [basehttp.py:154] [basehttp:log_message] [WARNING]- "GET /media/DeviceLNV/Device/1177.jpg HTTP/1.1" 404 1803
[2024-07-31 15:45:51,950] [basehttp.py:154] [basehttp:log_message] [WARNING]- "GET /media/DeviceLNV/Device/305.jpg HTTP/1.1" 404 1800
[2024-07-31 15:45:51,953] [log.py:228] [log:log_response] [WARNING]- Not Found: /media/DeviceLNV/Device/288.jpg
[2024-07-31 15:45:51,964] [log.py:228] [log:log_response] [WARNING]- Not Found: /media/DeviceLNV/Device/2128.jpg
[2024-07-31 15:45:51,965] [basehttp.py:154] [basehttp:log_message] [WARNING]- "GET /media/DeviceLNV/Device/288.jpg HTTP/1.1" 404 1800
[2024-07-31 15:45:51,965] [log.py:228] [log:log_response] [WARNING]- Not Found: /media/DeviceLNV/Device/2129.jpg
[2024-07-31 15:45:51,973] [basehttp.py:154] [basehttp:log_message] [WARNING]- "GET /media/DeviceLNV/Device/2128.jpg HTTP/1.1" 404 1803
[2024-07-31 15:45:51,975] [basehttp.py:154] [basehttp:log_message] [WARNING]- "GET /media/DeviceLNV/Device/2129.jpg HTTP/1.1" 404 1803
[2024-07-31 15:45:51,986] [log.py:228] [log:log_response] [WARNING]- Not Found: /media/DeviceLNV/Device/287.jpg
[2024-07-31 15:45:51,988] [basehttp.py:154] [basehttp:log_message] [WARNING]- "GET /media/DeviceLNV/Device/287.jpg HTTP/1.1" 404 1800
[2024-07-31 15:45:51,991] [log.py:228] [log:log_response] [WARNING]- Not Found: /media/DeviceLNV/Device/295.jpg
[2024-07-31 15:45:51,992] [basehttp.py:154] [basehttp:log_message] [WARNING]- "GET /media/DeviceLNV/Device/295.jpg HTTP/1.1" 404 1800
[2024-07-31 15:49:00,516] [basehttp.py:154] [basehttp:log_message] [INFO]- "GET /DeviceABO/BorrowedDeviceABO/ HTTP/1.1" 200 58472
[2024-07-31 15:49:01,488] [UserIP.py:87] [UserIP:process_response] [INFO]- 2024-07-31 15:49:01 C1010S3>Cao.Edwin None>EDWIN>bxbei 127.0.0.1 127.0.0.1 /DeviceABO/BorrowedDeviceABO/ POST
[2024-07-31 15:49:01,502] [basehttp.py:154] [basehttp:log_message] [INFO]- "POST /DeviceABO/BorrowedDeviceABO/ HTTP/1.1" 200 186
[2024-07-31 15:49:01,507] [basehttp.py:154] [basehttp:log_message] [INFO]- "GET /favicon.ico HTTP/1.1" 200 23522
[2024-07-31 15:49:31,897] [basehttp.py:154] [basehttp:log_message] [INFO]- "GET /DeviceCQT88/BorrowedDeviceCQT88/ HTTP/1.1" 200 58498
[2024-07-31 15:49:32,127] [UserIP.py:87] [UserIP:process_response] [INFO]- 2024-07-31 15:49:32 C1010S3>Cao.Edwin None>EDWIN>bxbei 127.0.0.1 127.0.0.1 /DeviceCQT88/BorrowedDeviceCQT88/ POST
[2024-07-31 15:49:32,150] [basehttp.py:154] [basehttp:log_message] [INFO]- "POST /DeviceCQT88/BorrowedDeviceCQT88/ HTTP/1.1" 200 186
[2024-07-31 15:49:32,154] [basehttp.py:154] [basehttp:log_message] [INFO]- "GET /favicon.ico HTTP/1.1" 200 23522
[2024-07-31 15:50:30,484] [basehttp.py:154] [basehttp:log_message] [INFO]- "GET /DeviceA39/BorrowedDeviceA39/ HTTP/1.1" 200 58472
[2024-07-31 15:50:30,853] [UserIP.py:87] [UserIP:process_response] [INFO]- 2024-07-31 15:50:30 C1010S3>Cao.Edwin None>EDWIN>bxbei 127.0.0.1 127.0.0.1 /DeviceA39/BorrowedDeviceA39/ POST
[2024-07-31 15:50:30,854] [basehttp.py:154] [basehttp:log_message] [INFO]- "GET /favicon.ico HTTP/1.1" 200 23522
[2024-07-31 15:50:30,862] [basehttp.py:154] [basehttp:log_message] [INFO]- "POST /DeviceA39/BorrowedDeviceA39/ HTTP/1.1" 200 186
[2024-07-31 15:56:15,014] [basehttp.py:154] [basehttp:log_message] [INFO]- "GET /DeviceA39/BorrowedDeviceA39/ HTTP/1.1" 302 0
[2024-07-31 15:56:15,018] [basehttp.py:154] [basehttp:log_message] [INFO]- "GET /login/ HTTP/1.1" 200 4823
[2024-07-31 15:56:15,065] [basehttp.py:154] [basehttp:log_message] [INFO]- "GET /favicon.ico HTTP/1.1" 302 0
[2024-07-31 15:56:15,071] [basehttp.py:154] [basehttp:log_message] [INFO]- "GET /login/ HTTP/1.1" 200 4823
[2024-07-31 15:56:16,367] [UserIP.py:89] [UserIP:process_response] [CRITICAL]- 系统错误Expecting value: line 1 column 1 (char 0)
[2024-07-31 15:56:16,394] [basehttp.py:154] [basehttp:log_message] [INFO]- "POST /login/ HTTP/1.1" 302 0
[2024-07-31 15:56:16,426] [basehttp.py:154] [basehttp:log_message] [INFO]- "GET /login/ HTTP/1.1" 302 0
[2024-07-31 15:56:16,449] [basehttp.py:154] [basehttp:log_message] [INFO]- "GET /DeviceA39/BorrowedDeviceA39/ HTTP/1.1" 200 58472
[2024-07-31 15:56:16,848] [UserIP.py:87] [UserIP:process_response] [INFO]- 2024-07-31 15:56:16 C1010S3>Cao.Edwin None>EDWIN>bxbei 127.0.0.1 127.0.0.1 /DeviceA39/BorrowedDeviceA39/ POST
[2024-07-31 15:56:16,857] [basehttp.py:154] [basehttp:log_message] [INFO]- "POST /DeviceA39/BorrowedDeviceA39/ HTTP/1.1" 200 186
[2024-07-31 15:56:16,863] [basehttp.py:154] [basehttp:log_message] [INFO]- "GET /favicon.ico HTTP/1.1" 200 23522
[2024-07-31 15:56:46,221] [basehttp.py:154] [basehttp:log_message] [INFO]- "GET /DeviceA39/BorrowedDeviceA39/ HTTP/1.1" 200 58472
[2024-07-31 15:56:46,428] [basehttp.py:154] [basehttp:log_message] [INFO]- "GET /favicon.ico HTTP/1.1" 200 23522
[2024-07-31 15:56:46,436] [UserIP.py:87] [UserIP:process_response] [INFO]- 2024-07-31 15:56:46 C1010S3>Cao.Edwin None>EDWIN>bxbei 127.0.0.1 127.0.0.1 /DeviceA39/BorrowedDeviceA39/ POST
[2024-07-31 15:56:46,445] [basehttp.py:154] [basehttp:log_message] [INFO]- "POST /DeviceA39/BorrowedDeviceA39/ HTTP/1.1" 200 186
[2024-07-31 15:56:51,882] [basehttp.py:154] [basehttp:log_message] [INFO]- "GET /AdapterPowerCode/BorrowedAdapter/ HTTP/1.1" 200 44708
[2024-07-31 15:56:51,891] [basehttp.py:154] [basehttp:log_message] [INFO]- "GET /static/src/back/document_save_2_24px_539656_easyicon.net.png HTTP/1.1" 200 2187
[2024-07-31 15:56:52,072] [basehttp.py:154] [basehttp:log_message] [INFO]- "GET /favicon.ico HTTP/1.1" 200 23522
[2024-07-31 15:56:53,479] [UserIP.py:87] [UserIP:process_response] [INFO]- 2024-07-31 15:56:53 C1010S3>Cao.Edwin None>EDWIN>bxbei 127.0.0.1 127.0.0.1 /AdapterPowerCode/BorrowedAdapter/ POST
[2024-07-31 15:56:53,490] [basehttp.py:154] [basehttp:log_message] [INFO]- "POST /AdapterPowerCode/BorrowedAdapter/ HTTP/1.1" 200 627774
[2024-07-31 15:59:32,203] [basehttp.py:154] [basehttp:log_message] [INFO]- "GET /ChairCabinetMS/R_Borrowed/ HTTP/1.1" 200 39949
[2024-07-31 15:59:32,643] [UserIP.py:87] [UserIP:process_response] [INFO]- 2024-07-31 15:59:32 C1010S3>Cao.Edwin None>EDWIN>bxbei 127.0.0.1 127.0.0.1 /ChairCabinetMS/R_Borrowed/ POST
[2024-07-31 15:59:32,656] [basehttp.py:154] [basehttp:log_message] [INFO]- "POST /ChairCabinetMS/R_Borrowed/ HTTP/1.1" 200 18140
[2024-07-31 15:59:32,663] [basehttp.py:154] [basehttp:log_message] [INFO]- "GET /favicon.ico HTTP/1.1" 200 23522
[2024-07-31 15:59:35,881] [basehttp.py:154] [basehttp:log_message] [INFO]- "GET /ChairCabinetMS/BorrowedChairCabinet/ HTTP/1.1" 200 38721
[2024-07-31 15:59:36,116] [basehttp.py:154] [basehttp:log_message] [INFO]- "GET /favicon.ico HTTP/1.1" 200 23522
[2024-07-31 15:59:36,207] [UserIP.py:87] [UserIP:process_response] [INFO]- 2024-07-31 15:59:36 C1010S3>Cao.Edwin None>EDWIN>bxbei 127.0.0.1 127.0.0.1 /ChairCabinetMS/BorrowedChairCabinet/ POST
[2024-07-31 15:59:36,220] [basehttp.py:154] [basehttp:log_message] [INFO]- "POST /ChairCabinetMS/BorrowedChairCabinet/ HTTP/1.1" 200 248093
[2024-07-31 16:00:30,202] [basehttp.py:154] [basehttp:log_message] [INFO]- "GET /ComputerMS/BorrowedComputer/ HTTP/1.1" 200 37236
[2024-07-31 16:00:30,384] [UserIP.py:87] [UserIP:process_response] [INFO]- 2024-07-31 16:00:30 C1010S3>Cao.Edwin None>EDWIN>bxbei 127.0.0.1 127.0.0.1 /ComputerMS/BorrowedComputer/ POST
[2024-07-31 16:00:30,394] [basehttp.py:154] [basehttp:log_message] [INFO]- "POST /ComputerMS/BorrowedComputer/ HTTP/1.1" 200 149408
[2024-07-31 16:00:30,397] [basehttp.py:154] [basehttp:log_message] [INFO]- "GET /favicon.ico HTTP/1.1" 200 23522
[2024-07-31 16:02:01,266] [basehttp.py:154] [basehttp:log_message] [INFO]- "GET /Summary/ HTTP/1.1" 200 37900
[2024-07-31 16:02:01,428] [UserIP.py:87] [UserIP:process_response] [INFO]- 2024-07-31 16:02:01 C1010S3>Cao.Edwin None>EDWIN>bxbei 127.0.0.1 127.0.0.1 /Summary/ POST
[2024-07-31 16:02:01,435] [basehttp.py:154] [basehttp:log_message] [INFO]- "POST /Summary/ HTTP/1.1" 200 17477
[2024-07-31 16:02:01,507] [basehttp.py:154] [basehttp:log_message] [INFO]- "GET /favicon.ico HTTP/1.1" 200 23522
[2024-07-31 16:02:42,899] [basehttp.py:154] [basehttp:log_message] [INFO]- "GET /Summary_ABO/ HTTP/1.1" 200 34890
[2024-07-31 16:02:43,210] [UserIP.py:87] [UserIP:process_response] [INFO]- 2024-07-31 16:02:43 C1010S3>Cao.Edwin None>EDWIN>bxbei 127.0.0.1 127.0.0.1 /Summary_ABO/ POST
[2024-07-31 16:02:43,225] [basehttp.py:154] [basehttp:log_message] [INFO]- "POST /Summary_ABO/ HTTP/1.1" 200 17477
[2024-07-31 16:02:43,231] [basehttp.py:154] [basehttp:log_message] [INFO]- "GET /favicon.ico HTTP/1.1" 200 23522
[2024-07-31 16:06:25,899] [basehttp.py:154] [basehttp:log_message] [INFO]- "GET /TUMHistory/SummaryTUM/ HTTP/1.1" 200 39203
[2024-07-31 16:06:26,383] [basehttp.py:154] [basehttp:log_message] [INFO]- "GET /favicon.ico HTTP/1.1" 200 23522
[2024-07-31 16:06:26,451] [UserIP.py:87] [UserIP:process_response] [INFO]- 2024-07-31 16:06:26 C1010S3>Cao.Edwin None>EDWIN>bxbei 127.0.0.1 127.0.0.1 /TUMHistory/SummaryTUM/ POST
[2024-07-31 16:06:26,462] [basehttp.py:154] [basehttp:log_message] [INFO]- "POST /TUMHistory/SummaryTUM/ HTTP/1.1" 200 2298
[2024-07-31 16:08:30,435] [basehttp.py:154] [basehttp:log_message] [INFO]- "GET /TUMHistory/SummaryMateria/ HTTP/1.1" 200 40564
[2024-07-31 16:08:31,013] [basehttp.py:154] [basehttp:log_message] [INFO]- "GET /favicon.ico HTTP/1.1" 200 23522
[2024-07-31 16:08:31,032] [UserIP.py:87] [UserIP:process_response] [INFO]- 2024-07-31 16:08:31 C1010S3>Cao.Edwin None>EDWIN>bxbei 127.0.0.1 127.0.0.1 /TUMHistory/SummaryMateria/ POST
[2024-07-31 16:08:31,045] [basehttp.py:154] [basehttp:log_message] [INFO]- "POST /TUMHistory/SummaryMateria/ HTTP/1.1" 200 14839
[2024-07-31 16:10:18,653] [basehttp.py:154] [basehttp:log_message] [INFO]- "GET /TUMHistory/SummaryTUM/ HTTP/1.1" 200 39203
[2024-07-31 16:10:19,171] [basehttp.py:154] [basehttp:log_message] [INFO]- "GET /favicon.ico HTTP/1.1" 200 23522
[2024-07-31 16:10:19,226] [UserIP.py:87] [UserIP:process_response] [INFO]- 2024-07-31 16:10:19 C1010S3>Cao.Edwin None>EDWIN>bxbei 127.0.0.1 127.0.0.1 /TUMHistory/SummaryTUM/ POST
[2024-07-31 16:10:19,238] [basehttp.py:154] [basehttp:log_message] [INFO]- "POST /TUMHistory/SummaryTUM/ HTTP/1.1" 200 2298
[2024-07-31 16:11:15,505] [basehttp.py:154] [basehttp:log_message] [INFO]- "GET /TUMHistory/SummaryMateria/ HTTP/1.1" 200 40564
[2024-07-31 16:11:16,194] [basehttp.py:154] [basehttp:log_message] [INFO]- "GET /favicon.ico HTTP/1.1" 200 23522
[2024-07-31 16:11:16,222] [UserIP.py:87] [UserIP:process_response] [INFO]- 2024-07-31 16:11:16 C1010S3>Cao.Edwin None>EDWIN>bxbei 127.0.0.1 127.0.0.1 /TUMHistory/SummaryMateria/ POST
[2024-07-31 16:11:16,234] [basehttp.py:154] [basehttp:log_message] [INFO]- "POST /TUMHistory/SummaryMateria/ HTTP/1.1" 200 14839
[2024-08-01 11:16:08,602] [basehttp.py:154] [basehttp:log_message] [INFO]- "GET /TUMHistory/SummaryMateria/ HTTP/1.1" 302 0
[2024-08-01 11:16:08,610] [basehttp.py:154] [basehttp:log_message] [INFO]- "GET /login/ HTTP/1.1" 200 4823
[2024-08-01 11:16:08,725] [basehttp.py:154] [basehttp:log_message] [INFO]- "GET /favicon.ico HTTP/1.1" 302 0
[2024-08-01 11:16:08,733] [basehttp.py:154] [basehttp:log_message] [INFO]- "GET /login/ HTTP/1.1" 200 4823
[2024-08-05 14:13:18,894] [basehttp.py:154] [basehttp:log_message] [INFO]- "GET /login/ HTTP/1.1" 200 4823
[2024-08-05 14:13:18,991] [basehttp.py:154] [basehttp:log_message] [INFO]- "GET /favicon.ico HTTP/1.1" 302 0
[2024-08-05 14:13:18,997] [basehttp.py:154] [basehttp:log_message] [INFO]- "GET /login/ HTTP/1.1" 200 4823
