[2026-03-03 14:03:59,584] [basehttp.py:154] [basehttp:log_message] [INFO]- "GET /favicon.ico HTTP/1.1" 200 38027
[2026-03-03 14:04:01,396] [basehttp.py:154] [basehttp:log_message] [INFO]- "GET /admin/app01/permission/ HTTP/1.1" 200 168637
[2026-03-03 14:04:01,498] [basehttp.py:154] [basehttp:log_message] [INFO]- "GET /admin/jsi18n/ HTTP/1.1" 200 7684
[2026-03-03 14:04:18,407] [basehttp.py:154] [basehttp:log_message] [INFO]- "GET /admin/app01/permission/166/change/ HTTP/1.1" 200 24551
[2026-03-03 14:04:18,478] [basehttp.py:154] [basehttp:log_message] [INFO]- "GET /admin/jsi18n/ HTTP/1.1" 200 7684
[2026-03-03 14:04:21,898] [basehttp.py:154] [basehttp:log_message] [INFO]- "GET /admin/app01/permission/ HTTP/1.1" 200 168637
[2026-03-03 14:04:32,348] [basehttp.py:154] [basehttp:log_message] [INFO]- "GET /admin/app01/permission/add/ HTTP/1.1" 200 23878
[2026-03-03 14:04:32,398] [basehttp.py:154] [basehttp:log_message] [INFO]- "GET /admin/jsi18n/ HTTP/1.1" 200 7684
[2026-03-03 14:04:38,477] [basehttp.py:154] [basehttp:log_message] [INFO]- "GET /admin/app01/permission/ HTTP/1.1" 200 168637
[2026-03-03 14:04:38,519] [basehttp.py:154] [basehttp:log_message] [INFO]- "GET /admin/jsi18n/ HTTP/1.1" 200 7684
[2026-03-03 14:04:41,449] [basehttp.py:154] [basehttp:log_message] [INFO]- "GET /admin/app01/permission/166/change/ HTTP/1.1" 200 24551
[2026-03-03 14:04:41,492] [basehttp.py:154] [basehttp:log_message] [INFO]- "GET /admin/jsi18n/ HTTP/1.1" 200 7684
[2026-03-03 14:04:48,449] [basehttp.py:154] [basehttp:log_message] [INFO]- "GET /admin/app01/permission/ HTTP/1.1" 200 168637
[2026-03-03 14:04:51,987] [basehttp.py:154] [basehttp:log_message] [INFO]- "GET /admin/app01/permission/add/ HTTP/1.1" 200 23878
[2026-03-03 14:04:52,043] [basehttp.py:154] [basehttp:log_message] [INFO]- "GET /admin/jsi18n/ HTTP/1.1" 200 7684
[2026-03-03 14:05:21,082] [UserIP.py:90] [UserIP:process_response] [CRITICAL]- 系统错误Expecting value: line 1 column 1 (char 0)
[2026-03-03 14:05:21,126] [basehttp.py:154] [basehttp:log_message] [INFO]- "POST /admin/app01/permission/add/ HTTP/1.1" 302 0
[2026-03-03 14:05:21,840] [basehttp.py:154] [basehttp:log_message] [INFO]- "GET /admin/app01/permission/ HTTP/1.1" 200 169676
[2026-03-03 14:05:21,883] [basehttp.py:154] [basehttp:log_message] [INFO]- "GET /admin/jsi18n/ HTTP/1.1" 200 7684
[2026-03-03 14:05:24,431] [basehttp.py:154] [basehttp:log_message] [INFO]- "GET /favicon.ico HTTP/1.1" 200 38027
[2026-03-03 14:05:26,400] [basehttp.py:154] [basehttp:log_message] [INFO]- "GET /admin/app01/role/ HTTP/1.1" 200 80306
[2026-03-03 14:05:26,468] [basehttp.py:154] [basehttp:log_message] [INFO]- "GET /admin/jsi18n/ HTTP/1.1" 200 7684
[2026-03-03 14:05:37,126] [basehttp.py:154] [basehttp:log_message] [INFO]- "GET /admin/app01/role/1/change/ HTTP/1.1" 200 35842
[2026-03-03 14:05:37,176] [basehttp.py:154] [basehttp:log_message] [INFO]- "GET /admin/jsi18n/ HTTP/1.1" 200 7684
[2026-03-03 14:05:40,158] [UserIP.py:90] [UserIP:process_response] [CRITICAL]- 系统错误Expecting value: line 1 column 1 (char 0)
[2026-03-03 14:05:40,179] [basehttp.py:154] [basehttp:log_message] [INFO]- "POST /admin/app01/role/1/change/ HTTP/1.1" 302 0
[2026-03-03 14:05:42,110] [basehttp.py:154] [basehttp:log_message] [INFO]- "GET /admin/app01/role/ HTTP/1.1" 200 80465
[2026-03-03 14:05:42,147] [basehttp.py:154] [basehttp:log_message] [INFO]- "GET /admin/jsi18n/ HTTP/1.1" 200 7684
[2026-03-03 14:07:49,808] [basehttp.py:154] [basehttp:log_message] [INFO]- "GET /admin/app01/role/add/ HTTP/1.1" 200 33774
[2026-03-03 14:07:49,845] [basehttp.py:154] [basehttp:log_message] [INFO]- "GET /admin/jsi18n/ HTTP/1.1" 200 7684
[2026-03-03 14:08:18,044] [UserIP.py:90] [UserIP:process_response] [CRITICAL]- 系统错误Expecting value: line 1 column 1 (char 0)
[2026-03-03 14:08:18,071] [basehttp.py:154] [basehttp:log_message] [INFO]- "POST /admin/app01/role/add/ HTTP/1.1" 302 0
[2026-03-03 14:08:20,338] [basehttp.py:154] [basehttp:log_message] [INFO]- "GET /admin/app01/role/ HTTP/1.1" 200 81203
[2026-03-03 14:08:20,404] [basehttp.py:154] [basehttp:log_message] [INFO]- "GET /admin/jsi18n/ HTTP/1.1" 200 7684
[2026-03-03 14:09:17,580] [basehttp.py:154] [basehttp:log_message] [INFO]- "GET /admin/app01/role/36/change/ HTTP/1.1" 200 34416
[2026-03-03 14:09:17,615] [basehttp.py:154] [basehttp:log_message] [INFO]- "GET /admin/jsi18n/ HTTP/1.1" 200 7684
[2026-03-03 14:09:32,854] [basehttp.py:154] [basehttp:log_message] [INFO]- "GET /admin/app01/role/ HTTP/1.1" 200 81070
[2026-03-03 14:09:32,870] [basehttp.py:154] [basehttp:log_message] [ERROR]- "GET /admin/app01/role/ HTTP/1.1" 500 59
[2026-03-03 14:09:33,014] [basehttp.py:154] [basehttp:log_message] [INFO]- "GET /admin/app01/role/add/ HTTP/1.1" 200 33774
[2026-03-03 14:09:37,687] [basehttp.py:154] [basehttp:log_message] [INFO]- "GET /admin/app01/role/ HTTP/1.1" 200 81070
[2026-03-03 14:09:37,691] [basehttp.py:154] [basehttp:log_message] [ERROR]- "GET /admin/app01/role/ HTTP/1.1" 500 59
[2026-03-03 14:09:37,751] [basehttp.py:154] [basehttp:log_message] [INFO]- "GET /admin/app01/role/1/change/ HTTP/1.1" 200 35851
[2026-03-03 14:09:40,168] [basehttp.py:154] [basehttp:log_message] [INFO]- "GET /admin/app01/role/ HTTP/1.1" 200 81070
[2026-03-03 14:09:40,312] [basehttp.py:154] [basehttp:log_message] [INFO]- "GET /favicon.ico HTTP/1.1" 200 38027
[2026-03-03 14:09:44,826] [basehttp.py:154] [basehttp:log_message] [INFO]- "GET /favicon.ico HTTP/1.1" 200 38027
[2026-03-03 14:09:47,260] [basehttp.py:154] [basehttp:log_message] [INFO]- "GET /admin/app01/role/add/ HTTP/1.1" 200 33774
[2026-03-03 14:09:47,322] [basehttp.py:154] [basehttp:log_message] [INFO]- "GET /admin/jsi18n/ HTTP/1.1" 200 7684
[2026-03-03 14:10:00,400] [UserIP.py:90] [UserIP:process_response] [CRITICAL]- 系统错误Expecting value: line 1 column 1 (char 0)
[2026-03-03 14:10:00,419] [basehttp.py:154] [basehttp:log_message] [INFO]- "POST /admin/app01/role/add/ HTTP/1.1" 302 0
[2026-03-03 14:10:02,703] [basehttp.py:154] [basehttp:log_message] [INFO]- "GET /admin/app01/role/ HTTP/1.1" 200 81928
[2026-03-03 14:10:02,766] [basehttp.py:154] [basehttp:log_message] [INFO]- "GET /admin/jsi18n/ HTTP/1.1" 200 7684
[2026-03-03 14:10:11,710] [basehttp.py:154] [basehttp:log_message] [INFO]- "GET /favicon.ico HTTP/1.1" 200 38027
[2026-03-03 14:10:13,202] [basehttp.py:154] [basehttp:log_message] [INFO]- "GET /admin/app01/userinfo/ HTTP/1.1" 200 490557
[2026-03-03 14:10:13,285] [basehttp.py:154] [basehttp:log_message] [INFO]- "GET /admin/jsi18n/ HTTP/1.1" 200 7684
[2026-03-03 14:10:59,966] [basehttp.py:154] [basehttp:log_message] [INFO]- "GET /RetainedSample/RetainedSample_summary/ HTTP/1.1" 200 113580
[2026-03-03 14:11:00,222] [basehttp.py:154] [basehttp:log_message] [INFO]- "GET /.well-known/appspecific/com.chrome.devtools.json HTTP/1.1" 200 38027
[2026-03-03 14:11:00,254] [basehttp.py:154] [basehttp:log_message] [WARNING]- "GET /static/css/bootstrap.min.css.map HTTP/1.1" 404 1800
[2026-03-03 14:11:00,291] [basehttp.py:154] [basehttp:log_message] [WARNING]- "GET /static/js/lib/bootstrap.min.js.map HTTP/1.1" 404 1806
[2026-03-03 14:11:00,427] [basehttp.py:154] [basehttp:log_message] [WARNING]- "GET /static/js/axios.min.map HTTP/1.1" 404 1773
[2026-03-03 14:11:00,680] [basehttp.py:154] [basehttp:log_message] [INFO]- "GET /favicon.ico HTTP/1.1" 200 38027
[2026-03-03 14:11:00,730] [basehttp.py:154] [basehttp:log_message] [INFO]- "GET /RetainedSample/RetainedSample_summary/?tab=summary HTTP/1.1" 200 23219
[2026-03-03 14:11:02,449] [basehttp.py:154] [basehttp:log_message] [INFO]- "GET /RetainedSample/get_borrow_details/?sample_id=2 HTTP/1.1" 200 38027
[2026-03-03 14:11:11,158] [basehttp.py:154] [basehttp:log_message] [INFO]- "GET /RetainedSample/get_borrow_details/?sample_id=4 HTTP/1.1" 200 38027
[2026-03-03 14:11:48,592] [basehttp.py:154] [basehttp:log_message] [INFO]- "GET /logout/ HTTP/1.1" 302 0
[2026-03-03 14:11:48,619] [basehttp.py:154] [basehttp:log_message] [INFO]- "GET /login/ HTTP/1.1" 200 4823
[2026-03-03 14:11:48,712] [basehttp.py:154] [basehttp:log_message] [INFO]- "GET /.well-known/appspecific/com.chrome.devtools.json HTTP/1.1" 302 0
[2026-03-03 14:11:48,718] [basehttp.py:154] [basehttp:log_message] [INFO]- "GET /login/ HTTP/1.1" 200 4823
[2026-03-03 14:11:48,729] [basehttp.py:154] [basehttp:log_message] [WARNING]- "GET /static/css/bootstrap.min.css.map HTTP/1.1" 404 1800
[2026-03-03 14:11:48,747] [basehttp.py:154] [basehttp:log_message] [INFO]- "GET /favicon.ico HTTP/1.1" 302 0
[2026-03-03 14:11:48,753] [basehttp.py:154] [basehttp:log_message] [INFO]- "GET /login/ HTTP/1.1" 200 4823
[2026-03-03 14:11:50,966] [UserIP.py:90] [UserIP:process_response] [CRITICAL]- 系统错误Expecting value: line 1 column 1 (char 0)
[2026-03-03 14:11:50,999] [basehttp.py:154] [basehttp:log_message] [INFO]- "POST /login/ HTTP/1.1" 302 0
[2026-03-03 14:11:51,035] [basehttp.py:154] [basehttp:log_message] [INFO]- "GET /login/ HTTP/1.1" 302 0
[2026-03-03 14:11:51,102] [basehttp.py:154] [basehttp:log_message] [INFO]- "GET /RetainedSample/RetainedSample_summary/ HTTP/1.1" 200 113580
[2026-03-03 14:11:51,188] [basehttp.py:154] [basehttp:log_message] [WARNING]- "GET /static/css/bootstrap.min.css.map HTTP/1.1" 404 1800
[2026-03-03 14:11:51,212] [basehttp.py:154] [basehttp:log_message] [INFO]- "GET /.well-known/appspecific/com.chrome.devtools.json HTTP/1.1" 200 38027
[2026-03-03 14:11:51,221] [basehttp.py:154] [basehttp:log_message] [WARNING]- "GET /static/js/lib/bootstrap.min.js.map HTTP/1.1" 404 1806
[2026-03-03 14:11:51,384] [basehttp.py:154] [basehttp:log_message] [WARNING]- "GET /static/js/axios.min.map HTTP/1.1" 404 1773
[2026-03-03 14:11:51,631] [basehttp.py:154] [basehttp:log_message] [INFO]- "GET /favicon.ico HTTP/1.1" 200 38027
[2026-03-03 14:11:51,648] [basehttp.py:154] [basehttp:log_message] [INFO]- "GET /RetainedSample/RetainedSample_summary/?tab=summary HTTP/1.1" 200 23219
[2026-03-03 14:11:54,961] [basehttp.py:154] [basehttp:log_message] [INFO]- "GET /RetainedSample/get_borrow_details/?sample_id=2 HTTP/1.1" 200 215
[2026-03-03 14:12:00,584] [basehttp.py:154] [basehttp:log_message] [INFO]- "GET /RetainedSample/get_borrow_details/?sample_id=4 HTTP/1.1" 200 215
[2026-03-03 14:15:48,856] [basehttp.py:154] [basehttp:log_message] [INFO]- "GET /RetainedSample/RetainedSample_summary/ HTTP/1.1" 200 113806
[2026-03-03 14:15:48,925] [basehttp.py:154] [basehttp:log_message] [INFO]- "GET /.well-known/appspecific/com.chrome.devtools.json HTTP/1.1" 200 38027
[2026-03-03 14:15:48,965] [basehttp.py:154] [basehttp:log_message] [WARNING]- "GET /static/css/bootstrap.min.css.map HTTP/1.1" 404 1800
[2026-03-03 14:15:48,992] [basehttp.py:154] [basehttp:log_message] [WARNING]- "GET /static/js/lib/bootstrap.min.js.map HTTP/1.1" 404 1806
[2026-03-03 14:15:49,190] [basehttp.py:154] [basehttp:log_message] [WARNING]- "GET /static/js/axios.min.map HTTP/1.1" 404 1773
[2026-03-03 14:15:49,471] [basehttp.py:154] [basehttp:log_message] [INFO]- "GET /favicon.ico HTTP/1.1" 200 38027
[2026-03-03 14:15:49,478] [basehttp.py:154] [basehttp:log_message] [INFO]- "GET /RetainedSample/RetainedSample_summary/?tab=summary HTTP/1.1" 200 23219
[2026-03-03 14:15:51,314] [basehttp.py:154] [basehttp:log_message] [INFO]- "GET /RetainedSample/get_borrow_details/?sample_id=4 HTTP/1.1" 200 215
[2026-03-03 14:15:54,735] [basehttp.py:154] [basehttp:log_message] [INFO]- "GET /RetainedSample/get_borrow_details/?sample_id=2 HTTP/1.1" 200 215
[2026-03-03 14:18:48,324] [basehttp.py:154] [basehttp:log_message] [INFO]- "GET /favicon.ico HTTP/1.1" 200 38027
[2026-03-03 14:18:49,085] [basehttp.py:154] [basehttp:log_message] [INFO]- "GET /favicon.ico HTTP/1.1" 200 38027
[2026-03-03 14:18:50,568] [basehttp.py:154] [basehttp:log_message] [INFO]- "GET /favicon.ico HTTP/1.1" 200 38027
[2026-03-03 14:19:06,682] [basehttp.py:154] [basehttp:log_message] [INFO]- "GET /admin/app01/role/36/change/ HTTP/1.1" 302 0
[2026-03-03 14:19:06,780] [basehttp.py:154] [basehttp:log_message] [INFO]- "GET /admin/login/?next=/admin/app01/role/36/change/ HTTP/1.1" 200 4068
[2026-03-03 14:19:06,839] [basehttp.py:154] [basehttp:log_message] [INFO]- "GET /admin/ HTTP/1.1" 302 0
[2026-03-03 14:19:06,876] [basehttp.py:154] [basehttp:log_message] [INFO]- "GET /admin/login/?next=/admin/ HTTP/1.1" 200 4026
[2026-03-03 14:19:06,941] [basehttp.py:154] [basehttp:log_message] [INFO]- "GET /favicon.ico HTTP/1.1" 200 38027
[2026-03-03 14:19:10,320] [UserIP.py:90] [UserIP:process_response] [CRITICAL]- 系统错误Expecting value: line 1 column 1 (char 0)
[2026-03-03 14:19:10,342] [basehttp.py:154] [basehttp:log_message] [INFO]- "POST /admin/login/?next=/admin/ HTTP/1.1" 302 0
[2026-03-03 14:19:10,721] [basehttp.py:154] [basehttp:log_message] [INFO]- "GET /admin/ HTTP/1.1" 200 57323
[2026-03-03 14:19:10,932] [basehttp.py:154] [basehttp:log_message] [INFO]- "GET /favicon.ico HTTP/1.1" 200 38027
[2026-03-03 14:19:13,823] [basehttp.py:154] [basehttp:log_message] [INFO]- "GET /favicon.ico HTTP/1.1" 200 38027
[2026-03-03 14:19:15,955] [basehttp.py:154] [basehttp:log_message] [INFO]- "GET /admin/app01/role/ HTTP/1.1" 200 81795
[2026-03-03 14:19:16,006] [basehttp.py:154] [basehttp:log_message] [INFO]- "GET /admin/jsi18n/ HTTP/1.1" 200 7684
[2026-03-03 14:19:21,123] [basehttp.py:154] [basehttp:log_message] [INFO]- "GET /admin/app01/role/36/change/ HTTP/1.1" 200 34416
[2026-03-03 14:19:21,164] [basehttp.py:154] [basehttp:log_message] [INFO]- "GET /admin/jsi18n/ HTTP/1.1" 200 7684
[2026-03-03 14:20:34,493] [UserIP.py:90] [UserIP:process_response] [CRITICAL]- 系统错误Expecting value: line 1 column 1 (char 0)
[2026-03-03 14:20:34,517] [basehttp.py:154] [basehttp:log_message] [INFO]- "POST /admin/app01/role/36/change/ HTTP/1.1" 302 0
[2026-03-03 14:20:36,528] [basehttp.py:154] [basehttp:log_message] [INFO]- "GET /admin/app01/role/ HTTP/1.1" 200 82037
[2026-03-03 14:20:36,569] [basehttp.py:154] [basehttp:log_message] [INFO]- "GET /admin/jsi18n/ HTTP/1.1" 200 7684
[2026-03-03 14:20:39,584] [basehttp.py:154] [basehttp:log_message] [INFO]- "GET /admin/app01/role/37/change/ HTTP/1.1" 200 34416
[2026-03-03 14:20:39,643] [basehttp.py:154] [basehttp:log_message] [INFO]- "GET /admin/jsi18n/ HTTP/1.1" 200 7684
[2026-03-03 14:21:20,223] [UserIP.py:90] [UserIP:process_response] [CRITICAL]- 系统错误Expecting value: line 1 column 1 (char 0)
[2026-03-03 14:21:20,259] [basehttp.py:154] [basehttp:log_message] [INFO]- "POST /admin/app01/role/37/change/ HTTP/1.1" 302 0
[2026-03-03 14:21:22,103] [basehttp.py:154] [basehttp:log_message] [INFO]- "GET /admin/app01/role/ HTTP/1.1" 200 82146
[2026-03-03 14:21:22,145] [basehttp.py:154] [basehttp:log_message] [INFO]- "GET /admin/jsi18n/ HTTP/1.1" 200 7684
[2026-03-03 14:22:43,038] [basehttp.py:154] [basehttp:log_message] [INFO]- "GET /RetainedSample/RetainedSample_summary/ HTTP/1.1" 200 113580
[2026-03-03 14:22:43,249] [basehttp.py:154] [basehttp:log_message] [INFO]- "GET /admin/ HTTP/1.1" 200 57293
[2026-03-03 14:22:43,257] [basehttp.py:154] [basehttp:log_message] [INFO]- "GET /static/css/lib/calendar2/pignose.calendar.min.css HTTP/1.1" 200 14709
[2026-03-03 14:22:43,269] [basehttp.py:154] [basehttp:log_message] [INFO]- "GET /static/css/lib/chartist/chartist.min.css HTTP/1.1" 200 11508
[2026-03-03 14:22:43,270] [basehttp.py:154] [basehttp:log_message] [INFO]- "GET /static/css/lib/themify-icons.css HTTP/1.1" 200 18695
[2026-03-03 14:22:43,278] [basehttp.py:154] [basehttp:log_message] [INFO]- "GET /static/css/lib/owl.carousel.min.css HTTP/1.1" 200 3016
[2026-03-03 14:22:43,278] [basehttp.py:154] [basehttp:log_message] [INFO]- "GET /static/css/lib/font-awesome.min.css HTTP/1.1" 200 41765
[2026-03-03 14:22:43,284] [basehttp.py:154] [basehttp:log_message] [INFO]- "GET /static/download_UPK/element-ui@2.12.0/lib/theme-chalk/index.css HTTP/1.1" 200 232694
[2026-03-03 14:22:43,301] [basehttp.py:154] [basehttp:log_message] [INFO]- "GET /static/css/lib/weather-icons.css HTTP/1.1" 200 32590
[2026-03-03 14:22:43,303] [basehttp.py:154] [basehttp:log_message] [INFO]- "GET /static/css/lib/owl.theme.default.min.css HTTP/1.1" 200 1008
[2026-03-03 14:22:43,303] [basehttp.py:154] [basehttp:log_message] [INFO]- "GET /static/css/lib/helper.css HTTP/1.1" 200 55773
[2026-03-03 14:22:43,305] [basehttp.py:154] [basehttp:log_message] [INFO]- "GET /static/css/lib/menubar/sidebar.css HTTP/1.1" 200 17496
[2026-03-03 14:22:43,306] [basehttp.py:154] [basehttp:log_message] [INFO]- "GET /static/css/bootstrap-icons/font/bootstrap-icons.css HTTP/1.1" 200 73271
[2026-03-03 14:22:43,310] [basehttp.py:154] [basehttp:log_message] [INFO]- "GET /static/css/bootstrap.min.css HTTP/1.1" 200 144883
[2026-03-03 14:22:43,318] [basehttp.py:154] [basehttp:log_message] [INFO]- "GET /static/css/uploadbutton.css HTTP/1.1" 200 175
[2026-03-03 14:22:43,323] [basehttp.py:154] [basehttp:log_message] [INFO]- "GET /static/admin/simpleui-x/fontawesome-free-5.8.1-web/css/all.min.css HTTP/1.1" 200 55111
[2026-03-03 14:22:43,328] [basehttp.py:154] [basehttp:log_message] [INFO]- "GET /static/admin/simpleui-x/elementui/theme-chalk/index.css HTTP/1.1" 200 238628
[2026-03-03 14:22:43,329] [basehttp.py:154] [basehttp:log_message] [INFO]- "GET /static/css/style.css HTTP/1.1" 200 91486
[2026-03-03 14:22:43,368] [basehttp.py:154] [basehttp:log_message] [INFO]- "GET /static/admin/simpleui-x/waves/waves.min.css?_=2.1 HTTP/1.1" 200 3861
[2026-03-03 14:22:43,370] [basehttp.py:154] [basehttp:log_message] [INFO]- "GET /static/admin/simpleui-x/css/index.css?_=3.2 HTTP/1.1" 200 6608
[2026-03-03 14:22:43,388] [basehttp.py:154] [basehttp:log_message] [INFO]- "GET /static/css/index.css HTTP/1.1" 200 232694
[2026-03-03 14:22:43,388] [basehttp.py:154] [basehttp:log_message] [INFO]- "GET /static/js/lib/menubar/sidebar.js HTTP/1.1" 200 7681
[2026-03-03 14:22:43,395] [basehttp.py:154] [basehttp:log_message] [INFO]- "GET /static/js/lib/jquery.nanoscroller.min.js HTTP/1.1" 200 12440
[2026-03-03 14:22:43,400] [basehttp.py:154] [basehttp:log_message] [INFO]- "GET /static/js/lib/jquery.min.js HTTP/1.1" 200 97367
[2026-03-03 14:22:43,408] [basehttp.py:154] [basehttp:log_message] [INFO]- "GET /static/js/scripts.js HTTP/1.1" 200 1906
[2026-03-03 14:22:43,412] [basehttp.py:154] [basehttp:log_message] [INFO]- "GET /static/js/lib/preloader/pace.min.js HTTP/1.1" 200 27501
[2026-03-03 14:22:43,417] [basehttp.py:154] [basehttp:log_message] [INFO]- "GET /static/js/lib/bootstrap.min.js HTTP/1.1" 200 69811
[2026-03-03 14:22:43,440] [basehttp.py:154] [basehttp:log_message] [INFO]- "GET /static/js/lib/calendar-2/pignose.init.js HTTP/1.1" 200 258
[2026-03-03 14:22:43,441] [basehttp.py:154] [basehttp:log_message] [INFO]- "GET /static/js/lib/circle-progress/circle-progress.min.js HTTP/1.1" 200 4462
[2026-03-03 14:22:43,442] [basehttp.py:154] [basehttp:log_message] [INFO]- "GET /static/js/lib/circle-progress/circle-progress-init.js HTTP/1.1" 200 1252
[2026-03-03 14:22:43,443] [basehttp.py:154] [basehttp:log_message] [INFO]- "GET /static/js/lib/calendar-2/pignose.calendar.min.js HTTP/1.1" 200 24271
[2026-03-03 14:22:43,446] [basehttp.py:154] [basehttp:log_message] [INFO]- "GET /static/js/lib/sparklinechart/jquery.sparkline.min.js HTTP/1.1" 200 43251
[2026-03-03 14:22:43,447] [basehttp.py:154] [basehttp:log_message] [INFO]- "GET /static/js/lib/sparklinechart/sparkline.init.js HTTP/1.1" 200 9974
[2026-03-03 14:22:43,451] [basehttp.py:154] [basehttp:log_message] [INFO]- "GET /static/js/lib/calendar-2/moment.latest.min.js HTTP/1.1" 200 61867
[2026-03-03 14:22:43,453] [basehttp.py:154] [basehttp:log_message] [INFO]- "GET /static/js/lib/owl-carousel/owl.carousel-init.js HTTP/1.1" 200 1044
[2026-03-03 14:22:43,455] [basehttp.py:154] [basehttp:log_message] [INFO]- "GET /static/js/lib/owl-carousel/owl.carousel.min.js HTTP/1.1" 200 42860
[2026-03-03 14:22:43,458] [basehttp.py:154] [basehttp:log_message] [INFO]- "GET /static/js/datapicker.js HTTP/1.1" 200 11813
[2026-03-03 14:22:43,465] [basehttp.py:154] [basehttp:log_message] [INFO]- "GET /static/js/date.js HTTP/1.1" 200 764
[2026-03-03 14:22:43,471] [basehttp.py:154] [basehttp:log_message] [INFO]- "GET /static/js/axios.min.js HTTP/1.1" 200 13704
[2026-03-03 14:22:43,474] [basehttp.py:154] [basehttp:log_message] [INFO]- "GET /static/js/es6/polyfill.min.js HTTP/1.1" 200 97799
[2026-03-03 14:22:43,479] [basehttp.py:154] [basehttp:log_message] [INFO]- "GET /static/js/vue.min.js HTTP/1.1" 200 93680
[2026-03-03 14:22:43,484] [basehttp.py:154] [basehttp:log_message] [INFO]- "GET /static/vendor/datatables/jquery.dataTables.js HTTP/1.1" 200 462902
[2026-03-03 14:22:43,492] [basehttp.py:154] [basehttp:log_message] [INFO]- "GET /static/js/qs.js HTTP/1.1" 200 26204
[2026-03-03 14:22:43,496] [basehttp.py:154] [basehttp:log_message] [INFO]- "GET /static/js/xlsx/xlsx.core.min.js HTTP/1.1" 200 480575
[2026-03-03 14:22:43,500] [basehttp.py:154] [basehttp:log_message] [INFO]- "GET /static/js/xlsx/xlsx.js HTTP/1.1" 200 5900
[2026-03-03 14:22:43,502] [basehttp.py:154] [basehttp:log_message] [INFO]- "GET /static/js/es6/babel.min.js HTTP/1.1" 200 791258
[2026-03-03 14:22:43,535] [basehttp.py:154] [basehttp:log_message] [INFO]- "GET /static/admin/simpleui-x/img/logo.png HTTP/1.1" 200 115997
[2026-03-03 14:22:43,541] [basehttp.py:154] [basehttp:log_message] [INFO]- "GET /static/js/Element/index.js HTTP/1.1" 200 563790
[2026-03-03 14:22:43,553] [basehttp.py:154] [basehttp:log_message] [WARNING]- "GET /static/css/bootstrap.min.css.map HTTP/1.1" 404 1800
[2026-03-03 14:22:43,553] [basehttp.py:154] [basehttp:log_message] [WARNING]- "GET /static/js/lib/bootstrap.min.js.map HTTP/1.1" 404 1806
[2026-03-03 14:22:43,556] [basehttp.py:154] [basehttp:log_message] [INFO]- "GET /static/admin/simpleui-x/js/vue.min.js?_=2022.4.9 HTTP/1.1" 200 93675
[2026-03-03 14:22:43,571] [basehttp.py:154] [basehttp:log_message] [INFO]- "GET /static/admin/simpleui-x/elementui/index.js?_=2022.4.9 HTTP/1.1" 200 586253
[2026-03-03 14:22:43,575] [basehttp.py:154] [basehttp:log_message] [INFO]- "GET /.well-known/appspecific/com.chrome.devtools.json HTTP/1.1" 200 38027
[2026-03-03 14:22:43,577] [basehttp.py:154] [basehttp:log_message] [INFO]- "GET /static/css/admin/assets/fonts/themify.woff?-fvbane HTTP/1.1" 200 0
[2026-03-03 14:22:43,579] [basehttp.py:154] [basehttp:log_message] [INFO]- "GET /static/admin/simpleui-x/automatic/dicts.js?_=2022.4.9 HTTP/1.1" 200 6292
[2026-03-03 14:22:43,579] [basehttp.py:154] [basehttp:log_message] [INFO]- "GET /static/css/bootstrap-icons/font/fonts/bootstrap-icons.woff2?30af91bf14e37666a085fb8a161ff36d HTTP/1.1" 200 92064
[2026-03-03 14:22:43,580] [basehttp.py:154] [basehttp:log_message] [INFO]- "GET /static/admin/simpleui-x/automatic/segment.js?_=2022.4.9 HTTP/1.1" 200 1186
[2026-03-03 14:22:43,589] [basehttp.py:154] [basehttp:log_message] [INFO]- "GET /static/admin/simpleui-x/locale/zh-hans.js?_=2022.4.9 HTTP/1.1" 200 1254
[2026-03-03 14:22:43,589] [basehttp.py:154] [basehttp:log_message] [INFO]- "GET /static/admin/simpleui-x/locale/en-us.js?_=2022.4.9 HTTP/1.1" 200 811
[2026-03-03 14:22:43,591] [basehttp.py:154] [basehttp:log_message] [INFO]- "GET /static/admin/simpleui-x/js/cookie.js?_=2022.4.9 HTTP/1.1" 200 524
[2026-03-03 14:22:43,596] [basehttp.py:154] [basehttp:log_message] [INFO]- "GET /static/css/admin/assets/fonts/themify.ttf?-fvbane HTTP/1.1" 200 0
[2026-03-03 14:22:43,609] [basehttp.py:154] [basehttp:log_message] [INFO]- "GET /static/admin/simpleui-x/waves/waves.min.js?_=2022.4.9 HTTP/1.1" 200 6329
[2026-03-03 14:22:43,609] [basehttp.py:154] [basehttp:log_message] [INFO]- "GET /static/admin/simpleui-x/js/menu.js?_=2022.4.9 HTTP/1.1" 200 1189
[2026-03-03 14:22:43,611] [basehttp.py:154] [basehttp:log_message] [INFO]- "GET /static/admin/simpleui-x/theme/theme.js?_=2022.4.9 HTTP/1.1" 200 4274
[2026-03-03 14:22:43,615] [basehttp.py:154] [basehttp:log_message] [INFO]- "GET /static/admin/simpleui-x/js/index.js?_=2022.4.9 HTTP/1.1" 200 21291
[2026-03-03 14:22:43,633] [basehttp.py:154] [basehttp:log_message] [WARNING]- "GET /static/js/axios.min.map HTTP/1.1" 404 1773
[2026-03-03 14:22:43,650] [basehttp.py:154] [basehttp:log_message] [INFO]- "GET /static/fonts/themify.woff?-fvbane HTTP/1.1" 200 56108
[2026-03-03 14:22:43,706] [basehttp.py:154] [basehttp:log_message] [INFO]- "GET /static/admin/simpleui-x/elementui/theme-chalk/fonts/element-icons.woff HTTP/1.1" 200 28200
[2026-03-03 14:22:43,715] [basehttp.py:154] [basehttp:log_message] [INFO]- "GET /static/admin/simpleui-x/fontawesome-free-5.8.1-web/webfonts/fa-brands-400.woff2 HTTP/1.1" 200 74768
[2026-03-03 14:22:43,715] [basehttp.py:154] [basehttp:log_message] [INFO]- "GET /static/admin/simpleui-x/fontawesome-free-5.8.1-web/webfonts/fa-solid-900.woff2 HTTP/1.1" 200 74256
[2026-03-03 14:22:43,734] [basehttp.py:154] [basehttp:log_message] [INFO]- "GET /static/admin/simpleui-x/fontawesome-free-5.8.1-web/webfonts/fa-regular-400.woff2 HTTP/1.1" 200 13552
[2026-03-03 14:22:43,806] [basehttp.py:154] [basehttp:log_message] [INFO]- "GET /static/css/fonts/element-icons.woff HTTP/1.1" 200 28200
[2026-03-03 14:22:43,891] [basehttp.py:154] [basehttp:log_message] [INFO]- "GET /favicon.ico HTTP/1.1" 200 38027
[2026-03-03 14:22:43,930] [basehttp.py:154] [basehttp:log_message] [INFO]- "GET /RetainedSample/RetainedSample_summary/?tab=summary HTTP/1.1" 200 23219
[2026-03-03 14:22:45,982] [basehttp.py:154] [basehttp:log_message] [INFO]- "GET /admin/app01/role/ HTTP/1.1" 200 82013
[2026-03-03 14:22:45,996] [basehttp.py:154] [basehttp:log_message] [INFO]- "GET /static/admin/simpleui-x/fontawesome-free-5.8.1-web/css/all.min.css HTTP/1.1" 200 55111
[2026-03-03 14:22:46,000] [basehttp.py:154] [basehttp:log_message] [INFO]- "GET /static/admin/simpleui-x/elementui/theme-chalk/index.css HTTP/1.1" 200 238628
[2026-03-03 14:22:46,008] [basehttp.py:154] [basehttp:log_message] [INFO]- "GET /static/admin/css/base.css?_=2.7 HTTP/1.1" 200 17208
[2026-03-03 14:22:46,012] [basehttp.py:154] [basehttp:log_message] [INFO]- "GET /static/admin/simpleui-x/css/base.css?_=2.7 HTTP/1.1" 200 4160
[2026-03-03 14:22:46,019] [basehttp.py:154] [basehttp:log_message] [INFO]- "GET /static/admin/simpleui-x/theme/simpleui.css HTTP/1.1" 200 4270
[2026-03-03 14:22:46,021] [basehttp.py:154] [basehttp:log_message] [INFO]- "GET /static/admin/css/changelists.css?_=20180905 HTTP/1.1" 200 6514
[2026-03-03 14:22:46,030] [basehttp.py:154] [basehttp:log_message] [INFO]- "GET /static/admin/css/fonts.css HTTP/1.1" 200 443
[2026-03-03 14:22:46,031] [basehttp.py:154] [basehttp:log_message] [INFO]- "GET /static/admin/css/responsive.css?_=20180905 HTTP/1.1" 200 18970
[2026-03-03 14:22:46,042] [basehttp.py:154] [basehttp:log_message] [INFO]- "GET /static/admin/simpleui-x/js/vue.min.js?_=2022.4.9 HTTP/1.1" 200 93675
[2026-03-03 14:22:46,050] [basehttp.py:154] [basehttp:log_message] [INFO]- "GET /static/admin/simpleui-x/elementui/index.js?_=2022.4.9 HTTP/1.1" 200 586253
[2026-03-03 14:22:46,061] [basehttp.py:154] [basehttp:log_message] [INFO]- "GET /static/admin/simpleui-x/js/language.js?_=2.1.2 HTTP/1.1" 200 189
[2026-03-03 14:22:46,069] [basehttp.py:154] [basehttp:log_message] [INFO]- "GET /static/admin/simpleui-x/locale/en-us.js?_=2.1.2 HTTP/1.1" 200 811
[2026-03-03 14:22:46,074] [basehttp.py:154] [basehttp:log_message] [INFO]- "GET /static/admin/simpleui-x/locale/zh-hans.js HTTP/1.1" 200 1254
[2026-03-03 14:22:46,082] [basehttp.py:154] [basehttp:log_message] [INFO]- "GET /static/admin/simpleui-x/js/cookie.js HTTP/1.1" 200 524
[2026-03-03 14:22:46,129] [basehttp.py:154] [basehttp:log_message] [INFO]- "GET /static/admin/js/vendor/jquery/jquery.js HTTP/1.1" 200 282115
[2026-03-03 14:22:46,142] [basehttp.py:154] [basehttp:log_message] [INFO]- "GET /static/admin/js/jquery.init.js HTTP/1.1" 200 371
[2026-03-03 14:22:46,152] [basehttp.py:154] [basehttp:log_message] [INFO]- "GET /static/admin/js/core.js HTTP/1.1" 200 7347
[2026-03-03 14:22:46,153] [basehttp.py:154] [basehttp:log_message] [INFO]- "GET /admin/jsi18n/ HTTP/1.1" 200 7684
[2026-03-03 14:22:46,184] [basehttp.py:154] [basehttp:log_message] [INFO]- "GET /static/admin/js/actions.js HTTP/1.1" 200 6691
[2026-03-03 14:22:46,185] [basehttp.py:154] [basehttp:log_message] [INFO]- "GET /static/admin/js/admin/RelatedObjectLookups.js HTTP/1.1" 200 7099
[2026-03-03 14:22:46,201] [basehttp.py:154] [basehttp:log_message] [INFO]- "GET /static/admin/js/prepopulate.js HTTP/1.1" 200 1572
[2026-03-03 14:22:46,202] [basehttp.py:154] [basehttp:log_message] [INFO]- "GET /static/admin/js/urlify.js HTTP/1.1" 200 9167
[2026-03-03 14:22:46,217] [basehttp.py:154] [basehttp:log_message] [INFO]- "GET /static/admin/js/vendor/jquery/jquery.min.js HTTP/1.1" 200 86929
[2026-03-03 14:22:46,225] [basehttp.py:154] [basehttp:log_message] [INFO]- "GET /static/admin/js/vendor/xregexp/xregexp.js HTTP/1.1" 200 131128
[2026-03-03 14:22:46,230] [basehttp.py:154] [basehttp:log_message] [INFO]- "GET /static/admin/simpleui-x/automatic/dicts.js HTTP/1.1" 200 6292
[2026-03-03 14:22:46,233] [basehttp.py:154] [basehttp:log_message] [INFO]- "GET /static/admin/simpleui-x/automatic/segment.js HTTP/1.1" 200 1186
[2026-03-03 14:22:46,244] [basehttp.py:154] [basehttp:log_message] [INFO]- "GET /static/admin/simpleui-x/js/axios.min.js HTTP/1.1" 200 14237
[2026-03-03 14:22:46,307] [basehttp.py:154] [basehttp:log_message] [INFO]- "GET /static/admin/fonts/Roboto-Regular-webfont.woff HTTP/1.1" 200 80304
[2026-03-03 14:22:46,321] [basehttp.py:154] [basehttp:log_message] [INFO]- "GET /static/admin/simpleui-x/elementui/theme-chalk/fonts/element-icons.woff HTTP/1.1" 200 28200
[2026-03-03 14:22:46,361] [basehttp.py:154] [basehttp:log_message] [INFO]- "GET /static/admin/img/sorting-icons.svg HTTP/1.1" 200 1116
[2026-03-03 14:22:46,373] [basehttp.py:154] [basehttp:log_message] [INFO]- "GET /static/admin/fonts/Roboto-Light-webfont.woff HTTP/1.1" 200 81348
[2026-03-03 14:22:46,419] [basehttp.py:154] [basehttp:log_message] [INFO]- "GET /static/admin/fonts/Roboto-Bold-webfont.woff HTTP/1.1" 200 82564
[2026-03-03 14:22:46,512] [basehttp.py:154] [basehttp:log_message] [INFO]- "GET /favicon.ico HTTP/1.1" 200 38027
[2026-03-03 14:22:55,099] [basehttp.py:154] [basehttp:log_message] [INFO]- "GET /RetainedSample/get_borrow_details/?sample_id=4 HTTP/1.1" 200 215
[2026-03-03 14:26:17,199] [basehttp.py:154] [basehttp:log_message] [INFO]- "GET /RetainedSample/RetainedSample_summary/ HTTP/1.1" 200 113677
[2026-03-03 14:26:17,344] [basehttp.py:154] [basehttp:log_message] [WARNING]- "GET /static/css/bootstrap.min.css.map HTTP/1.1" 404 1800
[2026-03-03 14:26:17,364] [basehttp.py:154] [basehttp:log_message] [WARNING]- "GET /static/js/lib/bootstrap.min.js.map HTTP/1.1" 404 1806
[2026-03-03 14:26:17,368] [basehttp.py:154] [basehttp:log_message] [INFO]- "GET /.well-known/appspecific/com.chrome.devtools.json HTTP/1.1" 200 38027
[2026-03-03 14:26:17,560] [basehttp.py:154] [basehttp:log_message] [WARNING]- "GET /static/js/axios.min.map HTTP/1.1" 404 1773
[2026-03-03 14:26:17,916] [basehttp.py:154] [basehttp:log_message] [INFO]- "GET /favicon.ico HTTP/1.1" 200 38027
[2026-03-03 14:26:17,925] [basehttp.py:154] [basehttp:log_message] [INFO]- "GET /RetainedSample/RetainedSample_summary/?tab=summary HTTP/1.1" 200 23219
[2026-03-03 14:26:18,923] [basehttp.py:154] [basehttp:log_message] [INFO]- "GET /RetainedSample/get_borrow_details/?sample_id=2 HTTP/1.1" 200 215
[2026-03-03 14:26:20,314] [basehttp.py:154] [basehttp:log_message] [INFO]- "GET /RetainedSample/get_borrow_details/?sample_id=4 HTTP/1.1" 200 215
[2026-03-03 14:27:45,200] [basehttp.py:154] [basehttp:log_message] [INFO]- "GET /RetainedSample/RetainedSample_summary/ HTTP/1.1" 200 113674
[2026-03-03 14:27:45,279] [basehttp.py:154] [basehttp:log_message] [WARNING]- "GET /static/css/bootstrap.min.css.map HTTP/1.1" 404 1800
[2026-03-03 14:27:45,283] [basehttp.py:154] [basehttp:log_message] [INFO]- "GET /.well-known/appspecific/com.chrome.devtools.json HTTP/1.1" 200 38027
[2026-03-03 14:27:45,289] [basehttp.py:154] [basehttp:log_message] [WARNING]- "GET /static/js/lib/bootstrap.min.js.map HTTP/1.1" 404 1806
[2026-03-03 14:27:45,376] [basehttp.py:154] [basehttp:log_message] [WARNING]- "GET /static/js/axios.min.map HTTP/1.1" 404 1773
[2026-03-03 14:27:45,545] [basehttp.py:154] [basehttp:log_message] [INFO]- "GET /favicon.ico HTTP/1.1" 200 38027
[2026-03-03 14:27:45,564] [basehttp.py:154] [basehttp:log_message] [INFO]- "GET /RetainedSample/RetainedSample_summary/?tab=summary HTTP/1.1" 200 23219
[2026-03-03 14:27:46,935] [basehttp.py:154] [basehttp:log_message] [INFO]- "GET /RetainedSample/get_borrow_details/?sample_id=2 HTTP/1.1" 200 215
[2026-03-03 14:27:50,547] [basehttp.py:154] [basehttp:log_message] [INFO]- "GET /RetainedSample/get_borrow_details/?sample_id=4 HTTP/1.1" 200 215
[2026-03-03 16:05:22,871] [basehttp.py:154] [basehttp:log_message] [INFO]- "GET /RetainedSample/RetainedSample_summary/ HTTP/1.1" 200 113674
[2026-03-03 16:05:22,986] [basehttp.py:154] [basehttp:log_message] [WARNING]- "GET /static/css/bootstrap.min.css.map HTTP/1.1" 404 1800
[2026-03-03 16:05:23,010] [basehttp.py:154] [basehttp:log_message] [WARNING]- "GET /static/js/lib/bootstrap.min.js.map HTTP/1.1" 404 1806
[2026-03-03 16:05:23,021] [basehttp.py:154] [basehttp:log_message] [INFO]- "GET /.well-known/appspecific/com.chrome.devtools.json HTTP/1.1" 200 38027
[2026-03-03 16:05:23,081] [basehttp.py:154] [basehttp:log_message] [WARNING]- "GET /static/js/axios.min.map HTTP/1.1" 404 1773
[2026-03-03 16:05:23,264] [basehttp.py:154] [basehttp:log_message] [INFO]- "GET /favicon.ico HTTP/1.1" 200 38027
[2026-03-03 16:05:23,287] [basehttp.py:154] [basehttp:log_message] [INFO]- "GET /RetainedSample/RetainedSample_summary/?tab=summary HTTP/1.1" 200 23219
[2026-03-03 16:05:24,996] [basehttp.py:154] [basehttp:log_message] [INFO]- "GET /RetainedSample/get_borrow_details/?sample_id=2 HTTP/1.1" 200 215
[2026-03-03 16:05:27,101] [basehttp.py:154] [basehttp:log_message] [INFO]- "GET /RetainedSample/get_borrow_details/?sample_id=4 HTTP/1.1" 200 215
