[2026-03-24 14:05:06,296] [basehttp.py:154] [basehttp:log_message] [INFO]- "GET / HTTP/1.1" 200 38099
[2026-03-24 14:05:06,883] [basehttp.py:154] [basehttp:log_message] [INFO]- "GET /favicon.ico HTTP/1.1" 200 38099
[2026-03-24 14:05:11,173] [basehttp.py:154] [basehttp:log_message] [INFO]- "GET /RetainedSample/RetainedSample_summary/ HTTP/1.1" 200 134319
[2026-03-24 14:05:11,754] [basehttp.py:154] [basehttp:log_message] [INFO]- "GET /favicon.ico HTTP/1.1" 200 38099
[2026-03-24 14:05:11,772] [basehttp.py:154] [basehttp:log_message] [INFO]- "GET /RetainedSample/RetainedSample_summary/?tab=summary HTTP/1.1" 200 23610
[2026-03-24 14:07:18,673] [basehttp.py:154] [basehttp:log_message] [INFO]- "GET /RetainedSample/get_borrow_details/?sample_id=2 HTTP/1.1" 200 400
[2026-03-24 14:38:15,594] [basehttp.py:154] [basehttp:log_message] [INFO]- "GET /RetainedSample/RetainedSample_summary/ HTTP/1.1" 200 134319
[2026-03-24 14:38:16,013] [basehttp.py:154] [basehttp:log_message] [INFO]- "GET /favicon.ico HTTP/1.1" 200 38099
[2026-03-24 14:38:16,042] [basehttp.py:154] [basehttp:log_message] [INFO]- "GET /RetainedSample/RetainedSample_summary/?tab=summary HTTP/1.1" 200 23610
[2026-03-24 14:40:19,648] [basehttp.py:154] [basehttp:log_message] [INFO]- "GET /RetainedSample/get_borrow_details/?sample_id=2 HTTP/1.1" 200 400
[2026-03-24 14:45:21,344] [basehttp.py:154] [basehttp:log_message] [INFO]- "GET /RetainedSample/get_borrow_details/?sample_id=4 HTTP/1.1" 200 400
[2026-03-24 15:15:10,221] [basehttp.py:154] [basehttp:log_message] [INFO]- "GET /RetainedSample/get_borrow_details/?sample_id=3 HTTP/1.1" 200 215
[2026-03-24 15:15:54,007] [basehttp.py:154] [basehttp:log_message] [INFO]- "GET / HTTP/1.1" 200 38099
[2026-03-24 15:15:54,569] [basehttp.py:154] [basehttp:log_message] [INFO]- "GET /favicon.ico HTTP/1.1" 200 38099
[2026-03-24 15:15:58,855] [basehttp.py:154] [basehttp:log_message] [INFO]- "GET /RetainedSample/RetainedSample_summary/ HTTP/1.1" 200 134319
[2026-03-24 15:15:59,992] [basehttp.py:154] [basehttp:log_message] [INFO]- "GET /favicon.ico HTTP/1.1" 200 38099
[2026-03-24 15:16:00,031] [basehttp.py:154] [basehttp:log_message] [INFO]- "GET /RetainedSample/RetainedSample_summary/?tab=summary HTTP/1.1" 200 23610
[2026-03-24 15:16:08,746] [basehttp.py:154] [basehttp:log_message] [INFO]- "GET /RetainedSample/get_borrow_details/?sample_id=4 HTTP/1.1" 200 400
[2026-03-24 15:22:46,465] [basehttp.py:154] [basehttp:log_message] [INFO]- "GET /RetainedSample/RetainedSample_summary/?tab=scrapRecords HTTP/1.1" 200 362
[2026-03-24 15:25:42,791] [basehttp.py:154] [basehttp:log_message] [INFO]- "GET /RetainedSample/RetainedSample_summary/?tab=records HTTP/1.1" 200 7369
[2026-03-24 15:25:46,591] [basehttp.py:154] [basehttp:log_message] [INFO]- "GET /.well-known/appspecific/com.chrome.devtools.json HTTP/1.1" 200 38099
[2026-03-24 15:25:46,626] [basehttp.py:154] [basehttp:log_message] [WARNING]- "GET /static/js/lib/bootstrap.min.js.map HTTP/1.1" 404 1806
[2026-03-24 15:25:46,969] [basehttp.py:154] [basehttp:log_message] [WARNING]- "GET /static/js/axios.min.map HTTP/1.1" 404 1773
[2026-03-24 15:25:46,970] [basehttp.py:154] [basehttp:log_message] [WARNING]- "GET /static/css/bootstrap.min.css.map HTTP/1.1" 404 1800
[2026-03-24 15:25:51,247] [basehttp.py:154] [basehttp:log_message] [INFO]- "GET /RetainedSample/RetainedSample_summary/?tab=myApproval HTTP/1.1" 200 1022
[2026-03-24 15:25:52,626] [basehttp.py:154] [basehttp:log_message] [INFO]- "GET /RetainedSample/RetainedSample_summary/?tab=myBorrow HTTP/1.1" 200 6051
[2026-03-24 15:29:06,456] [basehttp.py:154] [basehttp:log_message] [INFO]- "GET /RetainedSample/RetainedSample_summary/?tab=summary HTTP/1.1" 200 23610
[2026-03-24 15:29:08,107] [basehttp.py:154] [basehttp:log_message] [INFO]- "GET /RetainedSample/RetainedSample_summary/?tab=myBorrow HTTP/1.1" 200 6051
[2026-03-24 15:29:10,170] [basehttp.py:154] [basehttp:log_message] [INFO]- "GET /RetainedSample/RetainedSample_summary/?tab=myApproval HTTP/1.1" 200 1022
[2026-03-24 15:31:30,309] [basehttp.py:154] [basehttp:log_message] [INFO]- "GET /RetainedSample/RetainedSample_summary/?tab=myBorrow HTTP/1.1" 200 6051
[2026-03-24 15:31:34,563] [basehttp.py:154] [basehttp:log_message] [INFO]- "GET /RetainedSample/RetainedSample_summary/?tab=myApproval HTTP/1.1" 200 1022
[2026-03-25 08:37:21,176] [basehttp.py:154] [basehttp:log_message] [INFO]- "GET /RetainedSample/RetainedSample_summary/ HTTP/1.1" 302 0
[2026-03-25 08:37:21,352] [basehttp.py:154] [basehttp:log_message] [INFO]- "GET /login/ HTTP/1.1" 200 4823
[2026-03-25 08:37:21,618] [basehttp.py:154] [basehttp:log_message] [INFO]- "GET /.well-known/appspecific/com.chrome.devtools.json HTTP/1.1" 302 0
[2026-03-25 08:37:21,626] [basehttp.py:154] [basehttp:log_message] [INFO]- "GET /login/ HTTP/1.1" 200 4823
[2026-03-25 08:37:21,707] [basehttp.py:154] [basehttp:log_message] [WARNING]- "GET /static/css/bootstrap.min.css.map HTTP/1.1" 404 1800
[2026-03-25 08:37:21,800] [basehttp.py:154] [basehttp:log_message] [INFO]- "GET /favicon.ico HTTP/1.1" 302 0
[2026-03-25 08:37:21,834] [basehttp.py:154] [basehttp:log_message] [INFO]- "GET /login/ HTTP/1.1" 200 4823
[2026-03-25 08:37:27,041] [UserIP.py:90] [UserIP:process_response] [CRITICAL]- 系统错误Expecting value: line 1 column 1 (char 0)
[2026-03-25 08:37:27,165] [basehttp.py:154] [basehttp:log_message] [INFO]- "POST /login/ HTTP/1.1" 302 0
[2026-03-25 08:37:27,254] [basehttp.py:154] [basehttp:log_message] [INFO]- "GET /login/ HTTP/1.1" 302 0
[2026-03-25 08:37:27,428] [basehttp.py:154] [basehttp:log_message] [INFO]- "GET /RetainedSample/RetainedSample_summary/ HTTP/1.1" 200 134319
[2026-03-25 08:37:27,570] [basehttp.py:154] [basehttp:log_message] [INFO]- "GET /.well-known/appspecific/com.chrome.devtools.json HTTP/1.1" 200 38099
[2026-03-25 08:37:27,631] [basehttp.py:154] [basehttp:log_message] [WARNING]- "GET /static/css/bootstrap.min.css.map HTTP/1.1" 404 1800
[2026-03-25 08:37:27,661] [basehttp.py:154] [basehttp:log_message] [WARNING]- "GET /static/js/lib/bootstrap.min.js.map HTTP/1.1" 404 1806
[2026-03-25 08:37:28,277] [basehttp.py:154] [basehttp:log_message] [INFO]- "GET /RetainedSample/RetainedSample_summary/?tab=summary HTTP/1.1" 200 23610
[2026-03-25 08:37:28,325] [basehttp.py:154] [basehttp:log_message] [WARNING]- "GET /static/js/axios.min.map HTTP/1.1" 404 1773
[2026-03-25 08:37:28,366] [basehttp.py:154] [basehttp:log_message] [INFO]- "GET /favicon.ico HTTP/1.1" 200 38099
[2026-03-25 08:49:23,905] [basehttp.py:154] [basehttp:log_message] [INFO]- "GET /RetainedSample/get_borrow_details/?sample_id=2 HTTP/1.1" 200 400
[2026-03-25 08:52:33,508] [basehttp.py:154] [basehttp:log_message] [INFO]- "GET /RetainedSample/RetainedSample_summary/?tab=records HTTP/1.1" 200 7369
[2026-03-25 15:15:10,637] [basehttp.py:154] [basehttp:log_message] [INFO]- "GET /RetainedSample/RetainedSample_summary/?tab=myBorrow HTTP/1.1" 200 6051
[2026-03-25 15:15:16,221] [basehttp.py:154] [basehttp:log_message] [INFO]- "GET /RetainedSample/RetainedSample_summary/?tab=myApproval HTTP/1.1" 200 1022
[2026-03-25 15:15:17,914] [basehttp.py:154] [basehttp:log_message] [INFO]- "GET /RetainedSample/RetainedSample_summary/?tab=records HTTP/1.1" 200 7369
[2026-03-25 15:15:18,845] [basehttp.py:154] [basehttp:log_message] [INFO]- "GET /RetainedSample/RetainedSample_summary/?tab=myApproval HTTP/1.1" 200 1022
[2026-03-25 15:20:50,748] [basehttp.py:154] [basehttp:log_message] [INFO]- "GET /RetainedSample/RetainedSample_summary/?tab=myBorrow HTTP/1.1" 200 6051
[2026-03-25 15:21:26,555] [basehttp.py:154] [basehttp:log_message] [INFO]- "GET /RetainedSample/RetainedSample_summary/?tab=myApproval HTTP/1.1" 200 1022
[2026-03-25 15:21:28,251] [basehttp.py:154] [basehttp:log_message] [INFO]- "GET /RetainedSample/RetainedSample_summary/?tab=myBorrow HTTP/1.1" 200 6051
[2026-03-25 15:28:17,790] [UserIP.py:88] [UserIP:process_response] [INFO]- 2026-03-25 15:28:17: C1010S3/AnonymousUser/Cao.Edwin> None/EDWIN/bxbei > 127.0.0.1/127.0.0.1 > <WSGIRequest: POST '/RetainedSample/handle_return/'>
[2026-03-25 15:28:17,829] [basehttp.py:154] [basehttp:log_message] [INFO]- "POST /RetainedSample/handle_return/ HTTP/1.1" 200 80
[2026-03-25 15:28:18,073] [basehttp.py:154] [basehttp:log_message] [INFO]- "GET /RetainedSample/RetainedSample_summary/?tab=summary HTTP/1.1" 200 23610
[2026-03-25 15:28:18,088] [basehttp.py:154] [basehttp:log_message] [INFO]- "GET /RetainedSample/RetainedSample_summary/?tab=myBorrow HTTP/1.1" 200 6063
[2026-03-25 15:28:33,542] [UserIP.py:88] [UserIP:process_response] [INFO]- 2026-03-25 15:28:33: C1010S3/AnonymousUser/Cao.Edwin> None/EDWIN/bxbei > 127.0.0.1/127.0.0.1 > <WSGIRequest: POST '/RetainedSample/handle_batch_cancel/'>
[2026-03-25 15:28:33,552] [basehttp.py:154] [basehttp:log_message] [INFO]- "POST /RetainedSample/handle_batch_cancel/ HTTP/1.1" 200 68
[2026-03-25 15:28:33,705] [basehttp.py:154] [basehttp:log_message] [INFO]- "GET /RetainedSample/RetainedSample_summary/?tab=summary HTTP/1.1" 200 23610
[2026-03-25 15:28:33,749] [basehttp.py:154] [basehttp:log_message] [INFO]- "GET /RetainedSample/RetainedSample_summary/?tab=myBorrow HTTP/1.1" 200 6027
[2026-03-25 15:28:42,250] [UserIP.py:88] [UserIP:process_response] [INFO]- 2026-03-25 15:28:42: C1010S3/AnonymousUser/Cao.Edwin> None/EDWIN/bxbei > 127.0.0.1/127.0.0.1 > <WSGIRequest: POST '/RetainedSample/handle_return/'>
[2026-03-25 15:28:42,269] [basehttp.py:154] [basehttp:log_message] [INFO]- "POST /RetainedSample/handle_return/ HTTP/1.1" 200 80
[2026-03-25 15:28:42,411] [basehttp.py:154] [basehttp:log_message] [INFO]- "GET /RetainedSample/RetainedSample_summary/?tab=summary HTTP/1.1" 200 23610
[2026-03-25 15:28:42,439] [basehttp.py:154] [basehttp:log_message] [INFO]- "GET /RetainedSample/RetainedSample_summary/?tab=myBorrow HTTP/1.1" 200 6039
[2026-03-25 15:29:28,512] [basehttp.py:154] [basehttp:log_message] [INFO]- "GET /RetainedSample/RetainedSample_summary/?tab=summary HTTP/1.1" 200 23610
[2026-03-25 15:29:38,660] [UserIP.py:88] [UserIP:process_response] [INFO]- 2026-03-25 15:29:38: C1010S3/AnonymousUser/Cao.Edwin> None/EDWIN/bxbei > 127.0.0.1/127.0.0.1 > <WSGIRequest: POST '/RetainedSample/RetainedSample_summary/'>
[2026-03-25 15:29:38,675] [basehttp.py:154] [basehttp:log_message] [INFO]- "POST /RetainedSample/RetainedSample_summary/ HTTP/1.1" 200 80
[2026-03-25 15:29:38,768] [basehttp.py:154] [basehttp:log_message] [INFO]- "GET /RetainedSample/RetainedSample_summary/?tab=summary HTTP/1.1" 200 23610
[2026-03-25 15:29:38,803] [basehttp.py:154] [basehttp:log_message] [INFO]- "GET /RetainedSample/RetainedSample_summary/?tab=myBorrow HTTP/1.1" 200 6264
[2026-03-25 15:29:42,693] [UserIP.py:88] [UserIP:process_response] [INFO]- 2026-03-25 15:29:42: C1010S3/AnonymousUser/Cao.Edwin> None/EDWIN/bxbei > 127.0.0.1/127.0.0.1 > <WSGIRequest: POST '/RetainedSample/RetainedSample_summary/'>
[2026-03-25 15:29:42,708] [basehttp.py:154] [basehttp:log_message] [INFO]- "POST /RetainedSample/RetainedSample_summary/ HTTP/1.1" 200 80
[2026-03-25 15:29:42,804] [basehttp.py:154] [basehttp:log_message] [INFO]- "GET /RetainedSample/RetainedSample_summary/?tab=summary HTTP/1.1" 200 23610
[2026-03-25 15:29:42,829] [basehttp.py:154] [basehttp:log_message] [INFO]- "GET /RetainedSample/RetainedSample_summary/?tab=myBorrow HTTP/1.1" 200 6489
[2026-03-25 15:29:43,820] [basehttp.py:154] [basehttp:log_message] [INFO]- "GET /RetainedSample/RetainedSample_summary/?tab=myBorrow HTTP/1.1" 200 6489
[2026-03-25 15:35:17,920] [basehttp.py:154] [basehttp:log_message] [INFO]- "GET /RetainedSample/RetainedSample_summary/?tab=scrapRecords HTTP/1.1" 200 362
[2026-03-25 15:38:07,658] [basehttp.py:154] [basehttp:log_message] [INFO]- "GET /RetainedSample/RetainedSample_summary/ HTTP/1.1" 200 134319
[2026-03-25 15:38:08,273] [basehttp.py:154] [basehttp:log_message] [INFO]- "GET /RetainedSample/RetainedSample_summary/?tab=summary HTTP/1.1" 200 23610
[2026-03-25 15:38:08,319] [basehttp.py:154] [basehttp:log_message] [INFO]- "GET /favicon.ico HTTP/1.1" 200 38099
[2026-03-25 15:38:11,770] [basehttp.py:154] [basehttp:log_message] [INFO]- "GET /admin/ HTTP/1.1" 302 0
[2026-03-25 15:38:11,960] [basehttp.py:154] [basehttp:log_message] [INFO]- "GET /admin/login/?next=/admin/ HTTP/1.1" 200 4026
[2026-03-25 15:38:12,158] [basehttp.py:154] [basehttp:log_message] [INFO]- "GET /favicon.ico HTTP/1.1" 200 38099
[2026-03-25 15:38:14,400] [UserIP.py:90] [UserIP:process_response] [CRITICAL]- 系统错误Expecting value: line 1 column 1 (char 0)
[2026-03-25 15:38:14,441] [basehttp.py:154] [basehttp:log_message] [INFO]- "POST /admin/login/?next=/admin/ HTTP/1.1" 302 0
[2026-03-25 15:38:15,681] [basehttp.py:154] [basehttp:log_message] [INFO]- "GET /admin/ HTTP/1.1" 200 57237
[2026-03-25 15:38:15,908] [basehttp.py:154] [basehttp:log_message] [INFO]- "GET /favicon.ico HTTP/1.1" 200 38099
[2026-03-25 15:38:22,541] [basehttp.py:154] [basehttp:log_message] [INFO]- "GET /favicon.ico HTTP/1.1" 200 38099
[2026-03-25 15:38:24,080] [basehttp.py:154] [basehttp:log_message] [INFO]- "GET /admin/app01/userinfo/ HTTP/1.1" 200 490557
[2026-03-25 15:38:24,165] [basehttp.py:154] [basehttp:log_message] [INFO]- "GET /admin/jsi18n/ HTTP/1.1" 200 7684
[2026-03-25 15:38:34,562] [basehttp.py:154] [basehttp:log_message] [INFO]- "GET /logout/ HTTP/1.1" 302 0
[2026-03-25 15:38:34,568] [basehttp.py:154] [basehttp:log_message] [INFO]- "GET /login/ HTTP/1.1" 200 4823
[2026-03-25 15:38:34,730] [basehttp.py:154] [basehttp:log_message] [INFO]- "GET /favicon.ico HTTP/1.1" 302 0
[2026-03-25 15:38:34,741] [basehttp.py:154] [basehttp:log_message] [INFO]- "GET /login/ HTTP/1.1" 200 4823
[2026-03-25 15:38:42,339] [UserIP.py:90] [UserIP:process_response] [CRITICAL]- 系统错误Expecting value: line 1 column 1 (char 0)
[2026-03-25 15:38:42,428] [basehttp.py:154] [basehttp:log_message] [INFO]- "POST /login/ HTTP/1.1" 302 0
[2026-03-25 15:38:42,470] [basehttp.py:154] [basehttp:log_message] [INFO]- "GET /login/ HTTP/1.1" 302 0
[2026-03-25 15:38:42,508] [basehttp.py:154] [basehttp:log_message] [INFO]- "GET /RetainedSample/RetainedSample_summary/ HTTP/1.1" 200 112327
[2026-03-25 15:38:42,836] [basehttp.py:154] [basehttp:log_message] [INFO]- "GET /RetainedSample/RetainedSample_summary/?tab=summary HTTP/1.1" 200 23623
[2026-03-25 15:38:42,868] [basehttp.py:154] [basehttp:log_message] [INFO]- "GET /favicon.ico HTTP/1.1" 200 16107
[2026-03-25 15:38:49,771] [basehttp.py:154] [basehttp:log_message] [INFO]- "GET /RetainedSample/RetainedSample_summary/?tab=records HTTP/1.1" 200 7932
[2026-03-26 08:11:53,177] [basehttp.py:154] [basehttp:log_message] [INFO]- "GET / HTTP/1.1" 302 0
[2026-03-26 08:11:53,514] [basehttp.py:154] [basehttp:log_message] [INFO]- "GET / HTTP/1.1" 302 0
[2026-03-26 08:11:53,521] [basehttp.py:154] [basehttp:log_message] [INFO]- "GET /login/ HTTP/1.1" 200 4823
[2026-03-26 08:11:53,531] [basehttp.py:154] [basehttp:log_message] [INFO]- "GET / HTTP/1.1" 302 0
[2026-03-26 08:11:53,536] [basehttp.py:154] [basehttp:log_message] [INFO]- "GET /login/ HTTP/1.1" 200 4823
[2026-03-26 08:11:53,548] [basehttp.py:154] [basehttp:log_message] [INFO]- "GET /login/ HTTP/1.1" 200 4823
[2026-03-26 08:11:53,771] [basehttp.py:154] [basehttp:log_message] [INFO]- "GET /favicon.ico HTTP/1.1" 302 0
[2026-03-26 08:11:53,787] [basehttp.py:154] [basehttp:log_message] [INFO]- "GET /favicon.ico HTTP/1.1" 302 0
[2026-03-26 08:11:53,789] [basehttp.py:154] [basehttp:log_message] [INFO]- "GET /login/ HTTP/1.1" 200 4823
[2026-03-26 08:11:53,803] [basehttp.py:154] [basehttp:log_message] [INFO]- "GET /favicon.ico HTTP/1.1" 302 0
[2026-03-26 08:11:53,805] [basehttp.py:154] [basehttp:log_message] [INFO]- "GET /login/ HTTP/1.1" 200 4823
[2026-03-26 08:11:53,811] [basehttp.py:154] [basehttp:log_message] [INFO]- "GET /login/ HTTP/1.1" 200 4823
[2026-03-26 08:11:59,357] [UserIP.py:90] [UserIP:process_response] [CRITICAL]- 系统错误Expecting value: line 1 column 1 (char 0)
[2026-03-26 08:11:59,449] [basehttp.py:154] [basehttp:log_message] [INFO]- "POST /login/ HTTP/1.1" 302 0
[2026-03-26 08:11:59,647] [basehttp.py:154] [basehttp:log_message] [INFO]- "GET /login/ HTTP/1.1" 302 0
[2026-03-26 08:12:00,012] [basehttp.py:154] [basehttp:log_message] [INFO]- "GET /index/ HTTP/1.1" 200 47176
[2026-03-26 08:12:00,736] [basehttp.py:154] [basehttp:log_message] [INFO]- "GET /favicon.ico HTTP/1.1" 200 38099
[2026-03-26 08:12:00,771] [UserIP.py:88] [UserIP:process_response] [INFO]- 2026-03-26 08:12:00: C1010S3/AnonymousUser/Cao.Edwin> None/EDWIN/bxbei > 127.0.0.1/127.0.0.1 > <WSGIRequest: POST '/index/'>
[2026-03-26 08:12:00,829] [basehttp.py:154] [basehttp:log_message] [INFO]- "POST /index/ HTTP/1.1" 200 1621
[2026-03-26 08:12:00,962] [log.py:228] [log:log_response] [WARNING]- Not Found: /media/img/UserInfo/Jully_Li.jpg
[2026-03-26 08:12:00,963] [basehttp.py:154] [basehttp:log_message] [WARNING]- "GET /media/img/UserInfo/Jully_Li.jpg HTTP/1.1" 404 1803
[2026-03-26 08:12:09,287] [basehttp.py:154] [basehttp:log_message] [INFO]- "GET /RetainedSample/RetainedSample_summary/ HTTP/1.1" 200 134319
[2026-03-26 08:12:09,743] [basehttp.py:154] [basehttp:log_message] [INFO]- "GET /favicon.ico HTTP/1.1" 200 38099
[2026-03-26 08:12:09,851] [basehttp.py:154] [basehttp:log_message] [INFO]- "GET /RetainedSample/RetainedSample_summary/?tab=summary HTTP/1.1" 200 23610
[2026-03-26 08:13:32,504] [basehttp.py:154] [basehttp:log_message] [INFO]- "GET /RetainedSample/get_borrow_details/?sample_id=2 HTTP/1.1" 200 400
[2026-03-26 08:22:40,083] [basehttp.py:154] [basehttp:log_message] [INFO]- "GET /RetainedSample/get_borrow_details/?sample_id=4 HTTP/1.1" 200 400
[2026-03-26 08:29:13,946] [basehttp.py:154] [basehttp:log_message] [INFO]- "GET /RetainedSample/get_borrow_details/?sample_id=3 HTTP/1.1" 200 215
[2026-03-26 10:26:19,163] [basehttp.py:154] [basehttp:log_message] [INFO]- "GET /RetainedSample/RetainedSample_summary/ HTTP/1.1" 200 134319
[2026-03-26 10:26:19,510] [basehttp.py:154] [basehttp:log_message] [INFO]- "GET /favicon.ico HTTP/1.1" 200 38099
[2026-03-26 13:11:29,724] [basehttp.py:154] [basehttp:log_message] [INFO]- "GET /favicon.ico HTTP/1.1" 200 38099
[2026-03-26 13:15:50,863] [basehttp.py:154] [basehttp:log_message] [INFO]- "GET /RetainedSample/RetainedSample_summary/?tab=myBorrow HTTP/1.1" 200 6489
[2026-03-26 13:15:52,517] [basehttp.py:154] [basehttp:log_message] [INFO]- "GET /RetainedSample/RetainedSample_summary/?tab=myApproval HTTP/1.1" 200 1264
[2026-03-26 13:15:54,470] [basehttp.py:154] [basehttp:log_message] [INFO]- "GET /RetainedSample/RetainedSample_summary/?tab=scrapRecords HTTP/1.1" 200 362
[2026-03-26 13:15:56,524] [basehttp.py:154] [basehttp:log_message] [INFO]- "GET /RetainedSample/RetainedSample_summary/?tab=records HTTP/1.1" 200 7931
[2026-03-26 13:15:57,415] [basehttp.py:154] [basehttp:log_message] [INFO]- "GET /RetainedSample/RetainedSample_summary/?tab=records HTTP/1.1" 200 7931
[2026-03-26 13:15:59,671] [basehttp.py:154] [basehttp:log_message] [INFO]- "GET /RetainedSample/RetainedSample_summary/?tab=scrapRecords HTTP/1.1" 200 362
[2026-03-26 13:16:53,820] [basehttp.py:154] [basehttp:log_message] [INFO]- "GET /RetainedSample/RetainedSample_summary/?tab=records HTTP/1.1" 200 7931
[2026-03-26 13:16:55,411] [basehttp.py:154] [basehttp:log_message] [INFO]- "GET /RetainedSample/RetainedSample_summary/?tab=myApproval HTTP/1.1" 200 1264
[2026-03-26 13:17:19,357] [basehttp.py:154] [basehttp:log_message] [INFO]- "GET /RetainedSample/RetainedSample_summary/?tab=summary HTTP/1.1" 200 23610
[2026-03-26 13:18:00,384] [basehttp.py:154] [basehttp:log_message] [INFO]- "GET /RetainedSample/RetainedSample_summary/?tab=myBorrow HTTP/1.1" 200 6489
[2026-03-26 13:18:57,568] [basehttp.py:154] [basehttp:log_message] [INFO]- "GET /RetainedSample/RetainedSample_summary/?tab=myApproval HTTP/1.1" 200 1264
[2026-03-26 13:18:58,431] [basehttp.py:154] [basehttp:log_message] [INFO]- "GET /RetainedSample/RetainedSample_summary/?tab=myBorrow HTTP/1.1" 200 6489
[2026-03-26 13:19:45,742] [basehttp.py:154] [basehttp:log_message] [INFO]- "GET /RetainedSample/RetainedSample_summary/?tab=records HTTP/1.1" 200 7931
[2026-03-26 13:19:56,357] [basehttp.py:154] [basehttp:log_message] [INFO]- "GET /RetainedSample/RetainedSample_summary/?tab=myApproval HTTP/1.1" 200 1264
[2026-03-26 13:19:57,657] [basehttp.py:154] [basehttp:log_message] [INFO]- "GET /RetainedSample/RetainedSample_summary/?tab=myBorrow HTTP/1.1" 200 6489
[2026-03-26 13:20:43,122] [basehttp.py:154] [basehttp:log_message] [INFO]- "GET /RetainedSample/RetainedSample_summary/ HTTP/1.1" 200 134319
[2026-03-26 13:20:43,793] [basehttp.py:154] [basehttp:log_message] [INFO]- "GET /favicon.ico HTTP/1.1" 200 38099
[2026-03-26 13:20:43,818] [basehttp.py:154] [basehttp:log_message] [INFO]- "GET /RetainedSample/RetainedSample_summary/?tab=summary HTTP/1.1" 200 23610
[2026-03-26 13:20:51,444] [basehttp.py:154] [basehttp:log_message] [INFO]- "GET /admin/ HTTP/1.1" 302 0
[2026-03-26 13:20:51,627] [basehttp.py:154] [basehttp:log_message] [INFO]- "GET /admin/login/?next=/admin/ HTTP/1.1" 200 4026
[2026-03-26 13:20:51,918] [basehttp.py:154] [basehttp:log_message] [INFO]- "GET /favicon.ico HTTP/1.1" 200 38099
[2026-03-26 13:21:08,738] [UserIP.py:90] [UserIP:process_response] [CRITICAL]- 系统错误Expecting value: line 1 column 1 (char 0)
[2026-03-26 13:21:08,797] [basehttp.py:154] [basehttp:log_message] [INFO]- "POST /admin/login/?next=/admin/ HTTP/1.1" 302 0
[2026-03-26 13:21:09,507] [basehttp.py:154] [basehttp:log_message] [INFO]- "GET /admin/ HTTP/1.1" 200 57237
[2026-03-26 13:21:09,755] [basehttp.py:154] [basehttp:log_message] [INFO]- "GET /favicon.ico HTTP/1.1" 200 38099
[2026-03-26 13:23:20,759] [basehttp.py:154] [basehttp:log_message] [INFO]- "GET /RetainedSample/RetainedSample_summary/?tab=records HTTP/1.1" 200 7931
[2026-03-26 13:24:04,526] [basehttp.py:154] [basehttp:log_message] [INFO]- "GET /favicon.ico HTTP/1.1" 200 38099
[2026-03-26 13:24:05,447] [basehttp.py:154] [basehttp:log_message] [INFO]- "GET /admin/RetainedSample/retainedsamplerecord/ HTTP/1.1" 200 167149
[2026-03-26 13:24:05,522] [basehttp.py:154] [basehttp:log_message] [INFO]- "GET /admin/jsi18n/ HTTP/1.1" 200 7684
[2026-03-26 13:24:23,237] [basehttp.py:154] [basehttp:log_message] [INFO]- "GET /favicon.ico HTTP/1.1" 200 38099
[2026-03-26 13:24:24,863] [basehttp.py:154] [basehttp:log_message] [INFO]- "GET /admin/RetainedSample/personalretainedsample/ HTTP/1.1" 200 92012
[2026-03-26 13:24:24,959] [basehttp.py:154] [basehttp:log_message] [INFO]- "GET /admin/jsi18n/ HTTP/1.1" 200 7684
[2026-03-26 13:25:18,695] [basehttp.py:154] [basehttp:log_message] [INFO]- "GET /favicon.ico HTTP/1.1" 200 38099
[2026-03-26 13:36:14,183] [basehttp.py:154] [basehttp:log_message] [INFO]- "GET /favicon.ico HTTP/1.1" 200 38099
[2026-03-26 13:36:15,736] [basehttp.py:154] [basehttp:log_message] [INFO]- "GET /favicon.ico HTTP/1.1" 200 38099
[2026-03-26 13:36:39,985] [basehttp.py:154] [basehttp:log_message] [INFO]- "GET /favicon.ico HTTP/1.1" 200 38099
[2026-03-26 14:32:41,786] [basehttp.py:154] [basehttp:log_message] [INFO]- "GET /RetainedSample/RetainedSample_summary/?tab=myApproval HTTP/1.1" 200 1264
[2026-03-26 14:32:44,177] [basehttp.py:154] [basehttp:log_message] [INFO]- "GET /RetainedSample/RetainedSample_summary/?tab=myBorrow HTTP/1.1" 200 6489
[2026-03-26 14:32:58,568] [basehttp.py:154] [basehttp:log_message] [INFO]- "GET /RetainedSample/RetainedSample_summary/?tab=records HTTP/1.1" 200 7931
[2026-03-26 14:35:56,846] [basehttp.py:154] [basehttp:log_message] [INFO]- "GET /admin/RetainedSample/personalretainedsample/?o=7.-15 HTTP/1.1" 200 93886
[2026-03-26 14:35:56,933] [basehttp.py:154] [basehttp:log_message] [INFO]- "GET /admin/jsi18n/ HTTP/1.1" 200 7684
[2026-03-26 14:39:40,673] [basehttp.py:154] [basehttp:log_message] [INFO]- "GET /.well-known/appspecific/com.chrome.devtools.json HTTP/1.1" 200 38099
[2026-03-26 14:39:40,756] [basehttp.py:154] [basehttp:log_message] [WARNING]- "GET /static/js/lib/bootstrap.min.js.map HTTP/1.1" 404 1806
[2026-03-26 14:39:41,057] [basehttp.py:154] [basehttp:log_message] [WARNING]- "GET /static/js/axios.min.map HTTP/1.1" 404 1773
[2026-03-26 14:39:41,122] [basehttp.py:154] [basehttp:log_message] [WARNING]- "GET /static/css/bootstrap.min.css.map HTTP/1.1" 404 1800
[2026-03-26 14:39:46,052] [basehttp.py:154] [basehttp:log_message] [INFO]- "GET /RetainedSample/RetainedSample_summary/?tab=myApproval HTTP/1.1" 200 1264
[2026-03-26 14:39:47,106] [basehttp.py:154] [basehttp:log_message] [INFO]- "GET /RetainedSample/RetainedSample_summary/?tab=records HTTP/1.1" 200 7931
