[2026-06-29 13:29:55,201] [basehttp.py:154] [basehttp:log_message] [INFO]- "GET / HTTP/1.1" 302 0
[2026-06-29 13:29:55,271] [basehttp.py:154] [basehttp:log_message] [INFO]- "GET /login/ HTTP/1.1" 200 4823
[2026-06-29 13:29:55,343] [basehttp.py:154] [basehttp:log_message] [INFO]- "GET /static/vendor/fontawesome-free/css/all.min.css HTTP/1.1" 200 54645
[2026-06-29 13:29:55,345] [basehttp.py:154] [basehttp:log_message] [INFO]- "GET /static/css/bootstrap.min.css HTTP/1.1" 200 144883
[2026-06-29 13:29:55,347] [basehttp.py:154] [basehttp:log_message] [INFO]- "GET /static/css/test1.css HTTP/1.1" 200 29532
[2026-06-29 13:29:55,347] [basehttp.py:154] [basehttp:log_message] [INFO]- "GET /static/css/sb-admin.css HTTP/1.1" 200 225559
[2026-06-29 13:29:55,418] [basehttp.py:154] [basehttp:log_message] [INFO]- "GET /static/src/yellow.jpg HTTP/1.1" 200 81394
[2026-06-29 13:29:55,419] [basehttp.py:154] [basehttp:log_message] [INFO]- "GET /static/vendor/jquery-easing/jquery.easing.min.js HTTP/1.1" 200 2532
[2026-06-29 13:29:55,465] [basehttp.py:154] [basehttp:log_message] [INFO]- "GET /static/vendor/bootstrap/js/bootstrap.bundle.min.js HTTP/1.1" 200 76314
[2026-06-29 13:29:55,471] [basehttp.py:154] [basehttp:log_message] [INFO]- "GET /static/vendor/jquery/jquery.min.js HTTP/1.1" 200 86929
[2026-06-29 13:29:55,538] [basehttp.py:154] [basehttp:log_message] [INFO]- "GET /favicon.ico HTTP/1.1" 302 0
[2026-06-29 13:29:55,546] [basehttp.py:154] [basehttp:log_message] [INFO]- "GET /login/ HTTP/1.1" 200 4823
[2026-06-29 13:29:59,784] [UserIP.py:90] [UserIP:process_response] [CRITICAL]- 系统错误Expecting value: line 1 column 1 (char 0)
[2026-06-29 13:29:59,943] [basehttp.py:154] [basehttp:log_message] [INFO]- "POST /login/ HTTP/1.1" 302 0
[2026-06-29 13:30:00,034] [basehttp.py:154] [basehttp:log_message] [INFO]- "GET /login/ HTTP/1.1" 302 0
[2026-06-29 13:30:00,527] [basehttp.py:154] [basehttp:log_message] [INFO]- "GET /index/ HTTP/1.1" 200 47176
[2026-06-29 13:30:00,591] [basehttp.py:154] [basehttp:log_message] [INFO]- "GET /static/css/lib/chartist/chartist.min.css HTTP/1.1" 200 11508
[2026-06-29 13:30:00,593] [basehttp.py:154] [basehttp:log_message] [INFO]- "GET /static/css/lib/calendar2/pignose.calendar.min.css HTTP/1.1" 200 14709
[2026-06-29 13:30:00,604] [basehttp.py:154] [basehttp:log_message] [INFO]- "GET /static/download_UPK/element-ui@2.12.0/lib/theme-chalk/index.css HTTP/1.1" 200 232694
[2026-06-29 13:30:00,610] [basehttp.py:154] [basehttp:log_message] [INFO]- "GET /static/css/lib/themify-icons.css HTTP/1.1" 200 18695
[2026-06-29 13:30:00,616] [basehttp.py:154] [basehttp:log_message] [INFO]- "GET /static/css/lib/owl.carousel.min.css HTTP/1.1" 200 3016
[2026-06-29 13:30:00,619] [basehttp.py:154] [basehttp:log_message] [INFO]- "GET /static/css/lib/font-awesome.min.css HTTP/1.1" 200 41765
[2026-06-29 13:30:00,622] [basehttp.py:154] [basehttp:log_message] [INFO]- "GET /static/css/lib/owl.theme.default.min.css HTTP/1.1" 200 1008
[2026-06-29 13:30:00,624] [basehttp.py:154] [basehttp:log_message] [INFO]- "GET /static/css/lib/weather-icons.css HTTP/1.1" 200 32590
[2026-06-29 13:30:00,631] [basehttp.py:154] [basehttp:log_message] [INFO]- "GET /static/css/lib/menubar/sidebar.css HTTP/1.1" 200 17496
[2026-06-29 13:30:00,634] [basehttp.py:154] [basehttp:log_message] [INFO]- "GET /static/css/uploadbutton.css HTTP/1.1" 200 175
[2026-06-29 13:30:00,641] [basehttp.py:154] [basehttp:log_message] [INFO]- "GET /static/css/bootstrap-icons/font/bootstrap-icons.css HTTP/1.1" 200 73271
[2026-06-29 13:30:00,647] [basehttp.py:154] [basehttp:log_message] [INFO]- "GET /static/css/lib/helper.css HTTP/1.1" 200 55773
[2026-06-29 13:30:00,651] [basehttp.py:154] [basehttp:log_message] [INFO]- "GET /static/css/home_zerogrid.css HTTP/1.1" 200 4828
[2026-06-29 13:30:00,653] [basehttp.py:154] [basehttp:log_message] [INFO]- "GET /static/css/style.css HTTP/1.1" 200 91486
[2026-06-29 13:30:00,663] [basehttp.py:154] [basehttp:log_message] [INFO]- "GET /static/css/home_style.css HTTP/1.1" 200 23905
[2026-06-29 13:30:00,677] [basehttp.py:154] [basehttp:log_message] [INFO]- "GET /static/css/home_menu.css HTTP/1.1" 200 8597
[2026-06-29 13:30:00,683] [basehttp.py:154] [basehttp:log_message] [INFO]- "GET /static/css/ElementUI.css HTTP/1.1" 200 232696
[2026-06-29 13:30:00,710] [basehttp.py:154] [basehttp:log_message] [INFO]- "GET /static/js/lib/jquery.nanoscroller.min.js HTTP/1.1" 200 12440
[2026-06-29 13:30:00,719] [basehttp.py:154] [basehttp:log_message] [INFO]- "GET /static/js/scripts.js HTTP/1.1" 200 1906
[2026-06-29 13:30:00,725] [basehttp.py:154] [basehttp:log_message] [INFO]- "GET /static/js/lib/menubar/sidebar.js HTTP/1.1" 200 7681
[2026-06-29 13:30:00,747] [basehttp.py:154] [basehttp:log_message] [INFO]- "GET /static/js/lib/preloader/pace.min.js HTTP/1.1" 200 27501
[2026-06-29 13:30:00,757] [basehttp.py:154] [basehttp:log_message] [INFO]- "GET /static/js/lib/calendar-2/pignose.init.js HTTP/1.1" 200 258
[2026-06-29 13:30:00,784] [basehttp.py:154] [basehttp:log_message] [INFO]- "GET /static/js/lib/circle-progress/circle-progress-init.js HTTP/1.1" 200 1252
[2026-06-29 13:30:00,804] [basehttp.py:154] [basehttp:log_message] [INFO]- "GET /static/js/lib/calendar-2/pignose.calendar.min.js HTTP/1.1" 200 24271
[2026-06-29 13:30:00,817] [basehttp.py:154] [basehttp:log_message] [INFO]- "GET /static/js/lib/circle-progress/circle-progress.min.js HTTP/1.1" 200 4462
[2026-06-29 13:30:00,823] [basehttp.py:154] [basehttp:log_message] [INFO]- "GET /static/js/lib/bootstrap.min.js HTTP/1.1" 200 69811
[2026-06-29 13:30:00,836] [basehttp.py:154] [basehttp:log_message] [INFO]- "GET /static/js/lib/calendar-2/moment.latest.min.js HTTP/1.1" 200 61867
[2026-06-29 13:30:00,841] [basehttp.py:154] [basehttp:log_message] [INFO]- "GET /static/js/lib/jquery.min.js HTTP/1.1" 200 97367
[2026-06-29 13:30:00,844] [basehttp.py:154] [basehttp:log_message] [INFO]- "GET /static/js/lib/sparklinechart/sparkline.init.js HTTP/1.1" 200 9974
[2026-06-29 13:30:00,859] [basehttp.py:154] [basehttp:log_message] [INFO]- "GET /static/js/lib/owl-carousel/owl.carousel-init.js HTTP/1.1" 200 1044
[2026-06-29 13:30:00,861] [basehttp.py:154] [basehttp:log_message] [INFO]- "GET /static/js/lib/sparklinechart/jquery.sparkline.min.js HTTP/1.1" 200 43251
[2026-06-29 13:30:00,875] [basehttp.py:154] [basehttp:log_message] [INFO]- "GET /static/js/lib/owl-carousel/owl.carousel.min.js HTTP/1.1" 200 42860
[2026-06-29 13:30:00,892] [basehttp.py:154] [basehttp:log_message] [INFO]- "GET /static/js/date.js HTTP/1.1" 200 764
[2026-06-29 13:30:00,913] [basehttp.py:154] [basehttp:log_message] [INFO]- "GET /static/js/datapicker.js HTTP/1.1" 200 11813
[2026-06-29 13:30:00,981] [basehttp.py:154] [basehttp:log_message] [INFO]- "GET /static/js/qs.js HTTP/1.1" 200 26204
[2026-06-29 13:30:00,984] [basehttp.py:154] [basehttp:log_message] [INFO]- "GET /static/css/admin/assets/fonts/themify.woff?-fvbane HTTP/1.1" 200 0
[2026-06-29 13:30:00,995] [basehttp.py:154] [basehttp:log_message] [INFO]- "GET /static/vendor/datatables/jquery.dataTables.js HTTP/1.1" 200 462902
[2026-06-29 13:30:00,998] [basehttp.py:154] [basehttp:log_message] [INFO]- "GET /static/css/admin/assets/fonts/themify.ttf?-fvbane HTTP/1.1" 200 0
[2026-06-29 13:30:01,009] [basehttp.py:154] [basehttp:log_message] [INFO]- "GET /static/css/bootstrap-icons/font/fonts/bootstrap-icons.woff2?30af91bf14e37666a085fb8a161ff36d HTTP/1.1" 200 92064
[2026-06-29 13:30:01,011] [basehttp.py:154] [basehttp:log_message] [INFO]- "GET /static/js/lib/calendar-2/prism.min.js HTTP/1.1" 200 8828
[2026-06-29 13:30:01,021] [basehttp.py:154] [basehttp:log_message] [INFO]- "GET /static/js/vue-router.min.js HTTP/1.1" 200 27797
[2026-06-29 13:30:01,065] [basehttp.py:154] [basehttp:log_message] [INFO]- "GET /static/fonts/themify.woff?-fvbane HTTP/1.1" 200 56108
[2026-06-29 13:30:01,088] [basehttp.py:154] [basehttp:log_message] [INFO]- "GET /static/js/es6/polyfill.min.js HTTP/1.1" 200 97799
[2026-06-29 13:30:01,102] [basehttp.py:154] [basehttp:log_message] [INFO]- "GET /static/js/xlsx/xlsx.core.min.js HTTP/1.1" 200 480575
[2026-06-29 13:30:01,104] [basehttp.py:154] [basehttp:log_message] [INFO]- "GET /static/js/axios.min.js HTTP/1.1" 200 13704
[2026-06-29 13:30:01,111] [basehttp.py:154] [basehttp:log_message] [INFO]- "GET /static/js/lib/calendar-2/semantic.ui.min.js HTTP/1.1" 200 287792
[2026-06-29 13:30:01,140] [basehttp.py:154] [basehttp:log_message] [INFO]- "GET /static/js/Element/main.js HTTP/1.1" 200 8989
[2026-06-29 13:30:01,168] [basehttp.py:154] [basehttp:log_message] [INFO]- "GET /static/js/xlsx/FileSaver.min.js HTTP/1.1" 200 2613
[2026-06-29 13:30:01,175] [basehttp.py:154] [basehttp:log_message] [INFO]- "GET /static/js/Element/table.js HTTP/1.1" 200 29314
[2026-06-29 13:30:01,197] [basehttp.py:154] [basehttp:log_message] [INFO]- "GET /static/js/Element/input.js HTTP/1.1" 200 30197
[2026-06-29 13:30:01,226] [basehttp.py:154] [basehttp:log_message] [INFO]- "GET /static/js/Element/icon.js HTTP/1.1" 200 8963
[2026-06-29 13:30:01,228] [basehttp.py:154] [basehttp:log_message] [INFO]- "GET /static/js/Element/table-column.js HTTP/1.1" 200 29272
[2026-06-29 13:30:01,237] [basehttp.py:154] [basehttp:log_message] [INFO]- "GET /static/js/vue.min.js HTTP/1.1" 200 93680
[2026-06-29 13:30:01,257] [basehttp.py:154] [basehttp:log_message] [INFO]- "GET /static/js/Element/dialog.js HTTP/1.1" 200 12452
[2026-06-29 13:30:01,284] [basehttp.py:154] [basehttp:log_message] [INFO]- "GET /static/js/Element/message.js HTTP/1.1" 200 11465
[2026-06-29 13:30:01,286] [basehttp.py:154] [basehttp:log_message] [INFO]- "GET /static/js/Element/form.js HTTP/1.1" 200 10523
[2026-06-29 13:30:01,291] [basehttp.py:154] [basehttp:log_message] [INFO]- "GET /static/js/Element/date-picker.js HTTP/1.1" 200 192225
[2026-06-29 13:30:01,302] [basehttp.py:154] [basehttp:log_message] [INFO]- "GET /static/js/Element/tooltip.js HTTP/1.1" 200 8774
[2026-06-29 13:30:01,319] [basehttp.py:154] [basehttp:log_message] [INFO]- "GET /static/js/xlsx/xlsx.js HTTP/1.1" 200 5900
[2026-06-29 13:30:01,341] [basehttp.py:154] [basehttp:log_message] [INFO]- "GET /static/js/Element/pagination.js HTTP/1.1" 200 23027
[2026-06-29 13:30:01,486] [basehttp.py:154] [basehttp:log_message] [INFO]- "GET /static/js/es6/babel.min.js HTTP/1.1" 200 791258
[2026-06-29 13:30:01,607] [basehttp.py:154] [basehttp:log_message] [INFO]- "GET /static/js/Element/index.js HTTP/1.1" 200 563790
[2026-06-29 13:30:01,761] [basehttp.py:154] [basehttp:log_message] [INFO]- "GET /static/src/jinqiu5.jpg HTTP/1.1" 200 76515
[2026-06-29 13:30:01,802] [basehttp.py:154] [basehttp:log_message] [INFO]- "GET /static/src/lu.jpg HTTP/1.1" 200 680519
[2026-06-29 13:30:01,815] [basehttp.py:154] [basehttp:log_message] [INFO]- "GET /static/css/fonts/element-icons.ttf HTTP/1.1" 200 55956
[2026-06-29 13:30:01,821] [basehttp.py:154] [basehttp:log_message] [INFO]- "GET /static/src/qiu1.jpg HTTP/1.1" 200 611283
[2026-06-29 13:30:01,875] [UserIP.py:88] [UserIP:process_response] [INFO]- 2026-06-29 13:30:01: C1010S3/AnonymousUser/Cao.Edwin> None/EDWIN/bxbei > 127.0.0.1/127.0.0.1 > <WSGIRequest: POST '/index/'>
[2026-06-29 13:30:01,903] [basehttp.py:154] [basehttp:log_message] [INFO]- "POST /index/ HTTP/1.1" 200 1621
[2026-06-29 13:30:01,953] [basehttp.py:154] [basehttp:log_message] [INFO]- "GET /favicon.ico HTTP/1.1" 200 38099
[2026-06-29 13:30:02,024] [log.py:228] [log:log_response] [WARNING]- Not Found: /media/img/UserInfo/Jully_Li.jpg
[2026-06-29 13:30:02,027] [basehttp.py:154] [basehttp:log_message] [WARNING]- "GET /media/img/UserInfo/Jully_Li.jpg HTTP/1.1" 404 1803
[2026-06-29 13:30:29,929] [basehttp.py:154] [basehttp:log_message] [INFO]- "GET /DevicesSummary/ HTTP/1.1" 200 64991
[2026-06-29 13:30:30,012] [basehttp.py:154] [basehttp:log_message] [INFO]- "GET /static/css/index.css HTTP/1.1" 200 232694
[2026-06-29 13:30:30,046] [basehttp.py:154] [basehttp:log_message] [INFO]- "GET /static/js/Element/image.js HTTP/1.1" 200 26016
[2026-06-29 13:30:30,317] [UserIP.py:88] [UserIP:process_response] [INFO]- 2026-06-29 13:30:30: C1010S3/AnonymousUser/Cao.Edwin> None/EDWIN/bxbei > 127.0.0.1/127.0.0.1 > <WSGIRequest: POST '/DevicesSummary/'>
[2026-06-29 13:30:30,323] [basehttp.py:154] [basehttp:log_message] [INFO]- "GET /static/css/fonts/element-icons.woff HTTP/1.1" 200 28200
[2026-06-29 13:30:30,341] [basehttp.py:154] [basehttp:log_message] [INFO]- "POST /DevicesSummary/ HTTP/1.1" 200 688
[2026-06-29 13:30:30,374] [basehttp.py:154] [basehttp:log_message] [INFO]- "GET /favicon.ico HTTP/1.1" 200 38099
[2026-06-30 14:27:10,515] [basehttp.py:154] [basehttp:log_message] [INFO]- "GET /login/ HTTP/1.1" 200 4823
[2026-06-30 14:27:10,618] [basehttp.py:154] [basehttp:log_message] [INFO]- "GET /static/vendor/fontawesome-free/css/all.min.css HTTP/1.1" 200 54645
[2026-06-30 14:27:10,646] [basehttp.py:154] [basehttp:log_message] [INFO]- "GET /static/css/sb-admin.css HTTP/1.1" 200 225559
[2026-06-30 14:27:10,648] [basehttp.py:154] [basehttp:log_message] [INFO]- "GET /static/css/test1.css HTTP/1.1" 200 29532
[2026-06-30 14:27:10,652] [basehttp.py:154] [basehttp:log_message] [INFO]- "GET /static/css/bootstrap.min.css HTTP/1.1" 200 144883
[2026-06-30 14:27:10,700] [basehttp.py:154] [basehttp:log_message] [INFO]- "GET /static/src/yellow.jpg HTTP/1.1" 200 81394
[2026-06-30 14:27:10,750] [basehttp.py:154] [basehttp:log_message] [INFO]- "GET /static/vendor/bootstrap/js/bootstrap.bundle.min.js HTTP/1.1" 200 76314
[2026-06-30 14:27:10,771] [basehttp.py:154] [basehttp:log_message] [INFO]- "GET /static/vendor/jquery-easing/jquery.easing.min.js HTTP/1.1" 200 2532
[2026-06-30 14:27:10,775] [basehttp.py:154] [basehttp:log_message] [INFO]- "GET /static/vendor/jquery/jquery.min.js HTTP/1.1" 200 86929
[2026-06-30 14:27:10,919] [basehttp.py:154] [basehttp:log_message] [INFO]- "GET /favicon.ico HTTP/1.1" 302 0
[2026-06-30 14:27:10,933] [basehttp.py:154] [basehttp:log_message] [INFO]- "GET /login/ HTTP/1.1" 200 4823
[2026-06-30 14:27:13,438] [UserIP.py:90] [UserIP:process_response] [CRITICAL]- 系统错误Expecting value: line 1 column 1 (char 0)
[2026-06-30 14:27:13,537] [basehttp.py:154] [basehttp:log_message] [INFO]- "POST /login/ HTTP/1.1" 302 0
[2026-06-30 14:27:13,568] [basehttp.py:154] [basehttp:log_message] [INFO]- "GET /login/ HTTP/1.1" 302 0
[2026-06-30 14:27:13,809] [basehttp.py:154] [basehttp:log_message] [INFO]- "GET /DevicesSummary/ HTTP/1.1" 200 64991
[2026-06-30 14:27:13,862] [basehttp.py:154] [basehttp:log_message] [INFO]- "GET /static/css/lib/themify-icons.css HTTP/1.1" 200 18695
[2026-06-30 14:27:13,889] [basehttp.py:154] [basehttp:log_message] [INFO]- "GET /static/css/lib/owl.carousel.min.css HTTP/1.1" 200 3016
[2026-06-30 14:27:13,912] [basehttp.py:154] [basehttp:log_message] [INFO]- "GET /static/css/lib/calendar2/pignose.calendar.min.css HTTP/1.1" 200 14709
[2026-06-30 14:27:13,917] [basehttp.py:154] [basehttp:log_message] [INFO]- "GET /static/css/lib/chartist/chartist.min.css HTTP/1.1" 200 11508
[2026-06-30 14:27:13,918] [basehttp.py:154] [basehttp:log_message] [INFO]- "GET /static/css/lib/font-awesome.min.css HTTP/1.1" 200 41765
[2026-06-30 14:27:13,925] [basehttp.py:154] [basehttp:log_message] [INFO]- "GET /static/download_UPK/element-ui@2.12.0/lib/theme-chalk/index.css HTTP/1.1" 200 232694
[2026-06-30 14:27:13,940] [basehttp.py:154] [basehttp:log_message] [INFO]- "GET /static/css/lib/owl.theme.default.min.css HTTP/1.1" 200 1008
[2026-06-30 14:27:13,949] [basehttp.py:154] [basehttp:log_message] [INFO]- "GET /static/css/lib/weather-icons.css HTTP/1.1" 200 32590
[2026-06-30 14:27:13,953] [basehttp.py:154] [basehttp:log_message] [INFO]- "GET /static/css/lib/menubar/sidebar.css HTTP/1.1" 200 17496
[2026-06-30 14:27:13,961] [basehttp.py:154] [basehttp:log_message] [INFO]- "GET /static/css/lib/helper.css HTTP/1.1" 200 55773
[2026-06-30 14:27:13,968] [basehttp.py:154] [basehttp:log_message] [INFO]- "GET /static/css/style.css HTTP/1.1" 200 91486
[2026-06-30 14:27:13,971] [basehttp.py:154] [basehttp:log_message] [INFO]- "GET /static/css/bootstrap-icons/font/bootstrap-icons.css HTTP/1.1" 200 73271
[2026-06-30 14:27:13,978] [basehttp.py:154] [basehttp:log_message] [INFO]- "GET /static/css/uploadbutton.css HTTP/1.1" 200 175
[2026-06-30 14:27:14,009] [basehttp.py:154] [basehttp:log_message] [INFO]- "GET /static/css/index.css HTTP/1.1" 200 232694
[2026-06-30 14:27:14,038] [basehttp.py:154] [basehttp:log_message] [INFO]- "GET /static/js/lib/menubar/sidebar.js HTTP/1.1" 200 7681
[2026-06-30 14:27:14,068] [basehttp.py:154] [basehttp:log_message] [INFO]- "GET /static/js/lib/preloader/pace.min.js HTTP/1.1" 200 27501
[2026-06-30 14:27:14,073] [basehttp.py:154] [basehttp:log_message] [INFO]- "GET /static/js/lib/jquery.nanoscroller.min.js HTTP/1.1" 200 12440
[2026-06-30 14:27:14,085] [basehttp.py:154] [basehttp:log_message] [INFO]- "GET /static/js/scripts.js HTTP/1.1" 200 1906
[2026-06-30 14:27:14,110] [basehttp.py:154] [basehttp:log_message] [INFO]- "GET /static/js/lib/jquery.min.js HTTP/1.1" 200 97367
[2026-06-30 14:27:14,130] [basehttp.py:154] [basehttp:log_message] [INFO]- "GET /static/js/lib/calendar-2/pignose.init.js HTTP/1.1" 200 258
[2026-06-30 14:27:14,145] [basehttp.py:154] [basehttp:log_message] [INFO]- "GET /static/js/lib/bootstrap.min.js HTTP/1.1" 200 69811
[2026-06-30 14:27:14,180] [basehttp.py:154] [basehttp:log_message] [INFO]- "GET /static/js/lib/calendar-2/moment.latest.min.js HTTP/1.1" 200 61867
[2026-06-30 14:27:14,188] [basehttp.py:154] [basehttp:log_message] [INFO]- "GET /static/js/lib/circle-progress/circle-progress-init.js HTTP/1.1" 200 1252
[2026-06-30 14:27:14,190] [basehttp.py:154] [basehttp:log_message] [INFO]- "GET /static/css/admin/assets/fonts/themify.woff?-fvbane HTTP/1.1" 200 0
[2026-06-30 14:27:14,200] [basehttp.py:154] [basehttp:log_message] [INFO]- "GET /static/js/lib/calendar-2/pignose.calendar.min.js HTTP/1.1" 200 24271
[2026-06-30 14:27:14,225] [basehttp.py:154] [basehttp:log_message] [INFO]- "GET /static/js/lib/circle-progress/circle-progress.min.js HTTP/1.1" 200 4462
[2026-06-30 14:27:14,227] [basehttp.py:154] [basehttp:log_message] [INFO]- "GET /static/js/lib/sparklinechart/sparkline.init.js HTTP/1.1" 200 9974
[2026-06-30 14:27:14,230] [basehttp.py:154] [basehttp:log_message] [INFO]- "GET /static/css/bootstrap-icons/font/fonts/bootstrap-icons.woff2?30af91bf14e37666a085fb8a161ff36d HTTP/1.1" 200 92064
[2026-06-30 14:27:14,231] [basehttp.py:154] [basehttp:log_message] [INFO]- "GET /static/css/admin/assets/fonts/themify.ttf?-fvbane HTTP/1.1" 200 0
[2026-06-30 14:27:14,300] [basehttp.py:154] [basehttp:log_message] [INFO]- "GET /static/js/date.js HTTP/1.1" 200 764
[2026-06-30 14:27:14,303] [basehttp.py:154] [basehttp:log_message] [INFO]- "GET /static/js/lib/sparklinechart/jquery.sparkline.min.js HTTP/1.1" 200 43251
[2026-06-30 14:27:14,309] [basehttp.py:154] [basehttp:log_message] [INFO]- "GET /static/js/lib/owl-carousel/owl.carousel-init.js HTTP/1.1" 200 1044
[2026-06-30 14:27:14,317] [basehttp.py:154] [basehttp:log_message] [INFO]- "GET /static/js/lib/owl-carousel/owl.carousel.min.js HTTP/1.1" 200 42860
[2026-06-30 14:27:14,390] [basehttp.py:154] [basehttp:log_message] [INFO]- "GET /static/fonts/themify.woff?-fvbane HTTP/1.1" 200 56108
[2026-06-30 14:27:14,421] [basehttp.py:154] [basehttp:log_message] [INFO]- "GET /static/js/datapicker.js HTTP/1.1" 200 11813
[2026-06-30 14:27:14,425] [basehttp.py:154] [basehttp:log_message] [INFO]- "GET /static/vendor/datatables/jquery.dataTables.js HTTP/1.1" 200 462902
[2026-06-30 14:27:14,521] [basehttp.py:154] [basehttp:log_message] [INFO]- "GET /static/js/qs.js HTTP/1.1" 200 26204
[2026-06-30 14:27:14,536] [basehttp.py:154] [basehttp:log_message] [INFO]- "GET /static/js/axios.min.js HTTP/1.1" 200 13704
[2026-06-30 14:27:14,620] [basehttp.py:154] [basehttp:log_message] [INFO]- "GET /static/js/vue.min.js HTTP/1.1" 200 93680
[2026-06-30 14:27:14,671] [basehttp.py:154] [basehttp:log_message] [INFO]- "GET /static/js/es6/polyfill.min.js HTTP/1.1" 200 97799
[2026-06-30 14:27:14,685] [basehttp.py:154] [basehttp:log_message] [INFO]- "GET /static/js/es6/babel.min.js HTTP/1.1" 200 791258
[2026-06-30 14:27:14,706] [basehttp.py:154] [basehttp:log_message] [INFO]- "GET /static/js/Element/table.js HTTP/1.1" 200 29314
[2026-06-30 14:27:14,713] [basehttp.py:154] [basehttp:log_message] [INFO]- "GET /static/js/xlsx/FileSaver.min.js HTTP/1.1" 200 2613
[2026-06-30 14:27:14,769] [basehttp.py:154] [basehttp:log_message] [INFO]- "GET /static/js/Element/input.js HTTP/1.1" 200 30197
[2026-06-30 14:27:14,798] [basehttp.py:154] [basehttp:log_message] [INFO]- "GET /static/js/Element/main.js HTTP/1.1" 200 8989
[2026-06-30 14:27:14,801] [basehttp.py:154] [basehttp:log_message] [INFO]- "GET /static/js/Element/table-column.js HTTP/1.1" 200 29272
[2026-06-30 14:27:14,829] [basehttp.py:154] [basehttp:log_message] [INFO]- "GET /static/js/xlsx/xlsx.core.min.js HTTP/1.1" 200 480575
[2026-06-30 14:27:14,836] [basehttp.py:154] [basehttp:log_message] [INFO]- "GET /static/js/Element/icon.js HTTP/1.1" 200 8963
[2026-06-30 14:27:14,857] [basehttp.py:154] [basehttp:log_message] [INFO]- "GET /static/js/xlsx/xlsx.js HTTP/1.1" 200 5900
[2026-06-30 14:27:14,875] [basehttp.py:154] [basehttp:log_message] [INFO]- "GET /static/js/Element/message.js HTTP/1.1" 200 11465
[2026-06-30 14:27:14,878] [basehttp.py:154] [basehttp:log_message] [INFO]- "GET /static/js/Element/image.js HTTP/1.1" 200 26016
[2026-06-30 14:27:15,052] [basehttp.py:154] [basehttp:log_message] [INFO]- "GET /static/js/Element/index.js HTTP/1.1" 200 563790
[2026-06-30 14:27:15,385] [UserIP.py:88] [UserIP:process_response] [INFO]- 2026-06-30 14:27:15: C1010S3/AnonymousUser/Cao.Edwin> None/EDWIN/bxbei > 127.0.0.1/127.0.0.1 > <WSGIRequest: POST '/DevicesSummary/'>
[2026-06-30 14:27:15,396] [basehttp.py:154] [basehttp:log_message] [INFO]- "GET /static/css/fonts/element-icons.woff HTTP/1.1" 200 28200
[2026-06-30 14:27:15,399] [basehttp.py:154] [basehttp:log_message] [INFO]- "POST /DevicesSummary/ HTTP/1.1" 200 688
[2026-06-30 14:27:15,518] [basehttp.py:154] [basehttp:log_message] [INFO]- "GET /favicon.ico HTTP/1.1" 200 38099
[2026-06-30 14:27:22,267] [basehttp.py:154] [basehttp:log_message] [INFO]- "GET /DeviceLNV/M_Borrow/ HTTP/1.1" 200 64115
[2026-06-30 14:27:22,582] [UserIP.py:88] [UserIP:process_response] [INFO]- 2026-06-30 14:27:22: C1010S3/AnonymousUser/Cao.Edwin> None/EDWIN/bxbei > 127.0.0.1/127.0.0.1 > <WSGIRequest: POST '/DeviceLNV/M_Borrow/'>
[2026-06-30 14:27:22,610] [basehttp.py:154] [basehttp:log_message] [INFO]- "GET /favicon.ico HTTP/1.1" 200 38099
[2026-06-30 14:27:22,622] [basehttp.py:154] [basehttp:log_message] [INFO]- "POST /DeviceLNV/M_Borrow/ HTTP/1.1" 200 1035
[2026-06-30 14:27:22,746] [log.py:228] [log:log_response] [WARNING]- Not Found: /media/DeviceLNV/Device/1916.jpg
[2026-06-30 14:27:22,747] [basehttp.py:154] [basehttp:log_message] [WARNING]- "GET /media/DeviceLNV/Device/1916.jpg HTTP/1.1" 404 1803
[2026-06-30 14:27:26,568] [basehttp.py:154] [basehttp:log_message] [INFO]- "GET /DeviceLNV/M_Keep/ HTTP/1.1" 200 61343
[2026-06-30 14:27:26,776] [basehttp.py:154] [basehttp:log_message] [INFO]- "GET /favicon.ico HTTP/1.1" 200 38099
[2026-06-30 14:27:26,792] [UserIP.py:88] [UserIP:process_response] [INFO]- 2026-06-30 14:27:26: C1010S3/AnonymousUser/Cao.Edwin> None/EDWIN/bxbei > 127.0.0.1/127.0.0.1 > <WSGIRequest: POST '/DeviceLNV/M_Keep/'>
[2026-06-30 14:27:26,812] [basehttp.py:154] [basehttp:log_message] [INFO]- "POST /DeviceLNV/M_Keep/ HTTP/1.1" 200 38929
[2026-06-30 14:27:27,080] [log.py:228] [log:log_response] [WARNING]- Not Found: /media/DeviceLNV/Device/176.jpg
[2026-06-30 14:27:27,088] [basehttp.py:154] [basehttp:log_message] [WARNING]- "GET /media/DeviceLNV/Device/176.jpg HTTP/1.1" 404 1800
[2026-06-30 14:27:27,089] [log.py:228] [log:log_response] [WARNING]- Not Found: /media/DeviceLNV/Device/1575.jpg
[2026-06-30 14:27:27,091] [basehttp.py:154] [basehttp:log_message] [WARNING]- "GET /media/DeviceLNV/Device/1575.jpg HTTP/1.1" 404 1803
[2026-06-30 14:27:27,114] [log.py:228] [log:log_response] [WARNING]- Not Found: /media/DeviceLNV/Device/1598.jpg
[2026-06-30 14:27:27,121] [basehttp.py:154] [basehttp:log_message] [WARNING]- "GET /media/DeviceLNV/Device/1598.jpg HTTP/1.1" 404 1803
[2026-06-30 14:27:27,121] [log.py:228] [log:log_response] [WARNING]- Not Found: /media/DeviceLNV/Device/1573.jpg
[2026-06-30 14:27:27,123] [basehttp.py:154] [basehttp:log_message] [WARNING]- "GET /media/DeviceLNV/Device/1573.jpg HTTP/1.1" 404 1803
[2026-06-30 14:27:27,132] [log.py:228] [log:log_response] [WARNING]- Not Found: /media/DeviceLNV/Device/1602.jpg
[2026-06-30 14:27:27,139] [basehttp.py:154] [basehttp:log_message] [WARNING]- "GET /media/DeviceLNV/Device/1602.jpg HTTP/1.1" 404 1803
[2026-06-30 14:27:27,139] [log.py:228] [log:log_response] [WARNING]- Not Found: /media/DeviceLNV/Device/1593.jpg
[2026-06-30 14:27:27,142] [basehttp.py:154] [basehttp:log_message] [WARNING]- "GET /media/DeviceLNV/Device/1593.jpg HTTP/1.1" 404 1803
[2026-06-30 14:27:27,144] [log.py:228] [log:log_response] [WARNING]- Not Found: /media/DeviceLNV/Device/1621.jpg
[2026-06-30 14:27:27,152] [basehttp.py:154] [basehttp:log_message] [WARNING]- "GET /media/DeviceLNV/Device/1621.jpg HTTP/1.1" 404 1803
[2026-06-30 14:27:27,157] [log.py:228] [log:log_response] [WARNING]- Not Found: /media/DeviceLNV/Device/1622.jpg
[2026-06-30 14:27:27,169] [basehttp.py:154] [basehttp:log_message] [WARNING]- "GET /media/DeviceLNV/Device/1622.jpg HTTP/1.1" 404 1803
[2026-06-30 14:27:27,169] [log.py:228] [log:log_response] [WARNING]- Not Found: /media/DeviceLNV/Device/1625.jpg
[2026-06-30 14:27:27,181] [basehttp.py:154] [basehttp:log_message] [WARNING]- "GET /media/DeviceLNV/Device/1625.jpg HTTP/1.1" 404 1803
[2026-06-30 14:27:27,185] [log.py:228] [log:log_response] [WARNING]- Not Found: /media/DeviceLNV/Device/1626.jpg
[2026-06-30 14:27:27,195] [basehttp.py:154] [basehttp:log_message] [WARNING]- "GET /media/DeviceLNV/Device/1626.jpg HTTP/1.1" 404 1803
[2026-06-30 14:27:27,197] [log.py:228] [log:log_response] [WARNING]- Not Found: /media/DeviceLNV/Device/1639.jpg
[2026-06-30 14:27:27,211] [log.py:228] [log:log_response] [WARNING]- Not Found: /media/DeviceLNV/Device/1650.jpg
[2026-06-30 14:27:27,212] [basehttp.py:154] [basehttp:log_message] [WARNING]- "GET /media/DeviceLNV/Device/1639.jpg HTTP/1.1" 404 1803
[2026-06-30 14:27:27,222] [basehttp.py:154] [basehttp:log_message] [WARNING]- "GET /media/DeviceLNV/Device/1650.jpg HTTP/1.1" 404 1803
[2026-06-30 14:27:27,225] [log.py:228] [log:log_response] [WARNING]- Not Found: /media/DeviceLNV/Device/1659.jpg
[2026-06-30 14:27:27,230] [log.py:228] [log:log_response] [WARNING]- Not Found: /media/DeviceLNV/Device/1734.jpg
[2026-06-30 14:27:27,232] [basehttp.py:154] [basehttp:log_message] [WARNING]- "GET /media/DeviceLNV/Device/1659.jpg HTTP/1.1" 404 1803
[2026-06-30 14:27:27,246] [basehttp.py:154] [basehttp:log_message] [WARNING]- "GET /media/DeviceLNV/Device/1734.jpg HTTP/1.1" 404 1803
[2026-06-30 14:27:27,273] [log.py:228] [log:log_response] [WARNING]- Not Found: /media/DeviceLNV/Device/1741.jpg
[2026-06-30 14:27:27,279] [log.py:228] [log:log_response] [WARNING]- Not Found: /media/DeviceLNV/Device/1735.jpg
[2026-06-30 14:27:27,282] [basehttp.py:154] [basehttp:log_message] [WARNING]- "GET /media/DeviceLNV/Device/1741.jpg HTTP/1.1" 404 1803
[2026-06-30 14:27:27,284] [log.py:228] [log:log_response] [WARNING]- Not Found: /media/DeviceLNV/Device/1749.jpg
[2026-06-30 14:27:27,288] [basehttp.py:154] [basehttp:log_message] [WARNING]- "GET /media/DeviceLNV/Device/1735.jpg HTTP/1.1" 404 1803
[2026-06-30 14:27:27,288] [log.py:228] [log:log_response] [WARNING]- Not Found: /media/DeviceLNV/Device/1790.jpg
[2026-06-30 14:27:27,289] [basehttp.py:154] [basehttp:log_message] [WARNING]- "GET /media/DeviceLNV/Device/1749.jpg HTTP/1.1" 404 1803
[2026-06-30 14:27:27,297] [basehttp.py:154] [basehttp:log_message] [WARNING]- "GET /media/DeviceLNV/Device/1790.jpg HTTP/1.1" 404 1803
[2026-06-30 14:27:27,303] [log.py:228] [log:log_response] [WARNING]- Not Found: /media/DeviceLNV/Device/1860.jpg
[2026-06-30 14:27:27,316] [log.py:228] [log:log_response] [WARNING]- Not Found: /media/DeviceLNV/Device/1830.jpg
[2026-06-30 14:27:27,320] [basehttp.py:154] [basehttp:log_message] [WARNING]- "GET /media/DeviceLNV/Device/1860.jpg HTTP/1.1" 404 1803
[2026-06-30 14:27:27,322] [basehttp.py:154] [basehttp:log_message] [WARNING]- "GET /media/DeviceLNV/Device/1830.jpg HTTP/1.1" 404 1803
[2026-06-30 14:27:28,123] [log.py:228] [log:log_response] [WARNING]- Not Found: /media/DeviceLNV/Device/1866.jpg
[2026-06-30 14:27:28,135] [basehttp.py:154] [basehttp:log_message] [WARNING]- "GET /media/DeviceLNV/Device/1866.jpg HTTP/1.1" 404 1803
[2026-06-30 14:27:28,140] [log.py:228] [log:log_response] [WARNING]- Not Found: /media/DeviceLNV/Device/85.jpg
[2026-06-30 14:27:28,148] [log.py:228] [log:log_response] [WARNING]- Not Found: /media/DeviceLNV/Device/485.jpg
[2026-06-30 14:27:28,150] [basehttp.py:154] [basehttp:log_message] [WARNING]- "GET /media/DeviceLNV/Device/485.jpg HTTP/1.1" 404 1800
[2026-06-30 14:27:28,151] [basehttp.py:154] [basehttp:log_message] [WARNING]- "GET /media/DeviceLNV/Device/85.jpg HTTP/1.1" 404 1797
[2026-06-30 14:27:28,152] [log.py:228] [log:log_response] [WARNING]- Not Found: /media/DeviceLNV/Device/868.jpg
[2026-06-30 14:27:28,166] [log.py:228] [log:log_response] [WARNING]- Not Found: /media/DeviceLNV/Device/2435.jpg
[2026-06-30 14:27:28,173] [basehttp.py:154] [basehttp:log_message] [WARNING]- "GET /media/DeviceLNV/Device/2435.jpg HTTP/1.1" 404 1803
[2026-06-30 14:27:28,176] [basehttp.py:154] [basehttp:log_message] [WARNING]- "GET /media/DeviceLNV/Device/868.jpg HTTP/1.1" 404 1800
[2026-06-30 14:27:28,188] [log.py:228] [log:log_response] [WARNING]- Not Found: /media/DeviceLNV/Device/2434.jpg
[2026-06-30 14:27:28,199] [basehttp.py:154] [basehttp:log_message] [WARNING]- "GET /media/DeviceLNV/Device/2434.jpg HTTP/1.1" 404 1803
[2026-06-30 14:27:28,227] [log.py:228] [log:log_response] [WARNING]- Not Found: /media/DeviceLNV/Device/2436.jpg
[2026-06-30 14:27:28,235] [basehttp.py:154] [basehttp:log_message] [WARNING]- "GET /media/DeviceLNV/Device/2436.jpg HTTP/1.1" 404 1803
[2026-06-30 14:27:28,243] [log.py:228] [log:log_response] [WARNING]- Not Found: /media/DeviceLNV/Device/2437.jpg
[2026-06-30 14:27:28,252] [basehttp.py:154] [basehttp:log_message] [WARNING]- "GET /media/DeviceLNV/Device/2437.jpg HTTP/1.1" 404 1803
[2026-06-30 14:27:28,253] [log.py:228] [log:log_response] [WARNING]- Not Found: /media/DeviceLNV/Device/2441.jpg
[2026-06-30 14:27:28,263] [basehttp.py:154] [basehttp:log_message] [WARNING]- "GET /media/DeviceLNV/Device/2441.jpg HTTP/1.1" 404 1803
[2026-06-30 14:27:28,294] [log.py:228] [log:log_response] [WARNING]- Not Found: /media/DeviceLNV/Device/2438.jpg
[2026-06-30 14:27:28,297] [log.py:228] [log:log_response] [WARNING]- Not Found: /media/DeviceLNV/Device/2444.jpg
[2026-06-30 14:27:28,300] [basehttp.py:154] [basehttp:log_message] [WARNING]- "GET /media/DeviceLNV/Device/2438.jpg HTTP/1.1" 404 1803
[2026-06-30 14:27:28,302] [log.py:228] [log:log_response] [WARNING]- Not Found: /media/DeviceLNV/Device/2439.jpg
[2026-06-30 14:27:28,309] [basehttp.py:154] [basehttp:log_message] [WARNING]- "GET /media/DeviceLNV/Device/2444.jpg HTTP/1.1" 404 1803
[2026-06-30 14:27:28,322] [basehttp.py:154] [basehttp:log_message] [WARNING]- "GET /media/DeviceLNV/Device/2439.jpg HTTP/1.1" 404 1803
[2026-06-30 14:27:28,339] [log.py:228] [log:log_response] [WARNING]- Not Found: /media/DeviceLNV/Device/2450.jpg
[2026-06-30 14:27:28,342] [basehttp.py:154] [basehttp:log_message] [WARNING]- "GET /media/DeviceLNV/Device/2450.jpg HTTP/1.1" 404 1803
[2026-06-30 14:27:28,369] [log.py:228] [log:log_response] [WARNING]- Not Found: /media/DeviceLNV/Device/2447.jpg
[2026-06-30 14:27:28,371] [basehttp.py:154] [basehttp:log_message] [WARNING]- "GET /media/DeviceLNV/Device/2447.jpg HTTP/1.1" 404 1803
[2026-06-30 14:27:28,385] [log.py:228] [log:log_response] [WARNING]- Not Found: /media/DeviceLNV/Device/2445.jpg
[2026-06-30 14:27:28,386] [log.py:228] [log:log_response] [WARNING]- Not Found: /media/DeviceLNV/Device/2451.jpg
[2026-06-30 14:27:28,401] [basehttp.py:154] [basehttp:log_message] [WARNING]- "GET /media/DeviceLNV/Device/2445.jpg HTTP/1.1" 404 1803
[2026-06-30 14:27:28,402] [basehttp.py:154] [basehttp:log_message] [WARNING]- "GET /media/DeviceLNV/Device/2451.jpg HTTP/1.1" 404 1803
[2026-06-30 14:27:28,418] [log.py:228] [log:log_response] [WARNING]- Not Found: /media/DeviceLNV/Device/2452.jpg
[2026-06-30 14:27:28,433] [log.py:228] [log:log_response] [WARNING]- Not Found: /media/DeviceLNV/Device/2514.jpg
[2026-06-30 14:27:28,434] [basehttp.py:154] [basehttp:log_message] [WARNING]- "GET /media/DeviceLNV/Device/2452.jpg HTTP/1.1" 404 1803
[2026-06-30 14:27:28,437] [basehttp.py:154] [basehttp:log_message] [WARNING]- "GET /media/DeviceLNV/Device/2514.jpg HTTP/1.1" 404 1803
[2026-06-30 14:27:28,452] [log.py:228] [log:log_response] [WARNING]- Not Found: /media/DeviceLNV/Device/2725.jpg
[2026-06-30 14:27:28,471] [basehttp.py:154] [basehttp:log_message] [WARNING]- "GET /media/DeviceLNV/Device/2725.jpg HTTP/1.1" 404 1803
[2026-06-30 14:27:28,473] [log.py:228] [log:log_response] [WARNING]- Not Found: /media/DeviceLNV/Device/2453.jpg
[2026-06-30 14:27:28,480] [basehttp.py:154] [basehttp:log_message] [WARNING]- "GET /media/DeviceLNV/Device/2453.jpg HTTP/1.1" 404 1803
[2026-06-30 14:27:28,510] [log.py:228] [log:log_response] [WARNING]- Not Found: /media/DeviceLNV/Device/3116.jpg
[2026-06-30 14:27:28,512] [basehttp.py:154] [basehttp:log_message] [WARNING]- "GET /media/DeviceLNV/Device/3116.jpg HTTP/1.1" 404 1803
[2026-06-30 14:27:28,528] [log.py:228] [log:log_response] [WARNING]- Not Found: /media/DeviceLNV/Device/3127.jpg
[2026-06-30 14:27:28,531] [basehttp.py:154] [basehttp:log_message] [WARNING]- "GET /media/DeviceLNV/Device/3127.jpg HTTP/1.1" 404 1803
[2026-06-30 14:27:28,537] [log.py:228] [log:log_response] [WARNING]- Not Found: /media/DeviceLNV/Device/2732.jpg
[2026-06-30 14:27:28,538] [basehttp.py:154] [basehttp:log_message] [WARNING]- "GET /media/DeviceLNV/Device/2732.jpg HTTP/1.1" 404 1803
[2026-06-30 14:27:28,548] [log.py:228] [log:log_response] [WARNING]- Not Found: /media/DeviceLNV/Device/3073.jpg
[2026-06-30 14:27:28,550] [basehttp.py:154] [basehttp:log_message] [WARNING]- "GET /media/DeviceLNV/Device/3073.jpg HTTP/1.1" 404 1803
[2026-06-30 14:27:30,634] [basehttp.py:154] [basehttp:log_message] [INFO]- "GET /DeviceLNV/M_Return/ HTTP/1.1" 200 61391
[2026-06-30 14:27:30,868] [UserIP.py:88] [UserIP:process_response] [INFO]- 2026-06-30 14:27:30: C1010S3/AnonymousUser/Cao.Edwin> None/EDWIN/bxbei > 127.0.0.1/127.0.0.1 > <WSGIRequest: POST '/DeviceLNV/M_Return/'>
[2026-06-30 14:27:30,889] [basehttp.py:154] [basehttp:log_message] [INFO]- "POST /DeviceLNV/M_Return/ HTTP/1.1" 200 24980
[2026-06-30 14:27:30,895] [basehttp.py:154] [basehttp:log_message] [INFO]- "GET /favicon.ico HTTP/1.1" 200 38099
[2026-06-30 14:27:31,177] [log.py:228] [log:log_response] [WARNING]- Not Found: /media/DeviceLNV/Device/1265.jpg
[2026-06-30 14:27:31,182] [basehttp.py:154] [basehttp:log_message] [WARNING]- "GET /media/DeviceLNV/Device/1265.jpg HTTP/1.1" 404 1803
[2026-06-30 14:27:31,186] [log.py:228] [log:log_response] [WARNING]- Not Found: /media/DeviceLNV/Device/1274.jpg
[2026-06-30 14:27:31,189] [basehttp.py:154] [basehttp:log_message] [WARNING]- "GET /media/DeviceLNV/Device/1274.jpg HTTP/1.1" 404 1803
[2026-06-30 14:27:31,202] [log.py:228] [log:log_response] [WARNING]- Not Found: /media/DeviceLNV/Device/2017.jpg
[2026-06-30 14:27:31,207] [log.py:228] [log:log_response] [WARNING]- Not Found: /media/DeviceLNV/Device/1190.jpg
[2026-06-30 14:27:31,207] [basehttp.py:154] [basehttp:log_message] [WARNING]- "GET /media/DeviceLNV/Device/2017.jpg HTTP/1.1" 404 1803
[2026-06-30 14:27:31,219] [basehttp.py:154] [basehttp:log_message] [WARNING]- "GET /media/DeviceLNV/Device/1190.jpg HTTP/1.1" 404 1803
[2026-06-30 14:27:31,221] [log.py:228] [log:log_response] [WARNING]- Not Found: /media/DeviceLNV/Device/1257.jpg
[2026-06-30 14:27:31,227] [basehttp.py:154] [basehttp:log_message] [WARNING]- "GET /media/DeviceLNV/Device/1257.jpg HTTP/1.1" 404 1803
[2026-06-30 14:27:31,239] [log.py:228] [log:log_response] [WARNING]- Not Found: /media/DeviceLNV/Device/616.jpg
[2026-06-30 14:27:31,244] [log.py:228] [log:log_response] [WARNING]- Not Found: /media/DeviceLNV/Device/949.jpg
[2026-06-30 14:27:31,246] [basehttp.py:154] [basehttp:log_message] [WARNING]- "GET /media/DeviceLNV/Device/949.jpg HTTP/1.1" 404 1800
[2026-06-30 14:27:31,248] [basehttp.py:154] [basehttp:log_message] [WARNING]- "GET /media/DeviceLNV/Device/616.jpg HTTP/1.1" 404 1800
[2026-06-30 14:27:31,258] [log.py:228] [log:log_response] [WARNING]- Not Found: /media/DeviceLNV/Device/1372.jpg
[2026-06-30 14:27:31,266] [basehttp.py:154] [basehttp:log_message] [WARNING]- "GET /media/DeviceLNV/Device/1372.jpg HTTP/1.1" 404 1803
[2026-06-30 14:27:31,284] [log.py:228] [log:log_response] [WARNING]- Not Found: /media/DeviceLNV/Device/371.jpg
[2026-06-30 14:27:31,293] [basehttp.py:154] [basehttp:log_message] [WARNING]- "GET /media/DeviceLNV/Device/371.jpg HTTP/1.1" 404 1800
[2026-06-30 14:27:31,300] [log.py:228] [log:log_response] [WARNING]- Not Found: /media/DeviceLNV/Device/2264.jpg
[2026-06-30 14:27:31,312] [log.py:228] [log:log_response] [WARNING]- Not Found: /media/DeviceLNV/Device/1058.jpg
[2026-06-30 14:27:31,320] [basehttp.py:154] [basehttp:log_message] [WARNING]- "GET /media/DeviceLNV/Device/2264.jpg HTTP/1.1" 404 1803
[2026-06-30 14:27:31,321] [basehttp.py:154] [basehttp:log_message] [WARNING]- "GET /media/DeviceLNV/Device/1058.jpg HTTP/1.1" 404 1803
[2026-06-30 14:27:31,328] [log.py:228] [log:log_response] [WARNING]- Not Found: /media/DeviceLNV/Device/1373.jpg
[2026-06-30 14:27:31,334] [log.py:228] [log:log_response] [WARNING]- Not Found: /media/DeviceLNV/Device/2042.jpg
[2026-06-30 14:27:31,340] [basehttp.py:154] [basehttp:log_message] [WARNING]- "GET /media/DeviceLNV/Device/1373.jpg HTTP/1.1" 404 1803
[2026-06-30 14:27:31,348] [log.py:228] [log:log_response] [WARNING]- Not Found: /media/DeviceLNV/Device/2177.jpg
[2026-06-30 14:27:31,348] [basehttp.py:154] [basehttp:log_message] [WARNING]- "GET /media/DeviceLNV/Device/2042.jpg HTTP/1.1" 404 1803
[2026-06-30 14:27:31,354] [basehttp.py:154] [basehttp:log_message] [WARNING]- "GET /media/DeviceLNV/Device/2177.jpg HTTP/1.1" 404 1803
[2026-06-30 14:27:31,368] [log.py:228] [log:log_response] [WARNING]- Not Found: /media/DeviceLNV/Device/1973.jpg
[2026-06-30 14:27:31,383] [basehttp.py:154] [basehttp:log_message] [WARNING]- "GET /media/DeviceLNV/Device/1973.jpg HTTP/1.1" 404 1803
[2026-06-30 14:27:31,389] [log.py:228] [log:log_response] [WARNING]- Not Found: /media/DeviceLNV/Device/1327.jpg
[2026-06-30 14:27:31,400] [basehttp.py:154] [basehttp:log_message] [WARNING]- "GET /media/DeviceLNV/Device/1327.jpg HTTP/1.1" 404 1803
[2026-06-30 14:27:31,415] [log.py:228] [log:log_response] [WARNING]- Not Found: /media/DeviceLNV/Device/1435.jpg
[2026-06-30 14:27:31,416] [log.py:228] [log:log_response] [WARNING]- Not Found: /media/DeviceLNV/Device/2412.jpg
[2026-06-30 14:27:31,423] [basehttp.py:154] [basehttp:log_message] [WARNING]- "GET /media/DeviceLNV/Device/1435.jpg HTTP/1.1" 404 1803
[2026-06-30 14:27:31,424] [log.py:228] [log:log_response] [WARNING]- Not Found: /media/DeviceLNV/Device/2511.jpg
[2026-06-30 14:27:31,424] [basehttp.py:154] [basehttp:log_message] [WARNING]- "GET /media/DeviceLNV/Device/2412.jpg HTTP/1.1" 404 1803
[2026-06-30 14:27:31,429] [log.py:228] [log:log_response] [WARNING]- Not Found: /media/DeviceLNV/Device/2851.jpg
[2026-06-30 14:27:31,431] [basehttp.py:154] [basehttp:log_message] [WARNING]- "GET /media/DeviceLNV/Device/2511.jpg HTTP/1.1" 404 1803
[2026-06-30 14:27:31,436] [basehttp.py:154] [basehttp:log_message] [WARNING]- "GET /media/DeviceLNV/Device/2851.jpg HTTP/1.1" 404 1803
[2026-06-30 14:27:31,453] [log.py:228] [log:log_response] [WARNING]- Not Found: /media/DeviceLNV/Device/2869.jpg
[2026-06-30 14:27:31,468] [basehttp.py:154] [basehttp:log_message] [WARNING]- "GET /media/DeviceLNV/Device/2869.jpg HTTP/1.1" 404 1803
[2026-06-30 14:27:31,475] [log.py:228] [log:log_response] [WARNING]- Not Found: /media/DeviceLNV/Device/2876.jpg
[2026-06-30 14:27:31,482] [basehttp.py:154] [basehttp:log_message] [WARNING]- "GET /media/DeviceLNV/Device/2876.jpg HTTP/1.1" 404 1803
[2026-06-30 14:27:31,489] [log.py:228] [log:log_response] [WARNING]- Not Found: /media/DeviceLNV/Device/3092.jpg
[2026-06-30 14:27:31,494] [basehttp.py:154] [basehttp:log_message] [WARNING]- "GET /media/DeviceLNV/Device/3092.jpg HTTP/1.1" 404 1803
[2026-06-30 14:27:31,496] [log.py:228] [log:log_response] [WARNING]- Not Found: /media/DeviceLNV/Device/3157.jpg
[2026-06-30 14:27:31,496] [basehttp.py:154] [basehttp:log_message] [WARNING]- "GET /media/DeviceLNV/Device/3157.jpg HTTP/1.1" 404 1803
[2026-06-30 14:27:31,505] [log.py:228] [log:log_response] [WARNING]- Not Found: /media/DeviceLNV/Device/3204.jpg
[2026-06-30 14:27:31,505] [basehttp.py:154] [basehttp:log_message] [WARNING]- "GET /media/DeviceLNV/Device/3204.jpg HTTP/1.1" 404 1803
[2026-06-30 14:27:31,512] [log.py:228] [log:log_response] [WARNING]- Not Found: /media/DeviceLNV/Device/3203.jpg
[2026-06-30 14:27:31,515] [basehttp.py:154] [basehttp:log_message] [WARNING]- "GET /media/DeviceLNV/Device/3203.jpg HTTP/1.1" 404 1803
[2026-06-30 14:27:36,016] [basehttp.py:154] [basehttp:log_message] [INFO]- "GET /DeviceLNV/M_Borrow/ HTTP/1.1" 200 64115
[2026-06-30 14:27:36,255] [basehttp.py:154] [basehttp:log_message] [INFO]- "GET /favicon.ico HTTP/1.1" 200 38099
[2026-06-30 14:27:36,269] [UserIP.py:88] [UserIP:process_response] [INFO]- 2026-06-30 14:27:36: C1010S3/AnonymousUser/Cao.Edwin> None/EDWIN/bxbei > 127.0.0.1/127.0.0.1 > <WSGIRequest: POST '/DeviceLNV/M_Borrow/'>
[2026-06-30 14:27:36,290] [basehttp.py:154] [basehttp:log_message] [INFO]- "POST /DeviceLNV/M_Borrow/ HTTP/1.1" 200 1035
[2026-06-30 14:27:36,352] [log.py:228] [log:log_response] [WARNING]- Not Found: /media/DeviceLNV/Device/1916.jpg
[2026-06-30 14:27:36,353] [basehttp.py:154] [basehttp:log_message] [WARNING]- "GET /media/DeviceLNV/Device/1916.jpg HTTP/1.1" 404 1803
[2026-06-30 14:27:39,946] [basehttp.py:154] [basehttp:log_message] [INFO]- "GET /DeviceLNV/M_Return/ HTTP/1.1" 200 61391
[2026-06-30 14:27:40,128] [UserIP.py:88] [UserIP:process_response] [INFO]- 2026-06-30 14:27:40: C1010S3/AnonymousUser/Cao.Edwin> None/EDWIN/bxbei > 127.0.0.1/127.0.0.1 > <WSGIRequest: POST '/DeviceLNV/M_Return/'>
[2026-06-30 14:27:40,146] [basehttp.py:154] [basehttp:log_message] [INFO]- "POST /DeviceLNV/M_Return/ HTTP/1.1" 200 24980
[2026-06-30 14:27:40,155] [basehttp.py:154] [basehttp:log_message] [INFO]- "GET /favicon.ico HTTP/1.1" 200 38099
[2026-06-30 14:27:40,311] [log.py:228] [log:log_response] [WARNING]- Not Found: /media/DeviceLNV/Device/1274.jpg
[2026-06-30 14:27:40,316] [basehttp.py:154] [basehttp:log_message] [WARNING]- "GET /media/DeviceLNV/Device/1274.jpg HTTP/1.1" 404 1803
[2026-06-30 14:27:40,321] [log.py:228] [log:log_response] [WARNING]- Not Found: /media/DeviceLNV/Device/1257.jpg
[2026-06-30 14:27:40,326] [log.py:228] [log:log_response] [WARNING]- Not Found: /media/DeviceLNV/Device/1190.jpg
[2026-06-30 14:27:40,327] [basehttp.py:154] [basehttp:log_message] [WARNING]- "GET /media/DeviceLNV/Device/1257.jpg HTTP/1.1" 404 1803
[2026-06-30 14:27:40,333] [basehttp.py:154] [basehttp:log_message] [WARNING]- "GET /media/DeviceLNV/Device/1190.jpg HTTP/1.1" 404 1803
[2026-06-30 14:27:40,336] [log.py:228] [log:log_response] [WARNING]- Not Found: /media/DeviceLNV/Device/2017.jpg
[2026-06-30 14:27:40,343] [log.py:228] [log:log_response] [WARNING]- Not Found: /media/DeviceLNV/Device/616.jpg
[2026-06-30 14:27:40,352] [basehttp.py:154] [basehttp:log_message] [WARNING]- "GET /media/DeviceLNV/Device/2017.jpg HTTP/1.1" 404 1803
[2026-06-30 14:27:40,352] [log.py:228] [log:log_response] [WARNING]- Not Found: /media/DeviceLNV/Device/1265.jpg
[2026-06-30 14:27:40,353] [basehttp.py:154] [basehttp:log_message] [WARNING]- "GET /media/DeviceLNV/Device/616.jpg HTTP/1.1" 404 1800
[2026-06-30 14:27:40,360] [basehttp.py:154] [basehttp:log_message] [WARNING]- "GET /media/DeviceLNV/Device/1265.jpg HTTP/1.1" 404 1803
[2026-06-30 14:27:40,372] [log.py:228] [log:log_response] [WARNING]- Not Found: /media/DeviceLNV/Device/949.jpg
[2026-06-30 14:27:40,380] [basehttp.py:154] [basehttp:log_message] [WARNING]- "GET /media/DeviceLNV/Device/949.jpg HTTP/1.1" 404 1800
[2026-06-30 14:27:40,399] [log.py:228] [log:log_response] [WARNING]- Not Found: /media/DeviceLNV/Device/371.jpg
[2026-06-30 14:27:40,403] [log.py:228] [log:log_response] [WARNING]- Not Found: /media/DeviceLNV/Device/1372.jpg
[2026-06-30 14:27:40,404] [basehttp.py:154] [basehttp:log_message] [WARNING]- "GET /media/DeviceLNV/Device/371.jpg HTTP/1.1" 404 1800
[2026-06-30 14:27:40,413] [log.py:228] [log:log_response] [WARNING]- Not Found: /media/DeviceLNV/Device/2264.jpg
[2026-06-30 14:27:40,414] [basehttp.py:154] [basehttp:log_message] [WARNING]- "GET /media/DeviceLNV/Device/1372.jpg HTTP/1.1" 404 1803
[2026-06-30 14:27:40,427] [basehttp.py:154] [basehttp:log_message] [WARNING]- "GET /media/DeviceLNV/Device/2264.jpg HTTP/1.1" 404 1803
[2026-06-30 14:27:40,434] [log.py:228] [log:log_response] [WARNING]- Not Found: /media/DeviceLNV/Device/1058.jpg
[2026-06-30 14:27:40,452] [basehttp.py:154] [basehttp:log_message] [WARNING]- "GET /media/DeviceLNV/Device/1058.jpg HTTP/1.1" 404 1803
[2026-06-30 14:27:40,452] [log.py:228] [log:log_response] [WARNING]- Not Found: /media/DeviceLNV/Device/1373.jpg
[2026-06-30 14:27:40,459] [basehttp.py:154] [basehttp:log_message] [WARNING]- "GET /media/DeviceLNV/Device/1373.jpg HTTP/1.1" 404 1803
[2026-06-30 14:27:40,459] [log.py:228] [log:log_response] [WARNING]- Not Found: /media/DeviceLNV/Device/2042.jpg
[2026-06-30 14:27:40,472] [basehttp.py:154] [basehttp:log_message] [WARNING]- "GET /media/DeviceLNV/Device/2042.jpg HTTP/1.1" 404 1803
[2026-06-30 14:27:40,479] [log.py:228] [log:log_response] [WARNING]- Not Found: /media/DeviceLNV/Device/2177.jpg
[2026-06-30 14:27:40,492] [basehttp.py:154] [basehttp:log_message] [WARNING]- "GET /media/DeviceLNV/Device/2177.jpg HTTP/1.1" 404 1803
[2026-06-30 14:27:40,492] [log.py:228] [log:log_response] [WARNING]- Not Found: /media/DeviceLNV/Device/1973.jpg
[2026-06-30 14:27:40,496] [log.py:228] [log:log_response] [WARNING]- Not Found: /media/DeviceLNV/Device/1327.jpg
[2026-06-30 14:27:40,500] [basehttp.py:154] [basehttp:log_message] [WARNING]- "GET /media/DeviceLNV/Device/1973.jpg HTTP/1.1" 404 1803
[2026-06-30 14:27:40,504] [basehttp.py:154] [basehttp:log_message] [WARNING]- "GET /media/DeviceLNV/Device/1327.jpg HTTP/1.1" 404 1803
[2026-06-30 14:27:40,516] [log.py:228] [log:log_response] [WARNING]- Not Found: /media/DeviceLNV/Device/1435.jpg
[2026-06-30 14:27:40,524] [basehttp.py:154] [basehttp:log_message] [WARNING]- "GET /media/DeviceLNV/Device/1435.jpg HTTP/1.1" 404 1803
[2026-06-30 14:27:40,538] [log.py:228] [log:log_response] [WARNING]- Not Found: /media/DeviceLNV/Device/2511.jpg
[2026-06-30 14:27:40,541] [log.py:228] [log:log_response] [WARNING]- Not Found: /media/DeviceLNV/Device/2412.jpg
[2026-06-30 14:27:40,544] [basehttp.py:154] [basehttp:log_message] [WARNING]- "GET /media/DeviceLNV/Device/2511.jpg HTTP/1.1" 404 1803
[2026-06-30 14:27:40,549] [basehttp.py:154] [basehttp:log_message] [WARNING]- "GET /media/DeviceLNV/Device/2412.jpg HTTP/1.1" 404 1803
[2026-06-30 14:27:40,561] [log.py:228] [log:log_response] [WARNING]- Not Found: /media/DeviceLNV/Device/2851.jpg
[2026-06-30 14:27:40,576] [basehttp.py:154] [basehttp:log_message] [WARNING]- "GET /media/DeviceLNV/Device/2851.jpg HTTP/1.1" 404 1803
[2026-06-30 14:27:40,580] [log.py:228] [log:log_response] [WARNING]- Not Found: /media/DeviceLNV/Device/2869.jpg
[2026-06-30 14:27:40,588] [basehttp.py:154] [basehttp:log_message] [WARNING]- "GET /media/DeviceLNV/Device/2869.jpg HTTP/1.1" 404 1803
[2026-06-30 14:27:40,589] [log.py:228] [log:log_response] [WARNING]- Not Found: /media/DeviceLNV/Device/2876.jpg
[2026-06-30 14:27:40,596] [basehttp.py:154] [basehttp:log_message] [WARNING]- "GET /media/DeviceLNV/Device/2876.jpg HTTP/1.1" 404 1803
[2026-06-30 14:27:40,600] [log.py:228] [log:log_response] [WARNING]- Not Found: /media/DeviceLNV/Device/3092.jpg
[2026-06-30 14:27:40,605] [basehttp.py:154] [basehttp:log_message] [WARNING]- "GET /media/DeviceLNV/Device/3092.jpg HTTP/1.1" 404 1803
[2026-06-30 14:27:40,607] [log.py:228] [log:log_response] [WARNING]- Not Found: /media/DeviceLNV/Device/3203.jpg
[2026-06-30 14:27:40,608] [basehttp.py:154] [basehttp:log_message] [WARNING]- "GET /media/DeviceLNV/Device/3203.jpg HTTP/1.1" 404 1803
[2026-06-30 14:27:40,612] [log.py:228] [log:log_response] [WARNING]- Not Found: /media/DeviceLNV/Device/3157.jpg
[2026-06-30 14:27:40,613] [basehttp.py:154] [basehttp:log_message] [WARNING]- "GET /media/DeviceLNV/Device/3157.jpg HTTP/1.1" 404 1803
[2026-06-30 14:27:40,617] [log.py:228] [log:log_response] [WARNING]- Not Found: /media/DeviceLNV/Device/3204.jpg
[2026-06-30 14:27:40,619] [basehttp.py:154] [basehttp:log_message] [WARNING]- "GET /media/DeviceLNV/Device/3204.jpg HTTP/1.1" 404 1803
