[2024-08-07 14:01:25,654] [basehttp.py:154] [basehttp:log_message] [INFO]- "GET / HTTP/1.1" 302 0
[2024-08-07 14:01:25,662] [basehttp.py:154] [basehttp:log_message] [INFO]- "GET /login/ HTTP/1.1" 200 4823
[2024-08-07 14:01:25,685] [basehttp.py:154] [basehttp:log_message] [INFO]- "GET /static/vendor/fontawesome-free/css/all.min.css HTTP/1.1" 200 54645
[2024-08-07 14:01:25,691] [basehttp.py:154] [basehttp:log_message] [INFO]- "GET /static/css/test1.css HTTP/1.1" 200 29532
[2024-08-07 14:01:25,692] [basehttp.py:154] [basehttp:log_message] [INFO]- "GET /static/css/sb-admin.css HTTP/1.1" 200 225559
[2024-08-07 14:01:25,694] [basehttp.py:154] [basehttp:log_message] [INFO]- "GET /static/vendor/jquery/jquery.min.js HTTP/1.1" 200 86929
[2024-08-07 14:01:25,695] [basehttp.py:154] [basehttp:log_message] [INFO]- "GET /static/vendor/jquery-easing/jquery.easing.min.js HTTP/1.1" 200 2532
[2024-08-07 14:01:25,695] [basehttp.py:154] [basehttp:log_message] [INFO]- "GET /static/css/bootstrap.min.css HTTP/1.1" 200 144883
[2024-08-07 14:01:25,696] [basehttp.py:154] [basehttp:log_message] [INFO]- "GET /static/vendor/bootstrap/js/bootstrap.bundle.min.js HTTP/1.1" 200 76314
[2024-08-07 14:01:25,736] [basehttp.py:154] [basehttp:log_message] [INFO]- "GET /static/src/yellow.jpg HTTP/1.1" 200 81394
[2024-08-07 14:01:25,848] [basehttp.py:154] [basehttp:log_message] [INFO]- "GET /favicon.ico HTTP/1.1" 302 0
[2024-08-07 14:01:25,855] [basehttp.py:154] [basehttp:log_message] [INFO]- "GET /login/ HTTP/1.1" 200 4823
[2024-08-07 14:01:27,791] [UserIP.py:89] [UserIP:process_response] [CRITICAL]- 系统错误Expecting value: line 1 column 1 (char 0)
[2024-08-07 14:01:27,821] [basehttp.py:154] [basehttp:log_message] [INFO]- "POST /login/ HTTP/1.1" 302 0
[2024-08-07 14:01:27,853] [basehttp.py:154] [basehttp:log_message] [INFO]- "GET /login/ HTTP/1.1" 302 0
[2024-08-07 14:01:27,951] [basehttp.py:154] [basehttp:log_message] [INFO]- "GET /index/ HTTP/1.1" 200 32599
[2024-08-07 14:01:28,993] [UserIP.py:87] [UserIP:process_response] [INFO]- 2024-08-07 14:01:28 C1010S3>Cao.Edwin None>EDWIN>bxbei 127.0.0.1 127.0.0.1 /index/ POST
[2024-08-07 14:01:29,003] [basehttp.py:154] [basehttp:log_message] [INFO]- "GET /favicon.ico HTTP/1.1" 200 23522
[2024-08-07 14:01:29,008] [basehttp.py:154] [basehttp:log_message] [INFO]- "POST /index/ HTTP/1.1" 200 1638
[2024-08-07 14:01:29,095] [log.py:228] [log:log_response] [WARNING]- Not Found: /media/img/UserInfo/Jully_Li.jpg
[2024-08-07 14:01:29,096] [basehttp.py:154] [basehttp:log_message] [WARNING]- "GET /media/img/UserInfo/Jully_Li.jpg HTTP/1.1" 404 1803
[2024-08-07 14:01:36,139] [basehttp.py:154] [basehttp:log_message] [INFO]- "GET /admin/ HTTP/1.1" 302 0
[2024-08-07 14:01:36,204] [basehttp.py:154] [basehttp:log_message] [INFO]- "GET /admin/login/?next=/admin/ HTTP/1.1" 200 4026
[2024-08-07 14:01:36,218] [basehttp.py:154] [basehttp:log_message] [INFO]- "GET /static/admin/simpleui-x/css/login.css?_=2.1 HTTP/1.1" 200 500
[2024-08-07 14:01:36,220] [basehttp.py:154] [basehttp:log_message] [INFO]- "GET /static/admin/simpleui-x/fontawesome-free-5.8.1-web/css/all.min.css HTTP/1.1" 200 55111
[2024-08-07 14:01:36,222] [basehttp.py:154] [basehttp:log_message] [INFO]- "GET /static/admin/simpleui-x/js/vue.min.js?_=2022.4.9 HTTP/1.1" 200 93675
[2024-08-07 14:01:36,222] [basehttp.py:154] [basehttp:log_message] [INFO]- "GET /static/admin/simpleui-x/img/logo.png HTTP/1.1" 200 115997
[2024-08-07 14:01:36,225] [basehttp.py:154] [basehttp:log_message] [INFO]- "GET /static/admin/simpleui-x/img/bg.svg HTTP/1.1" 200 9547
[2024-08-07 14:01:36,226] [basehttp.py:154] [basehttp:log_message] [INFO]- "GET /static/admin/simpleui-x/elementui/theme-chalk/index.css HTTP/1.1" 200 238628
[2024-08-07 14:01:36,228] [basehttp.py:154] [basehttp:log_message] [INFO]- "GET /static/admin/simpleui-x/js/login.js?_=3.3 HTTP/1.1" 200 669
[2024-08-07 14:01:36,232] [basehttp.py:154] [basehttp:log_message] [INFO]- "GET /static/admin/simpleui-x/particles/particles.js HTTP/1.1" 200 51264
[2024-08-07 14:01:36,233] [basehttp.py:154] [basehttp:log_message] [INFO]- "GET /static/admin/simpleui-x/particles/app.js HTTP/1.1" 200 3728
[2024-08-07 14:01:36,236] [basehttp.py:154] [basehttp:log_message] [INFO]- "GET /static/admin/simpleui-x/elementui/index.js?_=2022.4.9 HTTP/1.1" 200 586253
[2024-08-07 14:01:36,308] [basehttp.py:154] [basehttp:log_message] [INFO]- "GET /static/admin/simpleui-x/fontawesome-free-5.8.1-web/webfonts/fa-solid-900.woff2 HTTP/1.1" 200 74256
[2024-08-07 14:01:36,353] [basehttp.py:154] [basehttp:log_message] [INFO]- "GET /favicon.ico HTTP/1.1" 200 23522
[2024-08-07 14:01:37,677] [basehttp.py:154] [basehttp:log_message] [INFO]- "GET /static/admin/simpleui-x/elementui/theme-chalk/fonts/element-icons.woff HTTP/1.1" 200 28200
[2024-08-07 14:01:40,580] [UserIP.py:89] [UserIP:process_response] [CRITICAL]- 系统错误Expecting value: line 1 column 1 (char 0)
[2024-08-07 14:01:40,587] [basehttp.py:154] [basehttp:log_message] [INFO]- "POST /admin/login/?next=/admin/ HTTP/1.1" 302 0
[2024-08-07 14:01:41,666] [basehttp.py:154] [basehttp:log_message] [INFO]- "GET /admin/ HTTP/1.1" 200 36795
[2024-08-07 14:01:41,682] [basehttp.py:154] [basehttp:log_message] [INFO]- "GET /static/admin/simpleui-x/css/index.css?_=3.2 HTTP/1.1" 200 6608
[2024-08-07 14:01:41,682] [basehttp.py:154] [basehttp:log_message] [INFO]- "GET /static/admin/simpleui-x/waves/waves.min.css?_=2.1 HTTP/1.1" 200 3861
[2024-08-07 14:01:41,682] [basehttp.py:154] [basehttp:log_message] [INFO]- "GET /static/admin/simpleui-x/automatic/dicts.js?_=2022.4.9 HTTP/1.1" 200 6292
[2024-08-07 14:01:41,684] [basehttp.py:154] [basehttp:log_message] [INFO]- "GET /static/admin/simpleui-x/automatic/segment.js?_=2022.4.9 HTTP/1.1" 200 1186
[2024-08-07 14:01:41,685] [basehttp.py:154] [basehttp:log_message] [INFO]- "GET /static/admin/simpleui-x/locale/en-us.js?_=2022.4.9 HTTP/1.1" 200 811
[2024-08-07 14:01:41,685] [basehttp.py:154] [basehttp:log_message] [INFO]- "GET /static/admin/simpleui-x/locale/zh-hans.js?_=2022.4.9 HTTP/1.1" 200 1254
[2024-08-07 14:01:41,692] [basehttp.py:154] [basehttp:log_message] [INFO]- "GET /static/admin/simpleui-x/theme/theme.js?_=2022.4.9 HTTP/1.1" 200 4274
[2024-08-07 14:01:41,693] [basehttp.py:154] [basehttp:log_message] [INFO]- "GET /static/admin/simpleui-x/js/cookie.js?_=2022.4.9 HTTP/1.1" 200 524
[2024-08-07 14:01:41,693] [basehttp.py:154] [basehttp:log_message] [INFO]- "GET /static/admin/simpleui-x/waves/waves.min.js?_=2022.4.9 HTTP/1.1" 200 6329
[2024-08-07 14:01:41,696] [basehttp.py:154] [basehttp:log_message] [INFO]- "GET /static/admin/simpleui-x/js/menu.js?_=2022.4.9 HTTP/1.1" 200 1189
[2024-08-07 14:01:41,696] [basehttp.py:154] [basehttp:log_message] [INFO]- "GET /static/admin/simpleui-x/js/index.js?_=2022.4.9 HTTP/1.1" 200 21291
[2024-08-07 14:01:41,790] [basehttp.py:154] [basehttp:log_message] [INFO]- "GET /static/admin/simpleui-x/fontawesome-free-5.8.1-web/webfonts/fa-regular-400.woff2 HTTP/1.1" 200 13552
[2024-08-07 14:01:41,791] [basehttp.py:154] [basehttp:log_message] [INFO]- "GET /static/admin/simpleui-x/fontawesome-free-5.8.1-web/webfonts/fa-brands-400.woff2 HTTP/1.1" 200 74768
[2024-08-07 14:01:41,857] [basehttp.py:154] [basehttp:log_message] [INFO]- "GET /favicon.ico HTTP/1.1" 200 23522
[2024-08-07 14:01:45,468] [basehttp.py:154] [basehttp:log_message] [INFO]- "GET /favicon.ico HTTP/1.1" 200 23522
[2024-08-07 14:01:46,650] [basehttp.py:154] [basehttp:log_message] [INFO]- "GET /favicon.ico HTTP/1.1" 200 23522
[2024-08-07 14:01:46,865] [basehttp.py:154] [basehttp:log_message] [INFO]- "GET /admin/app01/role/ HTTP/1.1" 200 39122
[2024-08-07 14:01:46,878] [basehttp.py:154] [basehttp:log_message] [INFO]- "GET /static/admin/simpleui-x/js/language.js?_=2.1.2 HTTP/1.1" 200 189
[2024-08-07 14:01:46,879] [basehttp.py:154] [basehttp:log_message] [INFO]- "GET /static/admin/css/base.css?_=2.7 HTTP/1.1" 200 17208
[2024-08-07 14:01:46,879] [basehttp.py:154] [basehttp:log_message] [INFO]- "GET /static/admin/simpleui-x/theme/simpleui.css HTTP/1.1" 200 4270
[2024-08-07 14:01:46,880] [basehttp.py:154] [basehttp:log_message] [INFO]- "GET /static/admin/simpleui-x/locale/en-us.js?_=2.1.2 HTTP/1.1" 200 811
[2024-08-07 14:01:46,881] [basehttp.py:154] [basehttp:log_message] [INFO]- "GET /static/admin/simpleui-x/css/base.css?_=2.7 HTTP/1.1" 200 4160
[2024-08-07 14:01:46,890] [basehttp.py:154] [basehttp:log_message] [INFO]- "GET /static/admin/css/changelists.css?_=20180905 HTTP/1.1" 200 6514
[2024-08-07 14:01:46,890] [basehttp.py:154] [basehttp:log_message] [INFO]- "GET /static/admin/css/fonts.css HTTP/1.1" 200 443
[2024-08-07 14:01:46,890] [basehttp.py:154] [basehttp:log_message] [INFO]- "GET /static/admin/css/responsive.css?_=20180905 HTTP/1.1" 200 18970
[2024-08-07 14:01:46,891] [basehttp.py:154] [basehttp:log_message] [INFO]- "GET /static/admin/simpleui-x/locale/zh-hans.js HTTP/1.1" 200 1254
[2024-08-07 14:01:46,894] [basehttp.py:154] [basehttp:log_message] [INFO]- "GET /static/admin/simpleui-x/js/cookie.js HTTP/1.1" 200 524
[2024-08-07 14:01:46,902] [basehttp.py:154] [basehttp:log_message] [INFO]- "GET /static/admin/js/jquery.init.js HTTP/1.1" 200 371
[2024-08-07 14:01:46,907] [basehttp.py:154] [basehttp:log_message] [INFO]- "GET /static/admin/js/core.js HTTP/1.1" 200 7347
[2024-08-07 14:01:46,907] [basehttp.py:154] [basehttp:log_message] [INFO]- "GET /static/admin/js/admin/RelatedObjectLookups.js HTTP/1.1" 200 7099
[2024-08-07 14:01:46,913] [basehttp.py:154] [basehttp:log_message] [INFO]- "GET /static/admin/js/actions.js HTTP/1.1" 200 6691
[2024-08-07 14:01:46,919] [basehttp.py:154] [basehttp:log_message] [INFO]- "GET /static/admin/js/prepopulate.js HTTP/1.1" 200 1572
[2024-08-07 14:01:46,922] [basehttp.py:154] [basehttp:log_message] [INFO]- "GET /static/admin/js/urlify.js HTTP/1.1" 200 9167
[2024-08-07 14:01:46,927] [basehttp.py:154] [basehttp:log_message] [INFO]- "GET /static/admin/js/vendor/xregexp/xregexp.js HTTP/1.1" 200 131128
[2024-08-07 14:01:46,929] [basehttp.py:154] [basehttp:log_message] [INFO]- "GET /static/admin/js/vendor/jquery/jquery.js HTTP/1.1" 200 282115
[2024-08-07 14:01:46,934] [basehttp.py:154] [basehttp:log_message] [INFO]- "GET /admin/jsi18n/ HTTP/1.1" 200 7684
[2024-08-07 14:01:46,935] [basehttp.py:154] [basehttp:log_message] [INFO]- "GET /static/admin/simpleui-x/automatic/dicts.js HTTP/1.1" 200 6292
[2024-08-07 14:01:46,935] [basehttp.py:154] [basehttp:log_message] [INFO]- "GET /static/admin/js/vendor/jquery/jquery.min.js HTTP/1.1" 200 86929
[2024-08-07 14:01:46,937] [basehttp.py:154] [basehttp:log_message] [INFO]- "GET /static/admin/simpleui-x/automatic/segment.js HTTP/1.1" 200 1186
[2024-08-07 14:01:46,939] [basehttp.py:154] [basehttp:log_message] [INFO]- "GET /static/admin/simpleui-x/js/axios.min.js HTTP/1.1" 200 14237
[2024-08-07 14:01:46,973] [basehttp.py:154] [basehttp:log_message] [INFO]- "GET /static/admin/fonts/Roboto-Regular-webfont.woff HTTP/1.1" 200 80304
[2024-08-07 14:01:46,985] [basehttp.py:154] [basehttp:log_message] [INFO]- "GET /static/admin/img/sorting-icons.svg HTTP/1.1" 200 1116
[2024-08-07 14:01:46,990] [basehttp.py:154] [basehttp:log_message] [INFO]- "GET /static/admin/fonts/Roboto-Light-webfont.woff HTTP/1.1" 200 81348
[2024-08-07 14:01:46,990] [basehttp.py:154] [basehttp:log_message] [INFO]- "GET /static/admin/fonts/Roboto-Bold-webfont.woff HTTP/1.1" 200 82564
[2024-08-07 14:01:47,496] [basehttp.py:154] [basehttp:log_message] [INFO]- "GET /admin/app01/userinfo/ HTTP/1.1" 200 486605
[2024-08-07 14:01:47,532] [basehttp.py:154] [basehttp:log_message] [INFO]- "GET /admin/jsi18n/ HTTP/1.1" 200 7684
[2024-08-07 14:04:37,710] [basehttp.py:154] [basehttp:log_message] [INFO]- "GET /admin/ HTTP/1.1" 200 36795
[2024-08-07 14:04:38,393] [basehttp.py:154] [basehttp:log_message] [INFO]- "GET /admin/app01/role/ HTTP/1.1" 200 62336
[2024-08-07 14:04:38,462] [basehttp.py:154] [basehttp:log_message] [INFO]- "GET /admin/jsi18n/ HTTP/1.1" 200 7684
[2024-08-07 14:04:38,586] [basehttp.py:154] [basehttp:log_message] [INFO]- "GET /favicon.ico HTTP/1.1" 200 23522
