[2026-07-07 16:06:09,663] [UserIP.py:90] [UserIP:process_response] [CRITICAL]- 系统错误Expecting value: line 1 column 1 (char 0)
[2026-07-07 16:06:18,301] [log.py:228] [log:log_response] [ERROR]- Internal Server Error: /TestDeviceLNV/device-demand-week/
Traceback (most recent call last):
  File "C:\Python372\mecheck\lib\site-packages\django\core\cache\__init__.py", line 50, in _create_cache
    backend_cls = import_string(backend)
  File "C:\Python372\mecheck\lib\site-packages\django\utils\module_loading.py", line 17, in import_string
    module = import_module(module_path)
  File "C:\Python372\lib\importlib\__init__.py", line 127, in import_module
    return _bootstrap._gcd_import(name[level:], package, level)
  File "<frozen importlib._bootstrap>", line 1006, in _gcd_import
  File "<frozen importlib._bootstrap>", line 983, in _find_and_load
  File "<frozen importlib._bootstrap>", line 953, in _find_and_load_unlocked
  File "<frozen importlib._bootstrap>", line 219, in _call_with_frames_removed
  File "<frozen importlib._bootstrap>", line 1006, in _gcd_import
  File "<frozen importlib._bootstrap>", line 983, in _find_and_load
  File "<frozen importlib._bootstrap>", line 965, in _find_and_load_unlocked
ModuleNotFoundError: No module named 'django_redis'

During handling of the above exception, another exception occurred:

Traceback (most recent call last):
  File "C:\Python372\mecheck\lib\site-packages\django\core\handlers\exception.py", line 34, in inner
    response = get_response(request)
  File "C:\Python372\mecheck\lib\site-packages\django\core\handlers\base.py", line 126, in _get_response
    response = self.process_exception_by_middleware(e, request)
  File "C:\Python372\mecheck\lib\site-packages\django\core\handlers\base.py", line 124, in _get_response
    response = wrapped_callback(request, *callback_args, **callback_kwargs)
  File "C:\Python372\mecheck\lib\site-packages\django\views\decorators\csrf.py", line 54, in wrapped_view
    return view_func(*args, **kwargs)
  File "C:\djangoproject\DMS\TestDeviceLNV\views.py", line 987, in device_demand_week_view
    cached_result = cache.get(cache_key)
  File "C:\Python372\mecheck\lib\site-packages\django\core\cache\__init__.py", line 98, in __getattr__
    return getattr(caches[DEFAULT_CACHE_ALIAS], name)
  File "C:\Python372\mecheck\lib\site-packages\django\core\cache\__init__.py", line 79, in __getitem__
    cache = _create_cache(alias)
  File "C:\Python372\mecheck\lib\site-packages\django\core\cache\__init__.py", line 53, in _create_cache
    "Could not find backend '%s': %s" % (backend, e))
django.core.cache.backends.base.InvalidCacheBackendError: Could not find backend 'django_redis.cache.RedisCache': No module named 'django_redis'
[2026-07-07 16:06:18,338] [basehttp.py:154] [basehttp:log_message] [ERROR]- "GET /TestDeviceLNV/device-demand-week/ HTTP/1.1" 500 126805
[2026-07-07 16:06:30,427] [log.py:228] [log:log_response] [ERROR]- Internal Server Error: /TestDeviceLNV/device-demand-week/
Traceback (most recent call last):
  File "C:\Python372\mecheck\lib\site-packages\django\core\cache\__init__.py", line 50, in _create_cache
    backend_cls = import_string(backend)
  File "C:\Python372\mecheck\lib\site-packages\django\utils\module_loading.py", line 17, in import_string
    module = import_module(module_path)
  File "C:\Python372\lib\importlib\__init__.py", line 127, in import_module
    return _bootstrap._gcd_import(name[level:], package, level)
  File "<frozen importlib._bootstrap>", line 1006, in _gcd_import
  File "<frozen importlib._bootstrap>", line 983, in _find_and_load
  File "<frozen importlib._bootstrap>", line 953, in _find_and_load_unlocked
  File "<frozen importlib._bootstrap>", line 219, in _call_with_frames_removed
  File "<frozen importlib._bootstrap>", line 1006, in _gcd_import
  File "<frozen importlib._bootstrap>", line 983, in _find_and_load
  File "<frozen importlib._bootstrap>", line 965, in _find_and_load_unlocked
ModuleNotFoundError: No module named 'django_redis'

During handling of the above exception, another exception occurred:

Traceback (most recent call last):
  File "C:\Python372\mecheck\lib\site-packages\django\core\handlers\exception.py", line 34, in inner
    response = get_response(request)
  File "C:\Python372\mecheck\lib\site-packages\django\core\handlers\base.py", line 126, in _get_response
    response = self.process_exception_by_middleware(e, request)
  File "C:\Python372\mecheck\lib\site-packages\django\core\handlers\base.py", line 124, in _get_response
    response = wrapped_callback(request, *callback_args, **callback_kwargs)
  File "C:\Python372\mecheck\lib\site-packages\django\views\decorators\csrf.py", line 54, in wrapped_view
    return view_func(*args, **kwargs)
  File "C:\djangoproject\DMS\TestDeviceLNV\views.py", line 987, in device_demand_week_view
    cached_result = cache.get(cache_key)
  File "C:\Python372\mecheck\lib\site-packages\django\core\cache\__init__.py", line 98, in __getattr__
    return getattr(caches[DEFAULT_CACHE_ALIAS], name)
  File "C:\Python372\mecheck\lib\site-packages\django\core\cache\__init__.py", line 79, in __getitem__
    cache = _create_cache(alias)
  File "C:\Python372\mecheck\lib\site-packages\django\core\cache\__init__.py", line 53, in _create_cache
    "Could not find backend '%s': %s" % (backend, e))
django.core.cache.backends.base.InvalidCacheBackendError: Could not find backend 'django_redis.cache.RedisCache': No module named 'django_redis'
[2026-07-07 16:06:30,445] [basehttp.py:154] [basehttp:log_message] [ERROR]- "GET /TestDeviceLNV/device-demand-week/ HTTP/1.1" 500 126371
[2026-07-07 16:06:34,792] [UserIP.py:90] [UserIP:process_response] [CRITICAL]- 系统错误Expecting value: line 1 column 1 (char 0)
[2026-07-07 16:06:34,900] [log.py:228] [log:log_response] [ERROR]- Internal Server Error: /TestDeviceLNV/device-demand-week/
Traceback (most recent call last):
  File "C:\Python372\mecheck\lib\site-packages\django\core\cache\__init__.py", line 50, in _create_cache
    backend_cls = import_string(backend)
  File "C:\Python372\mecheck\lib\site-packages\django\utils\module_loading.py", line 17, in import_string
    module = import_module(module_path)
  File "C:\Python372\lib\importlib\__init__.py", line 127, in import_module
    return _bootstrap._gcd_import(name[level:], package, level)
  File "<frozen importlib._bootstrap>", line 1006, in _gcd_import
  File "<frozen importlib._bootstrap>", line 983, in _find_and_load
  File "<frozen importlib._bootstrap>", line 953, in _find_and_load_unlocked
  File "<frozen importlib._bootstrap>", line 219, in _call_with_frames_removed
  File "<frozen importlib._bootstrap>", line 1006, in _gcd_import
  File "<frozen importlib._bootstrap>", line 983, in _find_and_load
  File "<frozen importlib._bootstrap>", line 965, in _find_and_load_unlocked
ModuleNotFoundError: No module named 'django_redis'

During handling of the above exception, another exception occurred:

Traceback (most recent call last):
  File "C:\Python372\mecheck\lib\site-packages\django\core\handlers\exception.py", line 34, in inner
    response = get_response(request)
  File "C:\Python372\mecheck\lib\site-packages\django\core\handlers\base.py", line 126, in _get_response
    response = self.process_exception_by_middleware(e, request)
  File "C:\Python372\mecheck\lib\site-packages\django\core\handlers\base.py", line 124, in _get_response
    response = wrapped_callback(request, *callback_args, **callback_kwargs)
  File "C:\Python372\mecheck\lib\site-packages\django\views\decorators\csrf.py", line 54, in wrapped_view
    return view_func(*args, **kwargs)
  File "C:\djangoproject\DMS\TestDeviceLNV\views.py", line 987, in device_demand_week_view
    cached_result = cache.get(cache_key)
  File "C:\Python372\mecheck\lib\site-packages\django\core\cache\__init__.py", line 98, in __getattr__
    return getattr(caches[DEFAULT_CACHE_ALIAS], name)
  File "C:\Python372\mecheck\lib\site-packages\django\core\cache\__init__.py", line 79, in __getitem__
    cache = _create_cache(alias)
  File "C:\Python372\mecheck\lib\site-packages\django\core\cache\__init__.py", line 53, in _create_cache
    "Could not find backend '%s': %s" % (backend, e))
django.core.cache.backends.base.InvalidCacheBackendError: Could not find backend 'django_redis.cache.RedisCache': No module named 'django_redis'
[2026-07-07 16:06:34,906] [basehttp.py:154] [basehttp:log_message] [ERROR]- "GET /TestDeviceLNV/device-demand-week/ HTTP/1.1" 500 126805
[2026-07-07 16:06:50,558] [log.py:228] [log:log_response] [ERROR]- Internal Server Error: /TestDeviceLNV/device-demand-week/
Traceback (most recent call last):
  File "C:\Python372\mecheck\lib\site-packages\django\core\cache\__init__.py", line 50, in _create_cache
    backend_cls = import_string(backend)
  File "C:\Python372\mecheck\lib\site-packages\django\utils\module_loading.py", line 17, in import_string
    module = import_module(module_path)
  File "C:\Python372\lib\importlib\__init__.py", line 127, in import_module
    return _bootstrap._gcd_import(name[level:], package, level)
  File "<frozen importlib._bootstrap>", line 1006, in _gcd_import
  File "<frozen importlib._bootstrap>", line 983, in _find_and_load
  File "<frozen importlib._bootstrap>", line 953, in _find_and_load_unlocked
  File "<frozen importlib._bootstrap>", line 219, in _call_with_frames_removed
  File "<frozen importlib._bootstrap>", line 1006, in _gcd_import
  File "<frozen importlib._bootstrap>", line 983, in _find_and_load
  File "<frozen importlib._bootstrap>", line 965, in _find_and_load_unlocked
ModuleNotFoundError: No module named 'django_redis'

During handling of the above exception, another exception occurred:

Traceback (most recent call last):
  File "C:\Python372\mecheck\lib\site-packages\django\core\handlers\exception.py", line 34, in inner
    response = get_response(request)
  File "C:\Python372\mecheck\lib\site-packages\django\core\handlers\base.py", line 126, in _get_response
    response = self.process_exception_by_middleware(e, request)
  File "C:\Python372\mecheck\lib\site-packages\django\core\handlers\base.py", line 124, in _get_response
    response = wrapped_callback(request, *callback_args, **callback_kwargs)
  File "C:\Python372\mecheck\lib\site-packages\django\views\decorators\csrf.py", line 54, in wrapped_view
    return view_func(*args, **kwargs)
  File "C:\djangoproject\DMS\TestDeviceLNV\views.py", line 987, in device_demand_week_view
    cached_result = cache.get(cache_key)
  File "C:\Python372\mecheck\lib\site-packages\django\core\cache\__init__.py", line 98, in __getattr__
    return getattr(caches[DEFAULT_CACHE_ALIAS], name)
  File "C:\Python372\mecheck\lib\site-packages\django\core\cache\__init__.py", line 79, in __getitem__
    cache = _create_cache(alias)
  File "C:\Python372\mecheck\lib\site-packages\django\core\cache\__init__.py", line 53, in _create_cache
    "Could not find backend '%s': %s" % (backend, e))
django.core.cache.backends.base.InvalidCacheBackendError: Could not find backend 'django_redis.cache.RedisCache': No module named 'django_redis'
[2026-07-07 16:06:50,563] [basehttp.py:154] [basehttp:log_message] [ERROR]- "GET /TestDeviceLNV/device-demand-week/ HTTP/1.1" 500 126334
[2026-07-07 16:08:17,882] [log.py:228] [log:log_response] [ERROR]- Internal Server Error: /TestDeviceLNV/device-demand-week/
[2026-07-07 16:08:17,883] [basehttp.py:154] [basehttp:log_message] [ERROR]- "GET /TestDeviceLNV/device-demand-week/ HTTP/1.1" 500 73
[2026-07-07 16:08:35,306] [log.py:228] [log:log_response] [ERROR]- Internal Server Error: /TestDeviceLNV/device-demand-week/
[2026-07-07 16:08:35,313] [basehttp.py:154] [basehttp:log_message] [ERROR]- "GET /TestDeviceLNV/device-demand-week/ HTTP/1.1" 500 73
[2026-07-07 16:08:54,635] [UserIP.py:90] [UserIP:process_response] [CRITICAL]- 系统错误Expecting value: line 1 column 1 (char 0)
[2026-07-07 16:08:54,698] [log.py:228] [log:log_response] [ERROR]- Internal Server Error: /TestDeviceLNV/device-demand-week/
[2026-07-07 16:08:54,700] [basehttp.py:154] [basehttp:log_message] [ERROR]- "GET /TestDeviceLNV/device-demand-week/ HTTP/1.1" 500 73
[2026-07-07 16:09:04,062] [log.py:228] [log:log_response] [ERROR]- Internal Server Error: /TestDeviceLNV/device-demand-week/
[2026-07-07 16:09:04,072] [basehttp.py:154] [basehttp:log_message] [ERROR]- "GET /TestDeviceLNV/device-demand-week/ HTTP/1.1" 500 73
[2026-07-07 16:09:47,716] [log.py:228] [log:log_response] [ERROR]- Internal Server Error: /TestDeviceLNV/device-demand-week/
[2026-07-07 16:09:47,719] [basehttp.py:154] [basehttp:log_message] [ERROR]- "GET /TestDeviceLNV/device-demand-week/ HTTP/1.1" 500 73
[2026-07-07 16:10:18,104] [log.py:228] [log:log_response] [ERROR]- Internal Server Error: /TestDeviceLNV/device-demand-week-page/
Traceback (most recent call last):
  File "C:\Python372\mecheck\lib\site-packages\django\core\handlers\exception.py", line 34, in inner
    response = get_response(request)
  File "C:\Python372\mecheck\lib\site-packages\django\core\handlers\base.py", line 126, in _get_response
    response = self.process_exception_by_middleware(e, request)
  File "C:\Python372\mecheck\lib\site-packages\django\core\handlers\base.py", line 124, in _get_response
    response = wrapped_callback(request, *callback_args, **callback_kwargs)
  File "C:\djangoproject\DMS\TestDeviceLNV\views.py", line 570, in device_demand_week_page
    return render(request, 'TestDeviceLNV/device_demand_week.html')
  File "C:\Python372\mecheck\lib\site-packages\django\shortcuts.py", line 36, in render
    content = loader.render_to_string(template_name, context, request, using=using)
  File "C:\Python372\mecheck\lib\site-packages\django\template\loader.py", line 62, in render_to_string
    return template.render(context, request)
  File "C:\Python372\mecheck\lib\site-packages\django\template\backends\django.py", line 61, in render
    return self.template.render(context)
  File "C:\Python372\mecheck\lib\site-packages\django\template\base.py", line 171, in render
    return self._render(context)
  File "C:\Python372\mecheck\lib\site-packages\django\template\base.py", line 163, in _render
    return self.nodelist.render(context)
  File "C:\Python372\mecheck\lib\site-packages\django\template\base.py", line 937, in render
    bit = node.render_annotated(context)
  File "C:\Python372\mecheck\lib\site-packages\django\template\base.py", line 904, in render_annotated
    return self.render(context)
  File "C:\Python372\mecheck\lib\site-packages\django\template\loader_tags.py", line 150, in render
    return compiled_parent._render(context)
  File "C:\Python372\mecheck\lib\site-packages\django\template\base.py", line 163, in _render
    return self.nodelist.render(context)
  File "C:\Python372\mecheck\lib\site-packages\django\template\base.py", line 937, in render
    bit = node.render_annotated(context)
  File "C:\Python372\mecheck\lib\site-packages\django\template\base.py", line 904, in render_annotated
    return self.render(context)
  File "C:\Python372\mecheck\lib\site-packages\django\template\library.py", line 192, in render
    output = self.func(*resolved_args, **resolved_kwargs)
  File "C:\djangoproject\DMS\app01\templatetags\custom_tag.py", line 260, in rbac_menu
    menu_data = get_structure_data(request)
  File "C:\djangoproject\DMS\app01\templatetags\custom_tag.py", line 11, in get_structure_data
    menu = request.session[settings.SESSION_MENU_KEY]
  File "C:\Python372\mecheck\lib\site-packages\django\contrib\sessions\backends\base.py", line 55, in __getitem__
    return self._session[key]
KeyError: 'awesome'
[2026-07-07 16:10:20,017] [UserIP.py:90] [UserIP:process_response] [CRITICAL]- 系统错误Expecting value: line 1 column 1 (char 0)
[2026-07-07 16:10:20,133] [log.py:228] [log:log_response] [ERROR]- Internal Server Error: /TestDeviceLNV/device-demand-week/
[2026-07-07 16:10:20,134] [basehttp.py:154] [basehttp:log_message] [ERROR]- "GET /TestDeviceLNV/device-demand-week/ HTTP/1.1" 500 73
[2026-07-07 16:11:06,970] [log.py:228] [log:log_response] [ERROR]- Internal Server Error: /TestDeviceLNV/device-demand-week/
[2026-07-07 16:11:06,971] [basehttp.py:154] [basehttp:log_message] [ERROR]- "GET /TestDeviceLNV/device-demand-week/ HTTP/1.1" 500 73
[2026-07-07 17:04:18,702] [basehttp.py:154] [basehttp:log_message] [ERROR]- "GET /DeviceLNV/M_edit/ HTTP/1.1" 500 59
[2026-07-08 08:22:27,214] [UserIP.py:90] [UserIP:process_response] [CRITICAL]- 系统错误Expecting value: line 1 column 1 (char 0)
[2026-07-08 08:22:30,330] [UserIP.py:90] [UserIP:process_response] [CRITICAL]- 系统错误Expecting value: line 1 column 1 (char 0)
[2026-07-08 08:22:33,616] [UserIP.py:90] [UserIP:process_response] [CRITICAL]- 系统错误Expecting value: line 1 column 1 (char 0)
[2026-07-08 08:22:38,048] [UserIP.py:90] [UserIP:process_response] [CRITICAL]- 系统错误Expecting value: line 1 column 1 (char 0)
[2026-07-08 12:36:47,401] [UserIP.py:90] [UserIP:process_response] [CRITICAL]- 系统错误Expecting value: line 1 column 1 (char 0)
[2026-07-09 09:30:00,724] [log.py:228] [log:log_response] [ERROR]- Internal Server Error: /TestDeviceLNV/device-demand-week-page/
Traceback (most recent call last):
  File "C:\Python372\mecheck\lib\site-packages\django\core\handlers\exception.py", line 34, in inner
    response = get_response(request)
  File "C:\Python372\mecheck\lib\site-packages\django\core\handlers\base.py", line 126, in _get_response
    response = self.process_exception_by_middleware(e, request)
  File "C:\Python372\mecheck\lib\site-packages\django\core\handlers\base.py", line 124, in _get_response
    response = wrapped_callback(request, *callback_args, **callback_kwargs)
  File "C:\djangoproject\DMS\TestDeviceLNV\views.py", line 570, in device_demand_week_page
    return render(request, 'TestDeviceLNV/device_demand_week.html')
  File "C:\Python372\mecheck\lib\site-packages\django\shortcuts.py", line 36, in render
    content = loader.render_to_string(template_name, context, request, using=using)
  File "C:\Python372\mecheck\lib\site-packages\django\template\loader.py", line 62, in render_to_string
    return template.render(context, request)
  File "C:\Python372\mecheck\lib\site-packages\django\template\backends\django.py", line 61, in render
    return self.template.render(context)
  File "C:\Python372\mecheck\lib\site-packages\django\template\base.py", line 171, in render
    return self._render(context)
  File "C:\Python372\mecheck\lib\site-packages\django\template\base.py", line 163, in _render
    return self.nodelist.render(context)
  File "C:\Python372\mecheck\lib\site-packages\django\template\base.py", line 937, in render
    bit = node.render_annotated(context)
  File "C:\Python372\mecheck\lib\site-packages\django\template\base.py", line 904, in render_annotated
    return self.render(context)
  File "C:\Python372\mecheck\lib\site-packages\django\template\loader_tags.py", line 150, in render
    return compiled_parent._render(context)
  File "C:\Python372\mecheck\lib\site-packages\django\template\base.py", line 163, in _render
    return self.nodelist.render(context)
  File "C:\Python372\mecheck\lib\site-packages\django\template\base.py", line 937, in render
    bit = node.render_annotated(context)
  File "C:\Python372\mecheck\lib\site-packages\django\template\base.py", line 904, in render_annotated
    return self.render(context)
  File "C:\Python372\mecheck\lib\site-packages\django\template\library.py", line 192, in render
    output = self.func(*resolved_args, **resolved_kwargs)
  File "C:\djangoproject\DMS\app01\templatetags\custom_tag.py", line 260, in rbac_menu
    menu_data = get_structure_data(request)
  File "C:\djangoproject\DMS\app01\templatetags\custom_tag.py", line 11, in get_structure_data
    menu = request.session[settings.SESSION_MENU_KEY]
  File "C:\Python372\mecheck\lib\site-packages\django\contrib\sessions\backends\base.py", line 55, in __getitem__
    return self._session[key]
KeyError: 'awesome'
[2026-07-09 09:30:04,078] [UserIP.py:90] [UserIP:process_response] [CRITICAL]- 系统错误Expecting value: line 1 column 1 (char 0)
[2026-07-09 09:30:04,676] [UserIP.py:90] [UserIP:process_response] [CRITICAL]- 系统错误Expecting value: line 1 column 1 (char 0)
[2026-07-09 09:30:29,736] [basehttp.py:154] [basehttp:log_message] [ERROR]- "GET /TestDeviceLNV/device-demand-week/ HTTP/1.1" 500 59
[2026-07-09 09:30:57,205] [basehttp.py:154] [basehttp:log_message] [ERROR]- "GET /TestDeviceLNV/TestDeviceListLNV/ HTTP/1.1" 500 59
